 browser/components/BrowserGlue.jsm                                                          |   2 +-
 browser/components/customizableui/CustomizableWidgets.jsm                                   |  64 ++++++++++++++++++++++++++++++++--------------------------------
 browser/components/extensions/test/browser/browser_ext_browserAction_context.js             |  16 ++++++++--------
 browser/components/extensions/test/browser/browser_ext_browserAction_pageAction_icon.js     |   2 +-
 browser/components/extensions/test/browser/browser_ext_browserAction_simple.js              |   2 +-
 browser/components/extensions/test/browser/browser_ext_browsingData_indexedDB.js            |   2 +-
 browser/components/extensions/test/browser/browser_ext_browsingData_serviceWorkers.js       |   2 +-
 browser/components/extensions/test/browser/browser_ext_chrome_settings_overrides_home.js    |   4 ++--
 browser/components/extensions/test/browser/browser_ext_optionsPage_privileges.js            |   2 +-
 browser/components/extensions/test/browser/browser_ext_pageAction_context.js                |   8 ++++----
 browser/components/extensions/test/browser/browser_ext_pageAction_title.js                  |   4 ++--
 browser/components/extensions/test/browser/browser_ext_runtime_openOptionsPage.js           |   4 ++--
 browser/components/extensions/test/browser/browser_ext_runtime_openOptionsPage_uninstall.js |   2 +-
 browser/components/extensions/test/browser/browser_ext_search.js                            |   2 +-
 browser/components/extensions/test/browser/browser_ext_sessions_restoreTab.js               |   2 +-
 browser/components/extensions/test/browser/browser_ext_settings_overrides_default_search.js |  14 +++++++-------
 browser/components/extensions/test/browser/browser_ext_sidebarAction_context.js             |   4 ++--
 browser/components/extensions/test/browser/browser_ext_tabs_hide_update.js                  |  12 ++++++------
 browser/components/extensions/test/xpcshell/test_ext_url_overrides_newtab.js                |   2 +-
 browser/components/extensions/test/xpcshell/test_ext_url_overrides_newtab_update.js         |   2 +-
 browser/components/migration/ChromeMigrationUtils.jsm                                       |   4 ++--
 browser/components/payments/res/containers/address-form.js                                  |   2 +-
 browser/components/payments/res/containers/basic-card-form.js                               |   2 +-
 browser/components/payments/res/containers/payment-method-picker.js                         |   2 +-
 browser/components/payments/res/debugging.js                                                |  44 ++++++++++++++++++++++----------------------
 browser/components/payments/res/mixins/PaymentStateSubscriberMixin.js                       |  26 +++++++++++++-------------
 browser/components/payments/test/PaymentTestUtils.jsm                                       |  24 ++++++++++++------------
 browser/components/preferences/connection.js                                                |   2 +-
 browser/components/search/test/browser/browser_amazon.js                                    |   4 ++--
 browser/components/search/test/browser/browser_bing.js                                      |   4 ++--
 browser/components/search/test/browser/browser_ddg.js                                       |   4 ++--
 browser/components/search/test/browser/browser_eBay.js                                      |   2 +-
 browser/components/search/test/browser/browser_google.js                                    |   4 ++--
 browser/components/sessionstore/test/browser_461634.js                                      |   2 +-
 browser/components/sessionstore/test/browser_464199.js                                      |   2 +-
 browser/components/sessionstore/test/browser_662743.js                                      |   2 +-
 browser/components/sessionstore/test/browser_formdata_format.js                             |  18 +++++++++---------
 browser/components/translation/content/translation-notification.js                          |   8 ++++----
 browser/components/uitour/test/browser_UITour_sync.js                                       |   2 +-
 browser/extensions/formautofill/test/browser/browser_editAddressDialog.js                   |   2 +-
 browser/extensions/formautofill/test/browser/creditCard/browser_editCreditCardDialog.js     |   6 +++---
 browser/extensions/formautofill/test/browser/head.js                                        |  40 ++++++++++++++++++++--------------------
 browser/extensions/formautofill/test/unit/test_addressRecords.js                            |  78 +++++++++++++++++++++++++++++++++++++++---------------------------------------
 browser/extensions/formautofill/test/unit/test_creditCardRecords.js                         |  14 +++++++-------
 browser/extensions/formautofill/test/unit/test_getRecords.js                                |  10 +++++-----
 browser/extensions/formautofill/test/unit/test_migrateRecords.js                            | 134 +++++++++++++++++++++++++++++++++++++++++++++++++++++++++++++++++++-------------------------------------------------------------------
 browser/extensions/formautofill/test/unit/test_profileAutocompleteResult.js                 |  28 ++++++++++++++--------------
 browser/extensions/formautofill/test/unit/test_reconcile.js                                 |   6 +++---
 browser/extensions/formautofill/test/unit/test_savedFieldNames.js                           |  32 ++++++++++++++++----------------
 browser/extensions/formautofill/test/unit/test_storage_remove.js                            |  10 +++++-----
 browser/extensions/formautofill/test/unit/test_storage_syncfields.js                        |  10 +++++-----
 browser/extensions/formautofill/test/unit/test_storage_tombstones.js                        |   8 ++++----
 browser/extensions/formautofill/test/unit/test_sync.js                                      |  12 ++++++------
 browser/modules/BrowserUsageTelemetry.jsm                                                   |  22 +++++++++++-----------
 devtools/client/aboutdebugging/components/PanelMenuEntry.js                                 |   6 +++---
 devtools/client/aboutdebugging/components/addons/Panel.js                                   |   6 +++---
 devtools/client/aboutdebugging/components/addons/Target.js                                  |   2 +-
 devtools/client/aboutdebugging/components/tabs/Panel.js                                     |   6 +++---
 devtools/client/aboutdebugging/components/workers/Panel.js                                  |   6 +++---
 devtools/client/accessibility/components/Accessible.js                                      |   2 +-
 devtools/client/accessibility/components/Description.js                                     |   8 ++++----
 devtools/client/application/src/components/Worker.js                                        |   8 ++++----
 devtools/client/framework/components/ToolboxTab.js                                          |  14 +++++++-------
 devtools/client/inspector/animation/components/NoAnimationPanel.js                          |   4 ++--
 devtools/client/inspector/boxmodel/components/BoxModelEditable.js                           |  10 +++++-----
 devtools/client/inspector/boxmodel/components/BoxModelMain.js                               |  52 ++++++++++++++++++++++++++--------------------------
 devtools/client/inspector/boxmodel/components/ComputedProperty.js                           |   6 +++---
 devtools/client/inspector/changes/components/ChangesApp.js                                  |  10 +++++-----
 devtools/client/inspector/flexbox/components/FlexItemSizingOutline.js                       |   2 +-
 devtools/client/inspector/fonts/components/FontPropertyValue.js                             |   4 ++--
 devtools/client/inspector/grids/components/GridOutline.js                                   |  10 +++++-----
 devtools/client/inspector/markup/test/browser_markup_tag_edit_05.js                         |   6 +++---
 devtools/client/inspector/markup/test/browser_markup_tag_edit_06.js                         |   8 ++++----
 devtools/client/inspector/markup/test/browser_markup_tag_edit_08.js                         |   6 +++---
 devtools/client/jsonview/converter-child.js                                                 |   4 ++--
 devtools/client/memory/components/Heap.js                                                   |   8 ++++----
 devtools/client/netmonitor/src/components/RequestListEmptyNotice.js                         |  10 +++++-----
 devtools/client/netmonitor/src/components/RequestListHeader.js                              |  24 ++++++++++++------------
 devtools/client/netmonitor/src/components/RequestListItem.js                                |   6 +++---
 devtools/client/netmonitor/src/components/StatisticsPanel.js                                |   6 +++---
 devtools/client/netmonitor/src/components/StatusCode.js                                     |   4 ++--
 devtools/client/netmonitor/src/components/Toolbar.js                                        |   8 ++++----
 devtools/client/performance-new/components/RecordingButton.js                               |   2 +-
 devtools/client/performance/components/RecordingButton.js                                   |   6 +++---
 devtools/client/performance/components/WaterfallTreeRow.js                                  |  10 +++++-----
 devtools/client/performance/test/unit/test_perf-utils-allocations-to-samples.js             |  12 ++++++------
 devtools/client/shared/build/babel.js                                                       |  20 ++++++++++----------
 devtools/client/shared/build/build-debugger.js                                              |   8 ++++----
 devtools/client/shared/components/AutoCompletePopup.js                                      |   8 ++++----
 devtools/client/shared/components/Frame.js                                                  |   2 +-
 devtools/client/shared/components/List.js                                                   |  22 +++++++++++-----------
 devtools/client/shared/components/NotificationBox.js                                        |   6 +++---
 devtools/client/shared/components/VirtualizedTree.js                                        |  42 +++++++++++++++++++++---------------------
 devtools/client/shared/components/menu/MenuButton.js                                        |   4 ++--
 devtools/client/shared/components/tabs/Tabs.js                                              |  18 +++++++++---------
 devtools/client/shared/components/tree/LabelCell.js                                         |   2 +-
 devtools/client/shared/components/tree/TreeCell.js                                          |   8 ++++----
 devtools/client/shared/components/tree/TreeRow.js                                           |  12 ++++++------
 devtools/client/shared/components/tree/TreeView.js                                          |  16 ++++++++--------
 devtools/client/shared/output-parser.js                                                     |  42 +++++++++++++++++++++---------------------
 devtools/client/shared/sourceeditor/css-autocompleter.js                                    |  24 ++++++++++++------------
 devtools/client/storage/test/browser_storage_values.js                                      |   4 ++--
 devtools/client/webconsole/components/CollapseButton.js                                     |   4 ++--
 devtools/client/webconsole/components/FilterBar.js                                          |   4 ++--
 devtools/client/webconsole/components/FilterButton.js                                       |   4 ++--
 devtools/client/webconsole/components/JSTerm.js                                             |  32 ++++++++++++++++----------------
 devtools/client/webconsole/components/Message.js                                            |   6 +++---
 devtools/client/webconsole/components/MessageIcon.js                                        |   4 ++--
 devtools/client/webconsole/components/MessageIndent.js                                      |   4 ++--
 devtools/client/webconsole/components/message-types/NetworkEventMessage.js                  |   6 +++---
 devtools/server/actors/breakpoint.js                                                        |  10 +++++-----
 devtools/server/actors/highlighters/measuring-tool.js                                       |  14 +++++++-------
 devtools/server/actors/highlighters/rulers.js                                               |  10 +++++-----
 devtools/server/tests/browser/browser_accessibility_node.js                                 |   6 +++---
 devtools/server/tests/browser/browser_accessibility_node_events.js                          |  14 +++++++-------
 devtools/server/tests/browser/browser_storage_listings.js                                   |  24 ++++++++++++------------
 devtools/shared/heapsnapshot/tests/unit/test_HeapSnapshot_takeCensus_06.js                  |   8 ++++----
 devtools/shared/heapsnapshot/tests/unit/test_census-tree-node-08.js                         |   2 +-
 devtools/shared/heapsnapshot/tests/unit/test_census-tree-node-09.js                         |   2 +-
 devtools/shared/heapsnapshot/tests/unit/test_census_diff_06.js                              |   4 ++--
 devtools/shared/heapsnapshot/tests/unit/test_getReportLeaves_01.js                          |   6 +++---
 devtools/shared/performance/test/test_perf-utils-allocations-to-samples.js                  |  12 ++++++------
 devtools/shared/specs/targets/worker.js                                                     |   2 +-
 dom/base/test/chrome/cpows_child.js                                                         |   2 +-
 dom/crypto/test/test-vectors.js                                                             |   4 ++--
 services/common/tests/unit/test_blocklist_signatures.js                                     |  10 +++++-----
 services/common/tests/unit/test_utils_encodeBase64URL.js                                    |   2 +-
 services/sync/tests/tps/test_addresses.js                                                   |   2 +-
 services/sync/tests/tps/test_sync.js                                                        |   2 +-
 services/sync/tests/unit/test_bookmark_validator.js                                         |   8 ++++----
 testing/marionette/test/unit/test_capabilities.js                                           |   4 ++--
 testing/mochitest/server.js                                                                 |   2 +-
 toolkit/components/extensions/ExtensionContent.jsm                                          |   4 ++--
 toolkit/components/extensions/test/mochitest/head_cookies.js                                |   4 ++--
 toolkit/components/extensions/test/xpcshell/test_ext_contentscript_api_injection.js         |   2 +-
 toolkit/components/extensions/test/xpcshell/test_ext_i18n.js                                |   4 ++--
 toolkit/components/extensions/test/xpcshell/test_ext_privacy_update.js                      |   2 +-
 toolkit/components/extensions/test/xpcshell/test_ext_schemas.js                             |  26 +++++++++++++-------------
 toolkit/components/extensions/test/xpcshell/test_ext_schemas_manifest_permissions.js        |   2 +-
 toolkit/components/extensions/test/xpcshell/test_ext_schemas_roots.js                       |  12 ++++++------
 toolkit/components/featuregates/test/unit/test_FeatureGate.js                               |   6 +++---
 toolkit/components/mozintl/mozIntl.jsm                                                      |   2 +-
 toolkit/components/narrate/test/NarrateTestUtils.jsm                                        |   8 ++++----
 toolkit/components/normandy/content/about-studies/about-studies.js                          |   4 ++--
 toolkit/components/normandy/vendor/ReactDOM.js                                              |   2 +-
 toolkit/components/places/tests/unifiedcomplete/test_adaptive_limited.js                    |   4 ++--
 toolkit/components/remotebrowserutils/tests/browser/browser_httpResponseProcessSelection.js |   2 +-
 toolkit/components/search/tests/xpcshell/test_json_cache.js                                 |   4 ++--
 toolkit/components/utils/mozjexl.js                                                         |   2 +-
 toolkit/modules/FinderHighlighter.jsm                                                       |   2 +-
 toolkit/modules/Log.jsm                                                                     |  14 +++++++-------
 toolkit/mozapps/extensions/test/xpcshell/test_dictionary_webextension.js                    |  10 +++++-----
 toolkit/mozapps/extensions/test/xpcshell/test_locale.js                                     |   4 ++--
 toolkit/mozapps/extensions/test/xpcshell/test_webextension.js                               |  22 +++++++++++-----------
 tools/lint/eslint/eslint-plugin-mozilla/lib/configs/chrome-test.js                          |   2 +-
 tools/lint/eslint/eslint-plugin-mozilla/lib/configs/xpcshell-test.js                        |   2 +-
 156 files changed, 798 insertions(+), 798 deletions(-)
