 accessible/jsat/ContentControl.jsm                                                      |  3 +--
 accessible/tests/browser/e10s/browser_treeupdate_gencontent.js                          |  6 ++----
 accessible/tests/browser/e10s/browser_treeupdate_visibility.js                          | 16 ++++------------
 accessible/tests/browser/events/browser_test_docload.js                                 |  6 ++++--
 accessible/tests/browser/events/browser_test_scrolling.js                               |  9 ++++++---
 accessible/tests/browser/tree/browser_aria_owns.js                                      |  3 ++-
 browser/base/content/browser-media.js                                                   |  3 +--
 browser/base/content/test/favicons/browser_icon_discovery.js                            |  6 ++----
 browser/base/content/test/general/browser_contextmenu.js                                | 81 +++++++++++++++++++++++++++------------------------------------------------------
 browser/base/content/test/general/browser_contextmenu_childprocess.js                   |  3 +--
 browser/base/content/test/static/browser_misused_characters_in_strings.js               |  3 +--
 browser/components/customizableui/CustomizableWidgets.jsm                               |  3 ++-
 browser/components/extensions/test/browser/browser_ext_browsingData_formData.js         |  3 ++-
 browser/components/extensions/test/browser/browser_ext_sidebarAction_runtime.js         |  3 ++-
 browser/components/extensions/test/browser/browser_ext_url_overrides_newtab.js          |  3 ++-
 browser/components/originattributes/test/browser/browser_firstPartyIsolation_blobURI.js |  3 ++-
 browser/components/places/content/controller.js                                         |  3 +--
 browser/components/preferences/in-content/tests/browser_extension_controlled.js         |  6 ++++--
 browser/components/resistfingerprinting/test/browser/browser_performanceAPI.js          |  3 +--
 browser/components/sessionstore/ContentRestore.jsm                                      |  3 +--
 browser/components/sessionstore/test/browser_pending_tabs.js                            |  3 ++-
 browser/components/translation/content/translation-notification.js                      | 18 ++++++------------
 browser/components/urlbar/UrlbarProvidersManager.jsm                                    |  3 +--
 browser/components/urlbar/tests/browser/browser_autoFill_trimURLs.js                    |  3 +--
 browser/extensions/formautofill/content/customElements.js                               |  3 +--
 browser/extensions/formautofill/test/unit/heuristics/third_party/test_BestBuy.js        | 12 ++++--------
 browser/extensions/formautofill/test/unit/heuristics/third_party/test_CostCo.js         |  6 ++----
 browser/extensions/formautofill/test/unit/heuristics/third_party/test_Macys.js          |  3 +--
 browser/extensions/formautofill/test/unit/heuristics/third_party/test_QVC.js            |  3 +--
 browser/extensions/formautofill/test/unit/heuristics/third_party/test_Sears.js          |  6 ++----
 caps/tests/unit/test_origin.js                                                          | 12 ++++++++----
 devtools/client/framework/test/helper_disable_cache.js                                  |  3 ++-
 devtools/client/inspector/markup/test/browser_markup_events_01.js                       |  3 +--
 devtools/client/inspector/markup/test/browser_markup_events_02.js                       |  3 +--
 devtools/client/inspector/markup/test/browser_markup_events_03.js                       |  3 +--
 devtools/client/inspector/markup/test/browser_markup_events_04.js                       |  3 +--
 devtools/client/inspector/markup/test/browser_markup_events_object_listener.js          |  3 +--
 devtools/client/performance/test/unit/test_tree-model-allocations-02.js                 |  3 +--
 devtools/client/shared/sourceeditor/test/browser_css_autocompletion.js                  |  3 +--
 devtools/client/shared/sourceeditor/test/browser_css_getInfo.js                         |  3 +--
 devtools/client/shared/sourceeditor/test/browser_css_statemachine.js                    |  3 +--
 devtools/client/shared/sourceeditor/test/browser_editor_goto_line.js                    |  3 ++-
 devtools/client/shared/sourceeditor/test/browser_editor_prefs.js                        | 15 ++++++++++-----
 devtools/client/shared/test/unit/test_parseDeclarations.js                              |  3 ++-
 devtools/client/shared/widgets/VariablesView.jsm                                        |  3 ++-
 devtools/client/styleeditor/test/browser_styleeditor_bom.js                             |  3 +--
 devtools/client/styleeditor/test/browser_styleeditor_bug_740541_iframes.js              |  6 ++----
 devtools/client/styleeditor/test/browser_styleeditor_bug_870339.js                      |  3 +--
 devtools/client/styleeditor/test/browser_styleeditor_scroll.js                          |  3 +--
 devtools/client/webconsole/test/store/release-actors.test.js                            |  9 ++++++---
 devtools/client/webconsole/test/utils/getRepeatId.test.js                               |  3 ++-
 devtools/client/webconsole/utils/messages.js                                            |  3 ++-
 devtools/shared/heapsnapshot/tests/unit/test_getCensusIndividuals_01.js                 |  3 +--
 docshell/test/unit/test_nsDefaultURIFixup_info.js                                       |  3 +--
 dom/indexedDB/test/unit/test_complex_keyPaths.js                                        |  3 +--
 dom/indexedDB/test/unit/test_multientry.js                                              |  6 ++----
 dom/manifest/ManifestFinder.jsm                                                         |  3 +--
 dom/manifest/ManifestProcessor.jsm                                                      |  6 ++----
 dom/manifest/test/common.js                                                             |  3 +--
 intl/l10n/DOMLocalization.jsm                                                           |  3 ++-
 mobile/android/chrome/content/aboutLogins.js                                            |  6 ++++--
 mobile/android/components/NSSDialogService.js                                           |  6 ++----
 mobile/android/components/PromptService.js                                              |  3 ++-
 mobile/android/components/geckoview/GeckoViewPermission.js                              |  3 ++-
 mobile/android/components/geckoview/GeckoViewPrompt.js                                  |  6 ++++--
 security/manager/ssl/tests/unit/test_ocsp_stapling_expired.js                           |  3 +--
 services/common/tests/unit/test_blocklist_clients.js                                    |  3 +--
 services/sync/modules/engines/forms.js                                                  |  3 ++-
 services/sync/modules/policies.js                                                       |  3 +--
 services/sync/tests/unit/test_bookmark_repair_responder.js                              |  3 ++-
 services/sync/tests/unit/test_history_store.js                                          |  3 +--
 services/sync/tests/unit/test_syncedtabs.js                                             | 24 ++++++++++++++++--------
 services/sync/tps/extensions/tps/resource/tps.jsm                                       |  3 +--
 storage/test/unit/test_statement_executeAsync.js                                        |  6 ++++--
 storage/test/unit/test_storage_connection.js                                            |  3 ++-
 storage/test/unit/test_storage_statement.js                                             |  3 +--
 testing/talos/talos/tests/tart/addon/content/tart.js                                    |  3 +--
 toolkit/components/asyncshutdown/nsAsyncShutdown.jsm                                    |  3 +--
 toolkit/components/asyncshutdown/tests/xpcshell/test_converters.js                      |  3 ++-
 toolkit/components/extensions/test/xpcshell/test_ext_downloads_misc.js                  |  9 ++++++---
 toolkit/components/mozintl/test/test_mozintl.js                                         |  3 ++-
 toolkit/components/narrate/test/browser_narrate.js                                      |  3 ++-
 toolkit/components/osfile/modules/osfile_win_back.jsm                                   |  3 ++-
 toolkit/components/places/PlacesDBUtils.jsm                                             |  3 +--
 toolkit/components/places/PlacesSyncUtils.jsm                                           |  3 +--
 toolkit/components/places/PlacesUtils.jsm                                               |  3 +--
 toolkit/components/places/tests/bookmarks/test_bookmarks_insertTree.js                  |  3 +--
 toolkit/components/places/tests/bookmarks/test_bookmarks_notifications.js               | 45 +++++++++++++++------------------------------
 toolkit/components/places/tests/bookmarks/test_keywords.js                              | 21 +++++++--------------
 toolkit/components/places/tests/bookmarks/test_nsINavBookmarkObserver.js                | 33 ++++++++++++++++++++++-----------
 toolkit/components/places/tests/history/test_removeByFilter.js                          |  3 +--
 toolkit/components/places/tests/queries/test_abstime-annotation-domain.js               |  3 ++-
 toolkit/components/places/tests/queries/test_abstime-annotation-uri.js                  |  3 ++-
 toolkit/components/places/tests/queries/test_searchterms-domain.js                      |  3 ++-
 toolkit/components/places/tests/queries/test_searchterms-uri.js                         |  3 ++-
 toolkit/components/places/tests/queries/test_transitions.js                             |  3 ++-
 toolkit/components/places/tests/sync/test_bookmark_merge_conflicts.js                   |  3 ++-
 toolkit/components/places/tests/sync/test_bookmark_structure_changes.js                 |  3 ++-
 toolkit/components/places/tests/sync/test_sync_utils.js                                 |  3 ++-
 toolkit/components/places/tests/unifiedcomplete/test_keyword_search_actions.js          |  9 +++------
 toolkit/components/places/tests/unifiedcomplete/test_preloaded_sites.js                 |  3 +--
 toolkit/components/places/tests/unifiedcomplete/test_remote_tab_matches.js              | 15 +++++----------
 toolkit/components/places/tests/unifiedcomplete/test_search_suggestions.js              | 15 ++++++++++-----
 toolkit/components/places/tests/unit/test_null_interfaces.js                            |  6 ++----
 toolkit/components/satchel/test/unit/test_history_api.js                                |  3 ++-
 toolkit/components/telemetry/pings/TelemetrySession.jsm                                 |  3 ++-
 toolkit/components/thumbnails/BackgroundPageThumbs.jsm                                  |  3 ++-
 toolkit/components/thumbnails/PageThumbs.jsm                                            |  3 ++-
 toolkit/components/url-classifier/tests/unit/test_addsub.js                             |  6 ++++--
 toolkit/components/url-classifier/tests/unit/test_dbservice.js                          |  3 ++-
 toolkit/components/url-classifier/tests/unit/test_partial.js                            | 57 ++++++++++++++++++++++++++++++++++++++-------------------
 toolkit/components/url-classifier/tests/unit/test_streamupdater.js                      |  9 ++++++---
 toolkit/components/viewconfig/content/config.js                                         |  9 ++++++---
 toolkit/content/aboutwebrtc/aboutWebrtc.js                                              |  3 +--
 toolkit/content/tests/chrome/popup_trigger.js                                           |  6 ++----
 toolkit/content/widgets/videocontrols.js                                                |  3 ++-
 toolkit/crashreporter/test/browser/browser_bug471404.js                                 |  3 +--
 toolkit/modules/HiddenFrame.jsm                                                         |  3 ++-
 toolkit/modules/tests/browser/browser_Deprecated.js                                     |  3 ++-
 toolkit/modules/tests/browser/browser_Geometry.js                                       |  3 ++-
 toolkit/modules/tests/xpcshell/test_NewTabUtils.js                                      | 12 ++++--------
 toolkit/mozapps/extensions/internal/GMPProvider.jsm                                     |  3 ++-
 toolkit/mozapps/extensions/test/xpcshell/test_shutdown.js                               |  3 +--
 toolkit/mozapps/update/tests/data/xpcshellUtilsAUS.js                                   | 18 ++++++++++++------
 toolkit/profile/content/createProfileWizard.js                                          |  3 ++-
 125 files changed, 395 insertions(+), 413 deletions(-)
