 browser/components/customizableui/CustomizableWidgets.jsm                            |  1 -
 netwerk/test/httpserver/httpd.js                                                     |  4 ----
 services/fxaccounts/tests/xpcshell/test_oauth_grant_client.js                        |  1 -
 services/sync/modules/engines.js                                                     |  1 -
 services/sync/modules/stages/declined.js                                             |  1 -
 services/sync/tests/tps/test_bookmark_conflict.js                                    |  1 -
 services/sync/tests/unit/test_bookmark_tracker.js                                    |  2 --
 services/sync/tests/unit/test_browserid_identity.js                                  |  1 -
 toolkit/components/asyncshutdown/AsyncShutdown.jsm                                   |  1 -
 toolkit/components/asyncshutdown/nsAsyncShutdown.jsm                                 |  1 -
 toolkit/components/asyncshutdown/tests/xpcshell/test_AsyncShutdown_leave_uncaught.js |  2 --
 toolkit/components/autocomplete/tests/unit/test_378079.js                            |  6 ------
 toolkit/components/autocomplete/tests/unit/test_393191.js                            |  6 ------
 toolkit/components/autocomplete/tests/unit/test_440866.js                            |  6 ------
 toolkit/components/autocomplete/tests/unit/test_autocomplete_multiple.js             |  5 -----
 toolkit/components/autocomplete/tests/unit/test_previousResult.js                    |  1 -
 toolkit/components/cloudstorage/tests/unit/test_cloudstorage.js                      |  1 -
 toolkit/components/osfile/modules/osfile_async_front.jsm                             |  1 -
 toolkit/components/passwordmgr/LoginManager.jsm                                      |  5 -----
 toolkit/components/passwordmgr/LoginManagerPrompter.jsm                              | 13 -------------
 toolkit/components/places/tests/sync/test_sync_utils.js                              |  1 -
 toolkit/components/prompts/src/Prompter.jsm                                          |  2 --
 toolkit/components/thumbnails/PageThumbs.jsm                                         |  2 --
 toolkit/content/tests/browser/browser_f7_caret_browsing.js                           |  2 --
 toolkit/modules/sessionstore/Utils.jsm                                               |  1 -
 toolkit/mozapps/downloads/HelperAppDlg.jsm                                           |  1 -
 toolkit/mozapps/extensions/internal/GMPProvider.jsm                                  |  1 -
 27 files changed, 70 deletions(-)
