 accessible/tests/mochitest/layout.js                                                                |  2 +-
 accessible/tests/mochitest/table.js                                                                 |  2 +-
 browser/actors/ClickHandlerChild.jsm                                                                |  2 +-
 browser/base/content/browser-addons.js                                                              |  2 +-
 browser/base/content/browser-sync.js                                                                |  2 +-
 browser/base/content/browser.js                                                                     |  4 ++--
 browser/base/content/contentSearchUI.js                                                             |  2 +-
 browser/base/content/pageinfo/pageInfo.js                                                           |  4 ++--
 browser/base/content/test/favicons/head.js                                                          |  2 +-
 browser/base/content/test/general/browser_alltabslistener.js                                        |  4 ++--
 browser/base/content/test/general/browser_bug1015721.js                                             |  2 +-
 browser/base/content/test/general/browser_bug555224.js                                              |  2 +-
 browser/base/content/test/general/browser_bug719271.js                                              |  2 +-
 browser/base/content/test/general/browser_hide_removing.js                                          |  2 +-
 browser/base/content/test/general/browser_tabs_isActive.js                                          |  4 ++--
 browser/base/content/test/pageActions/browser_page_action_menu_share_mac.js                         |  2 +-
 browser/base/content/test/pageActions/browser_page_action_menu_share_win.js                         |  2 +-
 browser/base/content/test/performance/head.js                                                       |  4 ++--
 browser/base/content/test/permissions/browser_canvas_fingerprinting_resistance.js                   |  2 +-
 browser/base/content/test/permissions/browser_permissions.js                                        |  2 +-
 browser/base/content/test/static/browser_parsable_css.js                                            |  2 +-
 browser/base/content/test/webrtc/head.js                                                            |  2 +-
 browser/base/content/utilityOverlay.js                                                              |  2 +-
 browser/components/BrowserGlue.jsm                                                                  |  2 +-
 browser/components/customizableui/CustomizeMode.jsm                                                 |  2 +-
 browser/components/enterprisepolicies/tests/browser/browser_policies_enterprise_only.js             |  2 +-
 browser/components/extensions/parent/ext-browser.js                                                 |  2 +-
 browser/components/extensions/parent/ext-history.js                                                 |  2 +-
 browser/components/extensions/parent/ext-pageAction.js                                              |  2 +-
 browser/components/extensions/parent/ext-sessions.js                                                |  2 +-
 browser/components/extensions/parent/ext-tabs.js                                                    |  2 +-
 browser/components/extensions/test/xpcshell/test_ext_bookmarks.js                                   |  2 +-
 browser/components/extensions/test/xpcshell/test_ext_browsingData_cookies_cache.js                  |  2 +-
 browser/components/migration/MigrationUtils.jsm                                                     |  2 +-
 browser/components/places/content/treeView.js                                                       |  4 ++--
 browser/components/places/tests/browser/browser_bookmark_backup_export_import.js                    |  2 +-
 browser/components/preferences/in-content/tests/browser_connection_bug388287.js                     |  2 +-
 browser/components/sessionstore/test/browser_595601-restore_hidden.js                               |  2 +-
 browser/components/sessionstore/test/browser_636279.js                                              |  2 +-
 browser/components/sessionstore/test/head.js                                                        |  2 +-
 browser/components/tests/startupRecorder.js                                                         |  4 ++--
 browser/components/urlbar/tests/browser/browser_urlbarPlaceholder.js                                |  2 +-
 browser/extensions/formautofill/test/unit/test_sync.js                                              |  2 +-
 browser/extensions/pdfjs/content/PdfStreamConverter.jsm                                             |  4 ++--
 devtools/client/framework/test/browser_new_activation_workflow.js                                   |  2 +-
 devtools/client/framework/test/browser_toolbox_hosts.js                                             |  2 +-
 devtools/client/framework/test/browser_toolbox_options_multiple_tabs.js                             |  2 +-
 devtools/client/framework/test/browser_toolbox_races.js                                             |  2 +-
 devtools/client/framework/test/browser_toolbox_raise.js                                             |  2 +-
 devtools/client/framework/toolbox-process-window.js                                                 |  2 +-
 devtools/client/inspector/computed/computed.js                                                      |  2 +-
 devtools/client/inspector/markup/markup.js                                                          |  2 +-
 devtools/client/inspector/rules/test/browser_rules_completion-existing-property_02.js               |  2 +-
 devtools/client/inspector/rules/test/browser_rules_completion-new-property_02.js                    |  2 +-
 devtools/client/inspector/rules/test/browser_rules_gridline-names-autocomplete.js                   |  2 +-
 devtools/client/inspector/shared/tooltips-overlay.js                                                |  2 +-
 devtools/client/jsonview/test/browser_jsonview_save_json.js                                         |  2 +-
 devtools/client/memory/actions/diffing.js                                                           |  2 +-
 devtools/client/memory/actions/snapshot.js                                                          |  2 +-
 devtools/client/memory/components/tree-map/draw.js                                                  |  2 +-
 devtools/client/netmonitor/src/components/ResponsePanel.js                                          |  2 +-
 devtools/client/performance/modules/logic/frame-utils.js                                            |  4 ++--
 devtools/client/responsive.html/test/browser/browser_device_width.js                                |  2 +-
 devtools/client/responsive.html/test/browser/browser_favicon.js                                     |  2 +-
 devtools/client/scratchpad/scratchpad.js                                                            |  2 +-
 devtools/client/shared/build/babel.js                                                               | 28 ++++++++++++++--------------
 devtools/client/shared/inplace-editor.js                                                            |  4 ++--
 devtools/client/shared/node-attribute-parser.js                                                     |  2 +-
 devtools/client/shared/redux/middleware/debounce.js                                                 |  2 +-
 devtools/client/shared/source-utils.js                                                              |  2 +-
 devtools/client/shared/sourceeditor/css-autocompleter.js                                            |  4 ++--
 devtools/client/shared/test/browser_dbg_listtabs-01.js                                              |  2 +-
 devtools/client/shared/test/browser_dbg_listtabs-02.js                                              |  2 +-
 devtools/client/shared/test/browser_html_tooltip_consecutive-show.js                                |  2 +-
 devtools/client/shared/test/browser_html_tooltip_hover.js                                           |  2 +-
 devtools/client/shared/widgets/FilterWidget.js                                                      |  2 +-
 devtools/client/shared/widgets/Spectrum.js                                                          |  2 +-
 devtools/client/shared/widgets/VariablesView.jsm                                                    |  2 +-
 devtools/client/storage/test/head.js                                                                |  2 +-
 devtools/client/webconsole/test/mochitest/browser_jsterm_hide_when_devtools_chrome_enabled_false.js |  2 +-
 devtools/server/actors/highlighters/geometry-editor.js                                              |  2 +-
 devtools/server/actors/highlighters/measuring-tool.js                                               |  4 ++--
 devtools/server/actors/highlighters/rulers.js                                                       |  2 +-
 devtools/server/actors/highlighters/shapes.js                                                       |  4 ++--
 devtools/server/actors/object.js                                                                    |  2 +-
 devtools/server/actors/object/property-iterator.js                                                  |  2 +-
 devtools/server/actors/source.js                                                                    |  2 +-
 devtools/server/actors/styles.js                                                                    |  2 +-
 devtools/server/actors/webconsole.js                                                                |  4 ++--
 devtools/server/performance/recorder.js                                                             |  2 +-
 devtools/server/startup/frame.js                                                                    |  2 +-
 devtools/server/tests/unit/test_client_request.js                                                   |  2 +-
 devtools/server/tests/unit/test_objectgrips-17.js                                                   |  2 +-
 devtools/shared/css/color.js                                                                        |  2 +-
 devtools/shared/defer.js                                                                            |  2 +-
 devtools/shared/protocol.js                                                                         |  2 +-
 devtools/shared/system.js                                                                           | 10 +++++-----
 devtools/shared/tests/unit/test_csslexer.js                                                         |  2 +-
 devtools/shared/tests/unit/test_eventemitter_static.js                                              |  2 +-
 devtools/shared/webconsole/test/browser/browser_network_longstring.js                               |  2 +-
 dom/base/test/unit/test_xmlserializer.js                                                            |  2 +-
 dom/cache/test/mochitest/browser_cache_pb_window.js                                                 |  2 +-
 dom/cache/test/mochitest/test_cache_match_vary.js                                                   |  2 +-
 dom/filesystem/compat/tests/script_entries.js                                                       |  2 +-
 dom/indexedDB/test/browser_private_idb.js                                                           |  2 +-
 dom/presentation/tests/xpcshell/test_multicast_dns_device_provider.js                               |  2 +-
 js/src/builtin/Object.js                                                                            |  2 +-
 js/src/builtin/Promise.js                                                                           |  2 +-
 js/src/builtin/Sorting.js                                                                           |  6 +++---
 js/src/builtin/intl/DateTimeFormat.js                                                               |  2 +-
 mobile/android/modules/WebsiteMetadata.jsm                                                          |  2 +-
 modules/libjar/zipwriter/test/unit/test_bug399727.js                                                |  2 +-
 modules/libjar/zipwriter/test/unit/test_bug717061.js                                                |  2 +-
 netwerk/test/httpserver/httpd.js                                                                    |  4 ++--
 netwerk/test/httpserver/test/test_default_index_handler.js                                          |  2 +-
 netwerk/test/httpserver/test/test_host.js                                                           |  4 ++--
 netwerk/test/httpserver/test/test_request_line_split_in_two_packets.js                              |  2 +-
 netwerk/test/httpserver/test/test_setindexhandler.js                                                |  2 +-
 security/manager/pki/resources/content/exceptionDialog.js                                           |  6 +++---
 security/sandbox/test/browser_content_sandbox_fs.js                                                 |  2 +-
 services/crypto/tests/unit/test_crypto_random.js                                                    |  2 +-
 services/fxaccounts/tests/xpcshell/test_storage_manager.js                                          |  2 +-
 services/sync/modules/bookmark_repair.js                                                            |  2 +-
 services/sync/modules/record.js                                                                     |  2 +-
 services/sync/tests/unit/test_bookmark_tracker.js                                                   |  2 +-
 services/sync/tests/unit/test_history_store.js                                                      |  2 +-
 services/sync/tests/unit/test_telemetry.js                                                          |  2 +-
 services/sync/tests/unit/test_utils_catch.js                                                        |  2 +-
 services/sync/tests/unit/test_utils_json.js                                                         |  2 +-
 services/sync/tests/unit/test_utils_lock.js                                                         |  4 ++--
 services/sync/tests/unit/test_utils_notify.js                                                       |  2 +-
 storage/test/unit/test_statement_executeAsync.js                                                    |  2 +-
 testing/marionette/driver.js                                                                        |  4 ++--
 testing/marionette/interaction.js                                                                   |  2 +-
 testing/marionette/sync.js                                                                          |  2 +-
 testing/specialpowers/content/specialpowersAPI.js                                                   |  2 +-
 testing/talos/talos/pageloader/chrome/Profiler.js                                                   |  2 +-
 testing/talos/talos/scripts/Profiler.js                                                             |  2 +-
 testing/talos/talos/talos-powers/content/TalosContentProfiler.js                                    |  2 +-
 testing/talos/talos/tests/devtools/addon/content/tests/webconsole/custom.js                         |  2 +-
 testing/talos/talos/tests/tart/addon/content/Profiler.js                                            |  2 +-
 testing/talos/talos/tests/tresize/addon/content/Profiler.js                                         |  2 +-
 testing/xpcshell/head.js                                                                            |  2 +-
 toolkit/components/aboutmemory/content/aboutMemory.js                                               |  6 +++---
 toolkit/components/crashes/CrashManager.jsm                                                         |  2 +-
 toolkit/components/ctypes/tests/unit/test_errno.js                                                  |  2 +-
 toolkit/components/ctypes/tests/unit/test_finalizer_shouldaccept.js                                 | 10 +++++-----
 toolkit/components/ctypes/tests/unit/test_finalizer_shouldfail.js                                   |  2 +-
 toolkit/components/downloads/DownloadLegacy.jsm                                                     |  2 +-
 toolkit/components/downloads/DownloadUIHelper.jsm                                                   |  2 +-
 toolkit/components/extensions/ExtensionCommon.jsm                                                   |  2 +-
 toolkit/components/extensions/ExtensionParent.jsm                                                   |  2 +-
 toolkit/components/extensions/child/ext-identity.js                                                 |  2 +-
 toolkit/components/extensions/parent/ext-contextualIdentities.js                                    |  2 +-
 toolkit/components/extensions/test/xpcshell/test_ext_contentscript_triggeringPrincipal.js           |  2 +-
 toolkit/components/extensions/test/xpcshell/test_ext_downloads_misc.js                              |  2 +-
 toolkit/components/extensions/test/xpcshell/test_ext_webRequest_auth.js                             |  2 +-
 toolkit/components/normandy/vendor/React.js                                                         |  2 +-
 toolkit/components/normandy/vendor/ReactDOM.js                                                      |  4 ++--
 toolkit/components/osfile/modules/osfile_unix_back.jsm                                              |  2 +-
 toolkit/components/osfile/modules/osfile_unix_front.jsm                                             |  4 ++--
 toolkit/components/osfile/tests/mochi/main_test_osfile_async.js                                     |  2 +-
 toolkit/components/osfile/tests/mochi/worker_test_osfile_front.js                                   |  2 +-
 toolkit/components/osfile/tests/xpcshell/head.js                                                    |  2 +-
 toolkit/components/osfile/tests/xpcshell/test_osfile_async_copy.js                                  |  2 +-
 toolkit/components/passwordmgr/LoginManagerContent.jsm                                              |  2 +-
 toolkit/components/passwordmgr/LoginManagerPrompter.jsm                                             |  2 +-
 toolkit/components/passwordmgr/storage-mozStorage.js                                                |  4 ++--
 toolkit/components/passwordmgr/test/LoginTestUtils.jsm                                              |  2 +-
 toolkit/components/passwordmgr/test/browser/browser_hidden_document_autofill.js                     |  2 +-
 toolkit/components/places/PlacesUtils.jsm                                                           |  2 +-
 toolkit/components/places/UnifiedComplete.jsm                                                       |  4 ++--
 toolkit/components/places/tests/migration/test_current_from_v34.js                                  |  4 ++--
 toolkit/components/places/tests/unit/test_async_transactions.js                                     |  2 +-
 toolkit/components/prompts/content/commonDialog.js                                                  |  2 +-
 toolkit/components/prompts/src/Prompter.jsm                                                         |  2 +-
 toolkit/components/reader/ReaderMode.jsm                                                            |  2 +-
 toolkit/components/satchel/FormAutoComplete.jsm                                                     |  2 +-
 toolkit/components/satchel/test/unit/test_autocomplete.js                                           |  2 +-
 toolkit/components/search/SearchService.jsm                                                         |  2 +-
 toolkit/components/search/SearchSuggestionController.jsm                                            |  2 +-
 toolkit/components/search/tests/xpcshell/test_json_cache.js                                         |  2 +-
 toolkit/components/search/tests/xpcshell/test_json_cache_ignorelist.js                              |  2 +-
 toolkit/components/search/tests/xpcshell/test_location.js                                           |  2 +-
 toolkit/components/search/tests/xpcshell/test_searchSuggest.js                                      |  2 +-
 toolkit/components/telemetry/tests/unit/test_ModulesPing.js                                         |  2 +-
 toolkit/components/thumbnails/test/head.js                                                          |  2 +-
 toolkit/components/utils/test/browser/browser_JsonSchemaValidator.js                                | 34 +++++++++++++++++-----------------
 toolkit/components/viewsource/content/viewSource-content.js                                         |  4 ++--
 toolkit/components/viewsource/test/browser/browser_contextmenu.js                                   |  2 +-
 toolkit/content/contentAreaUtils.js                                                                 |  2 +-
 toolkit/content/tests/browser/browser_bug1170531.js                                                 |  2 +-
 toolkit/content/tests/browser/browser_datetime_datepicker.js                                        | 14 +++++++-------
 toolkit/content/tests/widgets/tree_shared.js                                                        |  4 ++--
 toolkit/content/widgets/autocomplete-popup.js                                                       |  2 +-
 toolkit/content/widgets/datetimebox.js                                                              |  2 +-
 toolkit/content/widgets/spinner.js                                                                  |  4 ++--
 toolkit/content/widgets/timekeeper.js                                                               | 10 +++++-----
 toolkit/content/widgets/timepicker.js                                                               |  4 ++--
 toolkit/content/widgets/videocontrols.js                                                            |  2 +-
 toolkit/modules/CharsetMenu.jsm                                                                     |  2 +-
 toolkit/modules/CreditCard.jsm                                                                      |  2 +-
 toolkit/modules/NLP.jsm                                                                             |  2 +-
 toolkit/modules/css-selector.js                                                                     |  2 +-
 toolkit/modules/sessionstore/SessionHistory.jsm                                                     |  2 +-
 toolkit/modules/tests/browser/browser_WebNavigation.js                                              |  2 +-
 toolkit/mozapps/extensions/internal/XPIDatabase.jsm                                                 |  2 +-
 toolkit/mozapps/extensions/test/browser/browser_langpack_signing.js                                 |  2 +-
 toolkit/mozapps/extensions/test/xpcshell/test_updateCancel.js                                       |  2 +-
 uriloader/exthandler/tests/unit/test_handlerService.js                                              |  2 +-
 xpcom/tests/unit/test_pipe.js                                                                       |  2 +-
 xpcom/tests/unit/test_streams.js                                                                    |  2 +-
 212 files changed, 292 insertions(+), 292 deletions(-)
