 accessible/jsat/Utils.jsm                                                                         |   3 ++-
 accessible/tests/browser/shared-head.js                                                           |   3 ++-
 browser/base/content/browser-contentblocking.js                                                   |   3 ++-
 browser/base/content/browser-ctrlTab.js                                                           |   3 ++-
 browser/base/content/browser-places.js                                                            |   3 ++-
 browser/base/content/contentSearchUI.js                                                           |   6 ++++--
 browser/base/content/test/general/browser_blockHPKP.js                                            |   9 ++++++---
 browser/base/content/test/general/browser_remoteTroubleshoot.js                                   |   3 ++-
 browser/base/content/test/pageActions/head.js                                                     |   3 ++-
 browser/base/content/test/performance/head.js                                                     |   4 +++-
 browser/base/content/test/sync/browser_contextmenu_sendpage.js                                    |   3 ++-
 browser/base/content/test/sync/browser_contextmenu_sendtab.js                                     |   3 ++-
 browser/base/content/test/webrtc/browser_devices_get_user_media_screen.js                         |   3 ++-
 browser/components/BrowserGlue.jsm                                                                |   6 ++++--
 browser/components/contextualidentity/test/browser/browser_eme.js                                 |   7 +++++--
 browser/components/contextualidentity/test/browser/browser_forgetAPI_EME_forgetThisSite.js        |   7 +++++--
 browser/components/customizableui/CustomizableWidgets.jsm                                         |   6 ++++--
 browser/components/downloads/DownloadsTaskbar.jsm                                                 |   3 ++-
 browser/components/downloads/DownloadsViewUI.jsm                                                  |   3 ++-
 browser/components/downloads/content/allDownloadsView.js                                          |   3 ++-
 browser/components/enterprisepolicies/Policies.jsm                                                |   3 ++-
 browser/components/enterprisepolicies/tests/browser/browser_policy_override_postupdatepage.js     |   3 ++-
 browser/components/extensions/child/ext-menus.js                                                  |   3 ++-
 browser/components/extensions/parent/ext-bookmarks.js                                             |   3 ++-
 browser/components/extensions/parent/ext-menus.js                                                 |   3 ++-
 browser/components/extensions/test/browser/browser_ext_contextMenus_icons.js                      |   6 ++++--
 browser/components/extensions/test/browser/browser_ext_devtools_inspectedWindow.js                |   3 ++-
 browser/components/extensions/test/browser/browser_ext_devtools_panel.js                          |   3 ++-
 browser/components/extensions/test/browser/browser_ext_menus_replace_menu.js                      |   3 ++-
 browser/components/extensions/test/browser/browser_ext_menus_replace_menu_context.js              |   3 ++-
 browser/components/extensions/test/browser/browser_ext_optionsPage_popups.js                      |   3 ++-
 browser/components/extensions/test/browser/browser_ext_tabs_highlight.js                          |   3 ++-
 browser/components/extensions/test/browser/browser_ext_tabs_opener.js                             |  27 ++++++++++++++++++---------
 browser/components/extensions/test/browser/browser_ext_tabs_sendMessage.js                        |   3 ++-
 browser/components/extensions/test/browser/browser_ext_windows_create.js                          |   4 +++-
 browser/components/extensions/test/browser/head_pageAction.js                                     |   3 ++-
 browser/components/extensions/test/xpcshell/test_ext_bookmarks.js                                 | 189 ++++++++++++++++++++++++++++++++++++++++++++++++++++++++++++++++++++++++++++++++++++++++++++++++++++++++++++++++++++++++++++++---------------------------------------------------------------
 browser/components/extensions/test/xpcshell/test_ext_history.js                                   |  42 ++++++++++++++++++++++++++++--------------
 browser/components/migration/360seProfileMigrator.jsm                                             |   6 ++++--
 browser/components/migration/EdgeProfileMigrator.jsm                                              |   3 ++-
 browser/components/migration/IEProfileMigrator.jsm                                                |   3 ++-
 browser/components/migration/SafariProfileMigrator.jsm                                            |   3 ++-
 browser/components/payments/res/components/address-option.js                                      |   3 ++-
 browser/components/payments/res/containers/address-picker.js                                      |   3 ++-
 browser/components/payments/res/unprivileged-fallbacks.js                                         |   3 ++-
 browser/components/payments/test/PaymentTestUtils.jsm                                             |   3 ++-
 browser/components/payments/test/browser/browser_shippingaddresschange_error.js                   |   3 ++-
 browser/components/places/content/editBookmark.js                                                 |  12 ++++++++----
 browser/components/places/content/treeView.js                                                     |   3 ++-
 browser/components/places/tests/browser/browser_bookmarkProperties_addKeywordForThisSearch.js     |   3 ++-
 browser/components/pocket/content/main.js                                                         |   3 ++-
 browser/components/pocket/content/panels/js/saved.js                                              |  61 +++++++++++++++++++++++++++++++++++++++++--------------------
 browser/components/preferences/in-content/findInPage.js                                           |   6 ++++--
 browser/components/preferences/in-content/tests/browser_browser_languages_subdialog.js            |   6 ++++--
 browser/components/privatebrowsing/test/browser/browser_privatebrowsing_downloadLastDir_c.js      |   3 ++-
 browser/components/privatebrowsing/test/browser/browser_privatebrowsing_zoomrestore.js            |   3 ++-
 browser/components/search/content/searchbar.js                                                    |   3 ++-
 browser/components/sessionstore/SessionFile.jsm                                                   |   3 ++-
 browser/components/sessionstore/test/browser_447951.js                                            |   3 ++-
 browser/components/sessionstore/test/browser_662743.js                                            |   3 ++-
 browser/components/sessionstore/test/browser_705597.js                                            |   3 ++-
 browser/components/shell/content/setDesktopBackground.js                                          |   3 ++-
 browser/components/shell/test/unit/test_421977.js                                                 |   3 ++-
 browser/components/tests/browser/browser_bug538331.js                                             |   3 ++-
 browser/components/uitour/UITour-lib.js                                                           |   3 ++-
 browser/components/uitour/UITour.jsm                                                              |  12 ++++++++----
 browser/components/urlbar/UrlbarProviderUnifiedComplete.jsm                                       |   9 ++++++---
 browser/extensions/formautofill/FormAutofillHeuristics.jsm                                        |   9 ++++++---
 browser/extensions/formautofill/FormAutofillParent.jsm                                            |   3 ++-
 browser/extensions/formautofill/FormAutofillPreferences.jsm                                       |   6 ++++--
 browser/extensions/formautofill/FormAutofillStorage.jsm                                           |   6 ++++--
 browser/extensions/formautofill/FormAutofillUtils.jsm                                             |   6 ++++--
 browser/extensions/formautofill/content/autofillEditForms.js                                      |   3 ++-
 browser/extensions/formautofill/test/browser/creditCard/browser_creditCard_doorhanger.js          |   4 +++-
 browser/extensions/formautofill/test/fixtures/OSKeyStoreTestUtils.jsm                             |   3 ++-
 browser/extensions/formautofill/test/unit/test_getRecords.js                                      |   9 ++++++---
 browser/extensions/webcompat-reporter/test/browser/head.js                                        |   3 ++-
 browser/modules/AsanReporter.jsm                                                                  |   3 ++-
 browser/modules/FaviconLoader.jsm                                                                 |   6 ++++--
 browser/modules/PingCentre.jsm                                                                    |   6 ++++--
 browser/modules/test/browser/browser_PageActions.js                                               |  24 ++++++++++++++++--------
 browser/tools/mozscreenshots/mozscreenshots/extension/TestRunner.jsm                              |   3 ++-
 devtools/client/aboutdebugging-new/test/browser/browser_aboutdebugging_addons_debug_nobg.js       |   3 ++-
 devtools/client/aboutdebugging/test/browser_addons_debug_webextension_nobg.js                     |   3 ++-
 devtools/client/framework/test/browser_toolbox_options_enable_serviceworkers_testing.js           |   3 ++-
 devtools/client/framework/test/browser_toolbox_raise.js                                           |   3 ++-
 devtools/client/framework/test/browser_toolbox_sidebar.js                                         |   3 ++-
 devtools/client/framework/test/browser_toolbox_sidebar_events.js                                  |   3 ++-
 devtools/client/framework/test/head.js                                                            |   3 ++-
 devtools/client/framework/toolbox.js                                                              |   6 ++++--
 devtools/client/inspector/animation/animation.js                                                  |   3 ++-
 devtools/client/inspector/computed/computed.js                                                    |  12 ++++++++----
 devtools/client/inspector/fonts/fonts.js                                                          |   3 ++-
 devtools/client/inspector/inspector.js                                                            |   9 ++++++---
 devtools/client/inspector/markup/markup-context-menu.js                                           |   9 ++++++---
 devtools/client/inspector/markup/markup.js                                                        |  21 ++++++++++++++-------
 devtools/client/inspector/markup/views/text-editor.js                                             |   3 ++-
 devtools/client/inspector/rules/models/element-style.js                                           |   3 ++-
 devtools/client/inspector/rules/models/rule.js                                                    |   6 ++++--
 devtools/client/inspector/rules/rules.js                                                          |   9 ++++++---
 devtools/client/inspector/rules/views/class-list-previewer.js                                     |   3 ++-
 devtools/client/inspector/rules/views/text-property-editor.js                                     |   6 ++++--
 devtools/client/inspector/test/browser_inspector_highlighter-cssshape_06-scale.js                 |   3 ++-
 devtools/client/inspector/test/browser_inspector_highlighter-cssshape_06-translate.js             |   3 ++-
 devtools/client/inspector/test/browser_inspector_highlighter-cssshape_07.js                       |   3 ++-
 devtools/client/jsonview/json-viewer.js                                                           |   3 ++-
 devtools/client/jsonview/test/browser_jsonview_expand_collapse.js                                 |   3 ++-
 devtools/client/jsonview/test/browser_jsonview_row_selection.js                                   |   3 ++-
 devtools/client/netmonitor/src/har/har-exporter.js                                                |   6 ++++--
 devtools/client/netmonitor/src/utils/request-utils.js                                             |   6 ++++--
 devtools/client/netmonitor/src/utils/sort-utils.js                                                |   3 ++-
 devtools/client/netmonitor/test/browser_net_simple-request-details.js                             |  21 ++++++++++++++-------
 devtools/client/netmonitor/test/browser_net_status-codes.js                                       |   3 ++-
 devtools/client/performance/test/browser_perf-tree-view-02.js                                     |   6 ++++--
 devtools/client/performance/test/browser_perf-tree-view-08.js                                     |   3 ++-
 devtools/client/responsive.html/actions/screenshot.js                                             |   3 ++-
 devtools/client/scratchpad/scratchpad.js                                                          |   6 ++++--
 devtools/client/scratchpad/test/browser_scratchpad_run_error_goto_line.js                         |   3 ++-
 devtools/client/shared/build/babel.js                                                             | 123 ++++++++++++++++++++++++++++++++++++++++++++++++++++++++++++++++++++++++++++++++++++++++++++++++++++++++++++---------------
 devtools/client/shared/components/SmartTrace.js                                                   |   3 ++-
 devtools/client/shared/components/tree/TreeView.js                                                |   3 ++-
 devtools/client/shared/getjson.js                                                                 |   3 ++-
 devtools/client/shared/key-shortcuts.js                                                           |   3 ++-
 devtools/client/shared/natural-sort.js                                                            |   8 ++++++--
 devtools/client/shared/sourceeditor/autocomplete.js                                               |   9 ++++++---
 devtools/client/shared/test/test-actor.js                                                         |   6 ++++--
 devtools/client/shared/test/unit/test_source-utils.js                                             |   6 ++++--
 devtools/client/shared/widgets/VariablesView.jsm                                                  |   3 ++-
 devtools/client/storage/test/browser_storage_delete.js                                            |   3 ++-
 devtools/client/storage/test/browser_storage_delete_usercontextid.js                              |   3 ++-
 devtools/client/storage/test/head.js                                                              |   7 +++++--
 devtools/client/storage/ui.js                                                                     |   6 ++++--
 devtools/client/styleeditor/StyleEditorUI.jsm                                                     |   3 ++-
 devtools/client/styleeditor/StyleSheetEditor.jsm                                                  |   6 ++++--
 devtools/client/webconsole/actions/autocomplete.js                                                |   3 ++-
 devtools/client/webconsole/test/components/console-api-call.test.js                               |  36 ++++++++++++++++++++++++------------
 devtools/client/webconsole/test/components/filter-bar.test.js                                     |   3 ++-
 devtools/client/webconsole/test/mochitest/browser_console_jsterm_await.js                         |   3 ++-
 devtools/client/webconsole/test/mochitest/browser_jsterm_await.js                                 |   3 ++-
 devtools/client/webconsole/test/mochitest/browser_jsterm_history_arrow_keys.js                    |   3 ++-
 devtools/client/webide/content/webide.js                                                          |   3 ++-
 devtools/client/webide/modules/app-projects.js                                                    |   3 ++-
 devtools/client/webide/modules/project-list.js                                                    |   6 ++++--
 devtools/server/actors/highlighters/shapes.js                                                     |   3 ++-
 devtools/server/actors/targets/browsing-context.js                                                |   3 ++-
 devtools/server/actors/webconsole/commands.js                                                     |   3 ++-
 devtools/server/main.js                                                                           |   6 ++++--
 devtools/server/socket/websocket-server.js                                                        |   3 ++-
 devtools/server/tests/unit/test_objectgrips-15.js                                                 |   3 ++-
 devtools/server/tests/unit/test_protocol_children.js                                              |  72 ++++++++++++++++++++++++++++++++++++++++++++++++------------------------
 devtools/server/tests/unit/test_protocol_longstring.js                                            |  51 ++++++++++++++++++++++++++++++++++-----------------
 devtools/server/tests/unit/test_protocol_simple.js                                                |  63 ++++++++++++++++++++++++++++++++++++++++++---------------------
 devtools/server/tests/unit/test_protocol_stack.js                                                 |   3 ++-
 devtools/shared/client/debugger-client.js                                                         |   3 ++-
 devtools/shared/css/color.js                                                                      |   3 ++-
 devtools/shared/heapsnapshot/tests/unit/head_heapsnapshot.js                                      |   3 ++-
 devtools/shared/heapsnapshot/tests/unit/test_HeapAnalyses_takeCensus_04.js                        |   3 ++-
 devtools/shared/heapsnapshot/tests/unit/test_HeapSnapshot_takeCensus_09.js                        |   3 ++-
 devtools/shared/heapsnapshot/tests/unit/test_HeapSnapshot_takeCensus_10.js                        |   3 ++-
 devtools/shared/heapsnapshot/tests/unit/test_HeapSnapshot_takeCensus_11.js                        |   6 ++++--
 devtools/shared/heapsnapshot/tests/unit/test_SaveHeapSnapshot.js                                  |   3 ++-
 devtools/shared/inspector/css-logic.js                                                            |   3 ++-
 devtools/shared/screenshot/capture.js                                                             |   6 ++++--
 devtools/shared/screenshot/save.js                                                                |   3 ++-
 devtools/shared/security/prompt.js                                                                |   3 ++-
 devtools/shared/security/socket.js                                                                |   3 ++-
 devtools/shared/transport/tests/unit/test_bulk_error.js                                           |   6 ++++--
 devtools/shared/transport/tests/unit/test_client_server_bulk.js                                   |   3 ++-
 devtools/shared/transport/tests/unit/test_queue.js                                                |   3 ++-
 devtools/shared/transport/tests/unit/test_transport_bulk.js                                       |   3 ++-
 devtools/shared/webconsole/network-helper.js                                                      |   3 ++-
 docshell/test/navigation/browser_bug343515.js                                                     |  15 ++++++++++-----
 dom/cache/test/mochitest/browser_cache_pb_window.js                                               |  27 ++++++++++++++++++---------
 dom/cache/test/mochitest/idle_worker.js                                                           |   3 ++-
 dom/cache/test/mochitest/test_cache.js                                                            | 102 ++++++++++++++++++++++++++++++++++++++++++++++++++++++++++++++++++++----------------------------------
 dom/cache/test/mochitest/test_cache_add.js                                                        |  27 ++++++++++++++++++---------
 dom/cache/test/mochitest/test_cache_delete.js                                                     |  42 ++++++++++++++++++++++++++++--------------
 dom/cache/test/mochitest/test_cache_https.js                                                      |  12 ++++++++----
 dom/cache/test/mochitest/test_cache_keys.js                                                       |  33 ++++++++++++++++++++++-----------
 dom/cache/test/mochitest/test_cache_matchAll_request.js                                           | 117 ++++++++++++++++++++++++++++++++++++++++++++++++++++++++++++++++++++++++++++++---------------------------------------
 dom/cache/test/mochitest/test_cache_match_request.js                                              |  99 ++++++++++++++++++++++++++++++++++++++++++++++++++++++++++++++++++---------------------------------
 dom/cache/test/mochitest/test_cache_match_vary.js                                                 | 144 ++++++++++++++++++++++++++++++++++++++++++++++++++++++++++++++++++++++++++++++++++++++++++++++++------------------------------------------------
 dom/cache/test/mochitest/test_cache_overwrite.js                                                  |  21 ++++++++++++++-------
 dom/cache/test/mochitest/test_cache_put.js                                                        |  30 ++++++++++++++++++++----------
 dom/cache/test/mochitest/test_cache_put_reorder.js                                                |  18 ++++++++++++------
 dom/cache/test/mochitest/test_cache_redirect.js                                                   |   6 ++++--
 dom/cache/test/mochitest/test_cache_requestCache.js                                               |   9 ++++++---
 dom/cache/test/mochitest/test_caches.js                                                           |  60 ++++++++++++++++++++++++++++++++++++++++--------------------
 dom/cache/test/xpcshell/make_profile.js                                                           |   8 ++++++--
 dom/cache/test/xpcshell/test_migration.js                                                         |  12 ++++++++----
 dom/filesystem/tests/filesystem_commons.js                                                        |  18 ++++++++++++------
 dom/indexedDB/test/unit/test_advance.js                                                           |   3 ++-
 dom/indexedDB/test/unit/test_clear.js                                                             |   9 ++++++---
 dom/indexedDB/test/unit/test_create_index_with_integer_keys.js                                    |   3 ++-
 dom/indexedDB/test/unit/test_cursor_cycle.js                                                      |   3 ++-
 dom/indexedDB/test/unit/test_cursor_mutation.js                                                   |   6 ++++--
 dom/indexedDB/test/unit/test_getAll.js                                                            |  36 ++++++++++++++++++++++++------------
 dom/indexedDB/test/unit/test_index_object_cursors.js                                              |   3 ++-
 dom/indexedDB/test/unit/test_readonly_transactions.js                                             |  27 ++++++++++++++++++---------
 dom/indexedDB/test/unit/test_snappyUpgrade.js                                                     |   3 ++-
 dom/indexedDB/test/unit/test_transaction_abort.js                                                 |  12 ++++++++----
 dom/indexedDB/test/unit/test_view_put_get_values.js                                               |   3 ++-
 dom/indexedDB/test/unit/test_wasm_recompile.js                                                    |   6 ++++--
 dom/indexedDB/test/unit/test_writer_starvation.js                                                 |   6 ++++--
 dom/notification/NotificationDB.jsm                                                               |   9 ++++++---
 dom/presentation/PresentationDataChannelSessionTransport.jsm                                      |   3 ++-
 dom/presentation/provider/AndroidCastDeviceProvider.jsm                                           |   3 ++-
 dom/presentation/tests/mochitest/test_presentation_1ua_connection_wentaway.js                     |   6 ++++--
 dom/presentation/tests/mochitest/test_presentation_1ua_sender_and_receiver.js                     |  12 ++++++++----
 dom/presentation/tests/mochitest/test_presentation_terminate.js                                   |   6 ++++--
 dom/presentation/tests/mochitest/test_presentation_terminate_establish_connection_error.js        |   6 ++++--
 dom/system/NetworkGeolocationProvider.jsm                                                         |   3 ++-
 dom/tests/unit/test_Fetch.js                                                                      |  21 ++++++++++++++-------
 gfx/layers/apz/test/mochitest/apz_test_utils.js                                                   |   3 ++-
 intl/l10n/DOMLocalization.jsm                                                                     |   3 ++-
 intl/l10n/FluentSyntax.jsm                                                                        |   3 ++-
 intl/l10n/test/test_localization.js                                                               |   3 ++-
 mobile/android/chrome/content/CastingApps.js                                                      |   3 ++-
 mobile/android/chrome/content/FeedHandler.js                                                      |   6 ++++--
 mobile/android/chrome/content/Reader.js                                                           |   3 ++-
 mobile/android/chrome/content/aboutAccounts.js                                                    |   3 ++-
 mobile/android/components/FilePicker.js                                                           |   6 ++++--
 mobile/android/components/NSSDialogService.js                                                     |   3 ++-
 mobile/android/components/extensions/ext-pageAction.js                                            |   3 ++-
 mobile/android/components/geckoview/GeckoViewPermission.js                                        |   9 ++++++---
 mobile/android/extensions/report-site-issue/background.js                                         |  21 ++++++++++++++-------
 mobile/android/modules/DownloadNotifications.jsm                                                  |   6 ++++--
 mobile/android/modules/FxAccountsWebChannel.jsm                                                   |   6 ++++--
 mobile/android/modules/InputWidgetHelper.jsm                                                      |   3 ++-
 mobile/android/modules/Prompt.jsm                                                                 |   3 ++-
 mobile/android/modules/geckoview/GeckoViewNavigation.jsm                                          |   3 ++-
 mobile/android/tests/browser/robocop/testAndroidCastDeviceProvider.js                             |  30 ++++++++++++++++++++----------
 mobile/android/tests/browser/robocop/testEventDispatcher.js                                       |   3 ++-
 netwerk/protocol/http/UserAgentUpdates.jsm                                                        |   6 ++++--
 remote/server/WebSocket.jsm                                                                       |   3 ++-
 security/manager/ssl/RemoteSecuritySettings.jsm                                                   |   3 ++-
 security/manager/tools/genHPKPStaticPins.js                                                       |   3 ++-
 security/sandbox/test/browser_content_sandbox_fs.js                                               |  12 ++++++++----
 services/common/kinto-storage-adapter.js                                                          |   3 ++-
 services/common/utils.js                                                                          |   3 ++-
 services/crypto/modules/utils.js                                                                  |   6 ++++--
 services/fxaccounts/FxAccounts.jsm                                                                |  21 ++++++++++++++-------
 services/fxaccounts/FxAccountsWebChannel.jsm                                                      |   3 ++-
 services/fxaccounts/tests/xpcshell/test_accounts.js                                               |   6 ++++--
 services/fxaccounts/tests/xpcshell/test_commands.js                                               |  28 ++++++++++++++++++++--------
 services/settings/Utils.jsm                                                                       |   3 ++-
 services/sync/modules/browserid_identity.js                                                       |   3 ++-
 services/sync/modules/policies.js                                                                 |   6 ++++--
 services/sync/tests/unit/test_bookmark_engine.js                                                  |   3 ++-
 services/sync/tests/unit/test_bookmark_repair.js                                                  |   3 ++-
 services/sync/tests/unit/test_bookmark_repair_responder.js                                        |  21 ++++++++++++++-------
 services/sync/tests/unit/test_clients_engine.js                                                   |   6 ++++--
 taskcluster/docker/index-task/insert-indexes.js                                                   |  12 ++++++++----
 taskcluster/docker/periodic-updates/scripts/genHPKPStaticPins.js                                  |   3 ++-
 taskcluster/docker/periodic-updates/scripts/getHSTSPreloadList.js                                 |   9 ++++++---
 testing/marionette/evaluate.js                                                                    |   3 ++-
 testing/marionette/listener.js                                                                    |   3 ++-
 testing/marionette/server.js                                                                      |   3 ++-
 testing/marionette/sync.js                                                                        |   3 ++-
 testing/mochitest/browser-test.js                                                                 |   4 +++-
 testing/specialpowers/content/MockFilePicker.jsm                                                  |  12 ++++++++----
 testing/specialpowers/content/SpecialPowersObserverAPI.js                                         |   9 ++++++---
 testing/specialpowers/content/specialpowers.js                                                    |   3 ++-
 testing/talos/talos/tests/devtools/addon/content/damp.js                                          |   6 ++++--
 testing/talos/talos/tests/perf-reftest-singletons/util.js                                         |  12 ++++++++----
 testing/talos/talos/tests/perf-reftest/util.js                                                    |  12 ++++++++----
 testing/talos/talos/tests/tart/addon/content/tart.js                                              |   3 ++-
 testing/xpcshell/head.js                                                                          |   3 ++-
 toolkit/components/antitracking/test/browser/browser_blockingCookies.js                           |  24 ++++++++++++++++--------
 toolkit/components/antitracking/test/browser/browser_blockingServiceWorkers.js                    |   9 ++++++---
 toolkit/components/antitracking/test/browser/browser_firstPartyCookieRejectionHonoursAllowList.js |   6 ++++--
 toolkit/components/antitracking/test/browser/browser_storageAccessDoorHanger.js                   |   6 ++++--
 toolkit/components/contentprefs/ContentPrefServiceChild.jsm                                       |   3 ++-
 toolkit/components/crashes/CrashManager.jsm                                                       |   4 +++-
 toolkit/components/crashes/tests/xpcshell/test_crash_manager.js                                   |   3 ++-
 toolkit/components/downloads/DownloadIntegration.jsm                                              |   3 ++-
 toolkit/components/downloads/DownloadLegacy.jsm                                                   |   3 ++-
 toolkit/components/downloads/test/unit/head.js                                                    |   9 ++++++---
 toolkit/components/extensions/Extension.jsm                                                       |   3 ++-
 toolkit/components/extensions/ExtensionCommon.jsm                                                 |  12 ++++++++----
 toolkit/components/extensions/ExtensionStorageIDB.jsm                                             |   3 ++-
 toolkit/components/extensions/ExtensionStorageSync.jsm                                            |   6 ++++--
 toolkit/components/extensions/ExtensionXPCShellUtils.jsm                                          |   3 ++-
 toolkit/components/extensions/NativeManifests.jsm                                                 |   3 ++-
 toolkit/components/extensions/NativeMessaging.jsm                                                 |  15 ++++++++++-----
 toolkit/components/extensions/parent/ext-downloads.js                                             |  21 ++++++++++++++-------
 toolkit/components/extensions/test/browser/browser_ext_themes_multiple_backgrounds.js             |   3 ++-
 toolkit/components/extensions/test/mochitest/head_webrequest.js                                   |   3 ++-
 toolkit/components/extensions/test/xpcshell/head_native_messaging.js                              |   3 ++-
 toolkit/components/extensions/test/xpcshell/test_ext_dns.js                                       |   3 ++-
 toolkit/components/extensions/test/xpcshell/test_ext_ipcBlob.js                                   |   3 ++-
 toolkit/components/extensions/test/xpcshell/test_ext_permission_xhr.js                            |   3 ++-
 toolkit/components/extensions/test/xpcshell/test_ext_proxy_socks.js                               |   3 ++-
 toolkit/components/extensions/test/xpcshell/test_ext_runtime_sendMessage.js                       |   3 ++-
 toolkit/components/extensions/test/xpcshell/test_ext_storage_idb_data_migration.js                |   3 ++-
 toolkit/components/extensions/test/xpcshell/test_load_all_api_modules.js                          |   3 ++-
 toolkit/components/narrate/NarrateControls.jsm                                                    |   9 ++++++---
 toolkit/components/narrate/Narrator.jsm                                                           |   3 ++-
 toolkit/components/normandy/content/about-studies/about-studies.js                                |   6 ++++--
 toolkit/components/normandy/lib/ClientEnvironment.jsm                                             |   3 ++-
 toolkit/components/normandy/lib/NormandyApi.jsm                                                   |   3 ++-
 toolkit/components/normandy/lib/NormandyDriver.jsm                                                |   3 ++-
 toolkit/components/normandy/lib/PreferenceExperiments.jsm                                         |   3 ++-
 toolkit/components/normandy/test/browser/head.js                                                  |   4 +++-
 toolkit/components/normandy/vendor/ReactDOM.js                                                    |   6 ++++--
 toolkit/components/passwordmgr/LoginManagerContent.jsm                                            |   3 ++-
 toolkit/components/passwordmgr/LoginRecipes.jsm                                                   |   3 ++-
 toolkit/components/passwordmgr/test/browser/browser_hidden_document_autofill.js                   |   3 ++-
 toolkit/components/places/Bookmarks.jsm                                                           |  12 ++++++++----
 toolkit/components/places/History.jsm                                                             |   9 ++++++---
 toolkit/components/places/PlacesSearchAutocompleteProvider.jsm                                    |   3 ++-
 toolkit/components/places/PlacesSyncUtils.jsm                                                     |   3 ++-
 toolkit/components/places/PlacesUtils.jsm                                                         |  15 ++++++++++-----
 toolkit/components/places/SyncedBookmarksMirror.jsm                                               |   3 ++-
 toolkit/components/places/UnifiedComplete.jsm                                                     |   3 ++-
 toolkit/components/places/tests/PlacesTestUtils.jsm                                               |   6 ++++--
 toolkit/components/places/tests/maintenance/test_preventive_maintenance.js                        |   3 ++-
 toolkit/components/places/tests/sync/head_sync.js                                                 |   3 ++-
 toolkit/components/places/tests/unifiedcomplete/test_adaptive.js                                  |   3 ++-
 toolkit/components/places/tests/unifiedcomplete/test_adaptive_limited.js                          |   3 ++-
 toolkit/components/places/tests/unifiedcomplete/test_remote_tab_matches.js                        |   3 ++-
 toolkit/components/places/tests/unit/test_null_interfaces.js                                      |   3 ++-
 toolkit/components/printing/content/printUtils.js                                                 |   3 ++-
 toolkit/components/prompts/content/tabprompts.jsm                                                 |   3 ++-
 toolkit/components/prompts/src/Prompter.jsm                                                       |   3 ++-
 toolkit/components/reader/AboutReader.jsm                                                         |   3 ++-
 toolkit/components/satchel/FormAutoComplete.jsm                                                   |   3 ++-
 toolkit/components/satchel/FormHistory.jsm                                                        |   9 ++++++---
 toolkit/components/search/SearchService.jsm                                                       |  12 ++++++++----
 toolkit/components/search/SearchSuggestions.jsm                                                   |   3 ++-
 toolkit/components/securityreporter/SecurityReporter.jsm                                          |   3 ++-
 toolkit/components/telemetry/app/TelemetryUtils.jsm                                               |   3 ++-
 toolkit/components/telemetry/pings/TelemetrySession.jsm                                           |   3 ++-
 toolkit/components/terminator/tests/xpcshell/test_terminator_record.js                            |   3 ++-
 toolkit/components/url-classifier/tests/unit/test_malwaretable_pref.js                            |   3 ++-
 toolkit/components/utils/Sampling.jsm                                                             |   3 ++-
 toolkit/components/utils/mozjexl.js                                                               |   3 ++-
 toolkit/components/viewconfig/content/config.js                                                   |   3 ++-
 toolkit/components/windowwatcher/test/browser_new_content_window_chromeflags.js                   |   6 ++++--
 toolkit/content/aboutSupport.js                                                                   |   3 ++-
 toolkit/content/contentAreaUtils.js                                                               |   3 ++-
 toolkit/content/tests/browser/browser_autoplay_policy_iframe_hierarchy.js                         |   3 ++-
 toolkit/content/viewZoomOverlay.js                                                                |   3 ++-
 toolkit/content/widgets/datepicker.js                                                             |   3 ++-
 toolkit/content/widgets/richlistbox.js                                                            |   3 ++-
 toolkit/content/widgets/spinner.js                                                                |   3 ++-
 toolkit/modules/BrowserUtils.jsm                                                                  |   3 ++-
 toolkit/modules/Http.jsm                                                                          |   3 ++-
 toolkit/modules/ShortcutUtils.jsm                                                                 |   3 ++-
 toolkit/modules/UpdateUtils.jsm                                                                   |   6 ++++--
 toolkit/modules/addons/WebRequestUpload.jsm                                                       |   3 ++-
 toolkit/modules/sessionstore/SessionHistory.jsm                                                   |   3 ++-
 toolkit/modules/subprocess/subprocess_worker_common.js                                            |   6 ++++--
 toolkit/modules/subprocess/test/xpcshell/test_subprocess.js                                       |   6 ++++--
 toolkit/modules/tests/xpcshell/test_Promise.js                                                    |   3 ++-
 toolkit/modules/tests/xpcshell/test_propertyListsUtils.js                                         |   3 ++-
 toolkit/mozapps/downloads/tests/unit/test_DownloadUtils.js                                        |   6 ++++--
 toolkit/mozapps/extensions/test/xpcshell/test_blocklist_url_parameters.js                         |   3 ++-
 toolkit/mozapps/extensions/test/xpcshell/test_ext_management.js                                   |   3 ++-
 toolkit/mozapps/update/UpdateService.jsm                                                          |   3 ++-
 toolkit/mozapps/update/tests/data/xpcshellUtilsAUS.js                                             |   4 +++-
 uriloader/exthandler/HandlerService.js                                                            |   3 ++-
 widget/tests/unit/test_taskbar_jumplistitems.js                                                   |  48 ++++++++++++++++++++++++++++++++----------------
 xpcom/tests/unit/test_symlinks.js                                                                 |   3 ++-
 364 files changed, 2187 insertions(+), 1045 deletions(-)
