 accessible/jsat/Utils.jsm                                                    |   2 +-
 browser/actors/WebRTCChild.jsm                                               |   4 ++--
 browser/base/content/browser.js                                              |   2 +-
 browser/base/content/contentSearchUI.js                                      |   2 +-
 browser/base/content/test/general/browser_contentSearchUI.js                 |   2 +-
 browser/base/content/test/general/contentSearchUI.js                         |   6 +++---
 browser/components/enterprisepolicies/Policies.jsm                           |   2 +-
 browser/components/enterprisepolicies/tests/EnterprisePolicyTesting.jsm      |   2 +-
 browser/components/enterprisepolicies/tests/browser/head.js                  |   2 +-
 browser/components/payments/content/paymentDialogWrapper.js                  |   2 +-
 browser/components/payments/res/containers/address-picker.js                 |   2 +-
 browser/components/payments/res/debugging.js                                 |   2 +-
 browser/components/payments/res/mixins/HandleEventMixin.js                   |   2 +-
 browser/components/payments/test/browser/head.js                             |   2 +-
 browser/components/payments/test/unit/test_response_creation.js              |   2 +-
 browser/components/places/content/bookmarkProperties.js                      |   2 +-
 browser/components/places/content/controller.js                              |   2 +-
 browser/components/places/content/editBookmark.js                            |   2 +-
 browser/components/places/content/treeView.js                                |   6 +++---
 browser/components/places/tests/browser/browser_toolbar_drop_text.js         |   2 +-
 browser/components/places/tests/browser/browser_views_liveupdate.js          |   2 +-
 browser/components/sessionstore/test/browser_formdata_xpath.js               |   4 ++--
 browser/components/sessionstore/test/head.js                                 |   2 +-
 browser/components/uitour/test/browser_UITour.js                             |   8 ++++----
 browser/components/urlbar/tests/legacy/browser_urlbarAddonIframe.js          |   4 ++--
 browser/extensions/formautofill/FormAutofillStorage.jsm                      |   2 +-
 browser/extensions/formautofill/FormAutofillSync.jsm                         |   2 +-
 browser/extensions/formautofill/content/autofillEditForms.js                 |   2 +-
 browser/extensions/formautofill/content/l10n.js                              |   2 +-
 browser/tools/mozscreenshots/mozscreenshots/extension/TestRunner.jsm         |   2 +-
 devtools/client/shared/build/babel.js                                        |  16 ++++++++--------
 docshell/test/chrome/docshell_helpers.js                                     |  32 ++++++++++++++++----------------
 dom/base/test/unit/head_xml.js                                               |   6 +++---
 dom/indexedDB/test/helpers.js                                                |   6 +++---
 dom/media/PeerConnection.jsm                                                 |   2 +-
 dom/presentation/tests/xpcshell/test_multicast_dns_device_provider.js        |   2 +-
 dom/presentation/tests/xpcshell/test_tcp_control_channel.js                  |   2 +-
 netwerk/test/httpserver/httpd.js                                             |   6 +++---
 services/common/modules-testing/logging.js                                   |   2 +-
 services/common/tests/unit/test_tokenserverclient.js                         |   2 +-
 services/common/tokenserverclient.js                                         |   2 +-
 services/crypto/tests/unit/test_jwcrypto.js                                  |   4 ++--
 services/fxaccounts/FxAccounts.jsm                                           |   2 +-
 services/fxaccounts/tests/xpcshell/test_client.js                            |   2 +-
 services/sync/tests/unit/test_addons_engine.js                               |   6 +++---
 services/sync/tests/unit/test_addons_reconciler.js                           |   6 +++---
 services/sync/tests/unit/test_addons_store.js                                |   2 +-
 services/sync/tests/unit/test_bookmark_engine.js                             |   2 +-
 services/sync/tests/unit/test_records_wbo.js                                 |   4 ++--
 services/sync/tps/extensions/tps/resource/modules/prefs.jsm                  |   8 ++++----
 services/sync/tps/extensions/tps/resource/tps.jsm                            |   6 +++---
 testing/mochitest/BrowserTestUtils/BrowserTestUtils.jsm                      |   4 ++--
 testing/mochitest/browser-test.js                                            |   4 ++--
 testing/mochitest/chrome-harness.js                                          |   2 +-
 testing/mochitest/server.js                                                  |  12 ++++++------
 testing/modules/CoverageUtils.jsm                                            |   2 +-
 testing/raptor/webext/raptor/measure.js                                      |  16 ++++++++--------
 testing/raptor/webext/raptor/runner.js                                       |   2 +-
 testing/specialpowers/content/specialpowersAPI.js                            |  14 +++++++-------
 testing/talos/talos/pageloader/chrome/Profiler.js                            |   2 +-
 testing/talos/talos/pageloader/chrome/pageloader.js                          |   4 ++--
 testing/talos/talos/pageloader/chrome/tscroll.js                             |   4 ++--
 testing/talos/talos/scripts/MozillaFileLogger.js                             |   2 +-
 testing/talos/talos/scripts/Profiler.js                                      |   2 +-
 testing/talos/talos/scripts/talos-debug.js                                   |   2 +-
 testing/talos/talos/talos-powers/content/TalosContentProfiler.js             |   4 ++--
 testing/talos/talos/tests/devtools/addon/content/damp.js                     |   6 +++---
 testing/talos/talos/tests/devtools/addon/content/tests/head.js               |   2 +-
 testing/talos/talos/tests/tart/addon/content/Profiler.js                     |   2 +-
 testing/talos/talos/tests/tresize/addon/content/Profiler.js                  |   2 +-
 testing/xpcshell/example/unit/test_import_module.js                          |   4 ++--
 testing/xpcshell/head.js                                                     |   2 +-
 toolkit/components/contentprefs/ContentPrefService2.jsm                      |   4 ++--
 toolkit/components/contentprefs/ContentPrefStore.jsm                         |   2 +-
 toolkit/components/contentprefs/ContentPrefUtils.jsm                         |   2 +-
 toolkit/components/contentprefs/tests/unit_cps2/AsyncRunner.jsm              |   2 +-
 toolkit/components/crashes/tests/xpcshell/test_crash_manager.js              |   2 +-
 toolkit/components/extensions/ExtensionChild.jsm                             |   4 ++--
 toolkit/components/extensions/ExtensionCommon.jsm                            |   4 ++--
 toolkit/components/extensions/ExtensionStorage.jsm                           |   2 +-
 toolkit/components/extensions/ExtensionStorageIDB.jsm                        |   2 +-
 toolkit/components/extensions/MessageChannel.jsm                             |   2 +-
 toolkit/components/extensions/Schemas.jsm                                    |   6 +++---
 toolkit/components/extensions/test/mochitest/mochitest_console.js            |   4 ++--
 toolkit/components/extensions/test/xpcshell/head.js                          |   2 +-
 toolkit/components/extensions/test/xpcshell/test_ext_storage.js              |   4 ++--
 toolkit/components/extensions/test/xpcshell/test_ext_storage_content.js      |   4 ++--
 toolkit/components/normandy/vendor/ReactDOM.js                               |   4 ++--
 toolkit/components/osfile/modules/osfile_unix_front.jsm                      |   2 +-
 toolkit/components/osfile/tests/xpcshell/test_constants.js                   |   2 +-
 toolkit/components/passwordmgr/LoginHelper.jsm                               |   6 +++---
 toolkit/components/passwordmgr/LoginRecipes.jsm                              |   2 +-
 toolkit/components/passwordmgr/test/unit/test_recipes_add.js                 |  12 ++++++------
 toolkit/components/places/Bookmarks.jsm                                      |   6 +++---
 toolkit/components/places/PlacesTransactions.jsm                             |  14 +++++++-------
 toolkit/components/places/PlacesUtils.jsm                                    |  28 ++++++++++++++--------------
 toolkit/components/places/TaggingService.jsm                                 |   4 ++--
 toolkit/components/places/tests/bookmarks/head_bookmarks.js                  |   2 +-
 toolkit/components/places/tests/bookmarks/test_keywords.js                   |   2 +-
 toolkit/components/places/tests/bookmarks/test_nsINavBookmarkObserver.js     | 208 ++++++++++++++++++++++++++++++++++++++++++++++++++++++++++++++++++++++++++++++++++++++++++++++++++++++++--------------------------------------------------------------------------------------------------------
 toolkit/components/places/tests/maintenance/test_preventive_maintenance.js   |   2 +-
 toolkit/components/places/tests/queries/test_tags.js                         |   2 +-
 toolkit/components/places/tests/unit/test_async_transactions.js              |   4 ++--
 toolkit/components/places/tests/unit/test_keywords.js                        |   2 +-
 toolkit/components/places/tests/unit/test_lastModified.js                    |   4 ++--
 toolkit/components/telemetry/app/TelemetryEnvironment.jsm                    |   6 +++---
 toolkit/components/telemetry/app/TelemetryStorage.jsm                        |   2 +-
 toolkit/components/telemetry/pings/TelemetrySession.jsm                      |   2 +-
 toolkit/components/telemetry/tests/browser/browser_TelemetryGC.js            |  10 +++++-----
 toolkit/components/telemetry/tests/browser/browser_UpdatePingSuccess.js      |   2 +-
 toolkit/components/telemetry/tests/unit/head.js                              |   2 +-
 toolkit/components/telemetry/tests/unit/test_TelemetryEnvironment.js         |   2 +-
 toolkit/components/telemetry/tests/unit/test_TelemetryEvents.js              |  16 ++++++++--------
 toolkit/components/telemetry/tests/unit/test_TelemetryScalars.js             |   6 +++---
 toolkit/components/telemetry/tests/unit/test_TelemetryScalars_buildFaster.js |  14 +++++++-------
 toolkit/components/telemetry/tests/unit/test_TelemetrySession.js             |   2 +-
 toolkit/components/telemetry/tests/unit/test_UntrustedModulesPing.js         |  10 +++++-----
 toolkit/components/thumbnails/BackgroundPageThumbs.jsm                       |   4 ++--
 toolkit/components/url-classifier/tests/browser/classifierHelper.js          |   2 +-
 toolkit/components/url-classifier/tests/mochitest/classifierHelper.js        |   2 +-
 toolkit/components/utils/JsonSchemaValidator.jsm                             |  18 +++++++++---------
 toolkit/components/utils/test/browser/browser_JsonSchemaValidator.js         |  10 +++++-----
 toolkit/content/aboutTelemetry.js                                            |   4 ++--
 toolkit/content/contentAreaUtils.js                                          |   2 +-
 toolkit/content/globalOverlay.js                                             |   4 ++--
 toolkit/content/preferencesBindings.js                                       |   4 ++--
 toolkit/crashreporter/test/unit/head_crashreporter.js                        |   6 +++---
 toolkit/modules/Console.jsm                                                  |   2 +-
 toolkit/modules/Log.jsm                                                      |  14 +++++++-------
 toolkit/modules/NewTabUtils.jsm                                              |   4 ++--
 toolkit/modules/PopupNotifications.jsm                                       |   2 +-
 toolkit/modules/Promise-backend.js                                           |  16 ++++++++--------
 toolkit/modules/PropertyListUtils.jsm                                        |   6 +++---
 toolkit/modules/Sqlite.jsm                                                   |   8 ++++----
 toolkit/modules/tests/browser/browser_Troubleshoot.js                        |   8 ++++----
 toolkit/modules/tests/browser/browser_WebNavigation.js                       |   2 +-
 toolkit/modules/tests/modules/Task.jsm                                       |   6 +++---
 toolkit/modules/tests/xpcshell/test_client_id.js                             |  12 ++++++------
 toolkit/modules/tests/xpcshell/test_propertyListsUtils.js                    |  12 ++++++------
 toolkit/modules/tests/xpcshell/test_sqlite.js                                |   2 +-
 toolkit/mozapps/extensions/AddonManager.jsm                                  |   2 +-
 toolkit/mozapps/extensions/Blocklist.jsm                                     |   2 +-
 toolkit/mozapps/extensions/internal/AddonRepository.jsm                      |   6 +++---
 toolkit/mozapps/extensions/internal/XPIInstall.jsm                           |   2 +-
 toolkit/mozapps/update/tests/browser/browser_TelemetryUpdatePing.js          |   2 +-
 toolkit/mozapps/update/tests/browser/head.js                                 |   6 +++---
 tools/lint/eslint/eslint-plugin-mozilla/lib/rules/reject-some-requires.js    |   2 +-
 147 files changed, 446 insertions(+), 446 deletions(-)
