 browser/base/content/pageinfo/pageInfo.js                                                  |   6 +++---
 browser/base/content/tabbrowser.js                                                         |   6 +++---
 browser/base/content/test/performance/browser_toolbariconcolor_restyles.js                 |   4 ++--
 browser/components/BrowserGlue.jsm                                                         |  16 ++++++++--------
 browser/components/downloads/test/browser/browser_downloads_panel_block.js                 |   2 +-
 browser/components/enterprisepolicies/EnterprisePolicies.js                                |   2 +-
 browser/components/enterprisepolicies/EnterprisePoliciesContent.js                         |   2 +-
 browser/components/enterprisepolicies/Policies.jsm                                         |  12 ++++++------
 browser/components/extensions/ExtensionPopups.jsm                                          |   2 +-
 browser/components/extensions/test/browser/browser_ext_devtools_inspectedWindow.js         |   2 +-
 browser/components/extensions/test/browser/browser_ext_tabs_move_array.js                  |  10 +++++-----
 browser/components/extensions/test/browser/browser_ext_webRequest.js                       |   8 ++++----
 browser/components/extensions/test/xpcshell/test_ext_bookmarks.js                          |   2 +-
 browser/components/migration/ESEDBReader.jsm                                               |  28 ++++++++++++++--------------
 browser/components/migration/MigrationUtils.jsm                                            |  52 ++++++++++++++++++++++++++--------------------------
 browser/components/migration/SafariProfileMigrator.jsm                                     |   6 +++---
 browser/components/places/content/places.js                                                |  12 ++++++------
 browser/components/places/tests/browser/browser_sort_in_library.js                         |  12 ++++++------
 browser/components/resistfingerprinting/test/browser/head.js                               |   4 ++--
 browser/components/sessionstore/test/browser_248970_b_perwindowpb.js                       |  28 ++++++++++++++--------------
 browser/components/sessionstore/test/browser_formdata_xpath.js                             |  30 +++++++++++++++---------------
 browser/modules/ExtensionsUI.jsm                                                           |   2 +-
 browser/modules/Sanitizer.jsm                                                              |  12 ++++++------
 browser/modules/WindowsJumpLists.jsm                                                       |  24 ++++++++++++------------
 browser/tools/mozscreenshots/mozscreenshots/extension/configurations/LightweightThemes.jsm |  16 ++++++++--------
 devtools/client/performance/test/browser_perf-recordings-io-04.js                          |   2 +-
 devtools/client/shared/build/babel.js                                                      |  50 +++++++++++++++++++++++++-------------------------
 devtools/client/shared/components/throttling/profiles.js                                   |  64 ++++++++++++++++++++++++++++++++--------------------------------
 dom/crypto/test/test-vectors.js                                                            |  34 +++++++++++++++++-----------------
 dom/indexedDB/test/unit/test_multientry.js                                                 |  48 ++++++++++++++++++++++++------------------------
 dom/media/PeerConnection.jsm                                                               |  12 ++++++------
 dom/presentation/provider/AndroidCastDeviceProvider.jsm                                    |  12 ++++++------
 dom/presentation/tests/mochitest/PresentationSessionChromeScript1UA.js                     |   2 +-
 dom/system/NetworkGeolocationProvider.jsm                                                  |   8 ++++----
 mobile/android/components/LoginManagerPrompter.js                                          |   4 ++--
 mobile/android/modules/SharedPreferences.jsm                                               |   6 +++---
 mobile/android/modules/geckoview/GeckoViewUtils.jsm                                        |  12 ++++++------
 security/sandbox/test/browser_content_sandbox_fs.js                                        | 242 +++++++++++++++++++++++++++++++++++++++++++++++++++++++++++++++++++++++++++++++++++++++++++++++++++++++++++++++++++++++++-------------------------------------------------------------------------------------------------------------------------
 services/common/rest.js                                                                    |   8 ++++----
 services/common/tests/unit/test_hawkrequest.js                                             |   4 ++--
 services/common/tests/unit/test_restrequest.js                                             |   2 +-
 services/common/tests/unit/test_tokenserverclient.js                                       |  18 +++++++++---------
 services/common/tokenserverclient.js                                                       |  10 +++++-----
 services/common/uptake-telemetry.js                                                        |  44 ++++++++++++++++++++++----------------------
 services/crypto/modules/jwcrypto.jsm                                                       |   4 ++--
 services/crypto/modules/utils.js                                                           |   4 ++--
 services/fxaccounts/tests/xpcshell/test_client.js                                          |   8 ++++----
 services/sync/modules/SyncedTabs.jsm                                                       |   2 +-
 services/sync/modules/addonutils.js                                                        |   8 ++++----
 services/sync/modules/engines.js                                                           |   4 ++--
 services/sync/modules/engines/addons.js                                                    |  20 ++++++++++----------
 services/sync/modules/engines/clients.js                                                   |  12 ++++++------
 services/sync/modules/engines/forms.js                                                     |   2 +-
 services/sync/modules/main.js                                                              |   6 +++---
 services/sync/modules/record.js                                                            |   6 +++---
 services/sync/tests/unit/head_http_server.js                                               |   2 +-
 services/sync/tests/unit/test_addons_engine.js                                             |  30 +++++++++++++++---------------
 services/sync/tests/unit/test_addons_store.js                                              |   6 +++---
 services/sync/tests/unit/test_bookmark_engine.js                                           |  10 +++++-----
 services/sync/tests/unit/test_browserid_identity.js                                        |   8 ++++----
 services/sync/tests/unit/test_corrupt_keys.js                                              |   8 ++++----
 services/sync/tests/unit/test_errorhandler_sync_checkServerError.js                        |   4 ++--
 services/sync/tests/unit/test_hmac_error.js                                                |  10 +++++-----
 services/sync/tests/unit/test_records_wbo.js                                               |   4 ++--
 services/sync/tests/unit/test_service_sync_401.js                                          |   2 +-
 services/sync/tests/unit/test_service_sync_updateEnabledEngines.js                         |   6 +++---
 storage/test/unit/test_locale_collation.js                                                 |  16 ++++++++--------
 taskcluster/docker/index-task/insert-indexes.js                                            |  12 ++++++------
 testing/marionette/driver.js                                                               |   2 +-
 toolkit/components/aboutmemory/content/aboutMemory.js                                      |  12 ++++++------
 toolkit/components/captivedetect/CaptiveDetect.jsm                                         |   2 +-
 toolkit/components/contentprefs/ContentPrefService2.jsm                                    |   6 +++---
 toolkit/components/extensions/test/browser/browser_ext_themes_tab_loading.js               |   2 +-
 toolkit/components/extensions/test/browser/browser_ext_themes_tab_separators.js            |   2 +-
 toolkit/components/extensions/test/mochitest/head_webrequest.js                            |  14 +++++++-------
 toolkit/components/extensions/test/xpcshell/test_ext_userScripts.js                        |   4 ++--
 toolkit/components/normandy/vendor/PropTypes.js                                            |   2 +-
 toolkit/components/normandy/vendor/React.js                                                |   4 ++--
 toolkit/components/normandy/vendor/ReactDOM.js                                             |   6 +++---
 toolkit/components/normandy/vendor/classnames.js                                           |   2 +-
 toolkit/components/osfile/modules/osfile_win_back.jsm                                      |  38 +++++++++++++++++++-------------------
 toolkit/components/passwordmgr/storage-json.js                                             |  24 ++++++++++++------------
 toolkit/components/passwordmgr/storage-mozStorage.js                                       |  52 ++++++++++++++++++++++++++--------------------------
 toolkit/components/passwordmgr/test/unit/test_module_LoginStore.js                         |  52 ++++++++++++++++++++++++++--------------------------
 toolkit/components/places/Bookmarks.jsm                                                    |   8 ++++----
 toolkit/components/places/History.jsm                                                      |   2 +-
 toolkit/components/places/PlacesDBUtils.jsm                                                |  20 ++++++++++----------
 toolkit/components/places/PlacesExpiration.jsm                                             |  10 +++++-----
 toolkit/components/places/PlacesUtils.jsm                                                  |   4 ++--
 toolkit/components/places/UnifiedComplete.jsm                                              |   2 +-
 toolkit/components/places/tests/queries/test_querySerialization.js                         | 114 +++++++++++++++++++++++++++++++++++++++++++++++++++++++++---------------------------------------------------------
 toolkit/components/places/tests/unifiedcomplete/test_dupe_urls.js                          |   2 +-
 toolkit/components/places/tests/unifiedcomplete/test_keyword_search_actions.js             |   2 +-
 toolkit/components/places/tests/unit/test_async_transactions.js                            |  88 ++++++++++++++++++++++++++++++++++++++++++++--------------------------------------------
 toolkit/components/places/tests/unit/test_bookmarks_restore_notification.js                |  36 ++++++++++++++++++------------------
 toolkit/components/prompts/src/Prompter.jsm                                                |  38 +++++++++++++++++++-------------------
 toolkit/components/satchel/FormAutoComplete.jsm                                            |  16 ++++++++--------
 toolkit/components/telemetry/app/TelemetryEnvironment.jsm                                  |   6 +++---
 toolkit/components/terminator/TerminatorTelemetry.jsm                                      |   2 +-
 toolkit/components/terminator/tests/xpcshell/test_terminator_reload.js                     |   2 +-
 toolkit/components/url-classifier/SafeBrowsing.jsm                                         |  10 +++++-----
 toolkit/components/urlformatter/URLFormatter.jsm                                           |  12 ++++++------
 toolkit/components/utils/mozjexl.js                                                        |   2 +-
 toolkit/crashreporter/test/CrashTestUtils.jsm                                              |  34 +++++++++++++++++-----------------
 toolkit/modules/GMPInstallManager.jsm                                                      |   8 ++++----
 toolkit/modules/GMPUtils.jsm                                                               |  44 ++++++++++++++++++++++----------------------
 toolkit/modules/Log.jsm                                                                    |  16 ++++++++--------
 toolkit/modules/PropertyListUtils.jsm                                                      |  44 ++++++++++++++++++++++----------------------
 toolkit/modules/RemoteController.js                                                        |   2 +-
 toolkit/modules/RemoteWebProgress.jsm                                                      |  22 +++++++++++-----------
 toolkit/modules/tests/xpcshell/test_Preferences.js                                         |  10 +++++-----
 toolkit/mozapps/extensions/internal/GMPProvider.jsm                                        |  22 +++++++++++-----------
 toolkit/mozapps/extensions/test/xpcshell/test_AddonRepository.js                           | 122 +++++++++++++++++++++++++++++++++++++++++++++++++++++++++++++-------------------------------------------------------------
 toolkit/mozapps/extensions/test/xpcshell/test_AddonRepository_cache.js                     | 290 +++++++++++++++++++++++++++++++++++++++++++++++++++++++++++++++++++++++++++++++++++++++++++++++++++++++++++++++++++++++++++++++++++++++++++++++++-------------------------------------------------------------------------------------------------------------------------------------------------
 toolkit/mozapps/extensions/test/xpcshell/test_compatoverrides.js                           |   2 +-
 toolkit/mozapps/handling/content/dialog.js                                                 |   4 ++--
 116 files changed, 1148 insertions(+), 1148 deletions(-)
