 accessible/tests/mochitest/actions.js                                                    |   2 +-
 accessible/tests/mochitest/common.js                                                     |   2 +-
 browser/actors/ContextMenuChild.jsm                                                      |   4 ++--
 browser/base/content/nsContextMenu.js                                                    |   2 +-
 browser/base/content/tabbrowser.js                                                       |   8 ++++----
 browser/base/content/test/general/browser_contentAltClick.js                             |   6 +++---
 browser/base/content/test/general/browser_gestureSupport.js                              |   8 ++++----
 browser/base/content/test/static/browser_all_files_referenced.js                         |   2 +-
 browser/base/content/utilityOverlay.js                                                   |  18 +++++++++---------
 browser/components/customizableui/test/browser_1042100_default_placements_update.js      |   4 ++--
 browser/components/originattributes/test/browser/file_thirdPartyChild.worker.js          |   4 ++--
 browser/components/places/content/controller.js                                          |   4 ++--
 browser/components/places/tests/browser/browser_markPageAsFollowedLink.js                |   4 ++--
 browser/components/pocket/test/head.js                                                   |   2 +-
 browser/components/preferences/in-content/findInPage.js                                  |   2 +-
 browser/components/preferences/languages.js                                              |   2 +-
 browser/components/sessionstore/test/browser_911547.js                                   |   2 +-
 browser/components/uitour/test/browser_UITour_modalDialog.js                             |   2 +-
 browser/tools/mozscreenshots/browser_boundingbox.js                                      |   2 +-
 docshell/test/chrome/docshell_helpers.js                                                 |   8 ++++----
 dom/indexedDB/test/unit/test_indexes_bad_values.js                                       |   2 +-
 dom/plugins/test/mochitest/dialog_watcher.js                                             |   6 +++---
 dom/plugins/test/mochitest/plugin-utils.js                                               |   2 +-
 gfx/layers/layerviewer/layerTreeView.js                                                  |   2 +-
 mobile/android/chrome/content/aboutLogins.js                                             |   2 +-
 mobile/android/chrome/geckoview/config.js                                                |   2 +-
 mobile/android/components/NSSDialogService.js                                            |   2 +-
 services/common/logmanager.js                                                            |   2 +-
 services/fxaccounts/tests/xpcshell/test_oauth_token_storage.js                           |   2 +-
 services/fxaccounts/tests/xpcshell/test_oauth_tokens.js                                  |   2 +-
 services/sync/tests/unit/test_corrupt_keys.js                                            |   2 +-
 testing/modules/CoverageUtils.jsm                                                        |   4 ++--
 testing/talos/talos/pageloader/chrome/report.js                                          |   4 ++--
 toolkit/actors/SelectChild.jsm                                                           |   2 +-
 toolkit/components/aboutmemory/content/aboutMemory.js                                    |   2 +-
 toolkit/components/apppicker/content/appPicker.js                                        |   2 +-
 toolkit/components/autocomplete/tests/unit/test_completeDefaultIndex_casing.js           |   2 +-
 toolkit/components/ctypes/tests/unit/test_finalizer_shouldfail.js                        |   2 +-
 toolkit/components/osfile/modules/osfile_async_front.jsm                                 |   2 +-
 toolkit/components/osfile/modules/osfile_shared_allthreads.jsm                           |   4 ++--
 toolkit/components/osfile/modules/osfile_win_front.jsm                                   |   4 ++--
 toolkit/components/osfile/tests/mochi/main_test_osfile_async.js                          |   2 +-
 toolkit/components/osfile/tests/mochi/worker_handler.js                                  |   4 ++--
 toolkit/components/osfile/tests/xpcshell/test_reset.js                                   |   6 +++---
 toolkit/components/osfile/tests/xpcshell/test_shutdown.js                                |   2 +-
 toolkit/components/osfile/tests/xpcshell/test_telemetry.js                               |   2 +-
 toolkit/components/places/Bookmarks.jsm                                                  |   2 +-
 toolkit/components/places/tests/bookmarks/test_393498.js                                 |   2 +-
 toolkit/components/places/tests/sync/test_bookmark_deletion.js                           |   2 +-
 toolkit/components/places/tests/unifiedcomplete/test_PlacesSearchAutocompleteProvider.js |   2 +-
 toolkit/components/places/tests/unifiedcomplete/test_preloaded_sites.js                  |   4 ++--
 toolkit/components/places/tests/unifiedcomplete/test_special_search.js                   |  22 +++++++++++-----------
 toolkit/components/places/tests/unifiedcomplete/test_word_boundary_search.js             |   4 ++--
 toolkit/components/places/tests/unit/test_async_transactions.js                          |  12 ++++++------
 toolkit/components/places/tests/unit/test_promiseBookmarksTree.js                        |   2 +-
 toolkit/components/printing/content/printPageSetup.js                                    |  64 ++++++++++++++++++++++++++++++++--------------------------------
 toolkit/components/printing/content/printPreviewProgress.js                              |   2 +-
 toolkit/components/printing/content/printProgress.js                                     |  18 +++++++++---------
 toolkit/components/reader/test/browser_readerMode.js                                     |   2 +-
 toolkit/components/telemetry/tests/unit/test_TelemetryEvents.js                          |   4 ++--
 toolkit/components/terminator/tests/xpcshell/test_terminator_record.js                   |   2 +-
 toolkit/components/viewsource/content/viewSource-content.js                              |   2 +-
 toolkit/components/workerloader/tests/utils_mainthread.js                                |   4 ++--
 toolkit/components/workerloader/tests/worker_handler.js                                  |   4 ++--
 toolkit/content/widgets/videocontrols.js                                                 |   2 +-
 toolkit/crashreporter/CrashReports.jsm                                                   |   2 +-
 toolkit/modules/ClientID.jsm                                                             |   2 +-
 toolkit/modules/GMPInstallManager.jsm                                                    |   2 +-
 toolkit/modules/Geometry.jsm                                                             |   6 +++---
 toolkit/modules/sessionstore/SessionHistory.jsm                                          |   2 +-
 toolkit/modules/tests/xpcshell/test_GMPInstallManager.js                                 |   2 +-
 toolkit/modules/tests/xpcshell/test_Promise.js                                           |  10 +++++-----
 toolkit/modules/tests/xpcshell/test_sqlite.js                                            |   4 ++--
 toolkit/mozapps/downloads/HelperAppDlg.jsm                                               |  24 ++++++++++++------------
 toolkit/mozapps/preferences/changemp.js                                                  |   4 ++--
 toolkit/profile/content/profileSelection.js                                              |   4 ++--
 xpcom/tests/unit/test_iniParser.js                                                       | 128 ++++++++++++++++++++++++++++++++++++++++++++++++++++++++++++++++----------------------------------------------------------------
 xpcom/tests/unit/test_windows_registry.js                                                |   4 ++--
 78 files changed, 254 insertions(+), 254 deletions(-)
