 browser/base/content/browser-fullScreenAndPointerLock.js                                           |  4 ++++
 browser/components/customizableui/PanelMultiView.jsm                                               |  3 +++
 browser/components/extensions/parent/ext-bookmarks.js                                              |  1 +
 browser/components/extensions/parent/ext-history.js                                                |  9 +++++++++
 browser/components/payments/res/components/csc-input.js                                            |  1 +
 browser/components/payments/res/components/labelled-checkbox.js                                    |  1 +
 browser/components/places/content/places-tree.js                                                   |  9 +++++++++
 browser/components/search/content/searchbar.js                                                     |  1 +
 browser/components/touchbar/MacTouchBar.js                                                         | 12 ++++++++++++
 browser/components/urlbar/UrlbarUtils.jsm                                                          |  5 +++++
 browser/components/urlbar/tests/UrlbarTestUtils.jsm                                                |  1 +
 browser/components/urlbar/tests/unit/head.js                                                       |  5 +++++
 browser/components/urlbar/tests/unit/test_UrlbarController_telemetry.js                            |  6 ++++++
 browser/components/urlbar/tests/unit/test_muxer.js                                                 |  1 +
 browser/components/urlbar/tests/unit/test_providersManager_filtering.js                            |  8 ++++++++
 browser/extensions/webcompat-reporter/experimentalAPIs/l10n.js                                     |  1 +
 devtools/client/inspector/flexbox/flexbox.js                                                       |  1 +
 devtools/client/inspector/grids/grid-inspector.js                                                  |  1 +
 devtools/client/inspector/rules/new-rules.js                                                       |  1 +
 devtools/client/netmonitor/src/connector/chrome/utils.js                                           |  1 +
 devtools/client/webconsole/test/mochitest/browser_webconsole_object_inspector_getters_prototype.js |  1 +
 devtools/server/actors/highlighters/shapes.js                                                      |  1 +
 devtools/shared/fronts/node.js                                                                     | 15 +++++++++++++++
 devtools/shared/fronts/styles.js                                                                   | 10 ++++++++++
 devtools/shared/fronts/stylesheets.js                                                              | 12 ++++++++++++
 dom/media/PeerConnection.jsm                                                                       |  8 ++++++++
 mobile/android/components/extensions/ext-utils.js                                                  |  1 +
 remote/domains/content/Emulation.jsm                                                               |  1 +
 remote/domains/content/Page.jsm                                                                    |  2 ++
 services/fxaccounts/FxAccountsCommands.js                                                          |  1 +
 services/fxaccounts/FxAccountsPairing.jsm                                                          |  1 +
 services/sync/modules/bookmark_repair.js                                                           |  5 +++++
 testing/marionette/test/unit/test_element.js                                                       |  3 +++
 testing/marionette/test/unit/test_evaluate.js                                                      |  1 +
 testing/talos/talos/tests/tabswitch/content/tabswitch-content-process.js                           |  2 ++
 toolkit/components/downloads/test/unit/test_DownloadHistory.js                                     |  5 +++++
 toolkit/components/extensions/Extension.jsm                                                        |  3 +++
 toolkit/components/extensions/ExtensionCommon.jsm                                                  |  3 +++
 toolkit/components/extensions/ExtensionStorageSync.jsm                                             |  1 +
 toolkit/components/extensions/parent/ext-downloads.js                                              | 24 ++++++++++++++++++++++--
 toolkit/components/places/PlacesTransactions.jsm                                                   |  1 +
 toolkit/components/printing/content/printPreviewToolbar.js                                         |  1 +
 toolkit/content/widgets/browser-custom-element.js                                                  |  1 +
 toolkit/content/widgets/menu.js                                                                    |  1 +
 toolkit/content/widgets/richlistbox.js                                                             | 11 +++++++++++
 toolkit/content/widgets/tabbox.js                                                                  |  1 +
 toolkit/content/widgets/tree.js                                                                    |  1 +
 toolkit/content/widgets/wizard.js                                                                  |  4 ++++
 toolkit/modules/AutoCompletePopupContent.jsm                                                       |  4 ++++
 toolkit/modules/Log.jsm                                                                            |  9 +++++++++
 toolkit/modules/ServiceRequest.jsm                                                                 |  1 +
 toolkit/mozapps/extensions/internal/XPIDatabase.jsm                                                |  1 +
 toolkit/mozapps/extensions/internal/XPIInstall.jsm                                                 |  2 ++
 toolkit/mozapps/extensions/internal/XPIProvider.jsm                                                |  2 ++
 toolkit/mozapps/extensions/test/xpcshell/head_addons.js                                            |  5 +++++
 55 files changed, 215 insertions(+), 2 deletions(-)
