 accessible/tests/mochitest/autocomplete.js                                                          |  4 ----
 accessible/tests/mochitest/events.js                                                                |  8 --------
 accessible/tests/mochitest/pivot.js                                                                 |  1 -
 accessible/tests/mochitest/treeview.js                                                              |  1 -
 browser/actors/ClickHandlerChild.jsm                                                                |  1 -
 browser/actors/NetErrorChild.jsm                                                                    |  4 ----
 browser/base/content/aboutDialog-appUpdater.js                                                      |  1 -
 browser/base/content/browser-contentblocking.js                                                     |  2 --
 browser/base/content/browser-fullScreenAndPointerLock.js                                            |  1 -
 browser/base/content/browser-fullZoom.js                                                            |  1 -
 browser/base/content/browser-pageActions.js                                                         |  1 -
 browser/base/content/browser.js                                                                     |  4 ----
 browser/base/content/nsContextMenu.js                                                               |  1 -
 browser/base/content/tabbrowser.js                                                                  |  2 --
 browser/base/content/test/about/browser_aboutSupport.js                                             |  1 -
 browser/base/content/test/alerts/browser_notification_do_not_disturb.js                             |  1 -
 browser/base/content/test/contextMenu/browser_contextmenu_touch.js                                  |  1 -
 browser/base/content/test/forms/browser_selectpopup_colors.js                                       |  1 -
 browser/base/content/test/general/browser_bug735471.js                                              |  1 -
 browser/base/content/test/general/browser_bug767836_perwindowpb.js                                  |  1 -
 browser/base/content/test/general/browser_bug817947.js                                              |  1 -
 browser/base/content/test/general/browser_documentnavigation.js                                     |  1 -
 browser/base/content/test/general/browser_fullscreen-window-open.js                                 |  3 ---
 browser/base/content/test/general/browser_gestureSupport.js                                         |  1 -
 browser/base/content/test/general/browser_invalid_uri_back_forward_manipulation.js                  |  1 -
 browser/base/content/test/general/browser_offlineQuotaNotification.js                               |  1 -
 browser/base/content/test/general/browser_remoteTroubleshoot.js                                     |  1 -
 browser/base/content/test/general/browser_save_link_when_window_navigates.js                        |  1 -
 browser/base/content/test/general/browser_tab_drag_drop_perwindow.js                                |  2 --
 browser/base/content/test/general/browser_tab_dragdrop.js                                           |  1 -
 browser/base/content/test/pageActions/browser_page_action_menu.js                                   |  2 --
 browser/base/content/test/pageActions/browser_page_action_menu_add_search_engine.js                 |  5 -----
 browser/base/content/test/pageActions/browser_page_action_menu_share_mac.js                         |  1 -
 browser/base/content/test/pageinfo/browser_pageinfo_firstPartyIsolation.js                          |  1 -
 browser/base/content/test/performance/head.js                                                       |  1 -
 browser/base/content/test/plugins/browser_CTP_overlay_styles.js                                     |  1 -
 browser/base/content/test/plugins/browser_CTP_resize.js                                             |  1 -
 browser/base/content/test/plugins/browser_CTP_zoom.js                                               |  1 -
 browser/base/content/test/popups/browser_popup_close_main_window.js                                 |  1 -
 browser/base/content/test/sanitize/browser_sanitizeDialog.js                                        |  1 -
 browser/base/content/test/siteIdentity/browser_bug1045809.js                                        |  1 -
 browser/base/content/test/siteIdentity/browser_bug822367.js                                         |  1 -
 browser/base/content/test/siteIdentity/browser_check_identity_state.js                              |  1 -
 browser/base/content/test/static/head.js                                                            |  2 --
 browser/base/content/test/sync/browser_fxa_web_channel.js                                           |  1 -
 browser/base/content/test/tabcrashed/head.js                                                        |  1 -
 browser/base/content/test/tabs/browser_close_tab_by_dblclick.js                                     |  1 -
 browser/base/content/test/tabs/browser_multiselect_tabs_mute_unmute.js                              |  1 -
 browser/base/content/test/tabs/browser_multiselect_tabs_open_related.js                             |  1 -
 browser/base/content/test/tabs/browser_navigatePinnedTab.js                                         |  1 -
 browser/base/content/test/tabs/browser_tabSuccessors.js                                             |  7 -------
 browser/base/content/test/trackingUI/browser_trackingUI_telemetry.js                                |  1 -
 browser/base/content/test/webrtc/browser_devices_get_user_media_anim.js                             |  1 -
 browser/base/content/utilityOverlay.js                                                              |  1 -
 browser/components/contextualidentity/test/browser/browser_forgetaboutsite.js                       |  1 -
 browser/components/contextualidentity/test/browser/browser_usercontext.js                           |  2 --
 browser/components/contextualidentity/test/browser/browser_windowName.js                            |  1 -
 browser/components/contextualidentity/test/browser/browser_windowOpen.js                            |  1 -
 browser/components/customizableui/CustomizableUI.jsm                                                |  1 -
 browser/components/customizableui/CustomizableWidgets.jsm                                           |  2 --
 browser/components/customizableui/CustomizeMode.jsm                                                 |  1 -
 browser/components/customizableui/test/browser_1003588_no_specials_in_panel.js                      |  2 --
 browser/components/customizableui/test/browser_1008559_anchor_undo_restore.js                       |  1 -
 browser/components/customizableui/test/browser_1042100_default_placements_update.js                 |  2 --
 browser/components/customizableui/test/browser_901207_searchbar_in_panel.js                         |  1 -
 browser/components/customizableui/test/browser_956602_remove_special_widget.js                      |  1 -
 browser/components/customizableui/test/browser_969661_character_encoding_navbar_disabled.js         |  1 -
 browser/components/customizableui/test/browser_976792_insertNodeInWindow.js                         |  9 ---------
 browser/components/customizableui/test/browser_980155_add_overflow_toolbar.js                       |  1 -
 browser/components/customizableui/test/browser_982656_restore_defaults_builtin_widgets.js           |  1 -
 browser/components/customizableui/test/browser_985815_propagate_setToolbarVisibility.js             |  1 -
 browser/components/customizableui/test/browser_987177_destroyWidget_xul.js                          |  1 -
 browser/components/customizableui/test/browser_987492_window_api.js                                 |  2 --
 browser/components/customizableui/test/browser_customization_context_menus.js                       |  2 --
 browser/components/customizableui/test/browser_synced_tabs_menu.js                                  |  2 --
 browser/components/downloads/DownloadsCommon.jsm                                                    |  1 -
 browser/components/downloads/content/downloads.js                                                   |  1 -
 browser/components/downloads/test/browser/head.js                                                   |  1 -
 browser/components/enterprisepolicies/Policies.jsm                                                  |  1 -
 browser/components/enterprisepolicies/tests/browser/browser_policy_extensions.js                    |  1 -
 browser/components/enterprisepolicies/tests/browser/browser_policy_override_postupdatepage.js       |  2 --
 browser/components/enterprisepolicies/tests/browser/browser_policy_proxy.js                         |  1 -
 browser/components/extensions/ExtensionPopups.jsm                                                   |  1 -
 browser/components/extensions/child/ext-devtools.js                                                 |  1 -
 browser/components/extensions/parent/ext-browser.js                                                 |  1 -
 browser/components/extensions/parent/ext-browserAction.js                                           |  1 -
 browser/components/extensions/parent/ext-browsingData.js                                            |  1 -
 browser/components/extensions/parent/ext-tabs.js                                                    |  2 --
 browser/components/extensions/test/browser/browser_ext_browserAction_pageAction_icon_permissions.js |  3 ---
 browser/components/extensions/test/browser/browser_ext_browserAction_popup_preload.js               |  1 -
 browser/components/extensions/test/browser/browser_ext_browserAction_popup_resize.js                |  1 -
 browser/components/extensions/test/browser/browser_ext_contextMenus.js                              |  3 ---
 browser/components/extensions/test/browser/browser_ext_devtools_panel.js                            |  1 -
 browser/components/extensions/test/browser/browser_ext_optionsPage_popups.js                        |  1 -
 browser/components/extensions/test/browser/browser_ext_pageAction_popup.js                          |  2 --
 browser/components/extensions/test/browser/browser_ext_popup_api_injection.js                       |  3 ---
 browser/components/extensions/test/browser/browser_ext_runtime_setUninstallURL.js                   |  2 --
 browser/components/extensions/test/browser/browser_ext_sessions_restoreTab.js                       |  1 -
 browser/components/extensions/test/browser/browser_ext_sidebarAction.js                             |  1 -
 browser/components/extensions/test/browser/browser_ext_sidebarAction_contextMenu.js                 |  1 -
 browser/components/extensions/test/browser/browser_ext_tabs_audio.js                                |  1 -
 browser/components/extensions/test/browser/browser_ext_tabs_create_url.js                           |  1 -
 browser/components/extensions/test/browser/browser_ext_tabs_events.js                               |  8 --------
 browser/components/extensions/test/browser/browser_ext_tabs_hide_update.js                          |  1 -
 browser/components/extensions/test/browser/browser_ext_tabs_sendMessage.js                          |  2 --
 browser/components/extensions/test/browser/browser_ext_tabs_successors.js                           |  3 ---
 browser/components/extensions/test/browser/browser_ext_tabs_zoom.js                                 |  7 -------
 browser/components/extensions/test/browser/browser_ext_url_overrides_newtab.js                      |  1 -
 browser/components/extensions/test/browser/browser_ext_user_events.js                               |  1 -
 browser/components/extensions/test/browser/browser_ext_windows_create_params.js                     |  1 -
 browser/components/extensions/test/browser/browser_ext_windows_create_tabId.js                      |  3 ---
 browser/components/extensions/test/browser/browser_ext_windows_update.js                            |  2 --
 browser/components/extensions/test/browser/head.js                                                  |  1 -
 browser/components/extensions/test/browser/head_browserAction.js                                    |  5 -----
 browser/components/extensions/test/browser/head_pageAction.js                                       |  1 -
 browser/components/extensions/test/browser/head_webNavigation.js                                    |  1 -
 browser/components/extensions/test/xpcshell/head.js                                                 |  1 -
 browser/components/extensions/test/xpcshell/test_ext_bookmarks.js                                   |  1 -
 browser/components/extensions/test/xpcshell/test_ext_manifest_commands.js                           |  1 -
 browser/components/extensions/test/xpcshell/test_ext_settings_overrides_search.js                   |  1 -
 browser/components/migration/ChromeProfileMigrator.jsm                                              |  1 -
 browser/components/migration/ESEDBReader.jsm                                                        |  1 -
 browser/components/migration/EdgeProfileMigrator.jsm                                                |  1 -
 browser/components/migration/FirefoxProfileMigrator.jsm                                             |  2 --
 browser/components/migration/IEProfileMigrator.jsm                                                  |  1 -
 browser/components/migration/MSMigrationUtils.jsm                                                   |  2 --
 browser/components/payments/res/debugging.js                                                        |  1 -
 browser/components/payments/res/mixins/PaymentStateSubscriberMixin.js                               |  1 -
 browser/components/payments/test/browser/browser_address_edit_hidden_fields.js                      |  1 -
 browser/components/payments/test/browser/browser_retry.js                                           |  1 -
 browser/components/payments/test/browser/browser_retry_fieldErrors.js                               |  4 ----
 browser/components/payments/test/browser/head.js                                                    |  1 -
 browser/components/places/PlacesUIUtils.jsm                                                         |  1 -
 browser/components/places/content/controller.js                                                     |  1 -
 browser/components/places/content/places.js                                                         |  1 -
 browser/components/places/tests/browser/browser_bookmarkProperties_folderSelection.js               |  1 -
 browser/components/places/tests/browser/browser_bookmarkProperties_newFolder.js                     |  1 -
 browser/components/places/tests/browser/browser_bookmark_folder_moveability.js                      |  1 -
 browser/components/places/tests/browser/browser_bookmark_popup.js                                   |  1 -
 browser/components/places/tests/browser/browser_paste_bookmarks.js                                  |  2 --
 browser/components/places/tests/unit/test_clearHistory_shutdown.js                                  |  1 -
 browser/components/pocket/content/main.js                                                           |  2 --
 browser/components/pocket/content/panels/js/messages.js                                             |  1 -
 browser/components/pocket/content/panels/js/saved.js                                                |  1 -
 browser/components/pocket/content/panels/js/signup.js                                               |  2 --
 browser/components/pocket/content/pktApi.jsm                                                        |  2 --
 browser/components/preferences/in-content/extensionControlled.js                                    |  1 -
 browser/components/preferences/in-content/main.js                                                   |  6 ------
 browser/components/preferences/in-content/preferences.js                                            |  1 -
 browser/components/preferences/in-content/privacy.js                                                |  3 ---
 browser/components/preferences/in-content/search.js                                                 |  1 -
 browser/components/preferences/in-content/sync.js                                                   |  1 -
 browser/components/preferences/in-content/tests/browser_applications_selection.js                   |  1 -
 browser/components/preferences/in-content/tests/browser_browser_languages_subdialog.js              |  3 ---
 browser/components/preferences/in-content/tests/browser_change_app_handler.js                       |  1 -
 browser/components/preferences/in-content/tests/browser_connection_dnsoverhttps.js                  |  1 -
 browser/components/preferences/in-content/tests/browser_notifications_do_not_disturb.js             |  1 -
 browser/components/preferences/in-content/tests/browser_search_within_preferences_2.js              |  1 -
 browser/components/privatebrowsing/test/browser/browser_privatebrowsing_concurrent.js               |  5 -----
 browser/components/privatebrowsing/test/browser/browser_privatebrowsing_crh.js                      |  2 --
 browser/components/privatebrowsing/test/browser/browser_privatebrowsing_zoomrestore.js              |  1 -
 browser/components/resistfingerprinting/test/browser/browser_netInfo.js                             |  1 -
 browser/components/resistfingerprinting/test/browser/head.js                                        |  1 -
 browser/components/safebrowsing/content/test/head.js                                                |  1 -
 browser/components/search/test/browser/browser_426329.js                                            |  1 -
 browser/components/search/test/browser/browser_searchEngine_behaviors.js                            |  1 -
 browser/components/search/test/browser/browser_searchbar_keyboard_navigation.js                     |  1 -
 browser/components/search/test/browser/browser_searchbar_smallpanel_keyboard_navigation.js          |  1 -
 browser/components/search/test/browser/head.js                                                      |  1 -
 browser/components/sessionstore/ContentRestore.jsm                                                  |  1 -
 browser/components/sessionstore/ContentSessionStore.jsm                                             |  2 --
 browser/components/sessionstore/RecentlyClosedTabsAndWindowsMenuUtils.jsm                           |  1 -
 browser/components/sessionstore/SessionStore.jsm                                                    |  1 -
 browser/components/sessionstore/SessionWorker.js                                                    |  1 -
 browser/components/sessionstore/test/browser_394759_behavior.js                                     |  1 -
 browser/components/sessionstore/test/browser_522545.js                                              |  1 -
 browser/components/sessionstore/test/browser_589246.js                                              |  1 -
 browser/components/sessionstore/test/browser_590268.js                                              |  1 -
 browser/components/sessionstore/test/browser_615394-SSWindowState_events_setBrowserState.js         |  1 -
 browser/components/sessionstore/test/browser_618151.js                                              |  1 -
 browser/components/sessionstore/test/browser_625016.js                                              |  1 -
 browser/components/sessionstore/test/browser_636279.js                                              |  1 -
 browser/components/sessionstore/test/browser_911547.js                                              |  1 -
 browser/components/sessionstore/test/browser_backup_recovery.js                                     |  1 -
 browser/components/sessionstore/test/browser_cleaner.js                                             |  4 ----
 browser/components/sessionstore/test/browser_crashedTabs.js                                         |  1 -
 browser/components/sessionstore/test/browser_merge_closed_tabs.js                                   |  1 -
 browser/components/sessionstore/test/browser_parentProcessRestoreHash.js                            |  2 --
 browser/components/sessionstore/test/browser_send_async_message_oom.js                              |  1 -
 browser/components/sessionstore/test/head.js                                                        |  1 -
 browser/components/sessionstore/test/unit/test_startup_nosession_async.js                           |  1 -
 browser/components/sessionstore/test/unit/test_startup_session_async.js                             |  1 -
 browser/components/syncedtabs/test/browser/browser_sidebar_syncedtabslist.js                        |  1 -
 browser/components/syncedtabs/test/xpcshell/test_SyncedTabsDeckComponent.js                         |  3 ---
 browser/components/syncedtabs/test/xpcshell/test_SyncedTabsListStore.js                             |  3 ---
 browser/components/tests/browser/browser_bug538331.js                                               |  1 -
 browser/components/tests/browser/browser_urlbar_matchBuckets_migration60.js                         |  8 --------
 browser/components/tests/unit/test_distribution_cachedexistence.js                                  |  1 -
 browser/components/translation/test/browser_translation_exceptions.js                               |  1 -
 browser/components/translation/test/browser_translation_yandex.js                                   |  1 -
 browser/components/uitour/UITour-lib.js                                                             |  1 -
 browser/components/uitour/test/browser_UITour.js                                                    |  1 -
 browser/components/uitour/test/browser_UITour_modalDialog.js                                        |  2 --
 browser/components/uitour/test/browser_UITour_sync.js                                               |  1 -
 browser/components/uitour/test/browser_backgroundTab.js                                             |  1 -
 browser/components/uitour/test/browser_trackingProtection_tour.js                                   |  1 -
 browser/components/uitour/test/head.js                                                              |  1 -
 browser/components/urlbar/tests/browser/Panel.jsm                                                   |  1 -
 browser/components/urlbar/tests/browser/browser_autocomplete_readline_navigation.js                 |  1 -
 browser/components/urlbar/tests/browser/browser_keyword.js                                          |  1 -
 browser/components/urlbar/tests/browser/browser_switchTab_override.js                               |  1 -
 browser/components/urlbar/tests/browser/browser_urlbarOneOffs.js                                    |  2 --
 browser/components/urlbar/tests/browser/browser_urlbarOneOffs_settings.js                           |  1 -
 browser/components/urlbar/tests/browser/browser_urlbarSearchFunction.js                             |  3 ---
 browser/components/urlbar/tests/browser/browser_urlbarTokenAlias.js                                 | 12 ------------
 browser/components/urlbar/tests/browser/browser_urlbar_whereToOpen.js                               |  1 -
 browser/extensions/formautofill/FormAutofillContent.jsm                                             |  2 --
 browser/extensions/formautofill/FormAutofillHeuristics.jsm                                          |  2 --
 browser/extensions/formautofill/FormAutofillSync.jsm                                                |  1 -
 browser/extensions/formautofill/phonenumberutils/PhoneNumberNormalizer.jsm                          |  1 -
 browser/extensions/formautofill/test/browser/browser_editAddressDialog.js                           |  1 -
 browser/extensions/formautofill/test/browser/creditCard/browser_privacyPreferences.js               |  1 -
 browser/extensions/formautofill/test/browser/head.js                                                |  1 -
 browser/extensions/formautofill/test/unit/head.js                                                   |  1 -
 browser/extensions/formautofill/test/unit/test_autofillFormFields.js                                |  1 -
 browser/extensions/formautofill/test/unit/test_sync.js                                              |  1 -
 browser/extensions/pdfjs/test/browser_pdfjs_navigation.js                                           |  1 -
 browser/extensions/pdfjs/test/browser_pdfjs_zoom.js                                                 |  1 -
 browser/extensions/webcompat-reporter/test/browser/head.js                                          |  3 ---
 browser/modules/AsyncTabSwitcher.jsm                                                                |  1 -
 browser/modules/BrowserUsageTelemetry.jsm                                                           |  1 -
 browser/modules/ContentMetaHandler.jsm                                                              |  1 -
 browser/modules/ContentObservers.js                                                                 |  1 -
 browser/modules/PageActions.jsm                                                                     |  2 --
 browser/modules/WindowsPreviewPerTab.jsm                                                            |  1 -
 browser/modules/test/browser/browser_PageActions.js                                                 | 13 -------------
 browser/modules/test/browser/browser_SitePermissions_tab_urls.js                                    |  1 -
 browser/modules/test/browser/browser_UsageTelemetry_urlbar_extension.js                             |  1 -
 browser/modules/test/browser/browser_UsageTelemetry_urlbar_places.js                                |  2 --
 browser/modules/test/browser/browser_UsageTelemetry_urlbar_remotetab.js                             |  1 -
 browser/modules/test/browser/head.js                                                                |  1 -
 browser/tools/mozscreenshots/mozscreenshots/extension/configurations/Tabs.jsm                       |  1 -
 browser/tools/mozscreenshots/mozscreenshots/extension/configurations/Toolbars.jsm                   |  1 -
 caps/tests/unit/test_origin.js                                                                      |  2 --
 chrome/test/unit/test_bug380398.js                                                                  |  1 -
 chrome/test/unit/test_bug397073.js                                                                  |  1 -
 devtools/client/performance/test/browser_perf-gc-snap.js                                            |  1 -
 docshell/test/navigation/browser_bug343515.js                                                       |  1 -
 dom/base/test/unit/test_chromeutils_shallowclone.js                                                 |  1 -
 dom/base/test/unit/test_isequalnode.js                                                              |  3 ---
 dom/base/test/unit/test_nodelist.js                                                                 |  1 -
 dom/base/test/unit/test_normalize.js                                                                |  6 ------
 dom/base/test/unit/test_structuredcloneholder.js                                                    |  4 ----
 dom/base/test/unit/test_xml_serializer.js                                                           |  1 -
 dom/crypto/test/test-vectors.js                                                                     |  1 -
 dom/indexedDB/test/browser_permissionsPromptWorker.js                                               |  1 -
 dom/indexedDB/test/helpers.js                                                                       |  1 -
 dom/indexedDB/test/unit/test_add_put.js                                                             |  1 -
 dom/indexedDB/test/unit/test_autoIncrement.js                                                       |  3 ---
 dom/indexedDB/test/unit/test_create_index_with_integer_keys.js                                      |  1 -
 dom/indexedDB/test/unit/test_deleteDatabase.js                                                      |  1 -
 dom/indexedDB/test/unit/test_multientry.js                                                          |  1 -
 dom/indexedDB/test/unit/xpcshell-head-child-process.js                                              |  1 -
 dom/ipc/remote-test.js                                                                              |  1 -
 dom/ipc/tests/browser_domainPolicy.js                                                               |  1 -
 dom/ipc/tests/test_sharedMap.js                                                                     |  1 -
 dom/media/PeerConnection.jsm                                                                        |  1 -
 dom/notification/NotificationStorage.jsm                                                            |  1 -
 dom/plugins/test/mochitest/browser_pluginscroll.js                                                  |  1 -
 dom/plugins/test/mochitest/hang_test.js                                                             |  1 -
 dom/presentation/provider/PresentationControlService.jsm                                            |  1 -
 dom/presentation/tests/mochitest/PresentationDeviceInfoChromeScript.js                              |  1 -
 dom/presentation/tests/mochitest/PresentationSessionFrameScript.js                                  |  2 --
 dom/presentation/tests/xpcshell/test_presentation_device_manager.js                                 |  1 -
 dom/presentation/tests/xpcshell/test_tcp_control_channel.js                                         |  2 --
 dom/security/test/unit/test_csp_upgrade_insecure_request_header.js                                  |  1 -
 dom/tests/browser/browser_persist_cookies.js                                                        |  1 -
 dom/tests/browser/browser_persist_mixed_content_image.js                                            |  1 -
 dom/tests/browser/browser_test_new_window_from_content.js                                           |  1 -
 dom/tests/browser/helper_largeAllocation.js                                                         |  1 -
 dom/tests/unit/test_geolocation_provider_timeout.js                                                 |  1 -
 dom/tests/unit/test_geolocation_timeout.js                                                          |  1 -
 dom/tests/unit/test_geolocation_timeout_wrap.js                                                     |  1 -
 dom/url/tests/urlApi_worker.js                                                                      |  1 -
 dom/url/tests/urlSearchParams_commons.js                                                            |  1 -
 extensions/pref/autoconfig/src/prefcalls.js                                                         |  1 -
 intl/l10n/DOMLocalization.jsm                                                                       |  1 -
 intl/l10n/Fluent.jsm                                                                                |  2 --
 intl/l10n/FluentSyntax.jsm                                                                          | 22 ----------------------
 intl/l10n/Localization.jsm                                                                          |  1 -
 intl/l10n/test/document_l10n/non-system-principal/browser_resource_uri.js                           |  1 -
 intl/l10n/test/test_l10nregistry.js                                                                 |  9 ---------
 intl/l10n/test/test_l10nregistry_sync.js                                                            |  9 ---------
 js/src/builtin/Date.js                                                                              |  4 ----
 js/src/builtin/Number.js                                                                            |  2 --
 js/src/builtin/Set.js                                                                               |  1 -
 js/src/builtin/Sorting.js                                                                           |  2 --
 mobile/android/chrome/content/CastingApps.js                                                        |  1 -
 mobile/android/chrome/content/Reader.js                                                             |  1 -
 mobile/android/chrome/content/aboutAccounts.js                                                      |  1 -
 mobile/android/chrome/content/content.js                                                            |  1 -
 mobile/android/chrome/geckoview/GeckoViewProgressChild.js                                           |  1 -
 mobile/android/chrome/geckoview/config.js                                                           |  4 ----
 mobile/android/components/BlocklistPrompt.js                                                        |  1 -
 mobile/android/components/ContentPermissionPrompt.js                                                |  1 -
 mobile/android/components/ImageBlockingPolicy.js                                                    |  1 -
 mobile/android/components/LoginManagerPrompter.js                                                   |  1 -
 mobile/android/components/PromptService.js                                                          |  2 --
 mobile/android/components/SessionStore.js                                                           |  1 -
 mobile/android/components/extensions/ext-utils.js                                                   |  1 -
 mobile/android/modules/Sanitizer.jsm                                                                |  1 -
 mobile/android/modules/SelectHelper.jsm                                                             |  1 -
 mobile/android/modules/WebsiteMetadata.jsm                                                          | 10 ----------
 mobile/android/modules/geckoview/GeckoViewProgress.jsm                                              |  1 -
 mobile/android/tests/browser/robocop/robocop_head.js                                                |  1 -
 mobile/android/tests/browser/robocop/testAccessibleCarets.js                                        |  1 -
 modules/libjar/test/unit/test_jarchannel.js                                                         |  4 ----
 netwerk/protocol/http/UserAgentUpdates.jsm                                                          |  1 -
 netwerk/test/httpserver/httpd.js                                                                    | 45 ---------------------------------------------
 netwerk/test/httpserver/test/head_utils.js                                                          |  3 ---
 netwerk/test/httpserver/test/test_async_response_sending.js                                         |  5 -----
 netwerk/test/httpserver/test/test_cern_meta.js                                                      |  1 -
 netwerk/test/httpserver/test/test_default_index_handler.js                                          |  1 -
 netwerk/test/httpserver/test/test_errorhandler_exception.js                                         |  2 --
 netwerk/test/httpserver/test/test_header_array.js                                                   |  1 -
 netwerk/test/httpserver/test/test_headers.js                                                        |  2 --
 netwerk/test/httpserver/test/test_host.js                                                           | 27 ---------------------------
 netwerk/test/httpserver/test/test_name_scheme.js                                                    |  2 --
 netwerk/test/httpserver/test/test_processasync.js                                                   |  2 --
 netwerk/test/httpserver/test/test_qi.js                                                             |  2 --
 netwerk/test/httpserver/test/test_registerdirectory.js                                              |  3 ---
 netwerk/test/httpserver/test/test_request_line_split_in_two_packets.js                              |  3 ---
 netwerk/test/httpserver/test/test_response_write.js                                                 |  1 -
 netwerk/test/httpserver/test/test_seizepower.js                                                     |  3 ---
 netwerk/test/httpserver/test/test_setstatusline.js                                                  | 10 ----------
 netwerk/test/httpserver/test/test_sjs.js                                                            |  7 -------
 netwerk/test/httpserver/test/test_sjs_object_state.js                                               |  2 --
 netwerk/test/httpserver/test/test_sjs_state.js                                                      |  2 --
 netwerk/test/httpserver/test/test_start_stop.js                                                     |  1 -
 parser/xml/test/unit/test_sanitizer.js                                                              |  1 -
 security/manager/pki/resources/content/certViewer.js                                                |  1 -
 security/manager/pki/resources/content/device_manager.js                                            |  1 -
 security/manager/ssl/tests/mochitest/mixedcontent/mixedContentTest.js                               |  1 -
 security/manager/ssl/tests/unit/head_psm.js                                                         |  1 -
 security/manager/ssl/tests/unit/test_cert_blocklist.js                                              |  1 -
 security/manager/ssl/tests/unit/test_cert_eku.js                                                    |  1 -
 security/manager/ssl/tests/unit/test_cert_isBuiltInRoot.js                                          |  1 -
 security/manager/ssl/tests/unit/test_cert_trust.js                                                  |  4 ----
 security/manager/ssl/tests/unit/test_ev_certs.js                                                    |  1 -
 security/manager/ssl/tests/unit/test_intermediate_basic_usage_constraints.js                        |  1 -
 security/manager/ssl/tests/unit/test_intermediate_preloads.js                                       |  2 --
 security/manager/ssl/tests/unit/test_ocsp_caching.js                                                |  1 -
 security/manager/ssl/tests/unit/test_ocsp_stapling_expired.js                                       |  1 -
 security/manager/ssl/tests/unit/test_pinning_dynamic.js                                             |  1 -
 security/manager/ssl/tests/unit/test_signed_apps.js                                                 |  2 --
 security/manager/ssl/tests/unit/test_toolkit_securityreporter.js                                    |  2 --
 security/manager/tools/genRootCAHashes.js                                                           |  2 --
 services/common/hawkrequest.js                                                                      |  1 -
 services/common/kinto-storage-adapter.js                                                            |  1 -
 services/common/observers.js                                                                        |  2 --
 services/common/tests/unit/head_helpers.js                                                          |  1 -
 services/common/tests/unit/test_blocklist_clients.js                                                |  4 ----
 services/common/tests/unit/test_blocklist_signatures.js                                             |  6 ------
 services/common/tests/unit/test_blocklist_targetapp_filter.js                                       |  1 -
 services/common/tests/unit/test_hawkrequest.js                                                      |  2 --
 services/common/tests/unit/test_storage_adapter_shutdown.js                                         |  1 -
 services/common/tests/unit/test_uptake_telemetry.js                                                 |  1 -
 services/common/tests/unit/test_utils_dateprefs.js                                                  |  1 -
 services/common/uptake-telemetry.js                                                                 |  3 ---
 services/common/utils.js                                                                            |  1 -
 services/crypto/modules/WeaveCrypto.js                                                              |  2 --
 services/crypto/modules/jwcrypto.jsm                                                                |  2 --
 services/crypto/modules/utils.js                                                                    |  1 -
 services/crypto/tests/unit/test_crypto_crypt.js                                                     |  2 --
 services/crypto/tests/unit/test_crypto_random.js                                                    |  1 -
 services/crypto/tests/unit/test_utils_hawk.js                                                       |  1 -
 services/fxaccounts/FxAccounts.jsm                                                                  |  1 -
 services/fxaccounts/FxAccountsCommon.js                                                             |  1 -
 services/fxaccounts/tests/xpcshell/test_accounts_device_registration.js                             |  1 -
 services/fxaccounts/tests/xpcshell/test_loginmgr_storage.js                                         |  2 --
 services/fxaccounts/tests/xpcshell/test_oauth_grant_client.js                                       |  4 ----
 services/fxaccounts/tests/xpcshell/test_oauth_token_storage.js                                      |  1 -
 services/fxaccounts/tests/xpcshell/test_push_service.js                                             |  1 -
 services/fxaccounts/tests/xpcshell/test_storage_manager.js                                          |  1 -
 services/fxaccounts/tests/xpcshell/test_web_channel.js                                              |  2 --
 services/settings/RemoteSettingsClient.jsm                                                          |  1 -
 services/settings/RemoteSettingsComponents.jsm                                                      |  1 -
 services/settings/remote-settings.js                                                                |  2 --
 services/settings/test/unit/test_remote_settings.js                                                 |  1 -
 services/settings/test/unit/test_remote_settings_jexl_filters.js                                    |  1 -
 services/settings/test/unit/test_remote_settings_poll.js                                            | 19 -------------------
 services/settings/test/unit/test_remote_settings_worker.js                                          |  2 --
 services/sync/modules-testing/rotaryengine.js                                                       |  1 -
 services/sync/modules/SyncedTabs.jsm                                                                |  1 -
 services/sync/modules/addonutils.js                                                                 |  1 -
 services/sync/modules/collection_validator.js                                                       |  1 -
 services/sync/modules/engines.js                                                                    |  2 --
 services/sync/modules/engines/addons.js                                                             |  1 -
 services/sync/modules/engines/clients.js                                                            |  1 -
 services/sync/modules/engines/forms.js                                                              |  2 --
 services/sync/modules/engines/history.js                                                            |  1 -
 services/sync/modules/engines/passwords.js                                                          |  2 --
 services/sync/modules/engines/prefs.js                                                              |  1 -
 services/sync/modules/engines/tabs.js                                                               |  3 ---
 services/sync/modules/policies.js                                                                   |  2 --
 services/sync/modules/record.js                                                                     |  2 --
 services/sync/modules/stages/declined.js                                                            |  2 --
 services/sync/tests/tps/test_bookmark_conflict.js                                                   |  5 -----
 services/sync/tests/tps/test_bug556509.js                                                           |  1 -
 services/sync/tests/tps/test_formdata.js                                                            |  1 -
 services/sync/tests/unit/head_errorhandler_common.js                                                |  1 -
 services/sync/tests/unit/head_http_server.js                                                        |  1 -
 services/sync/tests/unit/test_addons_store.js                                                       |  1 -
 services/sync/tests/unit/test_bookmark_duping.js                                                    |  2 --
 services/sync/tests/unit/test_bookmark_engine.js                                                    |  1 -
 services/sync/tests/unit/test_bookmark_repair_requestor.js                                          |  1 -
 services/sync/tests/unit/test_bookmark_store.js                                                     |  1 -
 services/sync/tests/unit/test_bookmark_tracker.js                                                   |  4 ----
 services/sync/tests/unit/test_bookmark_validator.js                                                 |  2 --
 services/sync/tests/unit/test_browserid_identity.js                                                 |  3 ---
 services/sync/tests/unit/test_clients_engine.js                                                     |  3 ---
 services/sync/tests/unit/test_errorhandler_1.js                                                     |  1 -
 services/sync/tests/unit/test_form_validator.js                                                     |  1 -
 services/sync/tests/unit/test_forms_tracker.js                                                      |  1 -
 services/sync/tests/unit/test_fxa_node_reassignment.js                                              |  1 -
 services/sync/tests/unit/test_history_engine.js                                                     |  1 -
 services/sync/tests/unit/test_node_reassignment.js                                                  |  1 -
 services/sync/tests/unit/test_password_engine.js                                                    |  1 -
 services/sync/tests/unit/test_password_store.js                                                     |  6 ------
 services/sync/tests/unit/test_password_validator.js                                                 |  2 --
 services/sync/tests/unit/test_postqueue.js                                                          |  2 --
 services/sync/tests/unit/test_records_wbo.js                                                        |  1 -
 services/sync/tests/unit/test_resource.js                                                           |  1 -
 services/sync/tests/unit/test_score_triggers.js                                                     |  1 -
 services/sync/tests/unit/test_service_attributes.js                                                 |  1 -
 services/sync/tests/unit/test_service_detect_upgrade.js                                             |  1 -
 services/sync/tests/unit/test_service_wipeClient.js                                                 |  1 -
 services/sync/tests/unit/test_status.js                                                             |  5 -----
 services/sync/tests/unit/test_syncengine_sync.js                                                    | 16 ----------------
 services/sync/tests/unit/test_syncscheduler.js                                                      |  1 -
 services/sync/tests/unit/test_telemetry.js                                                          |  3 ---
 services/sync/tps/extensions/tps/resource/tps.jsm                                                   |  1 -
 storage/test/unit/head_storage.js                                                                   |  1 -
 storage/test/unit/test_connection_asyncClose.js                                                     |  1 -
 storage/test/unit/test_connection_executeSimpleSQLAsync.js                                          |  1 -
 storage/test/unit/test_storage_connection.js                                                        |  1 -
 storage/test/unit/test_storage_value_array.js                                                       |  1 -
 taskcluster/docker/periodic-updates/scripts/getHSTSPreloadList.js                                   |  1 -
 testing/marionette/accessibility.js                                                                 |  1 -
 testing/marionette/driver.js                                                                        |  1 -
 testing/marionette/sync.js                                                                          |  1 -
 testing/marionette/test/unit/test_action.js                                                         |  3 ---
 testing/marionette/test/unit/test_evaluate.js                                                       |  1 -
 testing/mochitest/BrowserTestUtils/BrowserTestUtils.jsm                                             |  1 -
 testing/mochitest/browser-test.js                                                                   |  1 -
 testing/modules/AppInfo.jsm                                                                         |  1 -
 testing/modules/StructuredLog.jsm                                                                   |  3 ---
 testing/raptor/webext/raptor/runner.js                                                              |  1 -
 testing/specialpowers/content/MozillaLogger.js                                                      |  2 --
 testing/specialpowers/content/SpecialPowersObserver.jsm                                             |  2 --
 testing/specialpowers/content/specialpowersAPI.js                                                   |  2 --
 testing/talos/talos/pageloader/chrome/MozillaFileLogger.js                                          |  1 -
 testing/talos/talos/pageloader/chrome/lh_hero.js                                                    |  1 -
 testing/talos/talos/pageloader/chrome/lh_moz.js                                                     |  1 -
 testing/talos/talos/pageloader/chrome/pageloader.js                                                 |  2 --
 testing/talos/talos/pageloader/chrome/utils.js                                                      |  1 -
 testing/talos/talos/scripts/MozillaFileLogger.js                                                    |  2 --
 testing/talos/talos/startup_test/startup_about_home_paint/addon/api.js                              |  1 -
 testing/talos/talos/tests/devtools/addon/content/tests/webconsole/objectexpand.js                   |  1 -
 testing/talos/talos/tests/devtools/addon/content/tests/webconsole/openwithcache.js                  |  1 -
 testing/talos/talos/tests/tart/addon/content/tart.js                                                |  5 -----
 testing/talos/talos/webextensions/dummy/background.js                                               |  2 --
 toolkit/components/aboutcache/content/aboutCache.js                                                 |  1 -
 toolkit/components/aboutmemory/content/aboutMemory.js                                               |  2 --
 toolkit/components/alerts/resources/content/alert.js                                                |  1 -
 toolkit/components/asyncshutdown/AsyncShutdown.jsm                                                  |  5 -----
 toolkit/components/asyncshutdown/nsAsyncShutdown.jsm                                                |  3 ---
 toolkit/components/asyncshutdown/tests/xpcshell/head.js                                             |  1 -
 toolkit/components/asyncshutdown/tests/xpcshell/test_AsyncShutdown.js                               |  2 --
 toolkit/components/asyncshutdown/tests/xpcshell/test_AsyncShutdown_leave_uncaught.js                |  3 ---
 toolkit/components/autocomplete/tests/unit/test_330578.js                                           |  1 -
 toolkit/components/autocomplete/tests/unit/test_378079.js                                           | 13 -------------
 toolkit/components/autocomplete/tests/unit/test_393191.js                                           | 13 -------------
 toolkit/components/autocomplete/tests/unit/test_440866.js                                           | 13 -------------
 toolkit/components/autocomplete/tests/unit/test_660156.js                                           |  1 -
 toolkit/components/autocomplete/tests/unit/test_autocomplete_multiple.js                            | 11 -----------
 toolkit/components/autocomplete/tests/unit/test_autocomplete_userContextId.js                       |  1 -
 toolkit/components/autocomplete/tests/unit/test_immediate_search.js                                 |  1 -
 toolkit/components/autocomplete/tests/unit/test_previousResult.js                                   |  8 --------
 toolkit/components/autocomplete/tests/unit/test_stopSearch.js                                       |  6 ------
 toolkit/components/cloudstorage/tests/unit/test_cloudstorage.js                                     |  3 ---
 toolkit/components/contentprefs/ContentPrefService2.jsm                                             |  2 --
 toolkit/components/ctypes/tests/unit/test_finalizer.js                                              |  5 -----
 toolkit/components/ctypes/tests/unit/test_finalizer_shouldfail.js                                   |  2 --
 toolkit/components/ctypes/tests/unit/test_jsctypes.js                                               |  1 -
 toolkit/components/downloads/DownloadLegacy.jsm                                                     |  1 -
 toolkit/components/extensions/Extension.jsm                                                         |  4 ----
 toolkit/components/extensions/ExtensionCommon.jsm                                                   |  6 ------
 toolkit/components/extensions/ExtensionParent.jsm                                                   |  3 ---
 toolkit/components/extensions/ExtensionStorage.jsm                                                  |  1 -
 toolkit/components/extensions/ExtensionXPCShellUtils.jsm                                            |  4 ----
 toolkit/components/extensions/PerformanceCounters.jsm                                               |  1 -
 toolkit/components/extensions/Schemas.jsm                                                           |  3 ---
 toolkit/components/extensions/ext-browser-content.js                                                |  2 --
 toolkit/components/extensions/parent/ext-backgroundPage.js                                          |  1 -
 toolkit/components/extensions/parent/ext-downloads.js                                               |  1 -
 toolkit/components/extensions/parent/ext-i18n.js                                                    |  1 -
 toolkit/components/extensions/parent/ext-tabs-base.js                                               |  4 ----
 toolkit/components/extensions/parent/ext-theme.js                                                   |  1 -
 toolkit/components/extensions/test/browser/browser_ext_themes_additional_backgrounds_alignment.js   |  3 ---
 toolkit/components/extensions/test/browser/browser_ext_themes_arrowpanels.js                        |  1 -
 toolkit/components/extensions/test/browser/browser_ext_themes_tab_loading.js                        |  1 -
 toolkit/components/extensions/test/mochitest/head_cookies.js                                        |  1 -
 toolkit/components/extensions/test/xpcshell/head_native_messaging.js                                |  2 --
 toolkit/components/extensions/test/xpcshell/test_WebExtensionPolicy.js                              |  6 ------
 toolkit/components/extensions/test/xpcshell/test_csp_custom_policies.js                             |  2 --
 toolkit/components/extensions/test/xpcshell/test_csp_validator.js                                   |  4 ----
 toolkit/components/extensions/test/xpcshell/test_ext_alarms.js                                      |  2 --
 toolkit/components/extensions/test/xpcshell/test_ext_content_security_policy.js                     |  6 ------
 toolkit/components/extensions/test/xpcshell/test_ext_contentscript_api_injection.js                 |  1 -
 toolkit/components/extensions/test/xpcshell/test_ext_contentscript_triggeringPrincipal.js           |  2 --
 toolkit/components/extensions/test/xpcshell/test_ext_contexts.js                                    |  2 --
 toolkit/components/extensions/test/xpcshell/test_ext_experiments.js                                 |  1 -
 toolkit/components/extensions/test/xpcshell/test_ext_i18n.js                                        |  5 -----
 toolkit/components/extensions/test/xpcshell/test_ext_i18n_css.js                                    |  1 -
 toolkit/components/extensions/test/xpcshell/test_ext_manifest_content_security_policy.js            |  2 --
 toolkit/components/extensions/test/xpcshell/test_ext_manifest_incognito.js                          |  1 -
 toolkit/components/extensions/test/xpcshell/test_ext_manifest_minimum_chrome_version.js             |  1 -
 toolkit/components/extensions/test/xpcshell/test_ext_manifest_minimum_opera_version.js              |  1 -
 toolkit/components/extensions/test/xpcshell/test_ext_native_messaging_perf.js                       |  1 -
 toolkit/components/extensions/test/xpcshell/test_ext_native_messaging_unresponsive.js               |  1 -
 toolkit/components/extensions/test/xpcshell/test_ext_permissions.js                                 |  1 -
 toolkit/components/extensions/test/xpcshell/test_ext_privacy.js                                     |  1 -
 toolkit/components/extensions/test/xpcshell/test_ext_proxy_config.js                                |  1 -
 toolkit/components/extensions/test/xpcshell/test_ext_schemas.js                                     | 16 ----------------
 toolkit/components/extensions/test/xpcshell/test_ext_schemas_revoke.js                              |  1 -
 toolkit/components/extensions/test/xpcshell/test_ext_schemas_roots.js                               |  3 ---
 toolkit/components/extensions/test/xpcshell/test_ext_startup_cache.js                               |  5 -----
 toolkit/components/extensions/test/xpcshell/test_ext_startup_perf.js                                |  1 -
 toolkit/components/extensions/test/xpcshell/test_ext_storage_sync.js                                |  1 -
 toolkit/components/extensions/test/xpcshell/test_ext_webRequest_auth.js                             |  2 --
 toolkit/components/extensions/test/xpcshell/test_ext_webRequest_permission.js                       |  1 -
 toolkit/components/extensions/test/xpcshell/test_ext_webRequest_responseBody.js                     |  1 -
 toolkit/components/extensions/test/xpcshell/test_ext_webRequest_suspend.js                          |  3 ---
 toolkit/components/extensions/test/xpcshell/test_locale_converter.js                                |  7 -------
 toolkit/components/extensions/test/xpcshell/test_locale_data.js                                     |  3 ---
 toolkit/components/extensions/test/xpcshell/test_proxy_incognito.js                                 |  1 -
 toolkit/components/featuregates/test/unit/test_FeatureGate.js                                       |  1 -
 toolkit/components/lz4/tests/xpcshell/data/worker_lz4.js                                            |  1 -
 toolkit/components/lz4/tests/xpcshell/test_lz4.js                                                   |  2 --
 toolkit/components/normandy/actions/PreferenceExperimentAction.jsm                                  |  1 -
 toolkit/components/normandy/content/AboutPages.jsm                                                  |  1 -
 toolkit/components/normandy/lib/ClientEnvironment.jsm                                               |  1 -
 toolkit/components/normandy/test/browser/browser_ClientEnvironment.js                               |  1 -
 toolkit/components/normandy/test/browser/browser_Heartbeat.js                                       |  5 -----
 toolkit/components/normandy/test/browser/browser_PreferenceRollouts.js                              |  1 -
 toolkit/components/normandy/test/browser/browser_actions_ConsoleLogAction.js                        |  1 -
 toolkit/components/osfile/modules/osfile_async_front.jsm                                            | 11 -----------
 toolkit/components/osfile/modules/osfile_shared_allthreads.jsm                                      |  4 ----
 toolkit/components/osfile/modules/osfile_unix_back.jsm                                              |  4 ----
 toolkit/components/osfile/modules/osfile_win_back.jsm                                               |  1 -
 toolkit/components/osfile/modules/osfile_win_front.jsm                                              |  4 ----
 toolkit/components/osfile/modules/ospath_unix.jsm                                                   |  1 -
 toolkit/components/osfile/tests/mochi/worker_test_osfile_unix.js                                    |  1 -
 toolkit/components/osfile/tests/xpcshell/head.js                                                    |  1 -
 toolkit/components/osfile/tests/xpcshell/test_exception.js                                          |  1 -
 toolkit/components/osfile/tests/xpcshell/test_path.js                                               |  1 -
 toolkit/components/osfile/tests/xpcshell/test_read_write.js                                         |  1 -
 toolkit/components/osfile/tests/xpcshell/test_reset.js                                              |  1 -
 toolkit/components/osfile/tests/xpcshell/test_telemetry.js                                          |  1 -
 toolkit/components/passwordmgr/LoginFormFactory.jsm                                                 |  2 --
 toolkit/components/passwordmgr/LoginInfo.jsm                                                        |  1 -
 toolkit/components/passwordmgr/LoginManager.jsm                                                     | 25 -------------------------
 toolkit/components/passwordmgr/LoginManagerContent.jsm                                              |  4 ----
 toolkit/components/passwordmgr/LoginManagerParent.jsm                                               |  2 --
 toolkit/components/passwordmgr/LoginManagerPrompter.jsm                                             | 38 --------------------------------------
 toolkit/components/passwordmgr/LoginRecipes.jsm                                                     |  1 -
 toolkit/components/passwordmgr/crypto-SDR.js                                                        |  8 --------
 toolkit/components/passwordmgr/storage-mozStorage.js                                                | 31 -------------------------------
 toolkit/components/passwordmgr/test/browser/browser_capture_doorhanger.js                           |  1 -
 toolkit/components/passwordmgr/test/browser/browser_capture_doorhanger_window_open.js               |  1 -
 toolkit/components/passwordmgr/test/browser/browser_formless_submit_chrome.js                       |  1 -
 toolkit/components/passwordmgr/test/browser/browser_openPasswordManager.js                          |  1 -
 toolkit/components/passwordmgr/test/browser/browser_passwordmgr_fields.js                           |  1 -
 toolkit/components/passwordmgr/test/browser/head.js                                                 |  1 -
 toolkit/components/passwordmgr/test/mochitest/pwmgr_common.js                                       |  2 --
 toolkit/components/passwordmgr/test/mochitest/pwmgr_common_parent.js                                |  1 -
 toolkit/components/passwordmgr/test/unit/test_OSCrypto_win.js                                       |  1 -
 toolkit/components/passwordmgr/test/unit/test_dedupeLogins.js                                       |  2 --
 toolkit/components/passwordmgr/test/unit/test_getPasswordFields.js                                  |  1 -
 toolkit/components/passwordmgr/test/unit/test_module_LoginImport.js                                 |  1 -
 toolkit/components/passwordmgr/test/unit/test_notifications.js                                      |  1 -
 toolkit/components/passwordmgr/test/unit/test_search_schemeUpgrades.js                              |  1 -
 toolkit/components/passwordmgr/test/unit/test_storage_mozStorage.js                                 |  6 ------
 toolkit/components/places/Bookmarks.jsm                                                             |  2 --
 toolkit/components/places/History.jsm                                                               |  2 --
 toolkit/components/places/PlacesExpiration.jsm                                                      |  1 -
 toolkit/components/places/PlacesRemoteTabsAutocompleteProvider.jsm                                  |  1 -
 toolkit/components/places/PlacesUtils.jsm                                                           |  2 --
 toolkit/components/places/tests/bookmarks/test_384228.js                                            |  1 -
 toolkit/components/places/tests/bookmarks/test_bookmarks_insertTree.js                              |  1 -
 toolkit/components/places/tests/bookmarks/test_bookmarks_moveToFolder.js                            |  1 -
 toolkit/components/places/tests/bookmarks/test_bookmarks_remove.js                                  |  1 -
 toolkit/components/places/tests/bookmarks/test_bookmarks_reorder.js                                 |  1 -
 toolkit/components/places/tests/bookmarks/test_keywords.js                                          |  1 -
 toolkit/components/places/tests/bookmarks/test_nsINavBookmarkObserver.js                            |  1 -
 toolkit/components/places/tests/browser/browser_bug680727.js                                        |  1 -
 toolkit/components/places/tests/expiration/head_expiration.js                                       |  4 ----
 toolkit/components/places/tests/favicons/test_favicons_conversions.js                               |  1 -
 toolkit/components/places/tests/head_common.js                                                      | 11 -----------
 toolkit/components/places/tests/history/test_insertMany.js                                          |  1 -
 toolkit/components/places/tests/history/test_remove.js                                              |  1 -
 toolkit/components/places/tests/history/test_removeByFilter.js                                      |  1 -
 toolkit/components/places/tests/history/test_updatePlaces_embed.js                                  |  1 -
 toolkit/components/places/tests/legacy/test_bookmarks.js                                            |  2 --
 toolkit/components/places/tests/maintenance/test_favicons_replaceOnStartup.js                       |  1 -
 toolkit/components/places/tests/maintenance/test_preventive_maintenance.js                          |  1 -
 toolkit/components/places/tests/migration/test_current_from_v43.js                                  |  1 -
 toolkit/components/places/tests/migration/test_current_from_v47.js                                  |  3 ---
 toolkit/components/places/tests/queries/head_queries.js                                             |  6 ------
 toolkit/components/places/tests/queries/test_async.js                                               |  1 -
 toolkit/components/places/tests/queries/test_excludeQueries.js                                      |  1 -
 toolkit/components/places/tests/queries/test_onlyBookmarked.js                                      |  1 -
 toolkit/components/places/tests/sync/test_sync_utils.js                                             |  3 ---
 toolkit/components/places/tests/unifiedcomplete/autofill_tasks.js                                   |  1 -
 toolkit/components/places/tests/unifiedcomplete/test_avoid_middle_complete.js                       |  1 -
 toolkit/components/places/tests/unifiedcomplete/test_do_not_trim.js                                 |  1 -
 toolkit/components/places/tests/unifiedcomplete/test_search_engine_current.js                       |  1 -
 toolkit/components/places/tests/unit/test_async_transactions.js                                     |  1 -
 toolkit/components/places/tests/unit/test_markpageas.js                                             |  1 -
 toolkit/components/places/tests/unit/test_origins.js                                                | 21 ---------------------
 toolkit/components/places/tests/unit/test_origins_parsing.js                                        |  1 -
 toolkit/components/places/tests/unit/test_resultsAsVisit_details.js                                 |  3 ---
 toolkit/components/places/tests/unit/test_sql_function_origin.js                                    |  2 --
 toolkit/components/places/tests/unit/test_utils_getURLsForContainerNode.js                          |  1 -
 toolkit/components/prompts/src/CommonDialog.jsm                                                     |  3 ---
 toolkit/components/prompts/src/Prompter.jsm                                                         | 23 -----------------------
 toolkit/components/prompts/test/prompt_common.js                                                    |  1 -
 toolkit/components/reader/ReaderMode.jsm                                                            |  1 -
 toolkit/components/reflect/reflect.jsm                                                              |  1 -
 toolkit/components/remotebrowserutils/tests/browser/browser_httpToFileHistory.js                    |  2 --
 toolkit/components/remotepagemanager/RemotePageManagerParent.jsm                                    |  1 -
 toolkit/components/satchel/FormAutoComplete.jsm                                                     |  1 -
 toolkit/components/satchel/FormHistory.jsm                                                          |  2 --
 toolkit/components/satchel/test/browser/browser_popup_mouseover.js                                  |  1 -
 toolkit/components/satchel/test/browser/browser_privbrowsing_perwindowpb.js                         |  1 -
 toolkit/components/satchel/test/satchel_common.js                                                   |  1 -
 toolkit/components/satchel/test/unit/head_satchel.js                                                |  1 -
 toolkit/components/satchel/test/unit/test_db_corrupt.js                                             |  1 -
 toolkit/components/search/SearchService.jsm                                                         |  2 --
 toolkit/components/search/tests/xpcshell/test_addEngine_callback.js                                 |  1 -
 toolkit/components/search/tests/xpcshell/test_hasEngineWithURL.js                                   |  3 ---
 toolkit/components/search/tests/xpcshell/test_list_json_locale.js                                   |  1 -
 toolkit/components/search/tests/xpcshell/test_migrateWebExtensionEngine.js                          |  1 -
 toolkit/components/search/tests/xpcshell/test_nodb_pluschanges.js                                   |  1 -
 toolkit/components/search/tests/xpcshell/test_searchSuggest.js                                      |  3 ---
 toolkit/components/search/tests/xpcshell/test_selectedEngine.js                                     |  1 -
 toolkit/components/securityreporter/SecurityReporter.jsm                                            |  1 -
 toolkit/components/telemetry/app/TelemetrySend.jsm                                                  |  1 -
 toolkit/components/telemetry/tests/unit/test_CoveragePing.js                                        |  1 -
 toolkit/components/telemetry/tests/unit/test_HealthPing.js                                          |  1 -
 toolkit/components/telemetry/tests/unit/test_TelemetryControllerBuildID.js                          |  1 -
 toolkit/components/telemetry/tests/unit/test_TelemetryScalars_multistore.js                         |  1 -
 toolkit/components/telemetry/tests/unit/test_TelemetrySession.js                                    |  1 -
 toolkit/components/telemetry/tests/utils/TelemetryTestUtils.jsm                                     |  1 -
 toolkit/components/terminator/tests/xpcshell/test_terminator_record.js                              |  1 -
 toolkit/components/terminator/tests/xpcshell/test_terminator_reload.js                              |  2 --
 toolkit/components/thumbnails/PageThumbs.jsm                                                        |  3 ---
 toolkit/components/thumbnails/PageThumbsWorker.js                                                   |  2 --
 toolkit/components/tooltiptext/tests/browser_shadow_dom_tooltip.js                                  |  1 -
 toolkit/components/url-classifier/SafeBrowsing.jsm                                                  |  5 -----
 toolkit/components/url-classifier/UrlClassifierListManager.jsm                                      |  1 -
 toolkit/components/url-classifier/tests/browser/classifierHelper.js                                 |  1 -
 toolkit/components/url-classifier/tests/browser/classifierTester.js                                 |  1 -
 toolkit/components/url-classifier/tests/mochitest/head.js                                           |  1 -
 toolkit/components/url-classifier/tests/unit/head_urlclassifier.js                                  |  1 -
 toolkit/components/url-classifier/tests/unit/test_addsub.js                                         |  2 --
 toolkit/components/url-classifier/tests/unit/test_dbservice.js                                      |  2 --
 toolkit/components/url-classifier/tests/unit/test_hashcompleter.js                                  |  1 -
 toolkit/components/url-classifier/tests/unit/test_partial.js                                        |  7 -------
 toolkit/components/url-classifier/tests/unit/test_prefixset.js                                      |  4 ----
 toolkit/components/url-classifier/tests/unit/test_streamupdater.js                                  |  1 -
 toolkit/components/utils/ClientEnvironment.jsm                                                      |  1 -
 toolkit/components/utils/test/browser/browser_JsonSchemaValidator.js                                |  1 -
 toolkit/components/utils/test/unit/test_FilterExpressions.js                                        |  1 -
 toolkit/components/utils/test/unit/test_Sampling.js                                                 |  1 -
 toolkit/components/viewsource/content/viewSource-content.js                                         |  1 -
 toolkit/components/viewsource/test/browser/browser_viewsourceprefs.js                               |  1 -
 toolkit/components/workerloader/require.js                                                          |  3 ---
 toolkit/content/aboutProfiles.js                                                                    |  1 -
 toolkit/content/aboutTelemetry.js                                                                   |  3 ---
 toolkit/content/browser-content.js                                                                  |  1 -
 toolkit/content/globalOverlay.js                                                                    |  1 -
 toolkit/content/tests/browser/browser_block_autoplay_media.js                                       |  1 -
 toolkit/content/tests/browser/browser_block_autoplay_playAfterTabVisible.js                         |  1 -
 toolkit/content/tests/browser/browser_f7_caret_browsing.js                                          |  4 ----
 toolkit/content/tests/browser/browser_saveImageURL.js                                               |  1 -
 toolkit/content/tests/browser/head.js                                                               |  1 -
 toolkit/content/widgets/autocomplete-richlistitem.js                                                |  1 -
 toolkit/content/widgets/browser-custom-element.js                                                   |  1 -
 toolkit/content/widgets/datetimebox.js                                                              |  1 -
 toolkit/crashreporter/test/unit/test_crash_terminator.js                                            |  1 -
 toolkit/crashreporter/test/unit/test_crash_win64cfi_invalid_exception_rva.js                        |  1 -
 toolkit/crashreporter/test/unit/test_crash_win64cfi_not_a_pe.js                                     |  1 -
 toolkit/modules/ActorManagerChild.jsm                                                               |  1 -
 toolkit/modules/AutoCompletePopupContent.jsm                                                        |  1 -
 toolkit/modules/GMPInstallManager.jsm                                                               |  1 -
 toolkit/modules/Geometry.jsm                                                                        |  1 -
 toolkit/modules/HiddenFrame.jsm                                                                     |  2 --
 toolkit/modules/JSONFile.jsm                                                                        |  1 -
 toolkit/modules/Log.jsm                                                                             |  1 -
 toolkit/modules/NewTabUtils.jsm                                                                     |  1 -
 toolkit/modules/PermissionsUtils.jsm                                                                |  2 --
 toolkit/modules/ProfileAge.jsm                                                                      |  1 -
 toolkit/modules/Promise-backend.js                                                                  |  1 -
 toolkit/modules/Troubleshoot.jsm                                                                    |  2 --
 toolkit/modules/WebChannel.jsm                                                                      |  3 ---
 toolkit/modules/ZipUtils.jsm                                                                        |  4 ----
 toolkit/modules/addons/WebRequest.jsm                                                               |  1 -
 toolkit/modules/sessionstore/Utils.jsm                                                              |  2 --
 toolkit/modules/subprocess/subprocess_shared_win.js                                                 |  2 --
 toolkit/modules/subprocess/subprocess_unix.jsm                                                      |  1 -
 toolkit/modules/subprocess/subprocess_worker_win.js                                                 |  1 -
 toolkit/modules/subprocess/test/xpcshell/test_subprocess.js                                         | 49 -------------------------------------------------
 toolkit/modules/subprocess/test/xpcshell/test_subprocess_pathSearch.js                              |  3 ---
 toolkit/modules/tests/browser/browser_Deprecated.js                                                 |  1 -
 toolkit/modules/tests/browser/browser_PromiseMessage.js                                             |  1 -
 toolkit/modules/tests/modules/Task.jsm                                                              |  2 --
 toolkit/modules/tests/xpcshell/test_CanonicalJSON.js                                                |  4 ----
 toolkit/modules/tests/xpcshell/test_EventEmitter.js                                                 |  1 -
 toolkit/modules/tests/xpcshell/test_GMPInstallManager.js                                            |  1 -
 toolkit/modules/tests/xpcshell/test_PermissionsUtils.js                                             |  2 --
 toolkit/modules/tests/xpcshell/test_Promise.js                                                      |  1 -
 toolkit/modules/tests/xpcshell/test_sqlite.js                                                       |  1 -
 toolkit/modules/tests/xpcshell/test_sqlite_shutdown.js                                              |  2 --
 toolkit/modules/tests/xpcshell/test_web_channel.js                                                  |  1 -
 toolkit/modules/tests/xpcshell/test_web_channel_broker.js                                           |  1 -
 toolkit/mozapps/downloads/HelperAppDlg.jsm                                                          |  2 --
 toolkit/mozapps/downloads/tests/unit/test_DownloadUtils.js                                          |  1 -
 toolkit/mozapps/extensions/AddonManager.jsm                                                         |  3 ---
 toolkit/mozapps/extensions/Blocklist.jsm                                                            |  1 -
 toolkit/mozapps/extensions/LightweightThemeManager.jsm                                              |  2 --
 toolkit/mozapps/extensions/amInstallTrigger.jsm                                                     |  2 --
 toolkit/mozapps/extensions/content/extensions.js                                                    |  9 ---------
 toolkit/mozapps/extensions/internal/AddonTestUtils.jsm                                              |  5 -----
 toolkit/mozapps/extensions/internal/Content.js                                                      |  1 -
 toolkit/mozapps/extensions/internal/GMPProvider.jsm                                                 |  2 --
 toolkit/mozapps/extensions/internal/LightweightThemePersister.jsm                                   |  1 -
 toolkit/mozapps/extensions/internal/ProductAddonChecker.jsm                                         |  1 -
 toolkit/mozapps/extensions/internal/XPIDatabase.jsm                                                 |  1 -
 toolkit/mozapps/extensions/internal/XPIInstall.jsm                                                  |  1 -
 toolkit/mozapps/extensions/internal/XPIProvider.jsm                                                 |  3 ---
 toolkit/mozapps/extensions/test/browser/browser_bug562797.js                                        |  2 --
 toolkit/mozapps/extensions/test/browser/browser_bug577990.js                                        |  1 -
 toolkit/mozapps/extensions/test/browser/browser_bug586574.js                                        |  8 --------
 toolkit/mozapps/extensions/test/browser/browser_bug587970.js                                        |  5 -----
 toolkit/mozapps/extensions/test/browser/browser_bug591465.js                                        | 17 -----------------
 toolkit/mozapps/extensions/test/browser/browser_bug591663.js                                        |  1 -
 toolkit/mozapps/extensions/test/browser/browser_details.js                                          |  1 -
 toolkit/mozapps/extensions/test/browser/browser_inlinesettings_browser.js                           |  4 ----
 toolkit/mozapps/extensions/test/browser/browser_langpack_signing.js                                 |  1 -
 toolkit/mozapps/extensions/test/browser/browser_list.js                                             |  1 -
 toolkit/mozapps/extensions/test/browser/browser_manualupdates.js                                    |  6 ------
 toolkit/mozapps/extensions/test/browser/browser_recentupdates.js                                    |  2 --
 toolkit/mozapps/extensions/test/browser/browser_sorting.js                                          |  1 -
 toolkit/mozapps/extensions/test/browser/browser_webapi_addon_listener.js                            |  1 -
 toolkit/mozapps/extensions/test/browser/head.js                                                     |  1 -
 toolkit/mozapps/extensions/test/xpcshell/head_addons.js                                             |  3 ---
 toolkit/mozapps/extensions/test/xpcshell/test_AddonRepository_cache.js                              |  2 --
 toolkit/mozapps/extensions/test/xpcshell/test_XPIStates.js                                          |  1 -
 toolkit/mozapps/extensions/test/xpcshell/test_blocklist_appversion.js                               |  1 -
 toolkit/mozapps/extensions/test/xpcshell/test_blocklist_gfx.js                                      |  4 ----
 toolkit/mozapps/extensions/test/xpcshell/test_blocklist_metadata_filters.js                         |  1 -
 toolkit/mozapps/extensions/test/xpcshell/test_blocklist_osabi.js                                    |  1 -
 toolkit/mozapps/extensions/test/xpcshell/test_blocklist_plugin_outdated.js                          |  1 -
 toolkit/mozapps/extensions/test/xpcshell/test_blocklist_plugin_regexp.js                            |  1 -
 toolkit/mozapps/extensions/test/xpcshell/test_blocklist_plugin_severities.js                        |  1 -
 toolkit/mozapps/extensions/test/xpcshell/test_blocklist_prefs.js                                    |  2 --
 toolkit/mozapps/extensions/test/xpcshell/test_blocklistchange.js                                    |  1 -
 toolkit/mozapps/extensions/test/xpcshell/test_cache_certdb.js                                       |  1 -
 toolkit/mozapps/extensions/test/xpcshell/test_cacheflush.js                                         |  1 -
 toolkit/mozapps/extensions/test/xpcshell/test_compatoverrides.js                                    |  1 -
 toolkit/mozapps/extensions/test/xpcshell/test_corrupt.js                                            |  1 -
 toolkit/mozapps/extensions/test/xpcshell/test_error.js                                              |  1 -
 toolkit/mozapps/extensions/test/xpcshell/test_filepointer.js                                        |  1 -
 toolkit/mozapps/extensions/test/xpcshell/test_gmpProvider.js                                        |  1 -
 toolkit/mozapps/extensions/test/xpcshell/test_install.js                                            |  1 -
 toolkit/mozapps/extensions/test/xpcshell/test_json_updatecheck.js                                   |  8 --------
 toolkit/mozapps/extensions/test/xpcshell/test_no_addons.js                                          |  1 -
 toolkit/mozapps/extensions/test/xpcshell/test_permissions_prefs.js                                  |  1 -
 toolkit/mozapps/extensions/test/xpcshell/test_pref_properties.js                                    |  3 ---
 toolkit/mozapps/extensions/test/xpcshell/test_proxies.js                                            |  3 ---
 toolkit/mozapps/extensions/test/xpcshell/test_reinstall_disabled_addon.js                           |  1 -
 toolkit/mozapps/extensions/test/xpcshell/test_signed_install.js                                     |  1 -
 toolkit/mozapps/extensions/test/xpcshell/test_softblocked.js                                        |  1 -
 toolkit/mozapps/extensions/test/xpcshell/test_strictcompatibility.js                                |  2 --
 toolkit/mozapps/extensions/test/xpcshell/test_undouninstall.js                                      |  2 --
 toolkit/mozapps/extensions/test/xpcshell/test_update_ignorecompat.js                                |  1 -
 toolkit/mozapps/extensions/test/xpcshell/test_update_webextensions.js                               |  8 --------
 toolkit/mozapps/extensions/test/xpcshell/test_upgrade.js                                            |  1 -
 toolkit/mozapps/extensions/test/xpcshell/test_webextension.js                                       |  1 -
 toolkit/mozapps/extensions/test/xpinstall/browser_bug638292.js                                      |  1 -
 toolkit/mozapps/preferences/changemp.js                                                             |  4 ----
 toolkit/mozapps/update/UpdateService.jsm                                                            |  3 ---
 toolkit/mozapps/update/tests/browser/head.js                                                        |  1 -
 toolkit/mozapps/update/tests/data/xpcshellUtilsAUS.js                                               |  3 ---
 toolkit/profile/content/createProfileWizard.js                                                      |  1 -
 toolkit/xre/test/test_launch_without_hang.js                                                        |  8 --------
 tools/profiler/tests/head_profiler.js                                                               |  1 -
 tools/profiler/tests/test_feature_mainthreadio.js                                                   |  1 -
 uriloader/exthandler/tests/mochitest/browser_auto_close_window.js                                   |  1 -
 uriloader/exthandler/tests/unit/test_handlerService.js                                              |  3 ---
 widget/tests/browser/browser_test_procinfo.js                                                       |  1 -
 widget/tests/unit/test_macwebapputils.js                                                            |  1 -
 xpcom/tests/unit/test_storagestream.js                                                              |  1 -
 815 files changed, 1814 deletions(-)
