 accessible/jsat/Traversal.jsm                                                                                 |   2 +-
 accessible/tests/browser/e10s/browser_caching_relations.js                                                    |   8 ++++----
 accessible/tests/browser/e10s/browser_events_textchange.js                                                    |   2 +-
 accessible/tests/browser/e10s/browser_treeupdate_ariadialog.js                                                |   4 ++--
 accessible/tests/browser/e10s/browser_treeupdate_ariaowns.js                                                  |  76 ++++++++++++++++++++++++++++++++++++++--------------------------------------
 accessible/tests/browser/e10s/browser_treeupdate_cssoverflow.js                                               |  22 +++++++++++-----------
 accessible/tests/browser/e10s/browser_treeupdate_doc.js                                                       |  14 +++++++-------
 accessible/tests/browser/e10s/browser_treeupdate_gencontent.js                                                |  12 ++++++------
 accessible/tests/browser/e10s/browser_treeupdate_hidden.js                                                    |   6 +++---
 accessible/tests/browser/e10s/browser_treeupdate_imagemap.js                                                  |  36 ++++++++++++++++++------------------
 accessible/tests/browser/e10s/browser_treeupdate_list.js                                                      |   4 ++--
 accessible/tests/browser/e10s/browser_treeupdate_list_editabledoc.js                                          |   6 +++---
 accessible/tests/browser/e10s/browser_treeupdate_optgroup.js                                                  |  22 +++++++++++-----------
 accessible/tests/browser/e10s/browser_treeupdate_table.js                                                     |  10 +++++-----
 accessible/tests/browser/e10s/browser_treeupdate_textleaf.js                                                  |   2 +-
 accessible/tests/browser/e10s/browser_treeupdate_visibility.js                                                |  10 +++++-----
 accessible/tests/browser/e10s/browser_treeupdate_whitespace.js                                                |   8 ++++----
 accessible/tests/browser/events/browser_test_textcaret.js                                                     |   6 +++---
 accessible/tests/browser/scroll/browser_test_zoom_text.js                                                     |   4 ++--
 accessible/tests/browser/tree/browser_aria_owns.js                                                            |   2 +-
 accessible/tests/mochitest/actions.js                                                                         |   2 +-
 accessible/tests/mochitest/common.js                                                                          |   4 ++--
 accessible/tests/mochitest/editabletext/editabletext.js                                                       |   4 ++--
 accessible/tests/mochitest/events.js                                                                          |  10 +++++-----
 accessible/tests/mochitest/layout.js                                                                          |   4 ++--
 accessible/tests/mochitest/selectable.js                                                                      |   2 +-
 accessible/tests/mochitest/text.js                                                                            |  12 ++++++------
 browser/actors/PluginChild.jsm                                                                                |   4 ++--
 browser/base/content/browser-ctrlTab.js                                                                       |   2 +-
 browser/base/content/browser-places.js                                                                        |   2 +-
 browser/base/content/browser.js                                                                               |   8 ++++----
 browser/base/content/pageinfo/pageInfo.js                                                                     |  14 +++++++-------
 browser/base/content/test/forms/browser_selectpopup.js                                                        |   8 ++++----
 browser/base/content/test/general/browser_bug575561.js                                                        |   2 +-
 browser/base/content/test/general/browser_bug578534.js                                                        |   2 +-
 browser/base/content/test/general/browser_contentAreaClick.js                                                 |  42 +++++++++++++++++++++---------------------
 browser/base/content/test/general/browser_contextmenu_childprocess.js                                         |   2 +-
 browser/base/content/test/general/browser_drag.js                                                             |   4 ++--
 browser/base/content/test/general/browser_gestureSupport.js                                                   |   2 +-
 browser/base/content/test/plugins/browser_CTP_crashreporting.js                                               |   4 ++--
 browser/base/content/test/popups/browser_popupUI.js                                                           |   2 +-
 browser/base/content/test/sanitize/browser_cookiePermission_aboutURL.js                                       |   4 ++--
 browser/base/content/test/sanitize/browser_cookiePermission_subDomains.js                                     |   2 +-
 browser/base/content/test/sanitize/browser_sanitize-offlineData.js                                            |   2 +-
 browser/base/content/test/sanitize/browser_sanitizeDialog.js                                                  |   4 ++--
 browser/base/content/test/sanitize/head.js                                                                    |   2 +-
 browser/base/content/test/siteIdentity/browser_bug822367.js                                                   |   8 ++++----
 browser/base/content/test/siteIdentity/browser_no_mcb_on_http_site.js                                         |   4 ++--
 browser/base/content/test/tabcrashed/head.js                                                                  |   2 +-
 browser/base/content/test/tabs/browser_visibleTabs_contextMenu.js                                             |   2 +-
 browser/base/content/test/trackingUI/browser_trackingUI_cryptominers.js                                       |  14 +++++++-------
 browser/base/content/test/trackingUI/browser_trackingUI_fingerprinters.js                                     |  14 +++++++-------
 browser/base/content/test/webextensions/head.js                                                               |   2 +-
 browser/base/content/test/webrtc/browser_webrtc_hooks.js                                                      |   2 +-
 browser/components/contextualidentity/test/browser/browser_eme.js                                             |   8 ++++----
 browser/components/contextualidentity/test/browser/browser_forgetAPI_EME_forgetThisSite.js                    |   8 ++++----
 browser/components/contextualidentity/test/browser/browser_forgetAPI_cookie_getCookiesWithOriginAttributes.js |   2 +-
 browser/components/contextualidentity/test/browser/browser_forgetAPI_quota_clearStoragesForPrincipal.js       |   2 +-
 browser/components/contextualidentity/test/browser/browser_restore_getCookiesWithOriginAttributes.js          |   2 +-
 browser/components/customizableui/CustomizableUI.jsm                                                          |  28 ++++++++++++++--------------
 browser/components/distribution.js                                                                            |   2 +-
 browser/components/downloads/content/allDownloadsView.js                                                      |   2 +-
 browser/components/downloads/test/browser/browser_iframe_gone_mid_download.js                                 |   2 +-
 browser/components/enterprisepolicies/helpers/BookmarksPolicies.jsm                                           |   2 +-
 browser/components/enterprisepolicies/helpers/ProxyPolicies.jsm                                               |   2 +-
 browser/components/enterprisepolicies/helpers/WebsiteFilter.jsm                                               |   2 +-
 browser/components/migration/tests/unit/head_migration.js                                                     |   2 +-
 browser/components/migration/tests/unit/test_360se_bookmarks.js                                               |   2 +-
 browser/components/migration/tests/unit/test_IE_bookmarks.js                                                  |   4 ++--
 browser/components/migration/tests/unit/test_Safari_bookmarks.js                                              |   2 +-
 browser/components/originattributes/test/browser/head.js                                                      |   6 +++---
 browser/components/places/content/controller.js                                                               |   8 ++++----
 browser/components/places/content/editBookmark.js                                                             |   2 +-
 browser/components/places/tests/browser/browser_bookmarkProperties_no_user_actions.js                         |   2 +-
 browser/components/places/tests/browser/browser_bookmarklet_windowOpen.js                                     |   4 ++--
 browser/components/places/tests/browser/browser_controller_onDrop.js                                          |   2 +-
 browser/components/places/tests/browser/browser_controller_onDrop_sidebar.js                                  |   2 +-
 browser/components/places/tests/browser/browser_controller_onDrop_tagFolder.js                                |   2 +-
 browser/components/places/tests/browser/browser_library_left_pane_select_hierarchy.js                         |   2 +-
 browser/components/places/tests/browser/browser_library_views_liveupdate.js                                   |   2 +-
 browser/components/places/tests/browser/browser_views_liveupdate.js                                           |   2 +-
 browser/components/preferences/in-content/tests/browser_fluent.js                                             |   2 +-
 browser/components/privatebrowsing/test/browser/browser_privatebrowsing_zoomrestore.js                        |   4 ++--
 browser/components/search/test/browser/browser_searchbar_openpopup.js                                         |   2 +-
 browser/components/sessionstore/SessionMigration.jsm                                                          |   2 +-
 browser/components/sessionstore/test/browser_394759_purge.js                                                  |   2 +-
 browser/components/sessionstore/test/browser_491577.js                                                        |   2 +-
 browser/components/sessionstore/test/browser_background_tab_crash.js                                          |   2 +-
 browser/components/sessionstore/test/browser_crashedTabs.js                                                   |   2 +-
 browser/components/sessionstore/test/browser_formdata_format.js                                               |  36 ++++++++++++++++++------------------
 browser/components/sessionstore/test/browser_remoteness_flip_on_restore.js                                    |   2 +-
 browser/components/sessionstore/test/browser_sessionStoreContainer.js                                         |   2 +-
 browser/components/translation/BingTranslator.jsm                                                             |   2 +-
 browser/components/translation/GoogleTranslator.jsm                                                           |   2 +-
 browser/components/translation/TranslationContentHandler.jsm                                                  |   2 +-
 browser/components/translation/TranslationDocument.jsm                                                        |   4 ++--
 browser/components/translation/YandexTranslator.jsm                                                           |   2 +-
 browser/components/uitour/UITour.jsm                                                                          |  18 +++++++++---------
 browser/components/uitour/test/browser_UITour_availableTargets.js                                             |  34 +++++++++++++++++-----------------
 browser/components/urlbar/UrlbarMuxerUnifiedComplete.jsm                                                      |  12 ++++++------
 browser/components/urlbar/UrlbarPrefs.jsm                                                                     |   8 ++++----
 browser/components/urlbar/UrlbarProvidersManager.jsm                                                          |   2 +-
 browser/components/urlbar/UrlbarTokenizer.jsm                                                                 |   2 +-
 browser/components/urlbar/tests/browser/browser_tabMatchesInAwesomebar.js                                     |   2 +-
 browser/components/urlbar/tests/browser/browser_urlbarOneOffs.js                                              |   2 +-
 browser/modules/AboutNewTab.jsm                                                                               |   2 +-
 browser/modules/AsyncTabSwitcher.jsm                                                                          |   2 +-
 browser/modules/ContentClick.jsm                                                                              |   2 +-
 browser/modules/ContentCrashHandlers.jsm                                                                      |   4 ++--
 browser/modules/ContentMetaHandler.jsm                                                                        |   2 +-
 browser/modules/FormValidationHandler.jsm                                                                     |   2 +-
 browser/modules/ProcessHangMonitor.jsm                                                                        |   6 +++---
 browser/modules/ReaderParent.jsm                                                                              |   2 +-
 browser/modules/RemotePrompt.jsm                                                                              |   2 +-
 browser/modules/Sanitizer.jsm                                                                                 |   2 +-
 browser/modules/SitePermissions.jsm                                                                           |  24 ++++++++++++------------
 browser/modules/WindowsPreviewPerTab.jsm                                                                      |   2 +-
 browser/modules/ZoomUI.jsm                                                                                    |   2 +-
 browser/modules/test/browser/browser_SitePermissions_tab_urls.js                                              |   8 ++++----
 browser/modules/test/unit/test_SitePermissions.js                                                             |  16 ++++++++--------
 caps/tests/mochitest/browser_aboutOrigin.js                                                                   |   2 +-
 caps/tests/unit/test_origin.js                                                                                |  38 +++++++++++++++++++-------------------
 chrome/test/unit/test_resolve_uris.js                                                                         |   2 +-
 devtools/client/aboutdebugging-new/src/actions/runtimes.js                                                    |   2 +-
 devtools/client/aboutdebugging-new/test/browser/browser_aboutdebugging_addons_debug_popup.js                  |   2 +-
 devtools/client/aboutdebugging/test/browser_addons_debug_webextension_popup.js                                |   2 +-
 devtools/client/accessibility/components/Accessible.js                                                        |   2 +-
 devtools/client/accessibility/reducers/details.js                                                             |   2 +-
 devtools/client/accessibility/test/browser/browser_accessibility_relation_navigation.js                       |   2 +-
 devtools/client/accessibility/test/browser/browser_accessibility_tree_nagivation.js                           |   2 +-
 devtools/client/framework/devtools-browser.js                                                                 |   2 +-
 devtools/client/framework/devtools.js                                                                         |   2 +-
 devtools/client/framework/gDevTools.jsm                                                                       |   2 +-
 devtools/client/framework/test/browser_toolbox_telemetry_activate_splitconsole.js                             |   2 +-
 devtools/client/framework/test/browser_toolbox_telemetry_enter.js                                             |   2 +-
 devtools/client/framework/test/browser_toolbox_telemetry_exit.js                                              |   2 +-
 devtools/client/inspector/fonts/components/FontEditor.js                                                      |   2 +-
 devtools/client/inspector/grids/components/GridOutline.js                                                     |   2 +-
 devtools/client/inspector/markup/test/helper_diff.js                                                          |   2 +-
 devtools/client/inspector/rules/test/browser_rules_edit-property_01.js                                        |   2 +-
 devtools/client/inspector/test/browser_inspector_search-01.js                                                 |   2 +-
 devtools/client/inspector/test/browser_inspector_sidebarstate.js                                              |   2 +-
 devtools/client/inspector/test/browser_inspector_switch-to-inspector-on-pick.js                               |   2 +-
 devtools/client/memory/components/tree-map/color-coarse-type.js                                               |   2 +-
 devtools/client/memory/test/chrome/head.js                                                                    |   4 ++--
 devtools/client/netmonitor/src/connector/chrome/utils.js                                                      |   2 +-
 devtools/client/netmonitor/test/browser_net_streaming-response.js                                             |   8 ++++----
 devtools/client/performance-new/browser.js                                                                    |   2 +-
 devtools/client/performance/test/browser_perf-tree-view-10.js                                                 |  18 +++++++++---------
 devtools/client/performance/test/unit/test_perf-utils-allocations-to-samples.js                               |  18 +++++++++---------
 devtools/client/performance/test/unit/test_tree-model-10.js                                                   |  18 +++++++++---------
 devtools/client/performance/test/unit/test_tree-model-11.js                                                   |   8 ++++----
 devtools/client/responsive.html/actions/screenshot.js                                                         |   2 +-
 devtools/client/responsive.html/test/browser/browser_device_change.js                                         |   2 +-
 devtools/client/responsive.html/test/browser/browser_device_custom.js                                         |   2 +-
 devtools/client/responsive.html/test/browser/browser_telemetry_activate_rdm.js                                |   2 +-
 devtools/client/responsive.html/test/browser/head.js                                                          |   8 ++++----
 devtools/client/scratchpad/scratchpad.js                                                                      |   6 +++---
 devtools/client/scratchpad/test/browser_scratchpad_contexts.js                                                |   2 +-
 devtools/client/scratchpad/test/browser_scratchpad_run_error_goto_line.js                                     |   2 +-
 devtools/client/shared/components/Frame.js                                                                    |   4 ++--
 devtools/client/shared/components/VirtualizedTree.js                                                          |   2 +-
 devtools/client/shared/sourceeditor/editor.js                                                                 |   4 ++--
 devtools/client/shared/sourceeditor/test/browser_editor_markers.js                                            |   2 +-
 devtools/client/shared/test/browser_telemetry_sidebar.js                                                      |   2 +-
 devtools/client/shared/test/leakhunt.js                                                                       |   2 +-
 devtools/client/storage/test/browser_storage_cookies_samesite.js                                              |   2 +-
 devtools/client/storage/test/browser_storage_delete.js                                                        |   2 +-
 devtools/client/storage/test/browser_storage_delete_usercontextid.js                                          |   2 +-
 devtools/client/storage/test/browser_storage_dynamic_updates_cookies.js                                       |   2 +-
 devtools/client/storage/test/browser_storage_dynamic_updates_localStorage.js                                  |   2 +-
 devtools/client/storage/test/browser_storage_dynamic_updates_sessionStorage.js                                |   2 +-
 devtools/client/storage/ui.js                                                                                 |   4 ++--
 devtools/client/webconsole/components/message-types/NetworkEventMessage.js                                    |   2 +-
 devtools/client/webconsole/test/mochitest/browser_jsterm_ctrl_a_select_all.js                                 |   2 +-
 devtools/client/webconsole/test/mochitest/browser_jsterm_multiline.js                                         |   2 +-
 devtools/client/webconsole/test/mochitest/browser_jsterm_screenshot_command_file.js                           |   2 +-
 devtools/client/webconsole/test/mochitest/browser_webconsole_network_requests_from_chrome.js                  |   2 +-
 devtools/client/webide/content/webide.js                                                                      |   4 ++--
 devtools/server/actors/accessibility/accessible.js                                                            |   4 ++--
 devtools/server/actors/accessibility/contrast.js                                                              |   2 +-
 devtools/server/actors/breakpoint.js                                                                          |   2 +-
 devtools/server/actors/csscoverage.js                                                                         |  14 +++++++-------
 devtools/server/actors/emulation.js                                                                           |   6 +++---
 devtools/server/actors/highlighters/shapes.js                                                                 |  10 +++++-----
 devtools/server/actors/inspector/css-logic.js                                                                 |   4 ++--
 devtools/server/actors/object/property-iterator.js                                                            |   6 +++---
 devtools/server/actors/replay/replay.js                                                                       |   2 +-
 devtools/server/actors/storage.js                                                                             |  18 +++++++++---------
 devtools/server/actors/webconsole.js                                                                          |   2 +-
 devtools/server/actors/worker/service-worker-registration-list.js                                             |   2 +-
 devtools/server/actors/worker/worker-target-actor-list.js                                                     |   2 +-
 devtools/server/socket/websocket-server.js                                                                    |   4 ++--
 devtools/server/tests/browser/browser_accessibility_node.js                                                   |   4 ++--
 devtools/server/tests/browser/browser_accessibility_node_events.js                                            |   4 ++--
 devtools/server/tests/browser/browser_inspector-search.js                                                     |   4 ++--
 devtools/server/tests/browser/browser_memory_allocations_01.js                                                |   2 +-
 devtools/server/tests/mochitest/suspendTimeouts_content.js                                                    |   2 +-
 devtools/server/tests/unit/test_breakpoint-17.js                                                              |   2 +-
 devtools/server/tests/unit/test_breakpoint-22.js                                                              |   2 +-
 devtools/server/tests/unit/test_forwardingprefix.js                                                           |   4 ++--
 devtools/server/tests/unit/test_protocol_children.js                                                          |   2 +-
 devtools/shared/adb/adb-client.js                                                                             |   2 +-
 devtools/shared/adb/commands/list-devices.js                                                                  |   2 +-
 devtools/shared/css/color.js                                                                                  |   6 +++---
 devtools/shared/deprecated-sync-thenables.js                                                                  |   4 ++--
 devtools/shared/heapsnapshot/tests/unit/test_HeapAnalyses_takeCensus_04.js                                    |   4 ++--
 devtools/shared/heapsnapshot/tests/unit/test_census-tree-node-06.js                                           |   6 +++---
 devtools/shared/heapsnapshot/tests/unit/test_getReportLeaves_01.js                                            |   2 +-
 devtools/shared/layout/dom-matrix-2d.js                                                                       |   8 ++++----
 devtools/shared/performance/test/test_perf-utils-allocations-to-samples.js                                    |  18 +++++++++---------
 devtools/shared/screenshot/capture.js                                                                         |   2 +-
 devtools/shared/tests/unit/test_eventemitter_basic.js                                                         |   2 +-
 devtools/shared/tests/unit/test_eventemitter_static.js                                                        |  28 ++++++++++++++--------------
 devtools/shared/worker/tests/browser/browser_worker-01.js                                                     |   2 +-
 docshell/test/chrome/docshell_helpers.js                                                                      |   4 ++--
 docshell/test/unit/test_nsDefaultURIFixup_info.js                                                             |   2 +-
 dom/base/test/unit/test_xml_parser.js                                                                         |  14 +++++++-------
 dom/console/tests/console.jsm                                                                                 |   2 +-
 dom/filesystem/compat/tests/script_entries.js                                                                 |   2 +-
 dom/indexedDB/test/helpers.js                                                                                 |   4 ++--
 dom/indexedDB/test/unit/test_cursor_mutation.js                                                               |   2 +-
 dom/indexedDB/test/unit/test_getAll.js                                                                        |   2 +-
 dom/indexedDB/test/unit/test_invalidate.js                                                                    |   2 +-
 dom/indexedDB/test/unit/test_maximal_serialized_object_size.js                                                |   2 +-
 dom/indexedDB/test/unit/test_overlapping_transactions.js                                                      |   2 +-
 dom/indexedDB/test/unit/test_sandbox.js                                                                       |   2 +-
 dom/media/PeerConnectionIdp.jsm                                                                               |   2 +-
 dom/plugins/test/mochitest/dialog_watcher.js                                                                  |   8 ++++----
 dom/tests/browser/browser_ConsoleStorageAPITests.js                                                           |   2 +-
 dom/tests/browser/browser_autofocus_background.js                                                             |   2 +-
 dom/url/tests/urlSearchParams_commons.js                                                                      |   8 ++++----
 ipc/testshell/tests/test_ipcshell.js                                                                          |   2 +-
 mobile/android/chrome/content/RemoteDebugger.js                                                               |   6 +++---
 mobile/android/chrome/content/aboutLogins.js                                                                  |   4 ++--
 mobile/android/components/BrowserCLH.js                                                                       |   2 +-
 mobile/android/components/FxAccountsPush.js                                                                   |   2 +-
 mobile/android/components/NSSDialogService.js                                                                 |   6 +++---
 mobile/android/components/PromptService.js                                                                    |   6 +++---
 mobile/android/modules/HomeProvider.jsm                                                                       |   2 +-
 mobile/android/modules/WebrtcUI.jsm                                                                           |   2 +-
 modules/libpref/test/unit_ipc/test_user_default_prefs.js                                                      |   2 +-
 netwerk/protocol/http/UserAgentOverrides.jsm                                                                  |   2 +-
 remote/server/WebSocket.jsm                                                                                   |   2 +-
 security/manager/pki/resources/content/pippki.js                                                              |   4 ++--
 security/manager/ssl/X509.jsm                                                                                 |   4 ++--
 security/manager/ssl/tests/unit/head_psm.js                                                                   |   4 ++--
 security/manager/ssl/tests/unit/test_cert_dbKey.js                                                            |  28 ++++++++++++++--------------
 security/manager/ssl/tests/unit/test_cert_keyUsage.js                                                         |  18 +++++++++---------
 security/manager/ssl/tests/unit/test_der.js                                                                   |   8 ++++----
 security/manager/ssl/tests/unit/test_ev_certs.js                                                              |  20 ++++++++++----------
 security/manager/ssl/tests/unit/test_intermediate_basic_usage_constraints.js                                  |   8 ++++----
 security/manager/ssl/tests/unit/test_keysize_ev.js                                                            |  24 ++++++++++++------------
 security/manager/ssl/tests/unit/test_ocsp_caching.js                                                          |   4 ++--
 security/manager/ssl/tests/unit/test_session_resumption.js                                                    |   6 +++---
 security/manager/ssl/tests/unit/test_signed_apps.js                                                           |   8 ++++----
 security/manager/ssl/tests/unit/test_sss_enumerate.js                                                         |   2 +-
 security/manager/ssl/tests/unit/test_sss_savestate.js                                                         |   4 ++--
 security/manager/ssl/tests/unit/test_validity.js                                                              |  16 ++++++++--------
 security/manager/ssl/tests/unit/test_x509.js                                                                  |  10 +++++-----
 security/manager/tools/genHPKPStaticPins.js                                                                   |  10 +++++-----
 services/common/tests/unit/test_logmanager.js                                                                 |   2 +-
 services/sync/tests/tps/test_bookmarks_in_same_named_folder.js                                                |   2 +-
 services/sync/tests/tps/test_bug562515.js                                                                     |   6 +++---
 services/sync/tests/tps/test_sync.js                                                                          |   4 ++--
 services/sync/tests/unit/test_clients_engine.js                                                               |  10 +++++-----
 services/sync/tests/unit/test_httpd_sync_server.js                                                            |   2 +-
 services/sync/tests/unit/test_tab_engine.js                                                                   |   2 +-
 services/sync/tps/extensions/tps/resource/modules/bookmarks.jsm                                               |   2 +-
 taskcluster/docker/periodic-updates/scripts/genHPKPStaticPins.js                                              |  10 +++++-----
 testing/xpcshell/example/unit/check_profile.js                                                                |   2 +-
 testing/xpcshell/example/unit/import_module.jsm                                                               |   2 +-
 testing/xpcshell/head.js                                                                                      |   2 +-
 toolkit/components/autocomplete/tests/unit/test_autocomplete_userContextId.js                                 |   2 +-
 toolkit/components/autocomplete/tests/unit/test_completeDefaultIndex_casing.js                                |   4 ++--
 toolkit/components/autocomplete/tests/unit/test_finalCompleteValue.js                                         |   4 ++--
 toolkit/components/autocomplete/tests/unit/test_finalCompleteValueSelectedIndex.js                            |   2 +-
 toolkit/components/autocomplete/tests/unit/test_finalCompleteValue_defaultIndex.js                            |   2 +-
 toolkit/components/autocomplete/tests/unit/test_finalCompleteValue_forceComplete.js                           |   4 ++--
 toolkit/components/autocomplete/tests/unit/test_finalDefaultCompleteValue.js                                  |   4 ++--
 toolkit/components/contentprefs/ContentPrefService2.jsm                                                       |  20 ++++++++++----------
 toolkit/components/contentprefs/ContentPrefServiceChild.jsm                                                   |   4 ++--
 toolkit/components/contentprefs/ContentPrefServiceParent.jsm                                                  |   6 +++---
 toolkit/components/contentprefs/ContentPrefStore.jsm                                                          |   2 +-
 toolkit/components/crashes/CrashService.jsm                                                                   |   4 ++--
 toolkit/components/crashmonitor/CrashMonitor.jsm                                                              |   2 +-
 toolkit/components/ctypes/ctypes.jsm                                                                          |   2 +-
 toolkit/components/ctypes/tests/unit/test_jsctypes.js                                                         | 114 +++++++++++++++++++++++++++++++++++++++++++++++++++++++++---------------------------------------------------------
 toolkit/components/downloads/test/unit/test_DownloadHistory_initialization.js                                 |   4 ++--
 toolkit/components/narrate/Narrator.jsm                                                                       |   2 +-
 toolkit/components/narrate/test/NarrateTestUtils.jsm                                                          |   2 +-
 toolkit/components/osfile/tests/xpcshell/test_osfile_win_async_setPermissions.js                              |  28 ++++++++++++++--------------
 toolkit/components/passwordmgr/InsecurePasswordUtils.jsm                                                      |   2 +-
 toolkit/components/passwordmgr/LoginManagerParent.jsm                                                         |   2 +-
 toolkit/components/passwordmgr/test/browser/browser_passwordmgr_sort.js                                       |   4 ++--
 toolkit/components/perf/PerfMeasurement.jsm                                                                   |   2 +-
 toolkit/components/places/BookmarkHTMLUtils.jsm                                                               |   4 ++--
 toolkit/components/places/BookmarkJSONUtils.jsm                                                               |   2 +-
 toolkit/components/places/Bookmarks.jsm                                                                       |  58 +++++++++++++++++++++++++++++-----------------------------
 toolkit/components/places/ExtensionSearchHandler.jsm                                                          |   2 +-
 toolkit/components/places/History.jsm                                                                         |   2 +-
 toolkit/components/places/PlacesDBUtils.jsm                                                                   |   4 ++--
 toolkit/components/places/PlacesSearchAutocompleteProvider.jsm                                                |   2 +-
 toolkit/components/places/PlacesSyncUtils.jsm                                                                 |  26 +++++++++++++-------------
 toolkit/components/places/PlacesUtils.jsm                                                                     |   8 ++++----
 toolkit/components/places/UnifiedComplete.jsm                                                                 |   4 ++--
 toolkit/components/places/tests/bookmarks/test_bookmarks_moveToFolder.js                                      |  14 +++++++-------
 toolkit/components/places/tests/bookmarks/test_bookmarks_notifications.js                                     | 130 +++++++++++++++++++++++++++++++++++++++++++++++++++++++++++++++++-----------------------------------------------------------------
 toolkit/components/places/tests/bookmarks/test_bookmarks_reorder.js                                           |  16 ++++++++--------
 toolkit/components/places/tests/bookmarks/test_keywords.js                                                    |  82 +++++++++++++++++++++++++++++++++++++++++-----------------------------------------
 toolkit/components/places/tests/history/test_fetch.js                                                         |   4 ++--
 toolkit/components/places/tests/history/test_removeByFilter.js                                                |   6 +++---
 toolkit/components/places/tests/queries/test_abstime-annotation-uri.js                                        |   4 ++--
 toolkit/components/places/tests/queries/test_history_queries_tags_liveUpdate.js                               |   4 ++--
 toolkit/components/places/tests/queries/test_history_queries_titles_liveUpdate.js                             |   4 ++--
 toolkit/components/places/tests/queries/test_searchterms-uri.js                                               |   4 ++--
 toolkit/components/places/tests/unifiedcomplete/head_autocomplete.js                                          |   8 ++++----
 toolkit/components/places/tests/unifiedcomplete/test_416211.js                                                |   4 ++--
 toolkit/components/places/tests/unifiedcomplete/test_416214.js                                                |  12 ++++++------
 toolkit/components/places/tests/unifiedcomplete/test_417798.js                                                |  14 +++++++-------
 toolkit/components/places/tests/unifiedcomplete/test_418257.js                                                |  20 ++++++++++----------
 toolkit/components/places/tests/unifiedcomplete/test_422277.js                                                |   4 ++--
 toolkit/components/places/tests/unifiedcomplete/test_casing.js                                                |  20 ++++++++++----------
 toolkit/components/places/tests/unifiedcomplete/test_download_embed_bookmarks.js                              |  12 ++++++------
 toolkit/components/places/tests/unifiedcomplete/test_encoded_urls.js                                          |  12 ++++++------
 toolkit/components/places/tests/unifiedcomplete/test_escape_self.js                                           |   4 ++--
 toolkit/components/places/tests/unifiedcomplete/test_ignore_protocol.js                                       |   2 +-
 toolkit/components/places/tests/unifiedcomplete/test_keyword_search.js                                        |  16 ++++++++--------
 toolkit/components/places/tests/unifiedcomplete/test_keyword_search_actions.js                                |  72 ++++++++++++++++++++++++++++++++++++------------------------------------
 toolkit/components/places/tests/unifiedcomplete/test_multi_word_search.js                                     |  16 ++++++++--------
 toolkit/components/places/tests/unifiedcomplete/test_remote_tab_matches.js                                    |  20 ++++++++++----------
 toolkit/components/places/tests/unifiedcomplete/test_search_engine_current.js                                 |   8 ++++----
 toolkit/components/places/tests/unifiedcomplete/test_search_engine_restyle.js                                 |   4 ++--
 toolkit/components/places/tests/unifiedcomplete/test_search_suggestions.js                                    |  36 ++++++++++++++++++------------------
 toolkit/components/places/tests/unifiedcomplete/test_special_search.js                                        | 174 +++++++++++++++++++++++++++++++++++++++++++++++++++++++++++++++++++++++++++++++++++++++---------------------------------------------------------------------------------------
 toolkit/components/places/tests/unifiedcomplete/test_swap_protocol.js                                         |   2 +-
 toolkit/components/places/tests/unifiedcomplete/test_tab_matches.js                                           |  74 +++++++++++++++++++++++++++++++++++++-------------------------------------
 toolkit/components/places/tests/unifiedcomplete/test_visit_url.js                                             |  48 ++++++++++++++++++++++++------------------------
 toolkit/components/places/tests/unifiedcomplete/test_word_boundary_search.js                                  |  36 ++++++++++++++++++------------------
 toolkit/components/places/tests/unit/test_000_frecency.js                                                     |  10 +++++-----
 toolkit/components/places/tests/unit/test_async_transactions.js                                               |  68 ++++++++++++++++++++++++++++++++++----------------------------------
 toolkit/components/places/tests/unit/test_keywords.js                                                         |  44 ++++++++++++++++++++++----------------------
 toolkit/components/places/tests/unit/test_result_sort.js                                                      |   2 +-
 toolkit/components/places/tests/unit/test_tagging.js                                                          |   4 ++--
 toolkit/components/prompts/src/SharedPromptUtils.jsm                                                          |   2 +-
 toolkit/components/prompts/test/prompt_common.js                                                              |   6 +++---
 toolkit/components/reader/AboutReader.jsm                                                                     |   2 +-
 toolkit/components/reader/ReaderMode.jsm                                                                      |  34 +++++++++++++++++-----------------
 toolkit/components/reflect/reflect.jsm                                                                        |   2 +-
 toolkit/components/remotebrowserutils/tests/browser/browser_RemoteWebNavigation.js                            |   6 +++---
 toolkit/components/telemetry/app/TelemetryController.jsm                                                      |   2 +-
 toolkit/components/telemetry/app/TelemetryEnvironment.jsm                                                     |   6 +++---
 toolkit/components/telemetry/app/TelemetrySend.jsm                                                            |   6 +++---
 toolkit/components/telemetry/app/TelemetryStorage.jsm                                                         |   2 +-
 toolkit/components/telemetry/pings/TelemetrySession.jsm                                                       |   2 +-
 toolkit/components/telemetry/tests/unit/head.js                                                               |   4 ++--
 toolkit/components/telemetry/tests/unit/test_SubsessionChaining.js                                            |   2 +-
 toolkit/components/telemetry/tests/unit/test_TelemetryEnvironment.js                                          |   8 ++++----
 toolkit/components/telemetry/tests/unit/test_TelemetryLateWrites.js                                           |  16 ++++++++--------
 toolkit/components/telemetry/tests/unit/test_TelemetryScalars.js                                              |   4 ++--
 toolkit/components/telemetry/tests/unit/test_TelemetrySession.js                                              |   2 +-
 toolkit/components/timermanager/tests/unit/consumerNotifications.js                                           |   4 ++--
 toolkit/components/tooltiptext/tests/browser_bug581947.js                                                     |  18 +++++++++---------
 toolkit/components/url-classifier/tests/mochitest/features.js                                                 |  54 +++++++++++++++++++++++++++---------------------------
 toolkit/components/url-classifier/tests/unit/test_addsub.js                                                   |  84 ++++++++++++++++++++++++++++++++++++++++++------------------------------------------
 toolkit/components/url-classifier/tests/unit/test_dbservice.js                                                |   2 +-
 toolkit/components/url-classifier/tests/unit/test_partial.js                                                  |  46 +++++++++++++++++++++++-----------------------
 toolkit/components/url-classifier/tests/unit/test_streamupdater.js                                            |  34 +++++++++++++++++-----------------
 toolkit/content/aboutSupport.js                                                                               |   2 +-
 toolkit/content/aboutTelemetry.js                                                                             |   4 ++--
 toolkit/content/customElements.js                                                                             |   2 +-
 toolkit/content/tests/browser/browser_crash_previous_frameloader.js                                           |   2 +-
 toolkit/content/tests/chrome/popup_trigger.js                                                                 | 136 ++++++++++++++++++++++++++++++++++++++++++++++++++++++++++++++++++++--------------------------------------------------------------------
 toolkit/content/widgets/datetimebox.js                                                                        |   6 +++---
 toolkit/content/widgets/menu.js                                                                               |   2 +-
 toolkit/content/widgets/tree.js                                                                               |   2 +-
 toolkit/crashreporter/CrashSubmit.jsm                                                                         |   4 ++--
 toolkit/crashreporter/test/browser/browser_clearReports.js                                                    |   6 +++---
 toolkit/modules/BrowserUtils.jsm                                                                              |   2 +-
 toolkit/modules/CharsetMenu.jsm                                                                               |   2 +-
 toolkit/modules/Console.jsm                                                                                   |   6 +++---
 toolkit/modules/Deprecated.jsm                                                                                |   2 +-
 toolkit/modules/FileUtils.jsm                                                                                 |   2 +-
 toolkit/modules/FinderHighlighter.jsm                                                                         |  14 +++++++-------
 toolkit/modules/FinderParent.jsm                                                                              |   8 ++++----
 toolkit/modules/GMPUtils.jsm                                                                                  |   6 +++---
 toolkit/modules/InlineSpellChecker.jsm                                                                        |   4 ++--
 toolkit/modules/InlineSpellCheckerContent.jsm                                                                 |   2 +-
 toolkit/modules/NewTabUtils.jsm                                                                               |   2 +-
 toolkit/modules/PermissionsUtils.jsm                                                                          |   2 +-
 toolkit/modules/ServiceRequest.jsm                                                                            |   2 +-
 toolkit/modules/ZipUtils.jsm                                                                                  |   2 +-
 toolkit/modules/tests/browser/browser_AsyncPrefs.js                                                           |   2 +-
 toolkit/modules/tests/browser/browser_FinderHighlighter.js                                                    |   8 ++++----
 toolkit/modules/tests/xpcshell/test_EventEmitter.js                                                           |   2 +-
 toolkit/modules/tests/xpcshell/test_NewTabUtils.js                                                            |   8 ++++----
 toolkit/modules/tests/xpcshell/test_client_id.js                                                              |   2 +-
 toolkit/mozapps/downloads/DownloadLastDir.jsm                                                                 |   2 +-
 toolkit/mozapps/downloads/DownloadUtils.jsm                                                                   |   2 +-
 toolkit/mozapps/extensions/AddonManager.jsm                                                                   |   6 +++---
 toolkit/mozapps/extensions/Blocklist.jsm                                                                      |   2 +-
 toolkit/mozapps/extensions/internal/AddonRepository.jsm                                                       |   2 +-
 toolkit/mozapps/extensions/internal/AddonSettings.jsm                                                         |   2 +-
 toolkit/mozapps/extensions/internal/AddonUpdateChecker.jsm                                                    |   2 +-
 toolkit/mozapps/extensions/internal/ProductAddonChecker.jsm                                                   |   2 +-
 toolkit/mozapps/extensions/internal/XPIProvider.jsm                                                           |   2 +-
 toolkit/mozapps/extensions/test/browser/browser_legacy.js                                                     |   2 +-
 toolkit/mozapps/extensions/test/xpcshell/test_AddonRepository_paging.js                                       |   2 +-
 toolkit/mozapps/extensions/test/xpcshell/test_crash_annotation_quoting.js                                     |   2 +-
 toolkit/mozapps/extensions/test/xpcshell/test_install.js                                                      |   2 +-
 toolkit/mozapps/extensions/test/xpcshell/test_system_update_checkSizeHash.js                                  |   2 +-
 toolkit/mozapps/extensions/test/xpcshell/test_system_update_newset.js                                         |   2 +-
 toolkit/mozapps/extensions/test/xpcshell/test_system_update_overlapping.js                                    |   2 +-
 toolkit/mozapps/extensions/test/xpcshell/test_system_update_upgrades.js                                       |   2 +-
 toolkit/mozapps/extensions/test/xpcshell/test_webextension_theme.js                                           |  12 ++++++------
 toolkit/mozapps/extensions/test/xpinstall/browser_auth.js                                                     |   2 +-
 toolkit/mozapps/extensions/test/xpinstall/browser_auth2.js                                                    |   2 +-
 toolkit/mozapps/extensions/test/xpinstall/browser_auth4.js                                                    |   2 +-
 toolkit/mozapps/extensions/test/xpinstall/browser_localfile2.js                                               |   2 +-
 toolkit/profile/content/createProfileWizard.js                                                                |   2 +-
 uriloader/exthandler/tests/mochitest/browser_auto_close_window.js                                             |   4 ++--
 421 files changed, 1770 insertions(+), 1770 deletions(-)
