 accessible/tests/mochitest/attributes.js                                                   |  4 ++--
 accessible/tests/mochitest/common.js                                                       |  4 ++--
 accessible/tests/mochitest/events.js                                                       |  8 ++++----
 accessible/tests/mochitest/name.js                                                         |  2 +-
 accessible/tests/mochitest/selectable.js                                                   |  2 +-
 accessible/tests/mochitest/table.js                                                        |  2 +-
 accessible/tests/mochitest/treeview.js                                                     |  6 +++---
 browser/base/content/test/general/browser_page_style_menu.js                               |  2 +-
 browser/components/customizableui/test/browser_996364_registerArea_different_properties.js | 10 +++++-----
 browser/components/enterprisepolicies/content/aboutPolicies.js                             |  8 ++++----
 browser/components/enterprisepolicies/tests/browser/head.js                                |  2 +-
 browser/components/places/content/controller.js                                            |  2 +-
 browser/components/pocket/content/panels/js/saved.js                                       |  2 +-
 browser/components/pocket/content/pktApi.jsm                                               |  2 +-
 devtools/client/application/src/components/Worker.js                                       |  2 +-
 devtools/client/framework/test/head.js                                                     |  2 +-
 devtools/client/inspector/inspector.js                                                     |  2 +-
 devtools/client/inspector/rules/views/rule-editor.js                                       |  2 +-
 devtools/client/netmonitor/src/connector/chrome/utils.js                                   |  2 +-
 devtools/client/netmonitor/test/head.js                                                    |  2 +-
 devtools/client/webconsole/test/fixtures/L10n.js                                           |  2 +-
 devtools/client/webconsole/webconsole-l10n.js                                              |  2 +-
 devtools/server/actors/highlighters/shapes.js                                              |  6 +++---
 devtools/server/main.js                                                                    |  2 +-
 devtools/shared/worker/loader.js                                                           |  2 +-
 mobile/android/modules/ActionBarHandler.jsm                                                |  3 +--
 security/manager/ssl/tests/unit/test_cert_blocklist.js                                     |  2 +-
 security/manager/ssl/tests/unit/test_ev_certs.js                                           |  3 +--
 services/common/tests/unit/test_blocklist_pinning.js                                       |  2 +-
 testing/marionette/driver.js                                                               |  2 +-
 testing/specialpowers/content/specialpowersAPI.js                                          |  3 +--
 testing/talos/talos/scripts/talos-debug.js                                                 |  4 ++--
 testing/xpcshell/head.js                                                                   |  4 ++--
 toolkit/components/ctypes/tests/chrome/xpcshellTestHarnessAdaptor.js                       |  2 +-
 toolkit/components/downloads/DownloadHistory.jsm                                           |  2 +-
 toolkit/components/extensions/ProxyScriptContext.jsm                                       |  4 ++--
 toolkit/components/places/PlacesUtils.jsm                                                  |  2 +-
 toolkit/components/thumbnails/PageThumbUtils.jsm                                           |  4 ++--
 toolkit/components/thumbnails/test/head.js                                                 |  2 +-
 toolkit/content/aboutTelemetry.js                                                          |  4 ++--
 toolkit/content/tests/widgets/popup_shared.js                                              |  2 +-
 toolkit/content/tests/widgets/tree_shared.js                                               |  2 +-
 toolkit/mozapps/extensions/AddonManager.jsm                                                |  2 +-
 toolkit/mozapps/extensions/content/extensions.js                                           |  2 +-
 toolkit/mozapps/extensions/test/browser/head.js                                            |  4 ++--
 toolkit/mozapps/update/tests/browser/head.js                                               |  2 +-
 toolkit/mozapps/update/tests/chrome/utils.js                                               |  4 ++--
 toolkit/mozapps/update/tests/data/shared.js                                                |  6 +++---
 toolkit/mozapps/update/tests/data/xpcshellUtilsAUS.js                                      | 12 ++++++------
 49 files changed, 79 insertions(+), 82 deletions(-)
