 devtools/client/inspector/markup/test/browser_markup_events_jquery_1.0.js                   |  2 +-
 devtools/client/inspector/markup/test/browser_markup_events_jquery_1.1.js                   |  2 +-
 devtools/client/inspector/markup/test/browser_markup_events_jquery_1.11.1.js                |  2 +-
 devtools/client/inspector/markup/test/browser_markup_events_jquery_1.2.js                   |  2 +-
 devtools/client/inspector/markup/test/browser_markup_events_jquery_1.3.js                   |  2 +-
 devtools/client/inspector/markup/test/browser_markup_events_jquery_1.4.js                   |  2 +-
 devtools/client/inspector/markup/test/browser_markup_events_jquery_1.6.js                   |  2 +-
 devtools/client/inspector/markup/test/browser_markup_events_jquery_1.7.js                   |  2 +-
 devtools/client/inspector/markup/test/browser_markup_events_jquery_2.1.1.js                 |  2 +-
 devtools/client/inspector/markup/test/browser_markup_events_react_development_15.4.1.js     |  2 +-
 devtools/client/inspector/markup/test/browser_markup_events_react_development_15.4.1_jsx.js |  2 +-
 devtools/client/inspector/markup/test/browser_markup_events_react_production_15.3.1.js      |  2 +-
 devtools/client/inspector/markup/test/browser_markup_events_react_production_15.3.1_jsx.js  |  2 +-
 devtools/client/inspector/markup/test/browser_markup_events_react_production_16.2.0.js      |  2 +-
 devtools/client/inspector/markup/test/browser_markup_events_react_production_16.2.0_jsx.js  |  2 +-
 devtools/client/inspector/markup/test/browser_markup_image_tooltip_mutations.js             |  2 +-
 devtools/client/inspector/markup/test/browser_markup_tag_edit_07.js                         |  2 +-
 devtools/client/inspector/markup/test/browser_markup_tag_edit_08.js                         |  2 +-
 devtools/client/webconsole/test/mochitest/test-sourcemap-error-01.js                        |  2 +-
 devtools/client/webconsole/test/mochitest/test-sourcemap-error-02.js                        |  2 +-
 devtools/server/actors/replay/control.js                                                    | 38 +++++++++++++++++++-------------------
 devtools/server/actors/replay/debugger.js                                                   | 74 +++++++++++++++++++++++++++++++++++++-------------------------------------
 devtools/server/actors/replay/replay.js                                                     | 32 ++++++++++++++++----------------
 devtools/shared/css/lexer.js                                                                |  2 +-
 devtools/shared/task.js                                                                     | 12 ++++++------
 dom/base/test/chrome/nochrome_bug1346936.js                                                 |  2 +-
 dom/base/test/chrome/nochrome_bug765993.js                                                  |  2 +-
 js/src/builtin/Date.js                                                                      |  2 +-
 js/src/builtin/Number.js                                                                    |  2 +-
 js/src/builtin/Reflect.js                                                                   |  4 ++--
 js/src/builtin/intl/Collator.js                                                             |  2 +-
 js/src/builtin/intl/DateTimeFormat.js                                                       |  2 +-
 js/src/builtin/intl/NumberFormat.js                                                         |  2 +-
 js/src/builtin/intl/PluralRules.js                                                          |  2 +-
 js/src/builtin/intl/RelativeTimeFormat.js                                                   |  2 +-
 35 files changed, 110 insertions(+), 110 deletions(-)
