 accessible/tests/mochitest/text.js                                                             | 2 +-
 browser/base/content/test/general/browser_gestureSupport.js                                    | 2 +-
 browser/base/content/test/trackingUI/head.js                                                   | 4 ++--
 browser/components/customizableui/PanelMultiView.jsm                                           | 2 +-
 browser/components/migration/content/migration.js                                              | 2 +-
 browser/components/urlbar/UrlbarInput.jsm                                                      | 2 +-
 devtools/client/inspector/animation/animation.js                                               | 2 +-
 devtools/client/inspector/markup/test/head.js                                                  | 2 +-
 devtools/client/inspector/test/browser_inspector_highlighter-geometry_06.js                    | 2 +-
 devtools/client/netmonitor/src/har/har-utils.js                                                | 2 +-
 devtools/client/performance/modules/widgets/tree-view.js                                       | 2 +-
 devtools/client/responsive.html/components/ResizableViewport.js                                | 2 +-
 devtools/client/shared/browser-loader-mocks.js                                                 | 2 +-
 devtools/client/shared/inplace-editor.js                                                       | 2 +-
 devtools/client/shared/telemetry.js                                                            | 2 +-
 devtools/client/shared/test/browser_filter-editor-05.js                                        | 6 +++---
 devtools/client/shared/widgets/FilterWidget.js                                                 | 2 +-
 devtools/client/shared/widgets/Graphs.js                                                       | 4 ++--
 devtools/client/shared/widgets/Spectrum.js                                                     | 6 +++---
 devtools/client/webconsole/components/JSTerm.js                                                | 6 +++---
 devtools/client/webconsole/reducers/messages.js                                                | 2 +-
 devtools/server/actors/accessibility/worker.js                                                 | 2 +-
 devtools/server/actors/highlighters/shapes.js                                                  | 2 +-
 devtools/server/actors/webconsole/commands.js                                                  | 2 +-
 devtools/shared/base-loader.js                                                                 | 2 +-
 devtools/shared/css/color.js                                                                   | 8 ++++----
 devtools/shared/css/lexer.js                                                                   | 2 +-
 devtools/shared/inspector/css-logic.js                                                         | 4 ++--
 devtools/shared/webconsole/js-property-provider.js                                             | 2 +-
 dom/asmjscache/test/file_slow.js                                                               | 2 +-
 dom/indexedDB/test/unit/test_maximal_serialized_object_size.js                                 | 2 +-
 dom/url/tests/urlSearchParams_commons.js                                                       | 2 +-
 mobile/android/modules/geckoview/GeckoViewRemoteDebugger.jsm                                   | 2 +-
 modules/libpref/test/unit_ipc/test_large_pref.js                                               | 2 +-
 netwerk/dns/mdns/libmdns/fallback/DataReader.jsm                                               | 2 +-
 netwerk/dns/mdns/libmdns/fallback/DataWriter.jsm                                               | 2 +-
 security/manager/tools/genHPKPStaticPins.js                                                    | 2 +-
 security/manager/tools/genRootCAHashes.js                                                      | 2 +-
 taskcluster/docker/periodic-updates/scripts/genHPKPStaticPins.js                               | 2 +-
 testing/raptor/webext/raptor/measure.js                                                        | 2 +-
 toolkit/components/extensions/ext-browser-content.js                                           | 2 +-
 toolkit/components/osfile/modules/osfile_win_front.jsm                                         | 2 +-
 toolkit/components/places/PlacesUtils.jsm                                                      | 2 +-
 toolkit/components/places/tests/expiration/test_notifications_onDeleteVisits.js                | 2 +-
 toolkit/components/places/tests/queries/test_history_queries_tags_liveUpdate.js                | 2 +-
 toolkit/components/places/tests/queries/test_history_queries_titles_liveUpdate.js              | 2 +-
 toolkit/components/places/tests/queries/test_redirects.js                                      | 2 +-
 toolkit/components/places/tests/queries/test_results-as-visit.js                               | 2 +-
 toolkit/components/places/tests/queries/test_sorting.js                                        | 2 +-
 toolkit/components/places/tests/unit/test_000_frecency.js                                      | 2 +-
 toolkit/components/places/tests/unit/test_telemetry.js                                         | 2 +-
 toolkit/components/satchel/FormAutoComplete.jsm                                                | 2 +-
 toolkit/mozapps/update/tests/data/xpcshellUtilsAUS.js                                          | 2 +-
 toolkit/mozapps/update/tests/unit_base_updater/invalidArgPatchDirPathTraversalFailure.js       | 4 ++--
 toolkit/mozapps/update/tests/unit_service_updater/invalidArgPatchDirPathTraversalFailureSvc.js | 4 ++--
 xpcom/tests/unit/head_xpcom.js                                                                 | 2 +-
 56 files changed, 70 insertions(+), 70 deletions(-)
