 accessible/tests/browser/general/browser_test_doc_creation.js                                                          |  2 +-
 browser/base/content/browser-pageActions.js                                                                            |  2 +-
 browser/base/content/browser-places.js                                                                                 |  2 +-
 browser/base/content/browser-siteIdentity.js                                                                           |  2 +-
 browser/base/content/test/about/browser_aboutCertError_noSubjectAltName.js                                             |  2 +-
 browser/base/content/test/about/head.js                                                                                |  2 +-
 browser/base/content/test/contextMenu/browser_contextmenu_linkopen.js                                                  |  6 +++---
 browser/base/content/test/favicons/browser_favicon_accept.js                                                           |  4 ++--
 browser/base/content/test/favicons/browser_favicon_auth.js                                                             |  4 ++--
 browser/base/content/test/favicons/browser_favicon_cache.js                                                            |  2 +-
 browser/base/content/test/favicons/browser_favicon_load.js                                                             |  2 +-
 browser/base/content/test/favicons/browser_invalid_href_fallback.js                                                    |  4 ++--
 browser/base/content/test/favicons/browser_missing_favicon.js                                                          |  4 ++--
 browser/base/content/test/favicons/browser_mixed_content.js                                                            |  2 +-
 browser/base/content/test/favicons/browser_oversized.js                                                                |  4 ++--
 browser/base/content/test/favicons/browser_redirect.js                                                                 |  2 +-
 browser/base/content/test/favicons/browser_rooticon.js                                                                 |  2 +-
 browser/base/content/test/favicons/browser_title_flicker.js                                                            | 12 ++++++------
 browser/base/content/test/general/browser_bug432599.js                                                                 |  2 +-
 browser/base/content/test/general/browser_contentSearchUI.js                                                           |  2 +-
 browser/base/content/test/general/browser_keywordSearch_postData.js                                                    |  2 +-
 browser/base/content/test/general/browser_star_hsts.js                                                                 |  2 +-
 browser/base/content/test/general/browser_tab_dragdrop2.js                                                             |  2 +-
 browser/base/content/test/general/browser_zbug569342.js                                                                |  2 +-
 browser/base/content/test/metaTags/head.js                                                                             |  2 +-
 browser/base/content/test/pageActions/browser_page_action_menu.js                                                      | 30 +++++++++++++++---------------
 browser/base/content/test/pageActions/browser_page_action_menu_add_search_engine.js                                    | 10 +++++-----
 browser/base/content/test/pageActions/browser_page_action_menu_clipboard.js                                            |  2 +-
 browser/base/content/test/pageActions/browser_page_action_menu_share_mac.js                                            |  6 +++---
 browser/base/content/test/pageActions/browser_page_action_menu_share_win.js                                            |  2 +-
 browser/base/content/test/pageinfo/browser_pageinfo_image_info.js                                                      |  2 +-
 browser/base/content/test/performance/browser_window_resize.js                                                         |  2 +-
 browser/base/content/test/performance/head.js                                                                          |  2 +-
 browser/base/content/test/popups/browser_popup_blocker_identity_block.js                                               |  8 ++++----
 browser/base/content/test/sanitize/SiteDataTestUtils.jsm                                                               |  2 +-
 browser/base/content/test/siteIdentity/browser_bug906190.js                                                            | 14 +++++++-------
 browser/base/content/test/siteIdentity/browser_identityPopup_clearSiteData.js                                          |  2 +-
 browser/base/content/test/siteIdentity/browser_iframe_navigation.js                                                    | 16 ++++++++--------
 browser/base/content/test/siteIdentity/browser_ignore_same_page_navigation.js                                          |  4 ++--
 browser/base/content/test/siteIdentity/browser_navigation_failures.js                                                  |  6 +++---
 browser/base/content/test/siteIdentity/browser_secure_transport_insecure_scheme.js                                     |  6 +++---
 browser/base/content/test/statuspanel/browser_show_statuspanel_idn.js                                                  |  2 +-
 browser/base/content/test/tabs/browser_multiselect_tabs_event.js                                                       | 46 +++++++++++++++++++++++-----------------------
 browser/base/content/test/trackingUI/browser_trackingUI_report_breakage.js                                             |  2 +-
 browser/base/content/test/webextensions/browser_permissions_dismiss.js                                                 |  2 +-
 browser/base/content/test/webextensions/browser_permissions_optional.js                                                |  2 +-
 browser/base/content/test/webextensions/browser_permissions_pointerevent.js                                            |  2 +-
 browser/components/BrowserGlue.jsm                                                                                     | 12 ++++++------
 browser/components/aboutconfig/test/browser/browser_clipboard.js                                                       |  6 +++---
 browser/components/customizableui/CustomizeMode.jsm                                                                    | 12 ++++++------
 browser/components/customizableui/PanelMultiView.jsm                                                                   |  2 +-
 browser/components/customizableui/content/panelUI.js                                                                   |  2 +-
 browser/components/customizableui/test/browser_panelUINotifications_fullscreen_noAutoHideToolbar.js                    |  4 ++--
 browser/components/customizableui/test/browser_synced_tabs_menu.js                                                     |  4 ++--
 browser/components/downloads/DownloadsCommon.jsm                                                                       |  2 +-
 browser/components/downloads/test/browser/browser_library_clearall.js                                                  |  2 +-
 browser/components/enterprisepolicies/Policies.jsm                                                                     | 10 +++++-----
 browser/components/enterprisepolicies/tests/browser/browser_policy_app_update.js                                       |  2 +-
 browser/components/extensions/ExtensionControlledPopup.jsm                                                             |  4 ++--
 browser/components/extensions/child/ext-devtools-panels.js                                                             |  4 ++--
 browser/components/extensions/parent/ext-devtools.js                                                                   |  2 +-
 browser/components/extensions/test/browser/browser_ext_browserAction_context.js                                        |  6 +++---
 browser/components/extensions/test/browser/browser_ext_browserAction_popup.js                                          | 26 +++++++++++++-------------
 browser/components/extensions/test/browser/browser_ext_browsingData_formData.js                                        |  2 +-
 browser/components/extensions/test/browser/browser_ext_browsingData_history.js                                         |  2 +-
 browser/components/extensions/test/browser/browser_ext_browsingData_indexedDB.js                                       |  2 +-
 browser/components/extensions/test/browser/browser_ext_browsingData_pluginData.js                                      |  2 +-
 browser/components/extensions/test/browser/browser_ext_browsingData_serviceWorkers.js                                  |  2 +-
 browser/components/extensions/test/browser/browser_ext_commands_update.js                                              |  6 +++---
 browser/components/extensions/test/browser/browser_ext_connect_and_move_tabs.js                                        |  2 +-
 browser/components/extensions/test/browser/browser_ext_contextMenus.js                                                 |  6 +++---
 browser/components/extensions/test/browser/browser_ext_contextMenus_icons.js                                           |  2 +-
 browser/components/extensions/test/browser/browser_ext_contextMenus_targetUrlPatterns.js                               |  6 +++---
 browser/components/extensions/test/browser/browser_ext_devtools_inspectedWindow.js                                     |  6 +++---
 browser/components/extensions/test/browser/browser_ext_devtools_inspectedWindow_eval_bindings.js                       |  6 +++---
 browser/components/extensions/test/browser/browser_ext_devtools_inspectedWindow_reload.js                              | 12 ++++++------
 browser/components/extensions/test/browser/browser_ext_devtools_panel.js                                               |  4 ++--
 browser/components/extensions/test/browser/browser_ext_devtools_panels_elements.js                                     |  2 +-
 browser/components/extensions/test/browser/browser_ext_history_redirect.js                                             |  4 ++--
 browser/components/extensions/test/browser/browser_ext_management.js                                                   |  4 ++--
 browser/components/extensions/test/browser/browser_ext_menus_activeTab.js                                              |  2 +-
 browser/components/extensions/test/browser/browser_ext_menus_incognito.js                                              |  2 +-
 browser/components/extensions/test/browser/browser_ext_menus_replace_menu_context.js                                   |  4 ++--
 browser/components/extensions/test/browser/browser_ext_menus_targetElement.js                                          | 12 ++++++------
 browser/components/extensions/test/browser/browser_ext_menus_targetElement_shadow.js                                   |  2 +-
 browser/components/extensions/test/browser/browser_ext_openPanel.js                                                    |  2 +-
 browser/components/extensions/test/browser/browser_ext_optionsPage_privileges.js                                       |  2 +-
 browser/components/extensions/test/browser/browser_ext_pageAction_context.js                                           |  2 +-
 browser/components/extensions/test/browser/browser_ext_pageAction_show_matches.js                                      |  6 +++---
 browser/components/extensions/test/browser/browser_ext_pageAction_simple.js                                            |  4 ++--
 browser/components/extensions/test/browser/browser_ext_popup_select.js                                                 |  2 +-
 browser/components/extensions/test/browser/browser_ext_sessions_incognito.js                                           |  2 +-
 browser/components/extensions/test/browser/browser_ext_sidebarAction.js                                                |  2 +-
 browser/components/extensions/test/browser/browser_ext_sidebarAction_context.js                                        |  4 ++--
 browser/components/extensions/test/browser/browser_ext_tabs_create_url.js                                              |  6 +++---
 browser/components/extensions/test/browser/browser_ext_tabs_discarded.js                                               |  6 +++---
 browser/components/extensions/test/browser/browser_ext_tabs_events.js                                                  |  2 +-
 browser/components/extensions/test/browser/browser_ext_tabs_executeScript_good.js                                      |  4 ++--
 browser/components/extensions/test/browser/browser_ext_tabs_hide.js                                                    |  4 ++--
 browser/components/extensions/test/browser/browser_ext_tabs_insertCSS.js                                               |  2 +-
 browser/components/extensions/test/browser/browser_ext_tabs_onHighlighted.js                                           | 24 ++++++++++++------------
 browser/components/extensions/test/browser/browser_ext_tabs_readerMode.js                                              |  4 ++--
 browser/components/extensions/test/browser/browser_ext_tabs_removeCSS.js                                               |  2 +-
 browser/components/extensions/test/browser/browser_ext_tabs_update_highlighted.js                                      | 20 ++++++++++----------
 browser/components/extensions/test/browser/browser_ext_tabs_update_url.js                                              |  4 ++--
 browser/components/extensions/test/browser/browser_ext_tabs_zoom.js                                                    |  4 ++--
 browser/components/extensions/test/browser/browser_ext_user_events.js                                                  |  6 +++---
 browser/components/extensions/test/browser/browser_ext_webNavigation_onCreatedNavigationTarget.js                      |  2 +-
 browser/components/extensions/test/browser/browser_ext_webNavigation_onCreatedNavigationTarget_contextmenu.js          |  2 +-
 browser/components/extensions/test/browser/browser_ext_webNavigation_onCreatedNavigationTarget_named_window.js         |  2 +-
 browser/components/extensions/test/browser/browser_ext_webNavigation_onCreatedNavigationTarget_subframe_window_open.js |  2 +-
 browser/components/extensions/test/browser/browser_ext_webNavigation_onCreatedNavigationTarget_window_open.js          |  2 +-
 browser/components/extensions/test/browser/browser_ext_webNavigation_urlbar_transitions.js                             |  2 +-
 browser/components/extensions/test/browser/browser_ext_windows.js                                                      |  2 +-
 browser/components/extensions/test/browser/browser_ext_windows_create_tabId.js                                         |  6 +++---
 browser/components/extensions/test/browser/head.js                                                                     |  6 +++---
 browser/components/extensions/test/browser/head_browserAction.js                                                       |  2 +-
 browser/components/extensions/test/browser/head_pageAction.js                                                          |  2 +-
 browser/components/extensions/test/xpcshell/test_ext_browsingData_cookies_cache.js                                     |  2 +-
 browser/components/extensions/test/xpcshell/test_ext_browsingData_downloads.js                                         |  2 +-
 browser/components/extensions/test/xpcshell/test_ext_browsingData_passwords.js                                         |  2 +-
 browser/components/extensions/test/xpcshell/test_ext_history.js                                                        |  2 +-
 browser/components/extensions/test/xpcshell/test_ext_settings_overrides_search_mozParam.js                             |  2 +-
 browser/components/migration/360seProfileMigrator.jsm                                                                  |  2 +-
 browser/components/migration/FirefoxProfileMigrator.jsm                                                                |  2 +-
 browser/components/migration/MSMigrationUtils.jsm                                                                      |  2 +-
 browser/components/migration/SafariProfileMigrator.jsm                                                                 |  2 +-
 browser/components/migration/tests/unit/test_Chrome_history.js                                                         |  2 +-
 browser/components/migration/tests/unit/test_IE_history.js                                                             |  2 +-
 browser/components/originattributes/test/browser/browser_postMessage.js                                                |  2 +-
 browser/components/payments/test/PaymentTestUtils.jsm                                                                  | 16 ++++++++--------
 browser/components/payments/test/browser/browser_address_edit.js                                                       | 24 ++++++++++++------------
 browser/components/payments/test/browser/browser_address_edit_hidden_fields.js                                         | 10 +++++-----
 browser/components/payments/test/browser/browser_change_shipping.js                                                    |  4 ++--
 browser/components/payments/test/browser/browser_payerRequestedFields.js                                               |  4 ++--
 browser/components/payments/test/browser/browser_payment_completion.js                                                 |  6 +++---
 browser/components/payments/test/browser/browser_request_shipping.js                                                   |  4 ++--
 browser/components/payments/test/browser/browser_retry.js                                                              |  2 +-
 browser/components/payments/test/browser/browser_retry_fieldErrors.js                                                  |  6 +++---
 browser/components/payments/test/browser/browser_shippingaddresschange_error.js                                        |  2 +-
 browser/components/payments/test/browser/browser_show_dialog.js                                                        | 12 ++++++------
 browser/components/payments/test/browser/browser_tab_modal.js                                                          |  4 ++--
 browser/components/payments/test/browser/browser_total.js                                                              |  4 ++--
 browser/components/payments/test/browser/head.js                                                                       | 14 +++++++-------
 browser/components/places/PlacesUIUtils.jsm                                                                            |  6 +++---
 browser/components/places/content/controller.js                                                                        |  2 +-
 browser/components/places/content/editBookmark.js                                                                      |  2 +-
 browser/components/places/tests/browser/browser_bookmarkMenu_hiddenWindow.js                                           |  2 +-
 browser/components/places/tests/browser/browser_bookmarkProperties_cancel.js                                           |  4 ++--
 browser/components/places/tests/browser/browser_bookmarkProperties_folderSelection.js                                  |  2 +-
 browser/components/places/tests/browser/browser_bookmarkProperties_newFolder.js                                        |  2 +-
 browser/components/places/tests/browser/browser_bookmarkProperties_no_user_actions.js                                  |  2 +-
 browser/components/places/tests/browser/browser_bookmarkProperties_remember_folders.js                                 |  4 ++--
 browser/components/places/tests/browser/browser_bookmark_add_tags.js                                                   |  6 +++---
 browser/components/places/tests/browser/browser_bookmark_backup_export_import.js                                       |  6 +++---
 browser/components/places/tests/browser/browser_bookmark_change_location.js                                            |  2 +-
 browser/components/places/tests/browser/browser_bookmark_folder_moveability.js                                         |  2 +-
 browser/components/places/tests/browser/browser_bookmark_private_window.js                                             |  4 ++--
 browser/components/places/tests/browser/browser_bookmark_remove_tags.js                                                |  4 ++--
 browser/components/places/tests/browser/browser_bookmarksProperties.js                                                 |  4 ++--
 browser/components/places/tests/browser/browser_bookmarks_change_title.js                                              |  4 ++--
 browser/components/places/tests/browser/browser_bug427633_no_newfolder_if_noip.js                                      |  2 +-
 browser/components/places/tests/browser/browser_bug631374_tags_selector_scroll.js                                      |  2 +-
 browser/components/places/tests/browser/browser_check_correct_controllers.js                                           |  2 +-
 browser/components/places/tests/browser/browser_click_bookmarks_on_toolbar.js                                          |  4 ++--
 browser/components/places/tests/browser/browser_controller_onDrop_tagFolder.js                                         |  2 +-
 browser/components/places/tests/browser/browser_copy_query_without_tree.js                                             |  4 ++--
 browser/components/places/tests/browser/browser_drag_bookmarks_on_toolbar.js                                           |  2 +-
 browser/components/places/tests/browser/browser_editBookmark_keywords.js                                               |  2 +-
 browser/components/places/tests/browser/browser_enable_toolbar_sidebar.js                                              |  2 +-
 browser/components/places/tests/browser/browser_library_delete.js                                                      |  2 +-
 browser/components/places/tests/browser/browser_library_downloads.js                                                   |  2 +-
 browser/components/places/tests/browser/browser_library_left_pane_middleclick.js                                       |  2 +-
 browser/components/places/tests/browser/browser_library_middleclick.js                                                 |  2 +-
 browser/components/places/tests/browser/browser_library_new_bookmark.js                                                |  2 +-
 browser/components/places/tests/browser/browser_library_views_liveupdate.js                                            |  2 +-
 browser/components/places/tests/browser/browser_library_warnOnOpen.js                                                  |  2 +-
 browser/components/places/tests/browser/browser_remove_bookmarks.js                                                    |  2 +-
 browser/components/places/tests/browser/browser_sidebar_open_bookmarks.js                                              | 12 ++++++------
 browser/components/places/tests/browser/browser_toolbar_library_open_recent.js                                         |  4 ++--
 browser/components/places/tests/browser/browser_toolbar_overflow.js                                                    |  2 +-
 browser/components/places/tests/browser/browser_views_liveupdate.js                                                    |  2 +-
 browser/components/preferences/fonts.js                                                                                |  2 +-
 browser/components/preferences/in-content/main.js                                                                      |  8 ++++----
 browser/components/preferences/in-content/tests/browser_browser_languages_subdialog.js                                 | 10 +++++-----
 browser/components/preferences/in-content/tests/browser_cookies_exceptions.js                                          | 28 ++++++++++++++--------------
 browser/components/preferences/in-content/tests/browser_extension_controlled.js                                        |  2 +-
 browser/components/preferences/in-content/tests/browser_healthreport.js                                                |  2 +-
 browser/components/preferences/in-content/tests/browser_homepages_use_bookmark.js                                      |  2 +-
 browser/components/preferences/in-content/tests/browser_search_subdialogs_within_preferences_1.js                      |  2 +-
 browser/components/preferences/in-content/tests/browser_sync_pairing.js                                                | 10 +++++-----
 browser/components/preferences/in-content/tests/browser_sync_sanitize.js                                               | 10 +++++-----
 browser/components/preferences/in-content/tests/browser_telemetry.js                                                   |  2 +-
 browser/components/privatebrowsing/test/browser/browser_privatebrowsing_favicon.js                                     |  2 +-
 browser/components/privatebrowsing/test/browser/browser_privatebrowsing_placesTitleNoUpdate.js                         |  4 ++--
 browser/components/privatebrowsing/test/browser/browser_privatebrowsing_placestitle.js                                 |  4 ++--
 browser/components/resistfingerprinting/test/browser/browser_dynamical_window_rounding.js                              |  2 +-
 browser/components/resistfingerprinting/test/browser/browser_spoofing_keyboard_event.js                                |  4 ++--
 browser/components/resistfingerprinting/test/browser/head.js                                                           |  4 ++--
 browser/components/search/test/browser/browser_hiddenOneOffs_cleanup.js                                                |  2 +-
 browser/components/search/test/browser/browser_hiddenOneOffs_diacritics.js                                             |  2 +-
 browser/components/search/test/browser/browser_searchTelemetry.js                                                      |  6 +++---
 browser/components/search/test/browser/head.js                                                                         |  2 +-
 browser/components/sessionstore/test/browser_500328.js                                                                 |  4 ++--
 browser/components/sessionstore/test/browser_frametree.js                                                              | 14 +++++++-------
 browser/components/sessionstore/test/browser_sessionHistory.js                                                         |  2 +-
 browser/components/shell/test/browser_1119088.js                                                                       |  2 +-
 browser/components/shell/test/browser_setDesktopBackgroundPreview.js                                                   |  2 +-
 browser/components/translation/BingTranslator.jsm                                                                      |  4 ++--
 browser/components/translation/TranslationDocument.jsm                                                                 |  2 +-
 browser/components/translation/YandexTranslator.jsm                                                                    |  4 ++--
 browser/components/uitour/UITour.jsm                                                                                   |  4 ++--
 browser/components/uitour/test/browser_UITour.js                                                                       |  2 +-
 browser/components/urlbar/UrlbarProviderOpenTabs.jsm                                                                   |  6 +++---
 browser/components/urlbar/tests/UrlbarTestUtils.jsm                                                                    |  2 +-
 browser/components/urlbar/tests/browser/browser_UrlbarInput_unit.js                                                    |  2 +-
 browser/components/urlbar/tests/browser/browser_UrlbarLoadRace.js                                                      |  2 +-
 browser/components/urlbar/tests/browser/browser_canonizeURL.js                                                         |  2 +-
 browser/components/urlbar/tests/browser/browser_keepStateAcrossTabSwitches.js                                          |  4 ++--
 browser/components/urlbar/tests/browser/browser_locationBarExternalLoad.js                                             |  2 +-
 browser/components/urlbar/tests/browser/browser_remotetab.js                                                           |  2 +-
 browser/components/urlbar/tests/browser/browser_search_favicon.js                                                      |  2 +-
 browser/components/urlbar/tests/browser/browser_switchTab_closesUrlbarPopup.js                                         |  2 +-
 browser/components/urlbar/tests/browser/browser_urlbarEnterAfterMouseOver.js                                           |  2 +-
 browser/components/urlbar/tests/browser/browser_urlbarOneOffs_contextMenu.js                                           |  2 +-
 browser/components/urlbar/tests/browser/browser_urlbarOneOffs_searchSuggestions.js                                     | 16 ++++++++--------
 browser/components/urlbar/tests/browser/browser_urlbarOneOffs_settings.js                                              |  2 +-
 browser/components/urlbar/tests/browser/browser_urlbarPlaceholder.js                                                   |  2 +-
 browser/components/urlbar/tests/browser/browser_urlbarStopSearchOnSelection.js                                         |  2 +-
 browser/components/urlbar/tests/browser/browser_urlbar_speculative_connect.js                                          |  2 +-
 browser/components/urlbar/tests/unit/test_providersManager.js                                                          |  2 +-
 browser/extensions/formautofill/FormAutofillParent.jsm                                                                 |  6 +++---
 browser/extensions/formautofill/FormAutofillStorage.jsm                                                                |  2 +-
 browser/extensions/formautofill/OSKeyStore.jsm                                                                         |  2 +-
 browser/extensions/formautofill/test/browser/head.js                                                                   |  2 +-
 browser/extensions/formautofill/test/mochitest/formautofill_common.js                                                  |  2 +-
 browser/extensions/formautofill/test/mochitest/formautofill_parent_utils.js                                            |  6 +++---
 browser/extensions/formautofill/test/unit/test_autofillFormFields.js                                                   |  2 +-
 browser/extensions/formautofill/test/unit/test_storage_syncfields.js                                                   | 18 +++++++++---------
 browser/extensions/webcompat/background.js                                                                             |  2 +-
 browser/modules/ContentSearch.jsm                                                                                      |  2 +-
 browser/modules/test/browser/browser_ContentSearch.js                                                                  |  2 +-
 browser/modules/test/browser/browser_PageActions.js                                                                    |  2 +-
 browser/modules/test/browser/browser_UsageTelemetry_uniqueOriginsVisitedInPast24Hours.js                               |  2 +-
 browser/modules/test/unit/test_LiveBookmarkMigrator.js                                                                 |  2 +-
 browser/tools/mozscreenshots/head.js                                                                                   |  2 +-
 browser/tools/mozscreenshots/mozscreenshots/extension/configurations/Buttons.jsm                                       |  8 ++++----
 browser/tools/mozscreenshots/mozscreenshots/extension/configurations/Preferences.jsm                                   |  2 +-
 caps/tests/mochitest/browser_aboutOrigin.js                                                                            |  2 +-
 devtools/client/aboutdebugging-new/src/actions/debug-targets.js                                                        | 20 ++++++++++----------
 devtools/client/aboutdebugging-new/src/actions/runtimes.js                                                             | 16 ++++++++--------
 devtools/client/aboutdebugging-new/src/actions/ui.js                                                                   |  8 ++++----
 devtools/client/aboutdebugging-new/test/browser/browser_aboutdebugging_addons_debug_nobg.js                            |  2 +-
 devtools/client/aboutdebugging-new/test/browser/browser_aboutdebugging_addons_debug_popup.js                           |  2 +-
 devtools/client/aboutdebugging-new/test/browser/browser_aboutdebugging_serviceworker_multie10s.js                      |  8 ++++----
 devtools/client/aboutdebugging-new/test/browser/helper-adb.js                                                          |  4 ++--
 devtools/client/aboutdebugging-new/test/browser/helper-addons.js                                                       |  2 +-
 devtools/client/aboutdebugging-new/test/browser/helper-serviceworker.js                                                |  2 +-
 devtools/client/aboutdebugging/test/browser_addons_debug_webextension_nobg.js                                          |  2 +-
 devtools/client/aboutdebugging/test/browser_addons_debug_webextension_popup.js                                         |  2 +-
 devtools/client/aboutdebugging/test/head.js                                                                            |  2 +-
 devtools/client/accessibility/test/browser/browser_accessibility_mutations.js                                          |  6 +++---
 devtools/client/accessibility/test/browser/browser_accessibility_relation_navigation.js                                |  6 +++---
 devtools/client/accessibility/test/browser/browser_accessibility_reload.js                                             |  6 +++---
 devtools/client/accessibility/test/browser/browser_accessibility_sidebar.js                                            |  4 ++--
 devtools/client/accessibility/test/browser/browser_accessibility_sidebar_checks.js                                     |  4 ++--
 devtools/client/accessibility/test/browser/browser_accessibility_tree.js                                               |  4 ++--
 devtools/client/accessibility/test/browser/browser_accessibility_tree_nagivation.js                                    |  8 ++++----
 devtools/client/accessibility/test/browser/head.js                                                                     |  2 +-
 devtools/client/framework/components/ToolboxToolbar.js                                                                 |  2 +-
 devtools/client/framework/source-map-url-service.js                                                                    |  2 +-
 devtools/client/framework/test/browser_new_activation_workflow.js                                                      |  2 +-
 devtools/client/framework/test/browser_toolbox_options_disable_buttons.js                                              |  4 ++--
 devtools/client/framework/test/browser_toolbox_raise.js                                                                |  2 +-
 devtools/client/framework/test/browser_toolbox_toolbar_reorder_with_extension.js                                       |  2 +-
 devtools/client/framework/test/browser_toolbox_toolbar_reorder_with_hidden_extension.js                                |  2 +-
 devtools/client/framework/test/browser_toolbox_tools_per_toolbox_registration.js                                       |  2 +-
 devtools/client/framework/test/browser_toolbox_window_title_changes.js                                                 |  4 ++--
 devtools/client/framework/test/browser_two_tabs.js                                                                     |  2 +-
 devtools/client/framework/toolbox.js                                                                                   |  2 +-
 devtools/client/inspector/extensions/extension-sidebar.js                                                              |  4 ++--
 devtools/client/inspector/markup/test/helper_diff.js                                                                   | 28 ++++++++++++++--------------
 devtools/client/inspector/rules/models/element-style.js                                                                |  2 +-
 devtools/client/inspector/rules/new-rules.js                                                                           |  6 +++---
 devtools/client/jsonview/test/browser_json_refresh.js                                                                  |  4 ++--
 devtools/client/netmonitor/src/connector/firefox-data-provider.js                                                      |  2 +-
 devtools/client/netmonitor/src/har/test/browser_net_har_import.js                                                      |  4 ++--
 devtools/client/netmonitor/test/browser_net_background_update.js                                                       |  2 +-
 devtools/client/netmonitor/test/browser_net_columns_time.js                                                            |  2 +-
 devtools/client/netmonitor/test/browser_net_simple-request-data.js                                                     | 20 ++++++++++----------
 devtools/client/netmonitor/test/browser_net_status-bar-transferred-size.js                                             |  2 +-
 devtools/client/netmonitor/test/browser_net_status-bar.js                                                              |  2 +-
 devtools/client/performance-new/store/actions.js                                                                       |  4 ++--
 devtools/client/performance-new/test/chrome/head.js                                                                    |  2 +-
 devtools/client/performance/modules/widgets/graphs.js                                                                  |  2 +-
 devtools/client/performance/test/browser_perf-marker-details.js                                                        |  8 ++++----
 devtools/client/performance/test/browser_perf-recordings-io-01.js                                                      |  2 +-
 devtools/client/performance/test/browser_perf-recordings-io-02.js                                                      |  2 +-
 devtools/client/performance/test/browser_perf-recordings-io-03.js                                                      |  2 +-
 devtools/client/performance/test/browser_perf-recordings-io-04.js                                                      |  6 +++---
 devtools/client/performance/test/browser_perf-recordings-io-05.js                                                      |  2 +-
 devtools/client/performance/test/browser_perf-recordings-io-06.js                                                      |  6 +++---
 devtools/client/responsive.html/test/browser/browser_ext_messaging.js                                                  |  2 +-
 devtools/client/responsive.html/test/browser/head.js                                                                   |  2 +-
 devtools/client/scratchpad/scratchpad.js                                                                               |  4 ++--
 devtools/client/shared/test/browser_dbg_debugger-statement.js                                                          |  4 ++--
 devtools/client/shared/test/browser_dbg_navigation.js                                                                  |  2 +-
 devtools/client/styleeditor/StyleEditorUI.jsm                                                                          |  2 +-
 devtools/client/webconsole/browser-console.js                                                                          |  2 +-
 devtools/client/webconsole/hudservice.js                                                                               |  2 +-
 devtools/client/webconsole/test/components/webconsole-wrapper.test.js                                                  |  8 ++++----
 devtools/client/webconsole/test/fixtures/stub-generators/head.js                                                       |  2 +-
 devtools/client/webconsole/test/mochitest/test-message-categories-canvas-css.js                                        |  2 +-
 devtools/client/webconsole/test/mochitest/test-message-categories-empty-getelementbyid.js                              |  2 +-
 devtools/client/webconsole/webconsole-wrapper.js                                                                       |  4 ++--
 devtools/client/webconsole/webconsole.js                                                                               |  2 +-
 devtools/server/actors/webconsole/utils.js                                                                             |  2 +-
 devtools/server/tests/browser/browser_dbg_promises-fulfillment-stack.js                                                |  2 +-
 devtools/server/tests/browser/browser_dbg_promises-rejection-stack.js                                                  |  2 +-
 devtools/server/tests/browser/browser_register_actor.js                                                                |  2 +-
 devtools/server/tests/unit/head_dbg.js                                                                                 | 10 +++++-----
 devtools/server/tests/unit/test_MemoryActor_saveHeapSnapshot_01.js                                                     |  2 +-
 devtools/server/tests/unit/test_MemoryActor_saveHeapSnapshot_02.js                                                     |  2 +-
 devtools/server/tests/unit/test_MemoryActor_saveHeapSnapshot_03.js                                                     |  2 +-
 devtools/server/tests/unit/test_addon_events.js                                                                        |  2 +-
 devtools/server/tests/unit/test_blackboxing-01.js                                                                      |  2 +-
 devtools/server/tests/unit/test_breakpoint-01.js                                                                       |  4 ++--
 devtools/server/tests/unit/test_breakpoint-17.js                                                                       |  2 +-
 devtools/server/tests/unit/test_breakpoint-18.js                                                                       |  2 +-
 devtools/server/tests/unit/test_breakpoint-19.js                                                                       |  2 +-
 devtools/server/tests/unit/test_breakpoint-21.js                                                                       | 14 +++++++-------
 devtools/server/tests/unit/test_breakpoint-22.js                                                                       |  2 +-
 devtools/server/tests/unit/test_dbgactor.js                                                                            |  2 +-
 devtools/server/tests/unit/test_dbgclient_debuggerstatement.js                                                         |  2 +-
 devtools/server/tests/unit/test_framebindings-01.js                                                                    |  2 +-
 devtools/server/tests/unit/test_framebindings-02.js                                                                    |  2 +-
 devtools/server/tests/unit/test_ignore_caught_exceptions.js                                                            |  2 +-
 devtools/server/tests/unit/test_ignore_no_interface_exceptions.js                                                      |  2 +-
 devtools/server/tests/unit/test_interrupt.js                                                                           |  2 +-
 devtools/server/tests/unit/test_new_source-02.js                                                                       |  2 +-
 devtools/server/tests/unit/test_objectgrips-01.js                                                                      |  2 +-
 devtools/server/tests/unit/test_objectgrips-02.js                                                                      |  2 +-
 devtools/server/tests/unit/test_objectgrips-03.js                                                                      |  2 +-
 devtools/server/tests/unit/test_objectgrips-04.js                                                                      |  2 +-
 devtools/server/tests/unit/test_objectgrips-05.js                                                                      |  2 +-
 devtools/server/tests/unit/test_objectgrips-06.js                                                                      |  2 +-
 devtools/server/tests/unit/test_objectgrips-07.js                                                                      |  2 +-
 devtools/server/tests/unit/test_objectgrips-08.js                                                                      |  2 +-
 devtools/server/tests/unit/test_objectgrips-10.js                                                                      | 10 +++++-----
 devtools/server/tests/unit/test_objectgrips-16.js                                                                      |  2 +-
 devtools/server/tests/unit/test_objectgrips-18.js                                                                      |  2 +-
 devtools/server/tests/unit/test_objectgrips-19.js                                                                      |  2 +-
 devtools/server/tests/unit/test_objectgrips-20.js                                                                      |  4 ++--
 devtools/server/tests/unit/test_objectgrips-22.js                                                                      |  2 +-
 devtools/server/tests/unit/test_objectgrips-array-like-object.js                                                       |  2 +-
 devtools/server/tests/unit/test_objectgrips-fn-apply-01.js                                                             |  4 ++--
 devtools/server/tests/unit/test_objectgrips-fn-apply-02.js                                                             |  4 ++--
 devtools/server/tests/unit/test_objectgrips-fn-apply-03.js                                                             |  4 ++--
 devtools/server/tests/unit/test_objectgrips-property-value-01.js                                                       |  4 ++--
 devtools/server/tests/unit/test_objectgrips-property-value-02.js                                                       |  4 ++--
 devtools/server/tests/unit/test_objectgrips-property-value-03.js                                                       |  4 ++--
 devtools/server/tests/unit/test_pause_exceptions-01.js                                                                 |  2 +-
 devtools/server/tests/unit/test_pause_exceptions-02.js                                                                 |  2 +-
 devtools/server/tests/unit/test_pause_exceptions-03.js                                                                 |  2 +-
 devtools/server/tests/unit/test_promise_state-01.js                                                                    |  2 +-
 devtools/server/tests/unit/test_reattach-thread.js                                                                     |  2 +-
 devtools/server/tests/unit/test_setBreakpoint-at-the-beginning-of-a-line.js                                            |  2 +-
 devtools/server/tests/unit/test_setBreakpoint-at-the-beginning-of-a-minified-fn.js                                     |  2 +-
 devtools/server/tests/unit/test_setBreakpoint-at-the-end-of-a-line.js                                                  |  2 +-
 devtools/server/tests/unit/test_setBreakpoint-at-the-end-of-a-minified-fn.js                                           |  2 +-
 devtools/server/tests/unit/test_setBreakpoint-on-column-in-gcd-script.js                                               |  2 +-
 devtools/server/tests/unit/test_setBreakpoint-on-column.js                                                             |  2 +-
 devtools/server/tests/unit/test_setBreakpoint-on-line-in-gcd-script.js                                                 |  2 +-
 devtools/server/tests/unit/test_setBreakpoint-on-line-with-multiple-offsets.js                                         |  2 +-
 devtools/server/tests/unit/test_setBreakpoint-on-line-with-multiple-statements.js                                      |  2 +-
 devtools/server/tests/unit/test_setBreakpoint-on-line-with-no-offsets-in-gcd-script.js                                 |  2 +-
 devtools/server/tests/unit/test_setBreakpoint-on-line-with-no-offsets.js                                               |  2 +-
 devtools/server/tests/unit/test_setBreakpoint-on-line.js                                                               |  2 +-
 devtools/server/tests/unit/test_source-03.js                                                                           |  2 +-
 devtools/server/tests/unit/test_source-04.js                                                                           |  2 +-
 devtools/server/tests/unit/test_stepping-02.js                                                                         |  2 +-
 devtools/server/tests/unit/test_stepping-03.js                                                                         |  2 +-
 devtools/server/tests/unit/test_stepping-04.js                                                                         |  2 +-
 devtools/server/tests/unit/test_stepping-05.js                                                                         |  2 +-
 devtools/server/tests/unit/test_stepping-07.js                                                                         |  2 +-
 devtools/server/tests/unit/test_stepping-08.js                                                                         |  2 +-
 devtools/server/tests/unit/test_stepping-09.js                                                                         |  2 +-
 devtools/server/tests/unit/test_stepping-10.js                                                                         |  2 +-
 devtools/server/tests/unit/test_stepping-with-skip-breakpoints.js                                                      |  2 +-
 devtools/server/tests/unit/test_symbols-01.js                                                                          |  2 +-
 devtools/server/tests/unit/test_symbols-02.js                                                                          |  2 +-
 devtools/shared/adb/adb-process.js                                                                                     |  2 +-
 devtools/shared/deprecated-sync-thenables.js                                                                           |  8 ++++----
 devtools/shared/fronts/targets/addon.js                                                                                |  2 +-
 devtools/shared/fronts/targets/browsing-context.js                                                                     |  2 +-
 devtools/shared/fronts/targets/target-mixin.js                                                                         |  4 ++--
 devtools/shared/fronts/targets/worker.js                                                                               |  2 +-
 devtools/shared/fronts/webconsole.js                                                                                   |  2 +-
 devtools/shared/heapsnapshot/tests/unit/test_ReadHeapSnapshot_worker.js                                                |  2 +-
 devtools/shared/security/auth.js                                                                                       |  2 +-
 devtools/shared/tests/unit/test_debugger_client.js                                                                     |  2 +-
 devtools/startup/aboutdevtools/subscribe.js                                                                            |  2 +-
 dom/manifest/Manifest.jsm                                                                                              |  2 +-
 dom/media/PeerConnection.jsm                                                                                           | 20 ++++++++++----------
 dom/plugins/test/mochitest/browser_tabswitchbetweenplugins.js                                                          |  2 +-
 dom/tests/browser/browser_noopener_null_uri.js                                                                         |  2 +-
 dom/tests/browser/browser_persist_cookies.js                                                                           |  2 +-
 dom/tests/browser/browser_persist_mixed_content_image.js                                                               |  4 ++--
 dom/tests/browser/browser_wakelock.js                                                                                  |  2 +-
 intl/l10n/test/document_l10n/non-system-principal/browser_resource_uri.js                                              |  4 ++--
 mobile/android/chrome/content/aboutAddons.js                                                                           |  2 +-
 mobile/android/components/HelperAppDialog.js                                                                           |  4 ++--
 mobile/android/components/extensions/test/mochitest/head.js                                                            |  2 +-
 mobile/android/extensions/report-site-issue/background.js                                                              |  2 +-
 mobile/android/extensions/webcompat/background.js                                                                      |  2 +-
 mobile/android/modules/Sanitizer.jsm                                                                                   |  2 +-
 security/manager/ssl/RemoteSecuritySettings.jsm                                                                        |  4 ++--
 security/manager/ssl/tests/mochitest/browser/browser_bug627234_perwindowpb.js                                          |  2 +-
 security/manager/ssl/tests/unit/test_cert_override_bits_mismatches.js                                                  |  4 ++--
 security/manager/ssl/tests/unit/test_cert_overrides.js                                                                 |  8 ++++----
 security/manager/ssl/tests/unit/test_cert_overrides_read_only.js                                                       |  4 ++--
 security/manager/ssl/tests/unit/test_ocsp_must_staple.js                                                               |  4 ++--
 security/manager/ssl/tests/unit/test_ocsp_no_hsts_upgrade.js                                                           |  6 +++---
 security/manager/ssl/tests/unit/test_ocsp_required.js                                                                  |  6 +++---
 security/manager/ssl/tests/unit/test_ocsp_stapling.js                                                                  |  4 ++--
 security/manager/ssl/tests/unit/test_ocsp_stapling_expired.js                                                          |  2 +-
 security/manager/ssl/tests/unit/test_ocsp_stapling_with_intermediate.js                                                |  2 +-
 security/manager/ssl/tests/unit/test_ocsp_timeout.js                                                                   |  2 +-
 security/manager/ssl/tests/unit/test_pinning.js                                                                        |  2 +-
 security/manager/ssl/tests/unit/test_signed_apps.js                                                                    | 76 ++++++++++++++++++++++++++++++++++++++--------------------------------------
 security/manager/ssl/tests/unit/test_ssl_status.js                                                                     |  2 +-
 security/manager/ssl/tests/unit/test_toolkit_securityreporter.js                                                       |  2 +-
 security/manager/ssl/tests/unit/test_validity.js                                                                       |  2 +-
 security/manager/tools/genHPKPStaticPins.js                                                                            |  2 +-
 security/sandbox/test/browser_content_sandbox_fs.js                                                                    | 14 +++++++-------
 services/common/async.js                                                                                               |  4 ++--
 services/common/logmanager.js                                                                                          |  2 +-
 services/fxaccounts/Credentials.jsm                                                                                    |  2 +-
 services/fxaccounts/FxAccounts.jsm                                                                                     |  2 +-
 services/fxaccounts/FxAccountsCommands.js                                                                              |  4 ++--
 services/fxaccounts/tests/xpcshell/test_accounts_device_registration.js                                                |  2 +-
 services/fxaccounts/tests/xpcshell/test_profile.js                                                                     |  6 +++---
 services/settings/RemoteSettingsClient.jsm                                                                             |  2 +-
 services/settings/RemoteSettingsWorker.jsm                                                                             |  2 +-
 services/settings/remote-settings.js                                                                                   |  6 +++---
 services/sync/modules/addonutils.js                                                                                    |  2 +-
 services/sync/modules/bookmark_validator.js                                                                            |  2 +-
 services/sync/modules/browserid_identity.js                                                                            |  2 +-
 services/sync/modules/engines.js                                                                                       |  4 ++--
 services/sync/modules/engines/clients.js                                                                               |  2 +-
 services/sync/tests/unit/test_412.js                                                                                   |  2 +-
 services/sync/tests/unit/test_clients_engine.js                                                                        |  4 ++--
 services/sync/tests/unit/test_engine.js                                                                                |  2 +-
 services/sync/tests/unit/test_hmac_error.js                                                                            |  2 +-
 services/sync/tests/unit/test_interval_triggers.js                                                                     |  2 +-
 services/sync/tests/unit/test_service_sync_remoteSetup.js                                                              |  2 +-
 services/sync/tests/unit/test_syncengine_sync.js                                                                       |  2 +-
 services/sync/tests/unit/test_syncscheduler.js                                                                         |  2 +-
 services/sync/tps/extensions/tps/resource/tps.jsm                                                                      |  2 +-
 taskcluster/docker/periodic-updates/scripts/genHPKPStaticPins.js                                                       |  2 +-
 testing/marionette/action.js                                                                                           |  4 ++--
 testing/marionette/components/marionette.js                                                                            |  2 +-
 testing/marionette/listener.js                                                                                         |  2 +-
 testing/marionette/proxy.js                                                                                            |  2 +-
 testing/marionette/reftest.js                                                                                          |  2 +-
 testing/marionette/server.js                                                                                           |  2 +-
 testing/mochitest/BrowserTestUtils/BrowserTestUtils.jsm                                                                |  2 +-
 testing/mochitest/tests/browser/browser_fail_uncaught_rejection.js                                                     |  4 ++--
 testing/modules/FileTestUtils.jsm                                                                                      |  2 +-
 testing/specialpowers/content/SpecialPowersObserverAPI.js                                                              |  4 ++--
 testing/talos/talos/startup_test/sessionrestore/addon/api.js                                                           |  2 +-
 testing/talos/talos/tests/devtools/addon/content/tests/debugger/debugger-helpers.js                                    |  4 ++--
 testing/talos/talos/tests/devtools/addon/content/tests/webconsole/objectexpand.js                                      |  2 +-
 testing/xpcshell/head.js                                                                                               |  4 ++--
 toolkit/components/contentprefs/ContentPrefService2.jsm                                                                |  8 ++++----
 toolkit/components/crashes/CrashManager.jsm                                                                            | 22 +++++++++++-----------
 toolkit/components/downloads/DownloadCore.jsm                                                                          | 10 +++++-----
 toolkit/components/downloads/DownloadHistory.jsm                                                                       |  2 +-
 toolkit/components/downloads/DownloadList.jsm                                                                          |  2 +-
 toolkit/components/downloads/DownloadStore.jsm                                                                         |  4 ++--
 toolkit/components/downloads/Downloads.jsm                                                                             |  2 +-
 toolkit/components/downloads/test/unit/head.js                                                                         |  2 +-
 toolkit/components/extensions/Extension.jsm                                                                            |  2 +-
 toolkit/components/extensions/ExtensionContent.jsm                                                                     |  2 +-
 toolkit/components/extensions/ExtensionParent.jsm                                                                      |  8 ++++----
 toolkit/components/extensions/ExtensionPreferencesManager.jsm                                                          |  2 +-
 toolkit/components/extensions/ExtensionShortcuts.jsm                                                                   |  2 +-
 toolkit/components/extensions/ExtensionTestCommon.jsm                                                                  |  6 +++---
 toolkit/components/extensions/child/ext-contentScripts.js                                                              |  2 +-
 toolkit/components/extensions/child/ext-storage.js                                                                     |  6 +++---
 toolkit/components/extensions/child/ext-userScripts-content.js                                                         |  2 +-
 toolkit/components/extensions/child/ext-userScripts.js                                                                 |  4 ++--
 toolkit/components/extensions/parent/ext-backgroundPage.js                                                             |  4 ++--
 toolkit/components/extensions/parent/ext-runtime.js                                                                    |  2 +-
 toolkit/components/extensions/parent/ext-storage.js                                                                    |  2 +-
 toolkit/components/extensions/parent/ext-userScripts.js                                                                |  4 ++--
 toolkit/components/extensions/test/browser/browser_ext_management_themes.js                                            |  2 +-
 toolkit/components/extensions/test/browser/browser_ext_themes_dynamic_getCurrent.js                                    |  2 +-
 toolkit/components/extensions/test/browser/browser_ext_themes_incognito.js                                             |  2 +-
 toolkit/components/extensions/test/browser/browser_ext_themes_ntp_colors_perwindow.js                                  |  2 +-
 toolkit/components/extensions/test/mochitest/head.js                                                                   |  2 +-
 toolkit/components/extensions/test/xpcshell/test_ext_alarms.js                                                         |  2 +-
 toolkit/components/extensions/test/xpcshell/test_ext_alarms_periodic.js                                                |  2 +-
 toolkit/components/extensions/test/xpcshell/test_ext_browserSettings.js                                                |  2 +-
 toolkit/components/extensions/test/xpcshell/test_ext_contentScripts_register.js                                        |  2 +-
 toolkit/components/extensions/test/xpcshell/test_ext_contentscript.js                                                  |  2 +-
 toolkit/components/extensions/test/xpcshell/test_ext_contentscript_context.js                                          |  8 ++++----
 toolkit/components/extensions/test/xpcshell/test_ext_contentscript_context_isolation.js                                |  6 +++---
 toolkit/components/extensions/test/xpcshell/test_ext_contexts_gc.js                                                    |  4 ++--
 toolkit/components/extensions/test/xpcshell/test_ext_dns.js                                                            |  2 +-
 toolkit/components/extensions/test/xpcshell/test_ext_downloads_download.js                                             |  2 +-
 toolkit/components/extensions/test/xpcshell/test_ext_downloads_misc.js                                                 |  2 +-
 toolkit/components/extensions/test/xpcshell/test_ext_downloads_private.js                                              |  4 ++--
 toolkit/components/extensions/test/xpcshell/test_ext_downloads_search.js                                               |  8 ++++----
 toolkit/components/extensions/test/xpcshell/test_ext_downloads_urlencoded.js                                           |  4 ++--
 toolkit/components/extensions/test/xpcshell/test_ext_error_location.js                                                 |  2 +-
 toolkit/components/extensions/test/xpcshell/test_ext_eventpage_warning.js                                              |  2 +-
 toolkit/components/extensions/test/xpcshell/test_ext_management.js                                                     |  2 +-
 toolkit/components/extensions/test/xpcshell/test_ext_management_uninstall_self.js                                      |  2 +-
 toolkit/components/extensions/test/xpcshell/test_ext_permission_xhr.js                                                 |  2 +-
 toolkit/components/extensions/test/xpcshell/test_ext_permissions.js                                                    | 26 +++++++++++++-------------
 toolkit/components/extensions/test/xpcshell/test_ext_permissions_uninstall.js                                          |  6 +++---
 toolkit/components/extensions/test/xpcshell/test_ext_privacy.js                                                        |  4 ++--
 toolkit/components/extensions/test/xpcshell/test_ext_privacy_disable.js                                                |  2 +-
 toolkit/components/extensions/test/xpcshell/test_ext_privacy_update.js                                                 |  2 +-
 toolkit/components/extensions/test/xpcshell/test_ext_proxy_config.js                                                   |  6 +++---
 toolkit/components/extensions/test/xpcshell/test_ext_schema.js                                                         |  2 +-
 toolkit/components/extensions/test/xpcshell/test_ext_schemas_async.js                                                  |  6 +++---
 toolkit/components/extensions/test/xpcshell/test_ext_schemas_interactive.js                                            |  4 ++--
 toolkit/components/extensions/test/xpcshell/test_ext_schemas_manifest_permissions.js                                   |  4 ++--
 toolkit/components/extensions/test/xpcshell/test_ext_storage_tab.js                                                    |  2 +-
 toolkit/components/extensions/test/xpcshell/test_ext_telemetry.js                                                      | 34 +++++++++++++++++-----------------
 toolkit/components/extensions/test/xpcshell/test_ext_userScripts.js                                                    | 10 +++++-----
 toolkit/components/extensions/test/xpcshell/test_ext_webRequest_filterResponseData.js                                  |  4 ++--
 toolkit/components/extensions/test/xpcshell/test_ext_webRequest_incognito.js                                           |  2 +-
 toolkit/components/extensions/test/xpcshell/test_ext_webRequest_responseBody.js                                        |  4 ++--
 toolkit/components/extensions/test/xpcshell/test_ext_webRequest_set_cookie.js                                          |  4 ++--
 toolkit/components/extensions/test/xpcshell/test_ext_webRequest_suspend.js                                             |  2 +-
 toolkit/components/extensions/test/xpcshell/test_proxy_incognito.js                                                    |  4 ++--
 toolkit/components/featuregates/FeatureGate.jsm                                                                        |  2 +-
 toolkit/components/normandy/actions/AddonStudyAction.jsm                                                               |  6 +++---
 toolkit/components/normandy/lib/CleanupManager.jsm                                                                     |  2 +-
 toolkit/components/normandy/lib/ClientEnvironment.jsm                                                                  |  6 +++---
 toolkit/components/normandy/lib/NormandyDriver.jsm                                                                     |  2 +-
 toolkit/components/normandy/test/browser/browser_ActionsManager.js                                                     |  6 +++---
 toolkit/components/normandy/test/browser/browser_BaseAction.js                                                         |  2 +-
 toolkit/components/normandy/test/browser/browser_ClientEnvironment.js                                                  |  2 +-
 toolkit/components/normandy/test/browser/browser_RecipeRunner.js                                                       |  2 +-
 toolkit/components/normandy/test/browser/browser_about_preferences.js                                                  |  2 +-
 toolkit/components/normandy/test/browser/browser_about_studies.js                                                      | 14 +++++++-------
 toolkit/components/normandy/test/browser/browser_actions_AddonStudyAction.js                                           |  4 ++--
 toolkit/components/normandy/test/browser/head.js                                                                       |  4 ++--
 toolkit/components/normandy/test/unit/test_NormandyApi.js                                                              |  2 +-
 toolkit/components/osfile/modules/osfile_async_front.jsm                                                               |  4 ++--
 toolkit/components/passwordmgr/LoginManager.jsm                                                                        |  2 +-
 toolkit/components/passwordmgr/storage-json.js                                                                         |  2 +-
 toolkit/components/passwordmgr/test/browser/browser_autocomplete_footer.js                                             |  2 +-
 toolkit/components/passwordmgr/test/browser/browser_autofill_track_filled_logins.js                                    |  2 +-
 toolkit/components/places/BookmarkHTMLUtils.jsm                                                                        |  2 +-
 toolkit/components/places/Bookmarks.jsm                                                                                | 10 +++++-----
 toolkit/components/places/PlacesBackups.jsm                                                                            |  8 ++++----
 toolkit/components/places/PlacesDBUtils.jsm                                                                            |  4 ++--
 toolkit/components/places/PlacesExpiration.jsm                                                                         |  2 +-
 toolkit/components/places/PlacesTransactions.jsm                                                                       |  8 ++++----
 toolkit/components/places/PlacesUtils.jsm                                                                              |  2 +-
 toolkit/components/places/SyncedBookmarksMirror.jsm                                                                    | 10 +++++-----
 toolkit/components/places/TaggingService.jsm                                                                           |  2 +-
 toolkit/components/places/UnifiedComplete.jsm                                                                          |  4 ++--
 toolkit/components/places/tests/history/test_insert_null_title.js                                                      |  2 +-
 toolkit/components/places/tests/history/test_removeByFilter.js                                                         | 24 ++++++++++++------------
 toolkit/components/places/tests/legacy/test_protectRoots.js                                                            |  2 +-
 toolkit/components/places/tests/maintenance/test_preventive_maintenance.js                                             |  4 ++--
 toolkit/components/places/tests/unifiedcomplete/test_autofill_search_engine_aliases.js                                 |  2 +-
 toolkit/components/places/tests/unifiedcomplete/test_avoid_middle_complete.js                                          | 12 ++++++------
 toolkit/components/places/tests/unifiedcomplete/test_search_engine_host.js                                             |  2 +-
 toolkit/components/places/tests/unifiedcomplete/test_search_engine_restyle.js                                          |  2 +-
 toolkit/components/places/tests/unifiedcomplete/test_search_suggestions.js                                             |  2 +-
 toolkit/components/places/tests/unit/test_keywords.js                                                                  |  2 +-
 toolkit/components/reader/test/browser_readerMode_with_anchor.js                                                       |  2 +-
 toolkit/components/remotebrowserutils/tests/browser/browser_httpCrossOriginOpenerPolicy.js                             |  2 +-
 toolkit/components/remotebrowserutils/tests/browser/browser_httpResponseProcessSelection.js                            | 10 +++++-----
 toolkit/components/satchel/FormHistory.jsm                                                                             |  8 ++++----
 toolkit/components/search/SearchService.jsm                                                                            |  6 +++---
 toolkit/components/search/tests/SearchTestUtils.jsm                                                                    |  2 +-
 toolkit/components/telemetry/app/TelemetryController.jsm                                                               |  6 +++---
 toolkit/components/telemetry/app/TelemetryEnvironment.jsm                                                              |  2 +-
 toolkit/components/telemetry/app/TelemetrySend.jsm                                                                     |  2 +-
 toolkit/components/telemetry/app/TelemetryStorage.jsm                                                                  |  2 +-
 toolkit/components/telemetry/pings/TelemetrySession.jsm                                                                |  4 ++--
 toolkit/components/telemetry/tests/unit/test_TelemetrySession.js                                                       |  2 +-
 toolkit/components/thumbnails/PageThumbs.jsm                                                                           |  4 ++--
 toolkit/components/thumbnails/content/backgroundPageThumbsContent.js                                                   |  2 +-
 toolkit/components/utils/ClientEnvironment.jsm                                                                         | 10 +++++-----
 toolkit/components/utils/test/unit/test_ClientEnvironment.js                                                           |  2 +-
 toolkit/components/viewsource/test/browser/head.js                                                                     |  6 +++---
 toolkit/content/aboutTelemetry.js                                                                                      |  2 +-
 toolkit/content/tests/browser/browser_autoplay_policy.js                                                               |  2 +-
 toolkit/content/tests/browser/browser_autoplay_policy_request_permission.js                                            |  6 +++---
 toolkit/content/tests/browser/browser_autoplay_policy_touchScroll.js                                                   |  2 +-
 toolkit/content/tests/browser/browser_autoplay_policy_webRTC_permission.js                                             |  2 +-
 toolkit/content/tests/browser/browser_autoplay_videoDocument.js                                                        | 14 +++++++-------
 toolkit/content/tests/browser/browser_datetime_datepicker.js                                                           |  2 +-
 toolkit/content/tests/browser/browser_findbar.js                                                                       |  2 +-
 toolkit/content/tests/browser/browser_media_wakelock.js                                                                |  2 +-
 toolkit/content/tests/browser/browser_saveImageURL.js                                                                  |  4 ++--
 toolkit/content/tests/browser/head.js                                                                                  |  4 ++--
 toolkit/crashreporter/CrashSubmit.jsm                                                                                  |  2 +-
 toolkit/modules/DeferredTask.jsm                                                                                       |  2 +-
 toolkit/modules/JSONFile.jsm                                                                                           |  2 +-
 toolkit/modules/ProfileAge.jsm                                                                                         |  2 +-
 toolkit/modules/Sqlite.jsm                                                                                             | 10 +++++-----
 toolkit/modules/UpdateUtils.jsm                                                                                        |  4 ++--
 toolkit/modules/tests/browser/browser_CreditCard.js                                                                    |  2 +-
 toolkit/modules/tests/xpcshell/test_ProfileAge.js                                                                      | 10 +++++-----
 toolkit/mozapps/downloads/HelperAppDlg.jsm                                                                             |  2 +-
 toolkit/mozapps/extensions/AddonManager.jsm                                                                            | 12 ++++++------
 toolkit/mozapps/extensions/Blocklist.jsm                                                                               |  4 ++--
 toolkit/mozapps/extensions/LightweightThemeManager.jsm                                                                 |  2 +-
 toolkit/mozapps/extensions/content/aboutaddons.js                                                                      |  2 +-
 toolkit/mozapps/extensions/content/extensions.js                                                                       |  6 +++---
 toolkit/mozapps/extensions/internal/AddonRepository.jsm                                                                |  2 +-
 toolkit/mozapps/extensions/internal/AddonTestUtils.jsm                                                                 |  4 ++--
 toolkit/mozapps/extensions/internal/GMPProvider.jsm                                                                    |  4 ++--
 toolkit/mozapps/extensions/internal/XPIDatabase.jsm                                                                    |  4 ++--
 toolkit/mozapps/extensions/internal/XPIInstall.jsm                                                                     |  6 +++---
 toolkit/mozapps/extensions/internal/XPIProvider.jsm                                                                    |  2 +-
 toolkit/mozapps/extensions/test/browser/browser_CTP_plugins.js                                                         |  2 +-
 toolkit/mozapps/extensions/test/browser/browser_details.js                                                             |  4 ++--
 toolkit/mozapps/extensions/test/browser/browser_webapi_theme.js                                                        |  4 ++--
 toolkit/mozapps/extensions/test/browser/head.js                                                                        |  2 +-
 toolkit/mozapps/extensions/test/xpcshell/test_webextension_events.js                                                   |  4 ++--
 toolkit/mozapps/update/tests/browser/head.js                                                                           | 10 +++++-----
 toolkit/mozapps/update/tests/unit_aus_update/downloadInterruptedNoRecovery.js                                          |  2 +-
 toolkit/mozapps/update/tests/unit_aus_update/downloadInterruptedOffline.js                                             |  2 +-
 toolkit/mozapps/update/tests/unit_aus_update/downloadInterruptedRecovery.js                                            |  2 +-
 toolkit/mozapps/update/tests/unit_aus_update/downloadInvalidSizeMar.js                                                 |  2 +-
 toolkit/mozapps/update/tests/unit_aus_update/downloadMissingMar.js                                                     |  2 +-
 toolkit/profile/xpcshell/test_claim_locked.js                                                                          |  2 +-
 toolkit/profile/xpcshell/test_clean.js                                                                                 |  2 +-
 toolkit/profile/xpcshell/test_create_default.js                                                                        |  2 +-
 toolkit/profile/xpcshell/test_lock.js                                                                                  |  2 +-
 toolkit/profile/xpcshell/test_new_default.js                                                                           |  2 +-
 toolkit/profile/xpcshell/test_previous_dedicated.js                                                                    |  2 +-
 toolkit/profile/xpcshell/test_profile_reset.js                                                                         |  2 +-
 toolkit/profile/xpcshell/test_remove_default.js                                                                        |  2 +-
 toolkit/profile/xpcshell/test_select_default.js                                                                        |  2 +-
 toolkit/profile/xpcshell/test_select_environment.js                                                                    |  2 +-
 toolkit/profile/xpcshell/test_select_environment_named.js                                                              |  2 +-
 toolkit/profile/xpcshell/test_select_missing.js                                                                        |  2 +-
 toolkit/profile/xpcshell/test_select_named.js                                                                          |  2 +-
 toolkit/profile/xpcshell/test_select_noname.js                                                                         |  2 +-
 toolkit/profile/xpcshell/test_select_profilemanager.js                                                                 |  2 +-
 toolkit/profile/xpcshell/test_single_profile_selected.js                                                               |  2 +-
 toolkit/profile/xpcshell/test_single_profile_unselected.js                                                             |  2 +-
 toolkit/profile/xpcshell/test_skip_locked_environment.js                                                               |  2 +-
 toolkit/profile/xpcshell/test_snap.js                                                                                  |  2 +-
 toolkit/profile/xpcshell/test_snap_empty.js                                                                            |  2 +-
 toolkit/profile/xpcshell/test_snatch_environment.js                                                                    |  2 +-
 toolkit/profile/xpcshell/test_snatch_environment_default.js                                                            |  2 +-
 toolkit/profile/xpcshell/test_startswithlast.js                                                                        |  2 +-
 toolkit/profile/xpcshell/test_steal_inuse.js                                                                           |  2 +-
 toolkit/profile/xpcshell/test_update_selected_dedicated.js                                                             |  2 +-
 toolkit/profile/xpcshell/test_update_unknown_dedicated.js                                                              |  2 +-
 toolkit/profile/xpcshell/test_update_unselected_dedicated.js                                                           |  2 +-
 toolkit/profile/xpcshell/test_use_dedicated.js                                                                         |  2 +-
 tools/profiler/tests/test_feature_mainthreadio.js                                                                      |  2 +-
 uriloader/exthandler/HandlerService.js                                                                                 |  2 +-
 667 files changed, 1344 insertions(+), 1344 deletions(-)
