 browser/components/extensions/test/browser/browser_ext_browserAction_pageAction_icon_permissions.js |  2 +-
 browser/components/extensions/test/browser/browser_ext_contextMenus_icons.js                        |  2 +-
 browser/components/extensions/test/xpcshell/test_ext_manifest_commands.js                           | 12 ++++++------
 browser/components/extensions/test/xpcshell/test_ext_manifest_omnibox.js                            |  4 ++--
 browser/components/extensions/test/xpcshell/test_ext_pkcs11_management.js                           |  2 +-
 testing/marionette/action.js                                                                        | 38 +++++++++++++++++++-------------------
 testing/marionette/assert.js                                                                        | 20 ++++++++++----------
 testing/marionette/capabilities.js                                                                  | 40 ++++++++++++++++++++--------------------
 testing/marionette/cookie.js                                                                        |  2 +-
 testing/marionette/driver.js                                                                        | 16 ++++++++--------
 testing/marionette/element.js                                                                       | 20 ++++++++++----------
 testing/marionette/error.js                                                                         |  8 ++++----
 testing/marionette/interaction.js                                                                   | 18 +++++++++---------
 testing/marionette/listener.js                                                                      |  8 ++++----
 testing/marionette/message.js                                                                       |  2 +-
 testing/marionette/test/unit/test_format.js                                                         | 60 ++++++++++++++++++++++++++++++------------------------------
 toolkit/components/extensions/Extension.jsm                                                         |  2 +-
 toolkit/components/extensions/test/xpcshell/head_native_messaging.js                                |  2 +-
 toolkit/components/extensions/test/xpcshell/test_ext_contentscript_triggeringPrincipal.js           |  2 +-
 toolkit/components/extensions/test/xpcshell/test_ext_json_parser.js                                 |  2 +-
 toolkit/components/extensions/test/xpcshell/test_ext_native_messaging.js                            |  6 +++---
 toolkit/components/extensions/test/xpcshell/test_ext_native_messaging_perf.js                       |  2 +-
 toolkit/components/extensions/test/xpcshell/test_ext_native_messaging_unresponsive.js               |  2 +-
 toolkit/components/extensions/test/xpcshell/test_ext_webRequest_filterResponseData.js               |  2 +-
 toolkit/components/extensions/test/xpcshell/test_native_manifests.js                                |  2 +-
 toolkit/modules/subprocess/subprocess_shared_win.js                                                 |  2 +-
 toolkit/modules/subprocess/test/xpcshell/test_subprocess.js                                         | 12 ++++++------
 toolkit/mozapps/extensions/internal/XPIProvider.jsm                                                 |  2 +-
 toolkit/mozapps/extensions/test/xpcshell/test_cache_certdb.js                                       |  2 +-
 toolkit/mozapps/extensions/test/xpcshell/test_webextension_install_syntax_error.js                  |  4 ++--
 30 files changed, 149 insertions(+), 149 deletions(-)
