 accessible/jsat/ContentControl.jsm                                                                  |  4 ++--
 accessible/jsat/Utils.jsm                                                                           |  6 +++---
 accessible/tests/mochitest/attributes.js                                                            |  4 ++--
 accessible/tests/mochitest/autocomplete.js                                                          |  2 +-
 accessible/tests/mochitest/common.js                                                                |  2 +-
 accessible/tests/mochitest/events.js                                                                |  2 +-
 accessible/tests/mochitest/layout.js                                                                | 14 +++++++-------
 accessible/tests/mochitest/states.js                                                                |  2 +-
 accessible/tests/mochitest/table.js                                                                 |  6 +++---
 accessible/tests/mochitest/text.js                                                                  | 14 +++++++-------
 browser/actors/ClickHandlerChild.jsm                                                                |  2 +-
 browser/actors/WebRTCChild.jsm                                                                      |  2 +-
 browser/base/content/browser-addons.js                                                              |  2 +-
 browser/base/content/browser-sync.js                                                                |  2 +-
 browser/base/content/browser.js                                                                     |  4 ++--
 browser/base/content/contentSearchUI.js                                                             |  2 +-
 browser/base/content/pageinfo/pageInfo.js                                                           |  8 ++++----
 browser/base/content/tabbrowser.js                                                                  |  2 +-
 browser/base/content/test/favicons/head.js                                                          |  2 +-
 browser/base/content/test/general/browser_alltabslistener.js                                        |  4 ++--
 browser/base/content/test/general/browser_bug1015721.js                                             |  2 +-
 browser/base/content/test/general/browser_bug386835.js                                              |  2 +-
 browser/base/content/test/general/browser_bug416661.js                                              |  2 +-
 browser/base/content/test/general/browser_bug462289.js                                              |  2 +-
 browser/base/content/test/general/browser_bug491431.js                                              |  2 +-
 browser/base/content/test/general/browser_bug555224.js                                              |  2 +-
 browser/base/content/test/general/browser_bug575830.js                                              |  2 +-
 browser/base/content/test/general/browser_bug719271.js                                              |  2 +-
 browser/base/content/test/general/browser_hide_removing.js                                          |  2 +-
 browser/base/content/test/general/browser_tabs_isActive.js                                          |  4 ++--
 browser/base/content/test/general/browser_windowactivation.js                                       |  2 +-
 browser/base/content/test/pageActions/browser_page_action_menu_share_mac.js                         |  2 +-
 browser/base/content/test/pageActions/browser_page_action_menu_share_win.js                         |  2 +-
 browser/base/content/test/performance/browser_startup_flicker.js                                    |  2 +-
 browser/base/content/test/performance/head.js                                                       |  6 +++---
 browser/base/content/test/permissions/browser_canvas_fingerprinting_resistance.js                   |  2 +-
 browser/base/content/test/permissions/browser_permissions.js                                        |  2 +-
 browser/base/content/test/siteIdentity/browser_navigation_failures.js                               |  2 +-
 browser/base/content/test/siteIdentity/browser_secure_transport_insecure_scheme.js                  |  2 +-
 browser/base/content/test/static/browser_parsable_css.js                                            |  2 +-
 browser/base/content/test/tabs/browser_multiselect_tabs_event.js                                    |  2 +-
 browser/base/content/test/webrtc/browser_devices_get_user_media_screen.js                           |  2 +-
 browser/base/content/test/webrtc/browser_webrtc_hooks.js                                            | 22 +++++++++++-----------
 browser/base/content/test/webrtc/head.js                                                            |  2 +-
 browser/base/content/utilityOverlay.js                                                              |  2 +-
 browser/components/BrowserGlue.jsm                                                                  |  2 +-
 browser/components/customizableui/CustomizableUI.jsm                                                |  2 +-
 browser/components/customizableui/CustomizableWidgets.jsm                                           |  2 +-
 browser/components/customizableui/CustomizeMode.jsm                                                 |  8 ++++----
 browser/components/customizableui/PanelMultiView.jsm                                                |  2 +-
 browser/components/customizableui/test/browser_940307_panel_click_closure_handling.js               |  2 +-
 browser/components/downloads/content/allDownloadsView.js                                            |  2 +-
 browser/components/enterprisepolicies/helpers/WebsiteFilter.jsm                                     |  4 ++--
 browser/components/enterprisepolicies/tests/browser/browser_policies_basic_tests.js                 |  2 +-
 browser/components/enterprisepolicies/tests/browser/browser_policies_enterprise_only.js             |  2 +-
 browser/components/enterprisepolicies/tests/browser/browser_policy_bookmarks.js                     |  2 +-
 browser/components/extensions/parent/ext-browser.js                                                 |  2 +-
 browser/components/extensions/parent/ext-history.js                                                 |  2 +-
 browser/components/extensions/parent/ext-pageAction.js                                              |  2 +-
 browser/components/extensions/parent/ext-sessions.js                                                |  2 +-
 browser/components/extensions/parent/ext-tabs.js                                                    |  2 +-
 browser/components/extensions/test/browser/browser_ext_browserAction_context.js                     |  2 +-
 browser/components/extensions/test/browser/browser_ext_browserAction_contextMenu.js                 |  2 +-
 browser/components/extensions/test/browser/browser_ext_pageAction_context.js                        |  2 +-
 browser/components/extensions/test/browser/browser_ext_pageAction_contextMenu.js                    |  2 +-
 browser/components/extensions/test/browser/browser_ext_pageAction_popup.js                          |  2 +-
 browser/components/extensions/test/browser/browser_ext_sidebarAction_contextMenu.js                 |  2 +-
 browser/components/extensions/test/browser/browser_ext_tabs_events.js                               |  2 +-
 browser/components/extensions/test/browser/browser_ext_tabs_reload_bypass_cache.js                  |  2 +-
 browser/components/extensions/test/browser/browser_ext_tabs_successors.js                           |  2 +-
 browser/components/extensions/test/xpcshell/test_ext_bookmarks.js                                   |  2 +-
 browser/components/extensions/test/xpcshell/test_ext_browsingData_cookies_cache.js                  |  2 +-
 browser/components/migration/ChromeMigrationUtils.jsm                                               |  2 +-
 browser/components/migration/EdgeProfileMigrator.jsm                                                |  2 +-
 browser/components/migration/MSMigrationUtils.jsm                                                   |  2 +-
 browser/components/migration/MigrationUtils.jsm                                                     |  4 ++--
 browser/components/originattributes/test/browser/browser_favicon_userContextId.js                   |  2 +-
 browser/components/originattributes/test/browser/worker_deblobify.js                                |  4 ++--
 browser/components/payments/test/browser/browser_request_serialization.js                           |  6 +++---
 browser/components/places/PlacesUIUtils.jsm                                                         |  2 +-
 browser/components/places/content/browserPlacesViews.js                                             |  2 +-
 browser/components/places/content/controller.js                                                     |  4 ++--
 browser/components/places/content/places-tree.js                                                    | 20 ++++++++++----------
 browser/components/places/content/treeView.js                                                       |  8 ++++----
 browser/components/places/tests/browser/browser_bookmark_backup_export_import.js                    |  2 +-
 browser/components/places/tests/browser/browser_drag_folder_on_newTab.js                            |  4 ++--
 browser/components/places/tests/browser/head.js                                                     |  2 +-
 browser/components/preferences/in-content/tests/browser_connection_bug388287.js                     |  4 ++--
 browser/components/preferences/translation.js                                                       |  2 +-
 browser/components/resistfingerprinting/test/browser/browser_bug1369357_site_specific_zoom_level.js |  2 +-
 browser/components/sessionstore/SessionStore.jsm                                                    |  2 +-
 browser/components/sessionstore/test/browser_394759_purge.js                                        |  2 +-
 browser/components/sessionstore/test/browser_461634.js                                              |  2 +-
 browser/components/sessionstore/test/browser_464199.js                                              |  2 +-
 browser/components/sessionstore/test/browser_491577.js                                              |  2 +-
 browser/components/sessionstore/test/browser_595601-restore_hidden.js                               |  2 +-
 browser/components/sessionstore/test/browser_615394-SSWindowState_events_setWindowState.js          |  6 +++---
 browser/components/sessionstore/test/browser_615394-SSWindowState_events_undoCloseWindow.js         |  8 ++++----
 browser/components/sessionstore/test/browser_636279.js                                              |  2 +-
 browser/components/sessionstore/test/browser_privatetabs.js                                         |  2 +-
 browser/components/sessionstore/test/content.js                                                     |  2 +-
 browser/components/sessionstore/test/head.js                                                        |  2 +-
 browser/components/shell/test/browser_420786.js                                                     |  2 +-
 browser/components/tests/startupRecorder.js                                                         |  4 ++--
 browser/components/uitour/UITour-lib.js                                                             |  2 +-
 browser/components/urlbar/tests/browser/browser_urlbarPlaceholder.js                                |  2 +-
 browser/components/urlbar/tests/browser/browser_urlbarValueOnTabSwitch.js                           |  2 +-
 browser/components/urlbar/tests/browser/browser_urlbar_speculative_connect_not_with_client_cert.js  |  2 +-
 browser/extensions/formautofill/FormAutofillHandler.jsm                                             |  8 ++++----
 browser/extensions/formautofill/test/mochitest/formautofill_parent_utils.js                         |  2 +-
 browser/extensions/formautofill/test/unit/head.js                                                   |  4 ++--
 browser/extensions/formautofill/test/unit/test_addressDataLoader.js                                 |  2 +-
 browser/extensions/formautofill/test/unit/test_autofillFormFields.js                                |  2 +-
 browser/extensions/formautofill/test/unit/test_getInfo.js                                           |  2 +-
 browser/extensions/formautofill/test/unit/test_phoneNumber.js                                       |  2 +-
 browser/extensions/formautofill/test/unit/test_profileAutocompleteResult.js                         |  2 +-
 browser/extensions/formautofill/test/unit/test_sync.js                                              |  2 +-
 browser/extensions/pdfjs/content/PdfStreamConverter.jsm                                             | 10 +++++-----
 browser/extensions/pdfjs/test/browser_pdfjs_main.js                                                 |  4 ++--
 browser/extensions/pdfjs/test/browser_pdfjs_zoom.js                                                 |  2 +-
 browser/modules/webrtcUI.jsm                                                                        |  4 ++--
 devtools/client/aboutdebugging-new/src/components/CompatibilityWarning.js                           |  2 +-
 devtools/client/framework/test/browser_new_activation_workflow.js                                   |  2 +-
 devtools/client/framework/test/browser_toolbox_hosts.js                                             |  2 +-
 devtools/client/framework/test/browser_toolbox_options.js                                           |  2 +-
 devtools/client/framework/test/browser_toolbox_options_disable_buttons.js                           |  2 +-
 devtools/client/framework/test/browser_toolbox_options_multiple_tabs.js                             |  2 +-
 devtools/client/framework/test/browser_toolbox_races.js                                             |  2 +-
 devtools/client/framework/test/browser_toolbox_raise.js                                             |  2 +-
 devtools/client/framework/test/browser_toolbox_window_shortcuts.js                                  |  2 +-
 devtools/client/framework/toolbox-process-window.js                                                 |  2 +-
 devtools/client/inspector/boxmodel/test/browser_boxmodel_guides.js                                  |  2 +-
 devtools/client/inspector/computed/computed.js                                                      |  2 +-
 devtools/client/inspector/markup/markup.js                                                          |  4 ++--
 devtools/client/inspector/markup/test/helper_diff.js                                                | 12 ++++++------
 devtools/client/inspector/rules/rules.js                                                            |  2 +-
 devtools/client/inspector/rules/test/browser_rules_completion-existing-property_01.js               |  2 +-
 devtools/client/inspector/rules/test/browser_rules_completion-existing-property_02.js               |  2 +-
 devtools/client/inspector/rules/test/browser_rules_completion-new-property_01.js                    |  2 +-
 devtools/client/inspector/rules/test/browser_rules_completion-new-property_02.js                    |  2 +-
 devtools/client/inspector/rules/test/browser_rules_gridline-names-autocomplete.js                   |  2 +-
 devtools/client/inspector/shared/tooltips-overlay.js                                                |  2 +-
 devtools/client/inspector/test/browser_inspector_highlighter-rulers_02.js                           |  2 +-
 devtools/client/inspector/test/head.js                                                              |  2 +-
 devtools/client/jsonview/test/browser_jsonview_save_json.js                                         |  2 +-
 devtools/client/memory/actions/diffing.js                                                           |  2 +-
 devtools/client/memory/actions/snapshot.js                                                          |  2 +-
 devtools/client/memory/components/tree-map/draw.js                                                  |  2 +-
 devtools/client/memory/initializer.js                                                               |  2 +-
 devtools/client/memory/test/unit/test_tree-map-01.js                                                |  2 +-
 devtools/client/netmonitor/src/components/RequestListHeader.js                                      |  2 +-
 devtools/client/netmonitor/src/components/ResponsePanel.js                                          |  2 +-
 devtools/client/netmonitor/src/selectors/requests.js                                                |  2 +-
 devtools/client/netmonitor/test/browser_net_complex-params.js                                       |  2 +-
 devtools/client/performance/modules/logic/frame-utils.js                                            |  4 ++--
 devtools/client/responsive.html/test/browser/browser_device_width.js                                |  2 +-
 devtools/client/responsive.html/test/browser/browser_favicon.js                                     |  2 +-
 devtools/client/responsive.html/test/browser/browser_touch_simulation.js                            |  4 ++--
 devtools/client/scratchpad/scratchpad.js                                                            |  2 +-
 devtools/client/scratchpad/test/browser_scratchpad_throw_output.js                                  |  2 +-
 devtools/client/shared/build/babel.js                                                               | 48 ++++++++++++++++++++++++------------------------
 devtools/client/shared/components/Frame.js                                                          |  2 +-
 devtools/client/shared/inplace-editor.js                                                            |  6 +++---
 devtools/client/shared/node-attribute-parser.js                                                     |  2 +-
 devtools/client/shared/redux/middleware/debounce.js                                                 |  2 +-
 devtools/client/shared/source-utils.js                                                              |  2 +-
 devtools/client/shared/sourceeditor/css-autocompleter.js                                            |  4 ++--
 devtools/client/shared/sourceeditor/wasm.js                                                         |  4 ++--
 devtools/client/shared/test/browser_dbg_listtabs-01.js                                              |  2 +-
 devtools/client/shared/test/browser_dbg_listtabs-02.js                                              |  4 ++--
 devtools/client/shared/test/browser_filter-editor-02.js                                             |  6 +++---
 devtools/client/shared/test/browser_filter-editor-05.js                                             |  4 ++--
 devtools/client/shared/test/browser_filter-editor-06.js                                             |  4 ++--
 devtools/client/shared/test/browser_html_tooltip-04.js                                              |  2 +-
 devtools/client/shared/test/browser_html_tooltip_consecutive-show.js                                |  2 +-
 devtools/client/shared/test/browser_html_tooltip_hover.js                                           |  2 +-
 devtools/client/shared/test/browser_key_shortcuts.js                                                |  2 +-
 devtools/client/shared/test/browser_poller.js                                                       |  2 +-
 devtools/client/shared/test/browser_tableWidget_keyboard_interaction.js                             |  2 +-
 devtools/client/shared/test/browser_tableWidget_mouse_interaction.js                                |  2 +-
 devtools/client/shared/widgets/CubicBezierWidget.js                                                 |  4 ++--
 devtools/client/shared/widgets/FilterWidget.js                                                      |  2 +-
 devtools/client/shared/widgets/Spectrum.js                                                          |  2 +-
 devtools/client/shared/widgets/VariablesView.jsm                                                    |  4 ++--
 devtools/client/storage/test/head.js                                                                |  4 ++--
 devtools/client/webconsole/components/message-types/NetworkEventMessage.js                          |  2 +-
 devtools/client/webconsole/reducers/messages.js                                                     |  2 +-
 devtools/client/webconsole/test/fixtures/L10n.js                                                    |  2 +-
 devtools/client/webconsole/test/mochitest/browser_console_open_or_focus.js                          |  2 +-
 devtools/client/webconsole/test/mochitest/browser_jsterm_hide_when_devtools_chrome_enabled_false.js |  2 +-
 devtools/client/webide/content/webide.js                                                            |  2 +-
 devtools/client/webreplay/mochitest/browser_dbg_rr_recovery-01.js                                   |  2 +-
 devtools/client/webreplay/mochitest/browser_dbg_rr_stepping-01.js                                   |  2 +-
 devtools/client/webreplay/mochitest/browser_dbg_rr_stepping-02.js                                   |  2 +-
 devtools/client/webreplay/mochitest/browser_dbg_rr_stepping-04.js                                   |  2 +-
 devtools/server/actors/accessibility/accessible.js                                                  |  4 ++--
 devtools/server/actors/highlighters/css-grid.js                                                     |  2 +-
 devtools/server/actors/highlighters/geometry-editor.js                                              |  2 +-
 devtools/server/actors/highlighters/measuring-tool.js                                               |  6 +++---
 devtools/server/actors/highlighters/rulers.js                                                       |  2 +-
 devtools/server/actors/highlighters/shapes.js                                                       |  4 ++--
 devtools/server/actors/inspector/walker.js                                                          |  2 +-
 devtools/server/actors/object.js                                                                    |  4 ++--
 devtools/server/actors/object/previewers.js                                                         |  2 +-
 devtools/server/actors/object/property-iterator.js                                                  |  2 +-
 devtools/server/actors/source.js                                                                    |  2 +-
 devtools/server/actors/styles.js                                                                    |  4 ++--
 devtools/server/actors/thread.js                                                                    |  2 +-
 devtools/server/actors/webconsole.js                                                                |  4 ++--
 devtools/server/main.js                                                                             |  4 ++--
 devtools/server/performance/profiler.js                                                             |  2 +-
 devtools/server/performance/recorder.js                                                             |  2 +-
 devtools/server/startup/frame.js                                                                    |  2 +-
 devtools/server/tests/browser/browser_memory_allocations_01.js                                      |  2 +-
 devtools/server/tests/unit/test_breakpoint-17.js                                                    |  2 +-
 devtools/server/tests/unit/test_client_request.js                                                   |  2 +-
 devtools/server/tests/unit/test_forwardingprefix.js                                                 |  4 ++--
 devtools/server/tests/unit/test_nesting-03.js                                                       |  2 +-
 devtools/server/tests/unit/test_objectgrips-17.js                                                   |  2 +-
 devtools/server/tests/unit/test_objectgrips-21.js                                                   |  2 +-
 devtools/shared/base-loader.js                                                                      |  2 +-
 devtools/shared/css/color.js                                                                        |  2 +-
 devtools/shared/defer.js                                                                            |  2 +-
 devtools/shared/heapsnapshot/tests/unit/test_census-tree-node-04.js                                 |  2 +-
 devtools/shared/heapsnapshot/tests/unit/test_census_filtering_02.js                                 |  2 +-
 devtools/shared/indentation.js                                                                      |  2 +-
 devtools/shared/protocol.js                                                                         |  2 +-
 devtools/shared/security/socket.js                                                                  |  2 +-
 devtools/shared/system.js                                                                           | 14 +++++++-------
 devtools/shared/tests/unit/test_csslexer.js                                                         |  4 ++--
 devtools/shared/tests/unit/test_eventemitter_static.js                                              |  6 +++---
 devtools/shared/throttle.js                                                                         |  2 +-
 devtools/shared/webconsole/test/browser/browser_network_longstring.js                               |  2 +-
 devtools/shared/webconsole/test/common.js                                                           |  4 ++--
 dom/asmjscache/test/file_slow.js                                                                    |  2 +-
 dom/base/test/chrome/cpows_child.js                                                                 |  4 ++--
 dom/base/test/unit/head_utilities.js                                                                |  2 +-
 dom/base/test/unit/test_isequalnode.js                                                              |  2 +-
 dom/base/test/unit/test_xmlserializer.js                                                            |  2 +-
 dom/cache/test/mochitest/browser_cache_pb_window.js                                                 |  2 +-
 dom/cache/test/mochitest/test_cache_matchAll_request.js                                             |  4 ++--
 dom/cache/test/mochitest/test_cache_match_vary.js                                                   |  2 +-
 dom/filesystem/compat/tests/script_entries.js                                                       |  2 +-
 dom/indexedDB/test/browser_private_idb.js                                                           |  2 +-
 dom/indexedDB/test/unit/test_constraint_error_messages.js                                           |  2 +-
 dom/indexedDB/test/unit/test_readonly_transactions.js                                               |  2 +-
 dom/indexedDB/test/unit/test_setVersion_events.js                                                   |  2 +-
 dom/plugins/test/mochitest/browser_bug1196539.js                                                    |  2 +-
 dom/plugins/test/mochitest/browser_tabswitchbetweenplugins.js                                       |  2 +-
 dom/presentation/tests/mochitest/PresentationSessionChromeScript.js                                 |  2 +-
 dom/presentation/tests/mochitest/PresentationSessionChromeScript1UA.js                              |  2 +-
 dom/presentation/tests/mochitest/PresentationSessionFrameScript.js                                  |  2 +-
 dom/presentation/tests/xpcshell/test_multicast_dns_device_provider.js                               |  4 ++--
 dom/presentation/tests/xpcshell/test_tcp_control_channel.js                                         |  2 +-
 dom/security/test/unit/test_csp_reports.js                                                          |  4 ++--
 gfx/layers/apz/test/mochitest/apz_test_native_event_utils.js                                        |  2 +-
 js/src/builtin/Object.js                                                                            |  4 ++--
 js/src/builtin/Promise.js                                                                           |  2 +-
 js/src/builtin/Sorting.js                                                                           |  8 ++++----
 js/src/builtin/intl/DateTimeFormat.js                                                               |  4 ++--
 js/src/builtin/intl/NumberFormat.js                                                                 |  2 +-
 memory/replace/dmd/test/test_dmd.js                                                                 |  2 +-
 mobile/android/chrome/geckoview/GeckoViewContentChild.js                                            |  2 +-
 mobile/android/chrome/geckoview/GeckoViewScrollChild.js                                             |  2 +-
 mobile/android/components/PromptService.js                                                          |  4 ++--
 mobile/android/components/SessionStore.js                                                           |  2 +-
 mobile/android/modules/FormAssistant.jsm                                                            |  4 ++--
 mobile/android/modules/WebsiteMetadata.jsm                                                          |  2 +-
 mobile/android/tests/browser/chrome/head_scroll.js                                                  |  2 +-
 modules/libjar/zipwriter/test/unit/test_bug399727.js                                                |  2 +-
 modules/libjar/zipwriter/test/unit/test_bug717061.js                                                |  2 +-
 netwerk/test/httpserver/httpd.js                                                                    | 16 ++++++++--------
 netwerk/test/httpserver/test/test_async_response_sending.js                                         |  2 +-
 netwerk/test/httpserver/test/test_basic_functionality.js                                            |  4 ++--
 netwerk/test/httpserver/test/test_default_index_handler.js                                          |  2 +-
 netwerk/test/httpserver/test/test_errorhandler_exception.js                                         |  2 +-
 netwerk/test/httpserver/test/test_host.js                                                           |  4 ++--
 netwerk/test/httpserver/test/test_request_line_split_in_two_packets.js                              |  2 +-
 netwerk/test/httpserver/test/test_setindexhandler.js                                                |  2 +-
 netwerk/test/httpserver/test/test_setstatusline.js                                                  |  2 +-
 netwerk/test/httpserver/test/test_sjs_state.js                                                      |  2 +-
 netwerk/test/httpserver/test/test_start_stop.js                                                     |  2 +-
 remote/RemoteAgent.js                                                                               |  2 +-
 security/manager/pki/resources/content/exceptionDialog.js                                           |  6 +++---
 security/manager/ssl/tests/unit/test_signed_apps.js                                                 |  2 +-
 security/sandbox/test/browser_content_sandbox_fs.js                                                 |  2 +-
 services/common/utils.js                                                                            |  2 +-
 services/crypto/tests/unit/test_crypto_random.js                                                    |  2 +-
 services/fxaccounts/tests/xpcshell/test_storage_manager.js                                          |  2 +-
 services/sync/modules/bookmark_repair.js                                                            |  2 +-
 services/sync/modules/engines/history.js                                                            |  2 +-
 services/sync/modules/record.js                                                                     |  2 +-
 services/sync/tests/unit/test_bookmark_tracker.js                                                   |  2 +-
 services/sync/tests/unit/test_history_store.js                                                      |  2 +-
 services/sync/tests/unit/test_syncengine_sync.js                                                    |  4 ++--
 services/sync/tests/unit/test_telemetry.js                                                          |  2 +-
 services/sync/tests/unit/test_utils_catch.js                                                        |  2 +-
 services/sync/tests/unit/test_utils_json.js                                                         |  2 +-
 services/sync/tests/unit/test_utils_lock.js                                                         |  4 ++--
 services/sync/tests/unit/test_utils_notify.js                                                       |  2 +-
 storage/test/unit/head_storage.js                                                                   |  2 +-
 storage/test/unit/test_statement_executeAsync.js                                                    |  2 +-
 testing/marionette/driver.js                                                                        |  4 ++--
 testing/marionette/evaluate.js                                                                      |  2 +-
 testing/marionette/interaction.js                                                                   |  2 +-
 testing/marionette/sync.js                                                                          |  2 +-
 testing/mochitest/BrowserTestUtils/BrowserTestUtils.jsm                                             |  2 +-
 testing/mochitest/chunkifyTests.js                                                                  |  2 +-
 testing/modules/Assert.jsm                                                                          |  2 +-
 testing/specialpowers/content/MockPermissionPrompt.jsm                                              |  2 +-
 testing/specialpowers/content/specialpowersAPI.js                                                   |  4 ++--
 testing/talos/talos/pageloader/chrome/Profiler.js                                                   |  2 +-
 testing/talos/talos/scripts/Profiler.js                                                             |  2 +-
 testing/talos/talos/scripts/xpigen.js                                                               |  2 +-
 testing/talos/talos/talos-powers/content/TalosContentProfiler.js                                    |  2 +-
 testing/talos/talos/tests/devtools/addon/content/tests/webconsole/custom.js                         |  2 +-
 testing/talos/talos/tests/tart/addon/content/Profiler.js                                            |  2 +-
 testing/talos/talos/tests/tresize/addon/content/Profiler.js                                         |  2 +-
 testing/xpcshell/head.js                                                                            |  2 +-
 toolkit/components/aboutmemory/content/aboutMemory.js                                               | 14 +++++++-------
 toolkit/components/aboutperformance/content/aboutPerformance.js                                     |  2 +-
 toolkit/components/asyncshutdown/AsyncShutdown.jsm                                                  |  2 +-
 toolkit/components/cloudstorage/tests/unit/test_cloudstorage.js                                     |  2 +-
 toolkit/components/crashes/CrashManager.jsm                                                         |  2 +-
 toolkit/components/ctypes/tests/unit/head.js                                                        |  2 +-
 toolkit/components/ctypes/tests/unit/test_errno.js                                                  |  2 +-
 toolkit/components/ctypes/tests/unit/test_finalizer_shouldaccept.js                                 | 10 +++++-----
 toolkit/components/ctypes/tests/unit/test_finalizer_shouldfail.js                                   |  4 ++--
 toolkit/components/ctypes/tests/unit/test_jsctypes.js                                               | 10 +++++-----
 toolkit/components/downloads/DownloadHistory.jsm                                                    |  2 +-
 toolkit/components/downloads/DownloadIntegration.jsm                                                |  2 +-
 toolkit/components/downloads/DownloadLegacy.jsm                                                     |  2 +-
 toolkit/components/downloads/DownloadUIHelper.jsm                                                   |  2 +-
 toolkit/components/downloads/test/unit/head.js                                                      |  2 +-
 toolkit/components/extensions/Extension.jsm                                                         |  2 +-
 toolkit/components/extensions/ExtensionCommon.jsm                                                   |  2 +-
 toolkit/components/extensions/ExtensionContent.jsm                                                  |  2 +-
 toolkit/components/extensions/ExtensionParent.jsm                                                   |  2 +-
 toolkit/components/extensions/ExtensionStorageSync.jsm                                              |  2 +-
 toolkit/components/extensions/child/ext-identity.js                                                 |  2 +-
 toolkit/components/extensions/child/ext-runtime.js                                                  |  2 +-
 toolkit/components/extensions/ext-browser-content.js                                                |  2 +-
 toolkit/components/extensions/parent/ext-alarms.js                                                  |  2 +-
 toolkit/components/extensions/parent/ext-contextualIdentities.js                                    |  2 +-
 toolkit/components/extensions/parent/ext-webNavigation.js                                           |  2 +-
 toolkit/components/extensions/test/mochitest/chrome_cleanup_script.js                               |  2 +-
 toolkit/components/extensions/test/xpcshell/test_ext_contentscript_triggeringPrincipal.js           |  4 ++--
 toolkit/components/extensions/test/xpcshell/test_ext_downloads_misc.js                              |  2 +-
 toolkit/components/extensions/test/xpcshell/test_ext_downloads_search.js                            |  2 +-
 toolkit/components/extensions/test/xpcshell/test_ext_persistent_events.js                           |  2 +-
 toolkit/components/extensions/test/xpcshell/test_ext_runtime_sendMessage.js                         |  2 +-
 toolkit/components/extensions/test/xpcshell/test_ext_storage.js                                     |  2 +-
 toolkit/components/extensions/test/xpcshell/test_ext_storage_content.js                             |  2 +-
 toolkit/components/extensions/test/xpcshell/test_ext_storage_sync.js                                |  2 +-
 toolkit/components/extensions/test/xpcshell/test_ext_webRequest_auth.js                             |  2 +-
 toolkit/components/normandy/vendor/PropTypes.js                                                     |  2 +-
 toolkit/components/normandy/vendor/React.js                                                         |  4 ++--
 toolkit/components/normandy/vendor/ReactDOM.js                                                      |  6 +++---
 toolkit/components/normandy/vendor/classnames.js                                                    |  2 +-
 toolkit/components/osfile/modules/osfile_unix_back.jsm                                              |  2 +-
 toolkit/components/osfile/modules/osfile_unix_front.jsm                                             |  6 +++---
 toolkit/components/osfile/tests/mochi/main_test_osfile_async.js                                     |  2 +-
 toolkit/components/osfile/tests/mochi/worker_test_osfile_front.js                                   |  2 +-
 toolkit/components/osfile/tests/xpcshell/head.js                                                    |  2 +-
 toolkit/components/osfile/tests/xpcshell/test_osfile_async_copy.js                                  |  2 +-
 toolkit/components/passwordmgr/InsecurePasswordUtils.jsm                                            |  2 +-
 toolkit/components/passwordmgr/LoginManagerContent.jsm                                              |  2 +-
 toolkit/components/passwordmgr/LoginManagerPrompter.jsm                                             |  4 ++--
 toolkit/components/passwordmgr/content/passwordManager.js                                           |  2 +-
 toolkit/components/passwordmgr/storage-json.js                                                      |  2 +-
 toolkit/components/passwordmgr/storage-mozStorage.js                                                | 10 +++++-----
 toolkit/components/passwordmgr/test/LoginTestUtils.jsm                                              |  2 +-
 toolkit/components/passwordmgr/test/browser/browser_hidden_document_autofill.js                     |  4 ++--
 toolkit/components/passwordmgr/test/mochitest/pwmgr_common.js                                       |  2 +-
 toolkit/components/passwordmgr/test/unit/test_storage_mozStorage.js                                 |  2 +-
 toolkit/components/pictureinpicture/PictureInPicture.jsm                                            |  2 +-
 toolkit/components/places/PlacesSyncUtils.jsm                                                       |  2 +-
 toolkit/components/places/PlacesTransactions.jsm                                                    |  6 +++---
 toolkit/components/places/PlacesUtils.jsm                                                           |  6 +++---
 toolkit/components/places/UnifiedComplete.jsm                                                       |  4 ++--
 toolkit/components/places/tests/bookmarks/test_bookmarks_insertTree.js                              |  2 +-
 toolkit/components/places/tests/migration/test_current_from_v34.js                                  |  4 ++--
 toolkit/components/places/tests/queries/test_excludeQueries.js                                      |  2 +-
 toolkit/components/places/tests/queries/test_queryMultipleFolder.js                                 |  4 ++--
 toolkit/components/places/tests/queries/test_querySerialization.js                                  |  2 +-
 toolkit/components/places/tests/unit/test_annotations.js                                            |  2 +-
 toolkit/components/places/tests/unit/test_async_transactions.js                                     |  2 +-
 toolkit/components/printing/content/printPreviewToolbar.js                                          |  2 +-
 toolkit/components/printing/content/printUtils.js                                                   |  2 +-
 toolkit/components/prompts/content/commonDialog.js                                                  |  2 +-
 toolkit/components/prompts/content/selectDialog.js                                                  |  2 +-
 toolkit/components/prompts/src/Prompter.jsm                                                         |  4 ++--
 toolkit/components/reader/ReaderMode.jsm                                                            |  2 +-
 toolkit/components/satchel/FormAutoComplete.jsm                                                     |  2 +-
 toolkit/components/satchel/test/unit/test_autocomplete.js                                           |  2 +-
 toolkit/components/search/SearchService.jsm                                                         |  8 ++++----
 toolkit/components/search/SearchSuggestionController.jsm                                            |  2 +-
 toolkit/components/search/tests/xpcshell/test_json_cache.js                                         |  2 +-
 toolkit/components/search/tests/xpcshell/test_json_cache_ignorelist.js                              |  2 +-
 toolkit/components/search/tests/xpcshell/test_location.js                                           |  2 +-
 toolkit/components/search/tests/xpcshell/test_searchSuggest.js                                      |  2 +-
 toolkit/components/telemetry/tests/unit/test_ModulesPing.js                                         |  2 +-
 toolkit/components/telemetry/tests/unit/test_TelemetryStopwatch.js                                  |  4 ++--
 toolkit/components/thumbnails/PageThumbUtils.jsm                                                    |  6 +++---
 toolkit/components/thumbnails/test/head.js                                                          |  2 +-
 toolkit/components/url-classifier/tests/unit/test_prefixset.js                                      |  2 +-
 toolkit/components/utils/mozjexl.js                                                                 |  2 +-
 toolkit/components/utils/test/browser/browser_JsonSchemaValidator.js                                | 34 +++++++++++++++++-----------------
 toolkit/components/viewconfig/content/config.js                                                     |  8 ++++----
 toolkit/components/viewsource/content/viewSource-content.js                                         |  2 +-
 toolkit/components/viewsource/test/browser/browser_contextmenu.js                                   |  2 +-
 toolkit/content/contentAreaUtils.js                                                                 |  2 +-
 toolkit/content/tests/browser/browser_bug1170531.js                                                 |  2 +-
 toolkit/content/tests/browser/browser_datetime_datepicker.js                                        | 20 ++++++++++----------
 toolkit/content/tests/chrome/popup_trigger.js                                                       |  2 +-
 toolkit/content/tests/widgets/popup_shared.js                                                       |  6 +++---
 toolkit/content/tests/widgets/tree_shared.js                                                        |  6 +++---
 toolkit/content/widgets/autocomplete-popup.js                                                       |  2 +-
 toolkit/content/widgets/browser-custom-element.js                                                   |  8 ++++----
 toolkit/content/widgets/datekeeper.js                                                               | 16 ++++++++--------
 toolkit/content/widgets/datetimebox.js                                                              |  4 ++--
 toolkit/content/widgets/spinner.js                                                                  |  6 +++---
 toolkit/content/widgets/timekeeper.js                                                               | 14 +++++++-------
 toolkit/content/widgets/timepicker.js                                                               |  4 ++--
 toolkit/content/widgets/tree.js                                                                     |  2 +-
 toolkit/content/widgets/videocontrols.js                                                            |  2 +-
 toolkit/modules/BrowserUtils.jsm                                                                    |  2 +-
 toolkit/modules/CharsetMenu.jsm                                                                     |  2 +-
 toolkit/modules/CreditCard.jsm                                                                      |  2 +-
 toolkit/modules/DateTimePickerPanel.jsm                                                             |  6 +++---
 toolkit/modules/Finder.jsm                                                                          |  2 +-
 toolkit/modules/InlineSpellChecker.jsm                                                              |  2 +-
 toolkit/modules/Log.jsm                                                                             |  2 +-
 toolkit/modules/NLP.jsm                                                                             |  2 +-
 toolkit/modules/ObjectUtils.jsm                                                                     |  2 +-
 toolkit/modules/SelectParentHelper.jsm                                                              |  2 +-
 toolkit/modules/css-selector.js                                                                     |  2 +-
 toolkit/modules/sessionstore/SessionHistory.jsm                                                     |  6 +++---
 toolkit/modules/tests/browser/browser_WebNavigation.js                                              |  2 +-
 toolkit/modules/tests/browser/head.js                                                               |  2 +-
 toolkit/modules/tests/xpcshell/test_GMPInstallManager.js                                            |  2 +-
 toolkit/mozapps/downloads/DownloadUtils.jsm                                                         |  2 +-
 toolkit/mozapps/extensions/AddonManager.jsm                                                         |  4 ++--
 toolkit/mozapps/extensions/addonManager.js                                                          |  2 +-
 toolkit/mozapps/extensions/content/extensions.js                                                    |  2 +-
 toolkit/mozapps/extensions/internal/AddonRepository.jsm                                             |  4 ++--
 toolkit/mozapps/extensions/internal/AddonTestUtils.jsm                                              |  2 +-
 toolkit/mozapps/extensions/internal/PluginProvider.jsm                                              |  2 +-
 toolkit/mozapps/extensions/internal/XPIDatabase.jsm                                                 |  2 +-
 toolkit/mozapps/extensions/internal/XPIInstall.jsm                                                  |  2 +-
 toolkit/mozapps/extensions/test/browser/browser_langpack_signing.js                                 |  2 +-
 toolkit/mozapps/extensions/test/browser/browser_reinstall.js                                        |  2 +-
 toolkit/mozapps/extensions/test/xpcshell/test_registry.js                                           |  2 +-
 toolkit/mozapps/extensions/test/xpcshell/test_updateCancel.js                                       |  2 +-
 uriloader/exthandler/tests/HandlerServiceTestUtils.jsm                                              |  2 +-
 uriloader/exthandler/tests/unit/test_handlerService.js                                              |  2 +-
 xpcom/tests/unit/test_pipe.js                                                                       |  2 +-
 xpcom/tests/unit/test_streams.js                                                                    |  2 +-
 458 files changed, 720 insertions(+), 720 deletions(-)
