 accessible/tests/browser/e10s/browser_caching_attributes.js                                                 |  14 +++++---------
 accessible/tests/browser/shared-head.js                                                                     |   2 +-
 browser/base/content/tabbrowser.js                                                                          |   2 +-
 browser/base/content/test/performance/browser_preferences_usage.js                                          |   2 +-
 browser/components/customizableui/PanelMultiView.jsm                                                        |   2 +-
 browser/components/extensions/parent/ext-devtools-inspectedWindow.js                                        |   2 +-
 browser/components/extensions/parent/ext-devtools-panels.js                                                 |   4 +---
 browser/components/extensions/parent/ext-tabs.js                                                            |   2 +-
 browser/components/extensions/test/browser/browser_ext_browserAction_pageAction_icon.js                     |   4 ++--
 browser/components/extensions/test/browser/browser_ext_runtime_openOptionsPage.js                           |   4 +---
 browser/components/extensions/test/browser/browser_ext_runtime_openOptionsPage_uninstall.js                 |   4 +---
 browser/components/extensions/test/browser/browser_ext_tabs_create.js                                       |   2 +-
 browser/components/extensions/test/browser/browser_ext_tabs_events.js                                       |   8 ++++----
 browser/components/extensions/test/browser/browser_ext_tabs_update_url.js                                   |   2 +-
 browser/components/extensions/test/browser/browser_ext_url_overrides_newtab.js                              |   2 +-
 browser/components/extensions/test/xpcshell/test_ext_browsingData_cookies_cache.js                          |   2 +-
 browser/components/extensions/test/xpcshell/test_ext_history.js                                             |   2 +-
 browser/components/payments/content/paymentDialogFrameScript.js                                             |   2 +-
 browser/components/payments/content/paymentDialogWrapper.js                                                 |   2 +-
 browser/components/payments/res/PaymentsStore.js                                                            |   4 ++--
 browser/components/payments/res/containers/address-form.js                                                  |   8 +++-----
 browser/components/payments/res/containers/address-picker.js                                                |   6 +++---
 browser/components/payments/res/containers/basic-card-form.js                                               |  12 +++++-------
 browser/components/payments/res/containers/payment-dialog.js                                                |  12 ++++++------
 browser/components/payments/res/debugging.js                                                                |  26 ++++++++++++--------------
 browser/components/payments/res/paymentRequest.js                                                           |  12 +++++-------
 browser/components/payments/test/browser/browser_address_edit.js                                            |  12 ++++++------
 browser/components/payments/test/browser/browser_address_edit_hidden_fields.js                              |  12 ++++++------
 browser/components/payments/test/browser/browser_card_edit.js                                               |  40 ++++++++++++++++------------------------
 browser/components/payments/test/browser/browser_change_shipping.js                                         |  18 +++++++++---------
 browser/components/payments/test/browser/browser_openPreferences.js                                         |   2 +-
 browser/components/payments/test/browser/browser_payerRequestedFields.js                                    |   2 +-
 browser/components/payments/test/browser/browser_payment_completion.js                                      |  10 +++++-----
 browser/components/payments/test/browser/browser_request_serialization.js                                   |  16 +++++++---------
 browser/components/payments/test/browser/browser_request_shipping.js                                        |   4 ++--
 browser/components/payments/test/browser/browser_retry.js                                                   |  10 ++++------
 browser/components/payments/test/browser/browser_retry_fieldErrors.js                                       |  18 +++++-------------
 browser/components/payments/test/browser/browser_shippingaddresschange_error.js                             |  52 +++++++++++++++++++++++++---------------------------
 browser/components/payments/test/browser/browser_show_dialog.js                                             |  10 +++-------
 browser/components/payments/test/browser/browser_tab_modal.js                                               |   2 +-
 browser/components/payments/test/browser/browser_total.js                                                   |   4 ++--
 browser/components/payments/test/browser/head.js                                                            |  26 +++++++++-----------------
 browser/components/places/tests/browser/browser_bookmarkProperties_no_user_actions.js                       |   6 ++----
 browser/components/places/tests/browser/browser_controller_onDrop_tagFolder.js                              |   6 ++----
 browser/components/pocket/content/pktApi.jsm                                                                |   2 +-
 browser/components/preferences/in-content/tests/browser_extension_controlled.js                             |   4 ++--
 browser/components/preferences/in-content/tests/browser_hometab_restore_defaults.js                         |   4 ++--
 browser/components/tests/browser/browser_urlbar_matchBuckets_migration60.js                                 |   6 ++----
 browser/extensions/formautofill/FormAutofillStorage.jsm                                                     |   2 +-
 browser/extensions/formautofill/FormAutofillSync.jsm                                                        |   4 +---
 browser/extensions/formautofill/content/manageDialog.js                                                     |   2 +-
 browser/extensions/formautofill/test/browser/browser_editAddressDialog.js                                   |   2 +-
 browser/extensions/formautofill/test/browser/creditCard/browser_editCreditCardDialog.js                     |  18 +++++-------------
 browser/extensions/formautofill/test/browser/creditCard/browser_manageCreditCardsDialog.js                  |   2 +-
 browser/extensions/formautofill/test/browser/head.js                                                        |   6 ++----
 browser/extensions/formautofill/test/mochitest/formautofill_common.js                                       |   4 ++--
 browser/extensions/formautofill/test/mochitest/formautofill_parent_utils.js                                 |   2 +-
 browser/extensions/formautofill/test/unit/test_addressRecords.js                                            |   2 +-
 browser/extensions/formautofill/test/unit/test_creditCardRecords.js                                         |   6 +++---
 browser/extensions/formautofill/test/unit/test_getAdaptedProfiles.js                                        | 152 +++++++++++++++++++++++++++++++++++++++++++++++++++++++++++++++++---------------------------------------------------------------------------------------
 browser/extensions/formautofill/test/unit/test_getRecords.js                                                |   4 ++--
 browser/extensions/formautofill/test/unit/test_storage_syncfields.js                                        |  12 ++++++------
 browser/extensions/formautofill/test/unit/test_storage_tombstones.js                                        |   6 +++---
 browser/extensions/formautofill/test/unit/test_sync.js                                                      |  42 ++++++++++++++----------------------------
 browser/modules/ExtensionsUI.jsm                                                                            |   2 +-
 browser/modules/PingCentre.jsm                                                                              |   6 ++----
 browser/modules/webrtcUI.jsm                                                                                |   4 +---
 devtools/client/aboutdebugging-new/src/constants.js                                                         |   6 ++----
 devtools/client/aboutdebugging-new/src/middleware/event-recording.js                                        |  12 ++++--------
 devtools/client/aboutdebugging-new/src/reducers/debug-targets-state.js                                      |   6 +++---
 devtools/client/aboutdebugging-new/src/reducers/runtimes-state.js                                           |  20 ++++++++------------
 devtools/client/aboutdebugging-new/src/reducers/ui-state.js                                                 |  20 ++++++++++----------
 devtools/client/aboutdebugging-new/src/types/index.js                                                       |   6 ++----
 devtools/client/aboutdebugging-new/test/browser/browser_aboutdebugging_telemetry_runtime_updates.js         |  12 +++---------
 devtools/client/aboutdebugging-new/test/browser/browser_aboutdebugging_telemetry_runtime_updates_network.js |   4 +---
 devtools/client/aboutdebugging-new/test/browser/browser_aboutdebugging_workers_remote_runtime.js            |   6 ++----
 devtools/client/aboutdebugging-new/test/browser/helper-addons.js                                            |   6 ++----
 devtools/client/aboutdebugging/components/workers/Panel.js                                                  |   6 +++---
 devtools/client/aboutdebugging/test/browser_addons_reload.js                                                |   2 +-
 devtools/client/accessibility/components/AccessibilityRow.js                                                |   6 ++----
 devtools/client/accessibility/components/AccessibilityTree.js                                               |  12 ++++--------
 devtools/client/accessibility/components/Button.js                                                          |   6 ++----
 devtools/client/accessibility/reducers/ui.js                                                                |  14 +++++++-------
 devtools/client/application/src/constants.js                                                                |   2 +-
 devtools/client/dom/content/components/DomTree.js                                                           |   6 ++----
 devtools/client/framework/components/ToolboxController.js                                                   |   2 +-
 devtools/client/framework/toolbox.js                                                                        |   2 +-
 devtools/client/inspector/animation/components/KeyframesProgressBar.js                                      |   4 +---
 devtools/client/inspector/animation/components/graph/ComputedTimingPath.js                                  |   4 +---
 devtools/client/inspector/animation/components/graph/EffectTimingPath.js                                    |   4 +---
 devtools/client/inspector/animation/components/graph/NegativePath.js                                        |   6 ++----
 devtools/client/inspector/animation/reducers/animations.js                                                  |  34 ++++++++++------------------------
 devtools/client/inspector/boxmodel/box-model.js                                                             |   4 +---
 devtools/client/inspector/boxmodel/reducers/box-model.js                                                    |  12 +++---------
 devtools/client/inspector/changes/reducers/changes.js                                                       |   4 ++--
 devtools/client/inspector/extensions/components/ObjectTreeView.js                                           |   4 +---
 devtools/client/inspector/extensions/reducers/sidebar.js                                                    |  20 +++++++-------------
 devtools/client/inspector/fonts/reducers/font-options.js                                                    |   2 +-
 devtools/client/inspector/grids/reducers/grids.js                                                           |  20 ++++++--------------
 devtools/client/inspector/grids/reducers/highlighter-settings.js                                            |  12 +++---------
 devtools/client/inspector/shared/highlighters-overlay.js                                                    |   8 ++++----
 devtools/client/inspector/test/head.js                                                                      |   2 +-
 devtools/client/jsonview/components/JsonPanel.js                                                            |   6 ++----
 devtools/client/jsonview/components/reps/Toolbar.js                                                         |   2 +-
 devtools/client/memory/components/List.js                                                                   |   6 ++----
 devtools/client/memory/test/chrome/head.js                                                                  |   6 ++----
 devtools/client/netmonitor/bin/configure.js                                                                 |   2 +-
 devtools/client/netmonitor/src/components/CachePanel.js                                                     |   4 ++--
 devtools/client/netmonitor/src/components/CookiesPanel.js                                                   |   2 +-
 devtools/client/netmonitor/src/components/HeadersPanel.js                                                   |  12 ++++++------
 devtools/client/netmonitor/src/components/PropertiesView.js                                                 |   2 +-
 devtools/client/netmonitor/src/components/RequestListHeader.js                                              |   4 +---
 devtools/client/netmonitor/src/connector/chrome/request.js                                                  |   2 +-
 devtools/client/netmonitor/src/connector/chrome/response.js                                                 |   8 +++-----
 devtools/client/netmonitor/src/connector/chrome/utils.js                                                    |   2 +-
 devtools/client/netmonitor/src/connector/firefox-data-provider.js                                           |  28 ++++++++++++----------------
 devtools/client/netmonitor/src/constants.js                                                                 |   2 +-
 devtools/client/netmonitor/src/reducers/filters.js                                                          |   8 +++-----
 devtools/client/performance/events.js                                                                       |   2 +-
 devtools/client/performance/modules/logic/waterfall-utils.js                                                |   2 +-
 devtools/client/responsive.html/actions/devices.js                                                          |   6 ++----
 devtools/client/responsive.html/components/DeviceAdder.js                                                   |   2 +-
 devtools/client/responsive.html/test/browser/browser_device_custom.js                                       |   4 +---
 devtools/client/responsive.html/test/browser/browser_device_custom_remove.js                                |   8 ++------
 devtools/client/shared/browser-loader.js                                                                    |   2 +-
 devtools/client/shared/build/babel.js                                                                       |   6 +++---
 devtools/client/shared/build/build-debugger.js                                                              |  10 ++++------
 devtools/client/shared/components/Accordion.js                                                              |   2 +-
 devtools/client/shared/components/NotificationBox.js                                                        |   6 ++----
 devtools/client/shared/components/splitter/SplitBox.js                                                      |   2 +-
 devtools/client/shared/components/tabs/TabBar.js                                                            |  34 ++++++++++------------------------
 devtools/client/shared/components/tabs/Tabs.js                                                              |  14 ++++----------
 devtools/client/shared/components/tree/TreeCell.js                                                          |   8 ++------
 devtools/client/shared/components/tree/TreeRow.js                                                           |   6 ++----
 devtools/client/shared/components/tree/TreeView.js                                                          |  20 ++++++--------------
 devtools/client/shared/devices.js                                                                           |   2 +-
 devtools/client/shared/output-parser.js                                                                     |   2 +-
 devtools/client/shared/redux/middleware/promise.js                                                          |  14 +++++---------
 devtools/client/shared/scroll.js                                                                            |  10 +++++-----
 devtools/client/shared/test/telemetry-test-helpers.js                                                       |  10 +++++-----
 devtools/client/webconsole/components/GripMessageBody.js                                                    |   4 +---
 devtools/client/webconsole/components/MessageContainer.js                                                   |   2 +-
 devtools/client/webconsole/constants.js                                                                     |  16 +++++++---------
 devtools/client/webconsole/reducers/filters.js                                                              |   2 +-
 devtools/client/webconsole/reducers/messages.js                                                             |   6 ++----
 devtools/client/webconsole/reducers/prefs.js                                                                |   6 ++----
 devtools/client/webconsole/reducers/ui.js                                                                   |  26 +++++++++++---------------
 devtools/client/webconsole/test/components/console-api-call.test.js                                         |   2 +-
 devtools/client/webconsole/test/components/evaluation-result.test.js                                        |   2 +-
 devtools/client/webconsole/test/components/filter-bar.test.js                                               |   6 ++----
 devtools/client/webconsole/test/components/message-location.test.js                                         |  12 ++++--------
 devtools/client/webconsole/test/components/network-event-message.test.js                                    |   2 +-
 devtools/client/webconsole/test/components/page-error.test.js                                               |  14 +++++---------
 devtools/client/webconsole/test/fixtures/stub-generators/head.js                                            |   8 +++-----
 devtools/client/webconsole/test/helpers.js                                                                  |   2 +-
 devtools/client/webconsole/test/store/filters.test.js                                                       |  10 ++++------
 devtools/client/webconsole/test/store/hidden-messages.test.js                                               |  12 ++++--------
 devtools/client/webconsole/test/utils/getRepeatId.test.js                                                   |  10 ++++------
 devtools/client/webconsole/types.js                                                                         |  18 ++++++------------
 devtools/server/actors/changes.js                                                                           |   2 +-
 devtools/server/actors/device.js                                                                            |   2 +-
 devtools/server/actors/object/previewers.js                                                                 |   4 +---
 devtools/server/actors/performance-recording.js                                                             |   6 ++----
 devtools/server/actors/replay/debugger.js                                                                   |   4 ++--
 devtools/server/actors/replay/replay.js                                                                     |   2 +-
 devtools/server/actors/targets/frame-proxy.js                                                               |   2 +-
 devtools/server/actors/webconsole/utils.js                                                                  |   6 ++----
 devtools/server/performance/recorder.js                                                                     |   8 +++-----
 devtools/server/tests/unit/test_breakpoint-03.js                                                            |   2 +-
 devtools/server/tests/unit/test_objectgrips-21.js                                                           |   6 ++----
 devtools/shared/fronts/node.js                                                                              |   2 +-
 devtools/shared/heapsnapshot/tests/unit/head_heapsnapshot.js                                                |   6 ++----
 devtools/shared/protocol.js                                                                                 |  16 +++++++---------
 devtools/shared/specs/storage.js                                                                            |  32 +++++++++++---------------------
 dom/media/PeerConnection.jsm                                                                                |   2 +-
 dom/tests/browser/browser_localStorage_e10s.js                                                              |  12 ++++--------
 intl/l10n/Fluent.jsm                                                                                        |   2 +-
 mobile/android/chrome/content/ExtensionPermissions.js                                                       |  16 ++++++----------
 mobile/android/chrome/content/FindHelper.js                                                                 |   4 +---
 mobile/android/chrome/geckoview/geckoview.js                                                                |   4 ++--
 mobile/android/components/AboutRedirector.js                                                                |   2 +-
 mobile/android/components/extensions/ext-tabs.js                                                            |   2 +-
 services/common/kinto-storage-adapter.js                                                                    |   8 +++-----
 services/common/tests/unit/test_kinto.js                                                                    |   2 +-
 services/sync/modules/UIState.jsm                                                                           |   2 +-
 services/sync/modules/engines/clients.js                                                                    |   4 ++--
 services/sync/modules/engines/forms.js                                                                      |   6 ++----
 services/sync/modules/engines/passwords.js                                                                  |   4 ++--
 services/sync/modules/engines/tabs.js                                                                       |   4 +---
 services/sync/modules/record.js                                                                             |   4 ++--
 services/sync/tests/unit/test_addons_store.js                                                               |   2 +-
 services/sync/tests/unit/test_collection_getBatched.js                                                      |   2 +-
 services/sync/tests/unit/test_doctor.js                                                                     |   2 +-
 services/sync/tests/unit/test_password_engine.js                                                            |   6 +++---
 services/sync/tests/unit/test_uistate.js                                                                    |  12 ++++++------
 testing/marionette/action.js                                                                                |  16 ++++++++--------
 testing/marionette/evaluate.js                                                                              |   6 ++----
 testing/specialpowers/content/SpecialPowersObserverAPI.js                                                   |   4 ++--
 testing/specialpowers/content/specialpowersAPI.js                                                           |   2 +-
 toolkit/components/contextualidentity/ContextualIdentityService.jsm                                         |   2 +-
 toolkit/components/downloads/test/unit/common_test_Download.js                                              |   4 ++--
 toolkit/components/extensions/ExtensionChild.jsm                                                            |  14 +++++---------
 toolkit/components/extensions/ExtensionCommon.jsm                                                           |   2 +-
 toolkit/components/extensions/ExtensionParent.jsm                                                           |   6 ++----
 toolkit/components/extensions/ExtensionStorageSync.jsm                                                      |   8 +++-----
 toolkit/components/extensions/ExtensionXPCShellUtils.jsm                                                    |   2 +-
 toolkit/components/extensions/FindContent.jsm                                                               |   2 +-
 toolkit/components/extensions/Schemas.jsm                                                                   |   2 +-
 toolkit/components/extensions/parent/ext-tabs-base.js                                                       |   4 ++--
 toolkit/components/extensions/test/xpcshell/test_ext_contentscript_triggeringPrincipal.js                   |   8 ++++----
 toolkit/components/extensions/test/xpcshell/test_ext_permissions.js                                         |   2 +-
 toolkit/components/extensions/test/xpcshell/test_ext_storage_sync.js                                        |  26 +++++++++++---------------
 toolkit/components/extensions/test/xpcshell/test_ext_storage_sync_crypto.js                                 |   4 ++--
 toolkit/components/extensions/test/xpcshell/test_native_manifests.js                                        |  12 ++++++------
 toolkit/components/featuregates/test/unit/test_FeatureGate.js                                               |   2 +-
 toolkit/components/featuregates/test/unit/test_FeatureGateImplementation.js                                 |   2 +-
 toolkit/components/narrate/Narrator.jsm                                                                     |   8 +++-----
 toolkit/components/narrate/test/head.js                                                                     |   6 ++----
 toolkit/components/normandy/content/about-studies/about-studies.js                                          |   4 ++--
 toolkit/components/normandy/lib/EventEmitter.jsm                                                            |   2 +-
 toolkit/components/normandy/lib/Heartbeat.jsm                                                               |   2 +-
 toolkit/components/normandy/lib/PreferenceExperiments.jsm                                                   |   6 +++---
 toolkit/components/normandy/test/browser/browser_PreferenceExperiments.js                                   |   6 ++----
 toolkit/components/normandy/test/browser/browser_actions_AddonStudyAction.js                                |   8 +++-----
 toolkit/components/normandy/test/browser/head.js                                                            |  24 ++++++++----------------
 toolkit/components/normandy/vendor/React.js                                                                 |   2 +-
 toolkit/components/normandy/vendor/ReactDOM.js                                                              |   2 +-
 toolkit/components/osfile/tests/xpcshell/test_duration.js                                                   |   6 +++---
 toolkit/components/passwordmgr/LoginManagerPrompter.jsm                                                     |   6 ++----
 toolkit/components/places/Bookmarks.jsm                                                                     |  16 ++++++++--------
 toolkit/components/places/History.jsm                                                                       |   2 +-
 toolkit/components/places/PlacesUtils.jsm                                                                   |   2 +-
 toolkit/components/places/tests/history/test_async_history_api.js                                           |   6 ++----
 toolkit/components/places/tests/unit/test_async_transactions.js                                             |   4 ++--
 toolkit/components/satchel/FormHistory.jsm                                                                  |   4 ++--
 toolkit/components/telemetry/tests/unit/test_TelemetryEnvironment.js                                        |   2 +-
 toolkit/components/utils/JsonSchemaValidator.jsm                                                            |   2 +-
 toolkit/modules/FinderIterator.jsm                                                                          |   4 ++--
 toolkit/modules/JSONFile.jsm                                                                                |   6 +++---
 toolkit/modules/NewTabUtils.jsm                                                                             |  24 ++++++++----------------
 toolkit/modules/PromiseMessage.jsm                                                                          |   2 +-
 toolkit/modules/addons/WebNavigation.jsm                                                                    |  10 +++++-----
 toolkit/modules/addons/WebRequest.jsm                                                                       |  10 +++++-----
 toolkit/modules/subprocess/Subprocess.jsm                                                                   |   2 +-
 toolkit/modules/subprocess/test/xpcshell/test_subprocess.js                                                 |   6 ++----
 toolkit/mozapps/extensions/AddonManager.jsm                                                                 |   2 +-
 toolkit/mozapps/extensions/LightweightThemeManager.jsm                                                      |   2 +-
 toolkit/mozapps/extensions/content/aboutaddons.js                                                           |   2 +-
 toolkit/mozapps/extensions/internal/AddonUpdateChecker.jsm                                                  |   4 ++--
 toolkit/mozapps/extensions/internal/LightweightThemeImageOptimizer.jsm                                      |   2 +-
 toolkit/mozapps/extensions/test/xpcshell/head_compat.js                                                     |   2 +-
 toolkit/mozapps/extensions/test/xpcshell/test_update.js                                                     |   2 +-
 252 files changed, 780 insertions(+), 1164 deletions(-)
