 browser/base/content/browser-ctrlTab.js                                                    |   3 ++-
 browser/base/content/test/performance/head.js                                              |   3 ++-
 browser/components/contextualidentity/test/browser/browser_eme.js                          |   3 ++-
 browser/components/contextualidentity/test/browser/browser_forgetAPI_EME_forgetThisSite.js |   3 ++-
 browser/components/customizableui/CustomizableWidgets.jsm                                  |   3 ++-
 browser/components/extensions/test/browser/browser_ext_tabs_opener.js                      |  24 ++++++++++++++++--------
 browser/components/extensions/test/browser/browser_ext_windows_create.js                   |   3 ++-
 browser/components/extensions/test/xpcshell/test_ext_bookmarks.js                          | 147 ++++++++++++++++++++++++++++++++++++++++++++++++++++++++++++++++++++++++++++++++++++++++++++++++++-------------------------------------------------
 browser/components/extensions/test/xpcshell/test_ext_history.js                            |  33 ++++++++++++++++++++++-----------
 browser/components/pocket/content/panels/js/saved.js                                       |   6 ++++--
 browser/components/preferences/in-content/findInPage.js                                    |   3 ++-
 browser/components/urlbar/UrlbarProviderUnifiedComplete.jsm                                |   3 ++-
 browser/extensions/formautofill/FormAutofillStorage.jsm                                    |   3 ++-
 browser/extensions/formautofill/test/browser/creditCard/browser_creditCard_doorhanger.js   |   3 ++-
 devtools/client/framework/test/browser_toolbox_options_enable_serviceworkers_testing.js    |   3 ++-
 devtools/client/framework/toolbox.js                                                       |   6 ++++--
 devtools/client/inspector/inspector.js                                                     |   6 ++++--
 devtools/client/inspector/rules/models/rule.js                                             |   3 ++-
 devtools/client/shared/build/babel.js                                                      |  61 ++++++++++++++++++++++++++++++++++++++++++++++++++++++++++---
 devtools/client/shared/natural-sort.js                                                     |   6 ++++--
 devtools/client/storage/test/head.js                                                       |   3 ++-
 devtools/server/tests/unit/test_protocol_children.js                                       |  69 ++++++++++++++++++++++++++++++++++++++++++++++-----------------------
 devtools/server/tests/unit/test_protocol_longstring.js                                     |  48 ++++++++++++++++++++++++++++++++----------------
 devtools/server/tests/unit/test_protocol_simple.js                                         |  60 ++++++++++++++++++++++++++++++++++++++++--------------------
 devtools/shared/transport/tests/unit/test_bulk_error.js                                    |   3 ++-
 docshell/test/navigation/browser_bug343515.js                                              |   3 ++-
 dom/cache/test/mochitest/browser_cache_pb_window.js                                        |   9 ++++++---
 dom/cache/test/mochitest/test_cache.js                                                     |  96 ++++++++++++++++++++++++++++++++++++++++++++++++++++++++++++++++--------------------------------
 dom/cache/test/mochitest/test_cache_add.js                                                 |  24 ++++++++++++++++--------
 dom/cache/test/mochitest/test_cache_delete.js                                              |  27 ++++++++++++++++++---------
 dom/cache/test/mochitest/test_cache_https.js                                               |   9 ++++++---
 dom/cache/test/mochitest/test_cache_keys.js                                                |  27 ++++++++++++++++++---------
 dom/cache/test/mochitest/test_cache_matchAll_request.js                                    | 105 ++++++++++++++++++++++++++++++++++++++++++++++++++++++++++++++++++++++-----------------------------------
 dom/cache/test/mochitest/test_cache_match_request.js                                       |  87 ++++++++++++++++++++++++++++++++++++++++++++++++++++++++++-----------------------------
 dom/cache/test/mochitest/test_cache_match_vary.js                                          | 120 ++++++++++++++++++++++++++++++++++++++++++++++++++++++++++++++++++++++++++++++++----------------------------------------
 dom/cache/test/mochitest/test_cache_overwrite.js                                           |  18 ++++++++++++------
 dom/cache/test/mochitest/test_cache_put.js                                                 |  27 ++++++++++++++++++---------
 dom/cache/test/mochitest/test_cache_put_reorder.js                                         |  15 ++++++++++-----
 dom/cache/test/mochitest/test_cache_redirect.js                                            |   3 ++-
 dom/cache/test/mochitest/test_cache_requestCache.js                                        |   6 ++++--
 dom/cache/test/mochitest/test_caches.js                                                    |  45 ++++++++++++++++++++++++++++++---------------
 dom/cache/test/xpcshell/make_profile.js                                                    |   7 +++++--
 dom/cache/test/xpcshell/test_migration.js                                                  |   9 ++++++---
 dom/filesystem/tests/filesystem_commons.js                                                 |   9 ++++++---
 dom/indexedDB/test/unit/test_cursor_cycle.js                                               |   3 ++-
 dom/indexedDB/test/unit/test_cursor_mutation.js                                            |   3 ++-
 dom/presentation/PresentationDataChannelSessionTransport.jsm                               |   3 ++-
 mobile/android/components/FilePicker.js                                                    |   3 ++-
 mobile/android/components/NSSDialogService.js                                              |   3 ++-
 mobile/android/components/geckoview/GeckoViewPermission.js                                 |   3 ++-
 mobile/android/tests/browser/robocop/testAndroidCastDeviceProvider.js                      |  24 ++++++++++++++++--------
 netwerk/protocol/http/UserAgentUpdates.jsm                                                 |   3 ++-
 services/fxaccounts/FxAccounts.jsm                                                         |   6 ++++--
 services/fxaccounts/tests/xpcshell/test_commands.js                                        |  12 ++++++++----
 taskcluster/docker/index-task/insert-indexes.js                                            |   9 ++++++---
 taskcluster/docker/periodic-updates/scripts/getHSTSPreloadList.js                          |   6 ++++--
 testing/mochitest/browser-test.js                                                          |   3 ++-
 testing/specialpowers/content/MockFilePicker.jsm                                           |   9 ++++++---
 testing/specialpowers/content/SpecialPowersObserverAPI.js                                  |   6 ++++--
 toolkit/components/crashes/CrashManager.jsm                                                |   3 ++-
 toolkit/components/extensions/NativeManifests.jsm                                          |   3 ++-
 toolkit/components/extensions/NativeMessaging.jsm                                          |   6 ++++--
 toolkit/components/extensions/parent/ext-downloads.js                                      |   9 ++++++---
 toolkit/components/narrate/NarrateControls.jsm                                             |   3 ++-
 toolkit/components/normandy/test/browser/head.js                                           |   3 ++-
 toolkit/modules/BrowserUtils.jsm                                                           |   3 ++-
 toolkit/modules/subprocess/subprocess_worker_common.js                                     |   3 ++-
 toolkit/mozapps/update/tests/data/xpcshellUtilsAUS.js                                      |   3 ++-
 68 files changed, 875 insertions(+), 411 deletions(-)
