 accessible/jsat/Constants.jsm                                                              |    9 +++++++--
 accessible/jsat/EventManager.jsm                                                           |    3 ++-
 accessible/tests/browser/e10s/browser_caching_name.js                                      |   51 +++++++++++++++++++++++++++++++++++++--------------
 accessible/tests/mochitest/layout.js                                                       |    6 ++++--
 browser/actors/ClickHandlerChild.jsm                                                       |    3 ++-
 browser/base/content/aboutNetError.js                                                      |    9 +++++++--
 browser/base/content/browser-gestureSupport.js                                             |   18 +++++++++++++-----
 browser/base/content/browser-places.js                                                     |    6 ++++--
 browser/base/content/browser-sync.js                                                       |   12 ++++++++----
 browser/base/content/browser.js                                                            |   12 ++++++++----
 browser/base/content/nonbrowser-mac.js                                                     |   23 ++++++++++++++++++-----
 browser/base/content/tabbrowser.js                                                         |   83 ++++++++++++++++++++++++++++++++++++++++++++++++++++++++++++++---------------------
 browser/base/content/test/general/browser_contentSearchUI.js                               |   12 ++++++++----
 browser/base/content/test/general/browser_contextmenu.js                                   | 1423 +++++++++++++++++++++++++++++++++++++++++++++++++++++++++++++++++++++++++++++++++++++++++++++++++++++++++++++++++++++++++++++++++++++++++++++++++++++++++++++++++++++++++++++++++++++++++++++++++++++++++++++++++++++++++++++++++++++++++++++++++++++++++++++++++++++++++++++++++++++++++++++++++++++++++++++++++++++++++++++++++++++++++++++++++++++++++++++++++++++++++++++++++++++++++++++++++++++++++++++++++++++++++++++++++++++++++++++++++++++++++++++++++++++++++++++++++++++++++++++++++++++++++++++++++++++++++++++++++++++++++++++++++++++++++++++++++++++++++++++++++++++++++++++++++++++++++++++++++++++++++++++++++++++++++++++++++++++++++++++++++++++++++++++++++++++++++++++++++++++++++++++++++++++++++++++++++++++++++++++++++++++++++++++++++++++++++++++++++++++++++++++++++++++++++++++++++++++++++++++++++++++++++++++++++++++++++++++++++++++++++++++++++++++++++++++++++++++++++++++++++++++++++++++++++++++++++++++++++++++++++++++++++++++++++++++++++++++++++++++++++++++++------------------------------------------------------------------------------------------------------------------------------------------------------------------------------------------------------------------------------------------------------------------------------------------------------------------------------------------------------------------------------------------------------------------------------------------------------------------------
 browser/base/content/test/general/browser_contextmenu_childprocess.js                      |   57 ++++++++++++++++++++++++++++++++++++++-------------------
 browser/base/content/test/general/browser_contextmenu_input.js                             |  372 +++++++++++++++++++++++++++++++++++++++++++++++++++++++++++++++++++++++++++++++++++++++++++++++++++++++++++++++++++++++++++++++++++++++++++++++++++++++++++++++++++++++++++++++++++++++++++++++++++++++++++++++++++++++++++++++++++++++++++++++++++++++++++-------------------------------------------------------------------------------------------------------------------------
 browser/base/content/test/general/browser_e10s_chrome_process.js                           |   36 ++++++++++++++++++++++++------------
 browser/base/content/test/general/contextmenu_common.js                                    |   12 ++++++++----
 browser/base/content/test/sanitize/browser_sanitize-timespans.js                           |   24 ++++++++++++++++--------
 browser/base/content/test/static/browser_all_files_referenced.js                           |   31 ++++++++++++++++++++++++-------
 browser/base/content/test/tabs/browser_new_tab_insert_position.js                          |    6 ++++--
 browser/base/content/test/webextensions/browser_extension_update_background.js             |   12 ++++++++++--
 browser/base/content/test/webextensions/head.js                                            |   12 ++++++++++--
 browser/components/BrowserGlue.jsm                                                         |   12 +++++++++---
 browser/components/customizableui/CustomizableUI.jsm                                       |   31 +++++++++++++++++++++++++------
 browser/components/customizableui/CustomizableWidgets.jsm                                  |   24 ++++++++++++++++--------
 browser/components/customizableui/test/browser_1042100_default_placements_update.js        |    7 +++++--
 browser/components/customizableui/test/browser_PanelMultiView.js                           |    8 ++++++--
 browser/components/extensions/test/browser/browser_ext_browsingData_formData.js            |    6 ++++--
 browser/components/extensions/test/browser/browser_ext_popup_corners.js                    |    6 ++++--
 browser/components/extensions/test/browser/browser_ext_tabs_incognito_not_allowed.js       |   11 +++++++++--
 browser/components/extensions/test/browser/browser_ext_user_events.js                      |    8 ++++++--
 browser/components/extensions/test/browser/head.js                                         |   19 +++++++++++++++----
 browser/components/migration/FirefoxProfileMigrator.jsm                                    |   13 +++++++++++--
 browser/components/migration/MSMigrationUtils.jsm                                          |    8 ++++++--
 browser/components/migration/MigrationUtils.jsm                                            |    7 ++++++-
 browser/components/originattributes/test/browser/browser_cache.js                          |   24 ++++++++++++++++++------
 browser/components/places/content/bookmarkProperties.js                                    |    3 ++-
 browser/components/places/content/bookmarksSidebar.js                                      |    3 ++-
 browser/components/places/content/browserPlacesViews.js                                    |   11 +++++++++--
 browser/components/places/content/editBookmark.js                                          |    6 ++++--
 browser/components/places/content/historySidebar.js                                        |    3 ++-
 browser/components/places/content/places.js                                                |    3 ++-
 browser/components/places/tests/browser/browser_bug631374_tags_selector_scroll.js          |   16 ++++++++++++++--
 browser/components/pocket/content/SaveToPocket.jsm                                         |    3 ++-
 browser/components/pocket/test/browser_pocket_ui_check.js                                  |    6 ++++--
 browser/components/preferences/in-content/tests/browser_bug731866.js                       |    6 ++++--
 browser/components/preferences/in-content/tests/browser_spotlight.js                       |   24 ++++++++++++++++++------
 browser/components/preferences/selectBookmark.js                                           |    3 ++-
 browser/components/sessionstore/SessionStore.jsm                                           |   23 +++++++++++++++++------
 browser/components/sessionstore/test/browser_522545.js                                     |    9 ++++++---
 browser/components/sessionstore/test/browser_formdata_cc.js                                |   60 ++++++++++++++++++++++++++++++++++++++++--------------------
 browser/components/sessionstore/test/head.js                                               |   15 ++++++++++-----
 browser/components/touchbar/MacTouchBar.js                                                 |    7 +++++--
 browser/components/uitour/test/browser_UITour_modalDialog.js                               |    3 ++-
 browser/components/urlbar/UrlbarInput.jsm                                                  |   33 ++++++++++++++++++++++++++-------
 browser/components/urlbar/tests/browser/browser_canonizeURL.js                             |    3 ++-
 browser/extensions/formautofill/FormAutofillUtils.jsm                                      |   15 +++++++++++++--
 browser/extensions/formautofill/test/unit/test_collectFormFields.js                        |   24 +++++++++++++++++++-----
 browser/extensions/formautofill/test/unit/test_extractLabelStrings.js                      |    7 +++++--
 browser/extensions/webcompat-reporter/background.js                                        |    9 +++++++--
 browser/modules/ContentSearch.jsm                                                          |    6 ++++--
 browser/modules/PingCentre.jsm                                                             |  146 ++++++++++++++++++++++++++++++++++++++++++++++++++++++++++++++++++++++++++++++++++++++++++++++++++++++++++++++++++++++++++++++++++++++------------
 browser/modules/test/unit/test_SitePermissions.js                                          |   35 +++++++++++++++++++++++++++++------
 browser/tools/mozscreenshots/mozscreenshots/extension/configurations/DevTools.jsm          |    8 ++++++--
 devtools/client/dom/test/browser_dom_array.js                                              |   28 ++++++++++++++++++++++++++--
 devtools/client/framework/ToolboxProcess.jsm                                               |    6 ++++--
 devtools/client/framework/test/browser_toolbox_toolbar_reorder_by_dnd.js                   |   80 ++++++++++++++++++++++++++++++++++++++++++++++++++++++++++++++++----------------
 devtools/client/framework/test/browser_toolbox_toolbar_reorder_with_extension.js           |   48 +++++++++++++++++++++++++++++++++++++++---------
 devtools/client/framework/test/browser_toolbox_toolbar_reorder_with_hidden_extension.js    |  119 +++++++++++++++++++++++++++++++++++++++++++++++++++++++++++++++++++++++++++++++++++++++++++++++++++--------------------
 devtools/client/framework/toolbox.js                                                       |   17 +++++++++++++----
 devtools/client/inspector/animation/test/browser_animation_summary-graph_layout-by-seek.js |    6 ++++--
 devtools/client/inspector/boxmodel/components/BoxModelProperties.js                        |    8 ++++++--
 devtools/client/inspector/markup/markup.js                                                 |   14 ++++++++++++--
 devtools/client/inspector/markup/test/browser_markup_css_completion_style_attribute_01.js  |   28 ++++++++++++++++++++--------
 devtools/client/inspector/markup/test/browser_markup_css_completion_style_attribute_02.js  |   14 ++++++++++----
 devtools/client/inspector/markup/test/browser_markup_css_completion_style_attribute_03.js  |    7 +++++--
 devtools/client/inspector/markup/views/element-editor.js                                   |   19 ++++++++++++++++---
 devtools/client/inspector/rules/test/browser_rules_class_panel_content.js                  |   55 ++++++++++++++++++++++++++++++++++++++++++++++++++-----
 devtools/client/inspector/test/browser_inspector_breadcrumbs_mutations.js                  |   46 +++++++++++++++++++++++++++++++++++-----------
 devtools/client/inspector/test/browser_inspector_search-06.js                              |    7 ++++++-
 devtools/client/netmonitor/src/connector/chrome/utils.js                                   |    8 ++++++--
 devtools/client/netmonitor/test/browser_net_cookies_sorted.js                              |   17 ++++++++++++++---
 devtools/client/netmonitor/test/browser_net_filter-02.js                                   |   58 ++++++++++++++++++++++++++++++++++++++++++++++++++++++----
 devtools/client/netmonitor/test/browser_net_headers_filter.js                              |   19 +++++++++++++++----
 devtools/client/netmonitor/test/browser_net_headers_sorted.js                              |   59 +++++++++++++++++++++++++++++++++++++++++++++--------------
 devtools/client/performance/components/JITOptimizationsItem.js                             |    6 +++++-
 devtools/client/performance/modules/widgets/tree-view.js                                   |    3 ++-
 devtools/client/performance/test/helpers/profiler-mm-utils.js                              |    4 +++-
 devtools/client/performance/test/unit/test_frame-utils-01.js                               |   18 +++++++++++++++---
 devtools/client/performance/test/unit/test_tree-model-08.js                                |   12 ++++++++++--
 devtools/client/performance/test/unit/test_tree-model-allocations-01.js                    |   10 ++++++++--
 devtools/client/performance/test/unit/test_tree-model-allocations-02.js                    |   10 ++++++++--
 devtools/client/scratchpad/test/browser_scratchpad_throw_output.js                         |   10 ++++++++--
 devtools/client/shared/inplace-editor.js                                                   |   16 ++++++++++++----
 devtools/client/shared/output-parser.js                                                    |   28 ++++++++++++++++++++--------
 devtools/client/shared/sourceeditor/css-autocompleter.js                                   |    3 ++-
 devtools/client/shared/sourceeditor/debugger.js                                            |   17 ++++++++++++++---
 devtools/client/shared/sourceeditor/test/browser_css_getInfo.js                            |   21 +++++++++++++++------
 devtools/client/shared/test/browser_graphs-02.js                                           |   57 ++++++++++++++++++++++++++++++++++++++-------------------
 devtools/client/shared/test/browser_graphs-05.js                                           |   57 ++++++++++++++++++++++++++++++++++++++-------------------
 devtools/client/shared/test/browser_graphs-06.js                                           |   57 ++++++++++++++++++++++++++++++++++++++-------------------
 devtools/client/shared/test/browser_graphs-07a.js                                          |   57 ++++++++++++++++++++++++++++++++++++++-------------------
 devtools/client/shared/test/browser_graphs-07b.js                                          |   57 ++++++++++++++++++++++++++++++++++++++-------------------
 devtools/client/shared/test/browser_graphs-07c.js                                          |   57 ++++++++++++++++++++++++++++++++++++++-------------------
 devtools/client/shared/test/browser_graphs-07d.js                                          |   57 ++++++++++++++++++++++++++++++++++++++-------------------
 devtools/client/shared/test/browser_graphs-07e.js                                          |   57 ++++++++++++++++++++++++++++++++++++++-------------------
 devtools/client/shared/test/browser_graphs-08.js                                           |   57 ++++++++++++++++++++++++++++++++++++++-------------------
 devtools/client/shared/test/browser_graphs-09a.js                                          |   57 ++++++++++++++++++++++++++++++++++++++-------------------
 devtools/client/shared/test/browser_graphs-09b.js                                          |   57 ++++++++++++++++++++++++++++++++++++++-------------------
 devtools/client/shared/test/browser_graphs-09e.js                                          |   57 ++++++++++++++++++++++++++++++++++++++-------------------
 devtools/client/shared/test/browser_graphs-10a.js                                          |   57 ++++++++++++++++++++++++++++++++++++++-------------------
 devtools/client/shared/test/browser_graphs-10b.js                                          |   57 ++++++++++++++++++++++++++++++++++++++-------------------
 devtools/client/shared/test/browser_graphs-10c.js                                          |   57 ++++++++++++++++++++++++++++++++++++++-------------------
 devtools/client/shared/test/browser_graphs-14.js                                           |   57 ++++++++++++++++++++++++++++++++++++++-------------------
 devtools/client/shared/test/browser_outputparser.js                                        |  129 ++++++++++++++++++++++++++++++++++++++++++++++++++++++++++++++++++++++++++++++++++++++-------------------------------------------
 devtools/client/shared/test/browser_telemetry_sidebar.js                                   |    4 +++-
 devtools/client/shared/test/browser_theme.js                                               |   28 ++++++++++++++++++++++------
 devtools/client/shared/test/helper_inplace_editor.js                                       |    8 ++++++--
 devtools/client/shared/test/leakhunt.js                                                    |   17 +++++++++++++----
 devtools/client/shared/test/unit/test_source-utils.js                                      |    8 ++++++--
 devtools/client/shared/widgets/Spectrum.js                                                 |    4 +++-
 devtools/client/shared/widgets/VariablesView.jsm                                           |   10 ++++++++--
 devtools/client/storage/test/browser_storage_delete.js                                     |   15 ++++++++++-----
 devtools/client/storage/test/browser_storage_delete_all.js                                 |    3 ++-
 devtools/client/storage/test/browser_storage_delete_usercontextid.js                       |   15 ++++++++++-----
 devtools/client/storage/test/browser_storage_sidebar.js                                    |    3 ++-
 devtools/client/styleeditor/test/browser_styleeditor_media_sidebar.js                      |    4 +++-
 devtools/client/webconsole/enhancers/actor-releaser.js                                     |    4 +++-
 devtools/client/webconsole/test/mochitest/browser_console_webconsole_ctrlw_close_tab.js    |    3 ++-
 devtools/server/actors/csscoverage.js                                                      |   55 ++++++++++++++++++++++++++++++++++++++++++++++---------
 devtools/server/actors/highlighters/css-grid.js                                            |    4 +++-
 devtools/server/actors/highlighters/shapes.js                                              |    6 ++++--
 devtools/server/actors/network-monitor/network-response-listener.js                        |    6 ++++--
 devtools/server/actors/object/utils.js                                                     |   12 +++++++++---
 devtools/server/actors/performance.js                                                      |    8 ++++++--
 devtools/server/actors/utils/walker-search.js                                              |    7 +++++--
 devtools/server/actors/webconsole.js                                                       |    9 +++++++--
 devtools/server/tests/browser/browser_animation_playPauseSeveral.js                        |    3 ++-
 devtools/server/tests/unit/test_forwardingprefix.js                                        |    6 ++++--
 devtools/server/tests/unit/test_frameactor_wasm-01.js                                      |   76 +++++++++++++++++++++++++++++++++++++++++++++++++++++++++++++++++++++++++---
 devtools/server/tests/unit/test_protocol_children.js                                       |    7 +++++--
 devtools/server/tests/unit/test_wasm_source-01.js                                          |   61 ++++++++++++++++++++++++++++++++++++++++++++++++++++++++++---
 devtools/shared/Loader.jsm                                                                 |    7 +++++--
 devtools/shared/css/lexer.js                                                               |  144 ++++++++++++++++++++++++++++++++++++++++++++++++++++++++++++++++++++++++++++++++++++++++++++++++++++++++++++++++++++++++++++++++----------------
 devtools/shared/heapsnapshot/tests/unit/test_getCensusIndividuals_01.js                    |   12 +++++++++---
 devtools/shared/layout/dom-matrix-2d.js                                                    |  116 +++++++++++++++++++++++++++++++++++++++++++++++++++++++++++++++++++++++++++++++++++++++-----------------------------
 devtools/shared/plural-form.js                                                             |   11 +++++++++--
 devtools/shared/task.js                                                                    |    4 +++-
 devtools/shared/tests/unit/test_csslexer.js                                                |   32 ++++++++++++++++++++++----------
 docshell/test/chrome/docshell_helpers.js                                                   |   10 ++++++++--
 docshell/test/unit/test_nsDefaultURIFixup_info.js                                          |  276 ++++++++++++++++++++++++++++++++++++++++++++++++++++++++++++++++++++++++++++++++++++++++++++++++++++++++++++++++++++++++++++++++++++++++++++++++++++++++++++++++++++++++++++++++++++++++--------------------------------------------------------------------------------------------
 dom/ipc/tests/browser_domainPolicy.js                                                      |   15 ++++++++++-----
 dom/manifest/ManifestProcessor.jsm                                                         |   13 ++++++++++---
 dom/manifest/test/browser_ManifestObtainer_obtain.js                                       |   15 ++++++++++-----
 dom/manifest/test/common.js                                                                |    7 +++++--
 dom/media/IdpSandbox.jsm                                                                   |   15 ++++++++++++---
 dom/media/mediasource/test/mediasource.js                                                  |   20 +++++++++++++++++---
 gfx/layers/layerviewer/layerTreeView.js                                                    |   12 ++++++++----
 intl/l10n/DOMLocalization.jsm                                                              |   37 ++++++++++++++++++++++++++++++++-----
 intl/l10n/FluentSyntax.jsm                                                                 |   22 +++++++++++++++++-----
 js/src/builtin/Sorting.js                                                                  |  528 ++++++++++++++++++++++++++++++++++++++++++++++++++++++++++++++++++++++++++++++++++++++++++++++++++++++++++++++++++++++++++++++++++++++++++++++++++++++++++++++++++++++++++++++++++++++++++++++++++++++++++++++++++++++++++++++++++++++++++++++++++++++++++++++++++++++++++++++++++++++++++++++++++++++++++++++++++++++++++++++++++++++++++++++++++++++++++++++++++++++++++++++++++++++++++++++++++++++++++++++++++++++++++++++++++++++++++++++++++++++++++++++++++++++++++++++++++++++++++++++++++++++++++++++++++++++++++++++++----------------
 js/src/builtin/intl/NumberFormat.js                                                        |   27 ++++++++++++++++++++++-----
 memory/replace/dmd/test/test_dmd.js                                                        |    3 ++-
 mobile/android/chrome/content/PermissionsHelper.js                                         |   10 ++++++++--
 mobile/android/chrome/geckoview/GeckoViewMediaChild.js                                     |   26 ++++++++++++++++++++++----
 mobile/android/components/NSSDialogService.js                                              |   33 ++++++++++++++++++++++-----------
 mobile/android/extensions/report-site-issue/background.js                                  |    9 +++++++--
 mobile/android/modules/geckoview/GeckoViewAutoFill.jsm                                     |   17 ++++++++++++++---
 modules/libmar/tests/unit/head_libmar.js                                                   |   10 ++++++++--
 netwerk/test/httpserver/httpd.js                                                           |  163 ++++++++++++++++++++++++++++++++++++++++++++++++++++++++++++++++++++++++++++++++++++++++++++++++++++++++++++++++++++++++++++++++++++++++++++++---------------------
 netwerk/test/httpserver/test/test_async_response_sending.js                                |    3 ++-
 security/manager/pki/resources/content/pippki.js                                           |    6 ++++--
 security/manager/ssl/tests/unit/test_cert_dbKey.js                                         |  118 ++++++++++++++++++++++++++++++++++++++++++++++++++++++++++++++++++++++++++++++++++++++++++++++++++--------------------
 security/manager/ssl/tests/unit/test_cert_keyUsage.js                                      |   12 ++++++++----
 security/manager/ssl/tests/unit/test_content_signing.js                                    |    3 ++-
 security/manager/ssl/tests/unit/test_der.js                                                |   52 ++++++++++++++++++++++++++++++++++++++--------------
 security/manager/ssl/tests/unit/test_intermediate_basic_usage_constraints.js               |    6 ++++--
 security/manager/ssl/tests/unit/test_x509.js                                               |   22 ++++++++++++++++++++--
 security/sandbox/test/browser_bug1393259.js                                                |    3 ++-
 services/common/tests/unit/test_restrequest.js                                             |   13 ++++++++++---
 services/common/tests/unit/test_utils_convert_string.js                                    |   81 ++++++++++++++++++++++++++++++++++++++++++++++++++++++++++++++++++++++++---------
 services/fxaccounts/FxAccountsCommon.js                                                    |   11 +++++++++--
 services/sync/modules/addonsreconciler.js                                                  |    6 ++++--
 services/sync/modules/collection_repair.js                                                 |    3 ++-
 services/sync/modules/engines.js                                                           |   15 ++++++++++-----
 services/sync/modules/engines/bookmarks.js                                                 |   20 ++++++++++++++------
 services/sync/modules/engines/clients.js                                                   |   13 ++++++++++---
 services/sync/modules/engines/passwords.js                                                 |   12 +++++++++---
 services/sync/modules/policies.js                                                          |    9 +++++++--
 services/sync/modules/service.js                                                           |    8 ++++++--
 services/sync/modules/telemetry.js                                                         |   20 ++++++++++++++++----
 services/sync/tests/unit/test_addons_reconciler.js                                         |   10 ++++++++--
 services/sync/tests/unit/test_bookmark_engine.js                                           |   28 ++++++++++++++++++++++------
 services/sync/tests/unit/test_bookmark_store.js                                            |    8 ++++++--
 services/sync/tests/unit/test_bookmark_tracker.js                                          |   20 +++++++++++++++-----
 services/sync/tests/unit/test_collections_recovery.js                                      |    9 +++++++--
 services/sync/tests/unit/test_history_engine.js                                            |   13 ++++++++++---
 services/sync/tests/unit/test_resource.js                                                  |   13 ++++++++++---
 services/sync/tests/unit/test_syncengine_sync.js                                           |   10 ++++++++--
 services/sync/tests/unit/test_uistate.js                                                   |    9 ++++++---
 services/sync/tps/extensions/tps/resource/modules/bookmarks.jsm                            |    7 +++++--
 services/sync/tps/extensions/tps/resource/tps.jsm                                          |   15 ++++++++++++---
 storage/test/unit/test_like.js                                                             |   11 +++++++++--
 storage/test/unit/test_retry_on_busy.js                                                    |   20 +++++++++++++++-----
 storage/test/unit/test_storage_aggregates.js                                               |    7 +++++--
 storage/test/unit/test_storage_function.js                                                 |    7 +++++--
 storage/test/unit/test_storage_progresshandler.js                                          |    6 ++++--
 storage/test/unit/test_storage_statement.js                                                |   18 ++++++++++++------
 testing/marionette/driver.js                                                               |    9 ++++++---
 testing/marionette/test/unit/test_capabilities.js                                          |   24 ++++++++++++++++++++----
 testing/mochitest/browser-test.js                                                          |   10 +++++++---
 testing/mochitest/server.js                                                                |  103 +++++++++++++++++++++++++++++++++++++++++++++++++++++++++++++++++++++++++++++++++++++++++++------------
 testing/specialpowers/content/specialpowersAPI.js                                          |   21 ++++++++++++++++-----
 testing/talos/talos/tests/devtools/addon/content/damp-tests.js                             |   57 ++++++++++++++++++++++++++++++++++++++-------------------
 toolkit/components/contentprefs/tests/unit_cps2/test_observers.js                          |    9 ++++++---
 toolkit/components/ctypes/tests/unit/test_jsctypes.js                                      |  416 +++++++++++++++++++++++++++++++++++++++++++++++++++++++++++++++++++++++++++++++++++++++++++++++++++++++++++++++++++++++++++++++++++++++++++++++++++++++++++++++++++++++++++++++++++++++++++++++++++++++++++++++++++++++++++++++++++++++++++++++++++++++++++++++++++++++++++++++++++++++++++++++++++++++++++++++++++++++++++++++++++++++++++++++++++++++++++++++++++++++++++-----------------------------------------------------
 toolkit/components/downloads/DownloadCore.jsm                                              |    4 +++-
 toolkit/components/extensions/MessageChannel.jsm                                           |    9 +++++++--
 toolkit/components/extensions/Schemas.jsm                                                  |   23 ++++++++++++++++++-----
 toolkit/components/extensions/parent/ext-downloads.js                                      |   75 ++++++++++++++++++++++++++++++++++++++++++++++++++++++++++-----------------
 toolkit/components/extensions/parent/ext-tabs-base.js                                      |   12 ++++++++++--
 toolkit/components/extensions/test/xpcshell/test_ext_permission_warnings.js                |   40 ++++++++++++++++++++++++++++++++--------
 toolkit/components/extensions/test/xpcshell/test_ext_redirects.js                          |    9 +++++++--
 toolkit/components/extensions/test/xpcshell/test_ext_webRequest_startup.js                 |    3 ++-
 toolkit/components/extensions/test/xpcshell/test_proxy_listener.js                         |    3 ++-
 toolkit/components/extensions/test/xpcshell/test_proxy_scripts_results.js                  |    3 ++-
 toolkit/components/mozintl/mozIntl.jsm                                                     |  539 +++++++++++++++++++++++++++++++++++++++++++++++++++++++++++++++++++++++++++++++++++++++++++++++++++++++++++++++++++++++++++++++++++++++++++++++++++++++++++++++++++++++++++++++++++++++++++++++++++++++++++++++++++++++++++++++++++++++++++++++++++++++++++++++++++++++++++++++++++++++++++++++++++++++++++++++++++++++++++++++++++++++++++++++++++++++++++++++++++++++++++++++++++++++++++++++++++++++++++++++++++++++++++++++++++++++++++++++++++++++++++++++++++++++++++++++++++++++++++++++------------------------------------------------------------
 toolkit/components/narrate/Narrator.jsm                                                    |   16 ++++++++++++----
 toolkit/components/osfile/modules/osfile_async_front.jsm                                   |    9 ++++++---
 toolkit/components/passwordmgr/test/browser/browser_passwordmgr_sort.js                    |    8 ++++++--
 toolkit/components/places/Bookmarks.jsm                                                    |  161 +++++++++++++++++++++++++++++++++++++++++++++++++++++++++++++++++++++++++++++++++++++++++++++++++++++++++++++++++------------------------------------------------
 toolkit/components/places/PlacesSyncUtils.jsm                                              |   10 +++++++---
 toolkit/components/places/PlacesTransactions.jsm                                           |    5 ++++-
 toolkit/components/places/PlacesUtils.jsm                                                  |   10 +++++++---
 toolkit/components/places/SyncedBookmarksMirror.jsm                                        |   67 ++++++++++++++++++++++++++++++++++++++++++++++++++++---------------
 toolkit/components/places/tests/bookmarks/test_bookmarks_notifications.js                  |  257 +++++++++++++++++++++++++++++++++++++++++++++++++++++++++++++++++++++++++++++++++++++++++++++++++++++++++++++++++++++++++++++++++++++++++++++++++++++++++++++++++++++++++++++++++++++++++++++++++++++------------------------------------------------------------
 toolkit/components/places/tests/bookmarks/test_bookmarks_reorder.js                        |    6 ++++--
 toolkit/components/places/tests/bookmarks/test_keywords.js                                 |  188 +++++++++++++++++++++++++++++++++++++++++++++++++++++++++++++++++++++++++++++++++++++++++++++++++++++++++++++++++++++++++++++++++++++++++---------------------------------------------------
 toolkit/components/places/tests/bookmarks/test_nsINavBookmarkObserver.js                   |    5 ++++-
 toolkit/components/places/tests/bookmarks/test_removeFolderTransaction_reinsert.js         |   15 ++++++++++++---
 toolkit/components/places/tests/history/test_async_history_api.js                          |   11 +++++++++--
 toolkit/components/places/tests/migration/test_current_from_v50.js                         |    7 +++++--
 toolkit/components/places/tests/sync/test_bookmark_corruption.js                           |   12 +++++++++---
 toolkit/components/places/tests/sync/test_bookmark_deduping.js                             |   16 ++++++++++++----
 toolkit/components/places/tests/sync/test_bookmark_deletion.js                             |    9 ++++++---
 toolkit/components/places/tests/sync/test_bookmark_kinds.js                                |   13 ++++++++++---
 toolkit/components/places/tests/sync/test_bookmark_observer_recorder.js                    |    5 ++++-
 toolkit/components/places/tests/sync/test_bookmark_structure_changes.js                    |   29 +++++++++++++++++++++--------
 toolkit/components/places/tests/sync/test_bookmark_validation.js                           |    6 ++++--
 toolkit/components/places/tests/sync/test_bookmark_value_changes.js                        |   30 +++++++++++++++++++++++-------
 toolkit/components/places/tests/sync/test_sync_utils.js                                    |   87 +++++++++++++++++++++++++++++++++++++++++++++++++++++++++++++++++----------------------
 toolkit/components/places/tests/unifiedcomplete/test_search_suggestions.js                 |   18 ++++++++++++------
 toolkit/components/places/tests/unit/test_keywords.js                                      |  121 ++++++++++++++++++++++++++++++++++++++++++++++++++++++++++++++++++++++++++++++++++++++++---------------------------------
 toolkit/components/places/tests/unit/test_multi_word_tags.js                               |    8 ++++++--
 toolkit/components/prompts/src/Prompter.jsm                                                |    3 ++-
 toolkit/components/remotepagemanager/RemotePageManagerParent.jsm                           |    6 ++++--
 toolkit/components/satchel/test/unit/test_history_api.js                                   |    6 +++++-
 toolkit/components/search/SearchService.jsm                                                |    3 ++-
 toolkit/components/search/tests/xpcshell/test_big_icon.js                                  |    5 ++++-
 toolkit/components/search/tests/xpcshell/test_paramSubstitution.js                         |    5 ++++-
 toolkit/components/search/tests/xpcshell/test_parseSubmissionURL.js                        |   19 ++++++++++++++-----
 toolkit/components/search/tests/xpcshell/test_resultDomain.js                              |    5 ++++-
 toolkit/components/search/tests/xpcshell/test_svg_icon.js                                  |    5 ++++-
 toolkit/components/telemetry/app/TelemetryEnvironment.jsm                                  |   18 +++++++++++++++---
 toolkit/components/telemetry/app/TelemetrySend.jsm                                         |    8 ++++++--
 toolkit/components/telemetry/tests/unit/test_TelemetryEnvironment.js                       |   29 +++++++++++++++++++++++------
 toolkit/components/telemetry/tests/unit/test_TelemetrySession.js                           |    8 ++++++--
 toolkit/components/thumbnails/BackgroundPageThumbs.jsm                                     |    3 ++-
 toolkit/components/timermanager/tests/unit/consumerNotifications.js                        |   48 ++++++++++++++++++++++++++++++++----------------
 toolkit/components/url-classifier/tests/unit/test_hashcompleter.js                         |    6 ++++--
 toolkit/components/xulstore/XULStore.jsm                                                   |    3 ++-
 toolkit/content/aboutwebrtc/aboutWebrtc.js                                                 |   13 +++++++++----
 toolkit/content/tests/browser/browser_autoplay_policy_web_audio.js                         |    6 ++++--
 toolkit/content/tests/browser/browser_datetime_datepicker.js                               |  384 ++++++++++++++++++++++++++++++++++++++++++++++++++++++++++++++++++++++++++++++++++++++++++++++++++++++++++++++++++++++++++++++++++++++++++++++++++++++++++++++++++++++++++++++++++++++++++++++++++++++++++++++++++++++++++++++++++++++++++++++++++++++++++++++++++++++++++++++++++++++++++++++++++++++++++++++++++++++++++++++++++++++++++++++++------------------------------------------------
 toolkit/content/tests/chrome/popup_trigger.js                                              |  210 +++++++++++++++++++++++++++++++++++++++++++++++++++++++++++++++++++++++++++++++++++++++++++++++++++++++++++++++++++++++++++++++++++++++++++++++++++++++++++-------------------------------------------------------
 toolkit/content/widgets/datetimebox.js                                                     |    9 ++++++---
 toolkit/content/widgets/marquee.js                                                         |    8 ++++++--
 toolkit/content/widgets/videocontrols.js                                                   |   41 ++++++++++++++++++++++++++++++++---------
 toolkit/crashreporter/test/browser/browser_clearReports.js                                 |    9 +++++++--
 toolkit/crashreporter/test/unit/head_crashreporter.js                                      |    6 ++++--
 toolkit/crashreporter/test/unit/test_crashreporter_crash.js                                |    7 +++++--
 toolkit/modules/FindBarContent.jsm                                                         |   11 +++++++++--
 toolkit/modules/FinderHighlighter.jsm                                                      |   17 ++++++++++++++---
 toolkit/modules/GMPInstallManager.jsm                                                      |    4 +++-
 toolkit/modules/HiddenFrame.jsm                                                            |    3 ++-
 toolkit/modules/NewTabUtils.jsm                                                            |    8 ++++++--
 toolkit/modules/Timer.jsm                                                                  |   11 ++++++++---
 toolkit/modules/Troubleshoot.jsm                                                           |   12 ++++++++----
 toolkit/modules/UpdateUtils.jsm                                                            |   14 +++++++++++---
 toolkit/modules/addons/WebRequest.jsm                                                      |   16 ++++++++++++++--
 toolkit/modules/tests/browser/head.js                                                      |    6 ++++--
 toolkit/modules/tests/xpcshell/test_UpdateUtils_url.js                                     |   14 +++++++++++---
 toolkit/mozapps/extensions/AddonManager.jsm                                                |   20 +++++++++++++++-----
 toolkit/mozapps/extensions/Blocklist.jsm                                                   |   18 +++++++++++++++---
 toolkit/mozapps/extensions/LightweightThemeManager.jsm                                     |   13 ++++++++++---
 toolkit/mozapps/extensions/content/extensions.js                                           |   36 +++++++++++++++++++++++++-----------
 toolkit/mozapps/extensions/content/shortcuts.js                                            |   60 +++++++++++++++++++++++++++++++++++++++++++++++++++++-------
 toolkit/mozapps/extensions/internal/AddonTestUtils.jsm                                     |    3 ++-
 toolkit/mozapps/extensions/internal/XPIDatabase.jsm                                        |  117 ++++++++++++++++++++++++++++++++++++++++++++++++++++++++++++++++++++++++++++++++++++++++-----------------------------
 toolkit/mozapps/extensions/internal/XPIInstall.jsm                                         |   11 +++++++++--
 toolkit/mozapps/extensions/internal/XPIProvider.jsm                                        |   89 +++++++++++++++++++++++++++++++++++++++++++++++++++++++++++++++--------------------------
 toolkit/mozapps/extensions/test/browser/browser_theme_previews.js                          |    3 ++-
 toolkit/mozapps/extensions/test/xpcshell/test_AddonRepository.js                           |   26 +++++++++++++++++++-------
 toolkit/mozapps/extensions/test/xpcshell/test_AddonRepository_cache.js                     |   21 ++++++++++++++++-----
 toolkit/mozapps/extensions/test/xpcshell/test_LightweightThemeManager.js                   |   13 ++++++++++---
 toolkit/mozapps/extensions/test/xpcshell/test_addon_manager_telemetry_events.js            |    6 ++++--
 toolkit/mozapps/extensions/test/xpcshell/test_pref_properties.js                           |    3 ++-
 toolkit/mozapps/extensions/test/xpcshell/test_shutdown.js                                  |   66 ++++++++++++++++++++++++++++++++++++++++++++++--------------------
 toolkit/mozapps/update/UpdateService.jsm                                                   |   21 +++++++++++++++++----
 toolkit/mozapps/update/tests/data/xpcshellUtilsAUS.js                                      |   59 ++++++++++++++++++++++++++++++++++++++++++++++-------------
 toolkit/mozapps/update/tests/unit_aus_update/updateManagerXML.js                           |   21 +++++++++++++++++----
 toolkit/mozapps/update/tests/unit_service_updater/checkUpdaterSigSvc.js                    |    3 ++-
 toolkit/profile/content/createProfileWizard.js                                             |   39 ++++++++++++++++++++++++++++++++++++---
 xpcom/tests/unit/test_nsIProcess.js                                                        |   10 ++++++++--
 xpcom/tests/unit/test_systemInfo.js                                                        |   10 ++++++++--
 316 files changed, 8883 insertions(+), 2667 deletions(-)
