 accessible/jsat/Constants.jsm                                                                       |   4 ++--
 accessible/jsat/Traversal.jsm                                                                       |   2 +-
 accessible/tests/mochitest/attributes.js                                                            |  16 ++++++++--------
 accessible/tests/mochitest/common.js                                                                |  20 ++++++++++----------
 accessible/tests/mochitest/editabletext/editabletext.js                                             |   2 +-
 accessible/tests/mochitest/events.js                                                                |   6 +++---
 accessible/tests/mochitest/treeview.js                                                              |   4 ++--
 browser/base/content/browser-addons.js                                                              |  14 +++++++-------
 browser/base/content/browser-fullZoom.js                                                            |   6 +++---
 browser/base/content/browser-plugins.js                                                             |   2 +-
 browser/base/content/browser.js                                                                     |  12 ++++++------
 browser/base/content/contentSearchUI.js                                                             |   4 ++--
 browser/base/content/pageinfo/pageInfo.js                                                           |  44 ++++++++++++++++++++++----------------------
 browser/base/content/tabbrowser.js                                                                  |   4 ++--
 browser/base/content/test/about/head.js                                                             |   4 ++--
 browser/base/content/test/general/browser_beforeunload_duplicate_dialogs.js                         |   2 +-
 browser/base/content/test/general/browser_bug321000.js                                              |   2 +-
 browser/base/content/test/general/browser_gZipOfflineChild.js                                       |   2 +-
 browser/base/content/test/general/browser_invalid_uri_back_forward_manipulation.js                  |   2 +-
 browser/base/content/test/general/browser_minimize.js                                               |   4 ++--
 browser/base/content/test/general/browser_printpreview.js                                           |   2 +-
 browser/base/content/test/general/browser_remoteWebNavigation_postdata.js                           |   2 +-
 browser/base/content/test/general/browser_tabfocus.js                                               |   2 +-
 browser/base/content/test/general/head.js                                                           |   2 +-
 browser/base/content/test/historySwipeAnimation/browser_historySwipeAnimation.js                    |   2 +-
 browser/base/content/test/permissions/browser_canvas_fingerprinting_resistance.js                   |   2 +-
 browser/base/content/test/plugins/browser_bug744745.js                                              |   2 +-
 browser/base/content/test/plugins/browser_bug820497.js                                              |   6 +++---
 browser/base/content/test/plugins/head.js                                                           |   2 +-
 browser/base/content/test/popups/browser_popup_close_main_window.js                                 |   4 ++--
 browser/base/content/test/sanitize/browser_cookiePermission_aboutURL.js                             |   4 ++--
 browser/base/content/test/sanitize/browser_sanitize-timespans.js                                    |  10 +++++-----
 browser/base/content/test/sanitize/browser_sanitizeDialog.js                                        |   4 ++--
 browser/base/content/test/siteIdentity/browser_csp_block_all_mixedcontent.js                        |   2 +-
 browser/base/content/test/sync/browser_sync.js                                                      |   2 +-
 browser/base/content/test/tabcrashed/head.js                                                        |   2 +-
 browser/base/content/test/tabs/browser_paste_event_at_middle_click_on_link.js                       |   2 +-
 browser/base/content/test/tabs/browser_tabSwitchPrintPreview.js                                     |   2 +-
 browser/base/content/test/tabs/browser_tabswitch_updatecommands.js                                  |   2 +-
 browser/base/content/test/webextensions/head.js                                                     |   6 +++---
 browser/base/content/test/webrtc/head.js                                                            |   2 +-
 browser/base/content/utilityOverlay.js                                                              |   2 +-
 browser/components/BrowserContentHandler.jsm                                                        |   2 +-
 browser/components/BrowserGlue.jsm                                                                  |  14 +++++++-------
 browser/components/contextualidentity/test/browser/browser_blobUrl.js                               |   6 +++---
 browser/components/contextualidentity/test/browser/browser_eme.js                                   |   2 +-
 browser/components/contextualidentity/test/browser/browser_forgetAPI_EME_forgetThisSite.js          |   2 +-
 browser/components/contextualidentity/test/browser/browser_windowName.js                            |   2 +-
 browser/components/customizableui/CustomizeMode.jsm                                                 |   2 +-
 browser/components/customizableui/content/panelUI.js                                                |   4 ++--
 browser/components/customizableui/test/browser_976792_insertNodeInWindow.js                         |   4 ++--
 browser/components/customizableui/test/browser_editcontrols_update.js                               |   4 ++--
 browser/components/customizableui/test/browser_panelUINotifications.js                              |  12 ++++++------
 browser/components/customizableui/test/browser_panelUINotifications_fullscreen.js                   |   2 +-
 browser/components/customizableui/test/browser_panelUINotifications_fullscreen_noAutoHideToolbar.js |   2 +-
 browser/components/customizableui/test/browser_panelUINotifications_multiWindow.js                  |   2 +-
 browser/components/customizableui/test/browser_synced_tabs_menu.js                                  |   6 +++---
 browser/components/distribution.js                                                                  |  12 ++++++------
 browser/components/enterprisepolicies/tests/browser/browser_policies_sorted_alphabetically.js       |   2 +-
 browser/components/enterprisepolicies/tests/browser/browser_policy_cookie_settings.js               |   4 ++--
 browser/components/extensions/parent/ext-browserAction.js                                           |   2 +-
 browser/components/extensions/parent/ext-sidebarAction.js                                           |   2 +-
 browser/components/extensions/test/browser/browser_ext_browsingData_localStorage.js                 |   2 +-
 browser/components/extensions/test/browser/browser_ext_menus_event_order.js                         |   2 +-
 browser/components/extensions/test/browser/browser_ext_menus_events.js                              |  10 +++++-----
 browser/components/extensions/test/browser/browser_ext_menus_replace_menu.js                        |   2 +-
 browser/components/extensions/test/browser/browser_ext_menus_replace_menu_permissions.js            |   8 ++++----
 browser/components/extensions/test/browser/browser_ext_omnibox.js                                   |   2 +-
 browser/components/extensions/test/browser/browser_ext_pageAction_show_matches.js                   |   2 +-
 browser/components/extensions/test/browser/browser_ext_sessions_window_tab_value.js                 |   4 ++--
 browser/components/extensions/test/browser/browser_ext_tab_runtimeConnect.js                        |   2 +-
 browser/components/extensions/test/browser/browser_ext_tabs_events.js                               |   2 +-
 browser/components/extensions/test/browser/browser_ext_tabs_sendMessage.js                          |   4 ++--
 browser/components/extensions/test/browser/browser_ext_url_overrides_newtab.js                      |   2 +-
 browser/components/extensions/test/browser/head.js                                                  |   8 ++++----
 browser/components/extensions/test/xpcshell/test_ext_settings_overrides_shutdown.js                 |   2 +-
 browser/components/migration/360seProfileMigrator.jsm                                               |   2 +-
 browser/components/migration/ChromeProfileMigrator.jsm                                              |   4 ++--
 browser/components/migration/EdgeProfileMigrator.jsm                                                |   8 ++++----
 browser/components/migration/MSMigrationUtils.jsm                                                   |   4 ++--
 browser/components/migration/MigrationUtils.jsm                                                     |   6 +++---
 browser/components/migration/SafariProfileMigrator.jsm                                              |   2 +-
 browser/components/places/content/treeView.js                                                       |   4 ++--
 browser/components/places/tests/browser/browser_bookmarklet_windowOpen.js                           |   2 +-
 browser/components/places/tests/browser/browser_copy_query_without_tree.js                          |   6 +++---
 browser/components/places/tests/browser/browser_drag_bookmarks_on_toolbar.js                        |   2 +-
 browser/components/places/tests/unit/test_clearHistory_shutdown.js                                  |   6 +++---
 browser/components/pocket/content/Pocket.jsm                                                        |   4 ++--
 browser/components/pocket/content/main.js                                                           |   4 ++--
 browser/components/preferences/blocklists.js                                                        |  10 +++++-----
 browser/components/preferences/in-content/preferences.js                                            |   2 +-
 browser/components/preferences/in-content/search.js                                                 |  24 ++++++++++++------------
 browser/components/preferences/in-content/sync.js                                                   |   2 +-
 browser/components/preferences/in-content/tests/browser_applications_selection.js                   |   2 +-
 browser/components/preferences/in-content/tests/browser_basic_rebuild_fonts_test.js                 |   4 ++--
 browser/components/preferences/in-content/tests/browser_subdialogs.js                               |  30 +++++++++++++++---------------
 browser/components/preferences/in-content/tests/browser_sync_pairing.js                             |   4 ++--
 browser/components/preferences/in-content/tests/browser_sync_sanitize.js                            |   2 +-
 browser/components/privatebrowsing/test/browser/browser_privatebrowsing_blobUrl.js                  |   6 +++---
 browser/components/privatebrowsing/test/browser/browser_privatebrowsing_downloadLastDir_c.js        |   2 +-
 browser/components/privatebrowsing/test/browser/browser_privatebrowsing_geoprompt.js                |   2 +-
 browser/components/protocolhandler/WebProtocolHandlerRegistrar.jsm                                  |   4 ++--
 browser/components/search/content/searchbar.js                                                      |   4 ++--
 browser/components/search/test/browser/browser_426329.js                                            |   4 ++--
 browser/components/sessionstore/SessionStore.jsm                                                    |   6 +++---
 browser/components/sessionstore/content/aboutSessionRestore.js                                      |  26 +++++++++++++-------------
 browser/components/sessionstore/test/browser_459906.js                                              |   2 +-
 browser/components/sessionstore/test/browser_739805.js                                              |   2 +-
 browser/components/sessionstore/test/browser_async_remove_tab.js                                    |   2 +-
 browser/components/syncedtabs/test/xpcshell/test_TabListComponent.js                                |   2 +-
 browser/components/tests/browser/browser_contentpermissionprompt.js                                 |   8 ++++----
 browser/components/tests/startupRecorder.js                                                         |   2 +-
 browser/components/translation/BingTranslator.jsm                                                   |   2 +-
 browser/components/translation/GoogleTranslator.jsm                                                 |   2 +-
 browser/components/translation/YandexTranslator.jsm                                                 |   2 +-
 browser/components/translation/test/browser_translation_infobar.js                                  |   2 +-
 browser/components/uitour/test/browser_UITour_defaultBrowser.js                                     |   2 +-
 browser/components/uitour/test/browser_UITour_modalDialog.js                                        |   2 +-
 browser/components/urlbar/UrlbarPrefs.jsm                                                           |   2 +-
 browser/components/urlbar/tests/browser/browser_action_searchengine.js                              |   2 +-
 browser/components/urlbar/tests/browser/browser_action_searchengine_alias.js                        |   2 +-
 browser/components/urlbar/tests/browser/browser_remotetab.js                                        |   4 ++--
 browser/components/urlbar/tests/browser/browser_stop_pending.js                                     |   4 ++--
 browser/components/urlbar/tests/browser/browser_switchTab_override.js                               |   2 +-
 browser/components/urlbar/tests/browser/browser_urlbarCopying.js                                    |   2 +-
 browser/components/urlbar/tests/legacy/browser_switchtab_override_keynav.js                         |   2 +-
 browser/components/urlbar/tests/unit/test_UrlbarController_unit.js                                  |   2 +-
 browser/extensions/formautofill/FormAutofill.jsm                                                    |   4 ++--
 browser/extensions/formautofill/FormAutofillUtils.jsm                                               |   2 +-
 browser/extensions/fxmonitor/privileged/subscripts/EveryWindow.jsm                                  |   2 +-
 browser/extensions/webcompat/aboutCompat.js                                                         |   4 ++--
 browser/modules/AsanReporter.jsm                                                                    |   4 ++--
 browser/modules/ContentClick.jsm                                                                    |   2 +-
 browser/modules/FaviconLoader.jsm                                                                   |   2 +-
 browser/modules/PermissionUI.jsm                                                                    |   2 +-
 browser/modules/WindowsJumpLists.jsm                                                                |  16 ++++++++--------
 browser/modules/test/browser/browser_UsageTelemetry_urlbar_remotetab.js                             |   4 ++--
 browser/modules/test/unit/test_LiveBookmarkMigrator.js                                              |   2 +-
 caps/tests/unit/test_origin.js                                                                      |   4 ++--
 chrome/test/unit/test_no_remote_registration.js                                                     |   2 +-
 devtools/client/inspector/markup/test/helper_diff.js                                                |   8 ++++----
 devtools/client/jsonview/components/JsonPanel.js                                                    |   2 +-
 devtools/client/scratchpad/test/browser_scratchpad_eval_func.js                                     |   4 ++--
 devtools/server/actors/replay/control.js                                                            |  12 ++++++------
 devtools/server/actors/replay/debugger.js                                                           | 156 ++++++++++++++++++++++++++++++++++++++++++++++++++++++++++++++++++++++++++++++------------------------------------------------------------------------------
 devtools/server/tests/unit/test_new_source-02.js                                                    |   2 +-
 devtools/server/tests/unit/test_objectgrips-10.js                                                   |   6 +++---
 devtools/shared/deprecated-sync-thenables.js                                                        |   6 +++---
 docshell/test/chrome/docshell_helpers.js                                                            |   6 +++---
 docshell/test/unit/test_setUsePrivateBrowsing.js                                                    |   4 ++--
 dom/asmjscache/test/file_slow.js                                                                    |   2 +-
 dom/base/test/chrome/bug418986-1.js                                                                 |   2 +-
 dom/base/test/chrome/cpows_child.js                                                                 |  12 ++++++------
 dom/base/test/unit/test_chromeutils_shallowclone.js                                                 |   8 ++++----
 dom/base/test/unit/test_error_codes.js                                                              |   2 +-
 dom/base/test/unit/test_thirdpartyutil.js                                                           |   8 ++++----
 dom/broadcastchannel/tests/browser_private_browsing.js                                              |   4 ++--
 dom/crypto/test/util.js                                                                             |   4 ++--
 dom/filesystem/tests/worker_basic.js                                                                |   8 ++++----
 dom/indexedDB/test/browser_private_idb.js                                                           |   4 ++--
 dom/indexedDB/test/helpers.js                                                                       |   4 ++--
 dom/indexedDB/test/unit/test_cursor_cycle.js                                                        |   2 +-
 dom/indexedDB/test/unit/test_getAll.js                                                              |   2 +-
 dom/indexedDB/test/unit/test_indexes_bad_values.js                                                  |   2 +-
 dom/indexedDB/test/unit/test_objectCursors.js                                                       |   4 ++--
 dom/indexedDB/test/unit/test_remove_objectStore.js                                                  |   2 +-
 dom/indexedDB/test/unit/test_transaction_abort.js                                                   |   2 +-
 dom/indexedDB/test/unit/test_transaction_abort_hang.js                                              |   4 ++--
 dom/indexedDB/test/unit/test_writer_starvation.js                                                   |   4 ++--
 dom/ipc/tests/browser_domainPolicy.js                                                               |   6 +++---
 dom/media/PeerConnection.jsm                                                                        |  26 +++++++++++++-------------
 dom/notification/NotificationDB.jsm                                                                 |  24 ++++++++++++------------
 dom/notification/NotificationStorage.jsm                                                            |  14 +++++++-------
 dom/plugins/test/mochitest/hangui_iface.js                                                          |   4 ++--
 dom/presentation/provider/AndroidCastDeviceProvider.jsm                                             |   8 ++++----
 dom/presentation/tests/xpcshell/test_multicast_dns_device_provider.js                               |  12 ++++++------
 dom/reporting/tests/browser_cleanup.js                                                              |   2 +-
 dom/tests/browser/browser_bug1238427.js                                                             |   2 +-
 dom/tests/browser/browser_keypressTelemetry.js                                                      |   4 ++--
 dom/tests/unit/test_PromiseDebugging.js                                                             |   2 +-
 dom/tests/unit/test_geolocation_provider.js                                                         |   4 ++--
 editor/libeditor/tests/browser_bug629172.js                                                         |   2 +-
 gfx/layers/apz/test/mochitest/apz_test_utils.js                                                     |  14 +++++++-------
 js/src/builtin/Classes.js                                                                           |   2 +-
 js/src/builtin/Promise.js                                                                           |   4 ++--
 mobile/android/chrome/content/FeedHandler.js                                                        |   2 +-
 mobile/android/chrome/geckoview/config.js                                                           |   4 ++--
 mobile/android/components/ContentDispatchChooser.js                                                 |   2 +-
 mobile/android/components/PromptService.js                                                          |   2 +-
 mobile/android/components/SessionStore.js                                                           |   8 ++++----
 mobile/android/components/extensions/ext-browserAction.js                                           |   4 ++--
 mobile/android/components/extensions/ext-pageAction.js                                              |   4 ++--
 mobile/android/components/extensions/ext-tabs.js                                                    |   8 ++++----
 mobile/android/extensions/webcompat/aboutCompat.js                                                  |   4 ++--
 mobile/android/modules/HelperApps.jsm                                                               |   4 ++--
 mobile/android/modules/Sanitizer.jsm                                                                |   8 ++++----
 mobile/android/modules/SharedPreferences.jsm                                                        |   4 ++--
 mobile/android/tests/browser/robocop/robocop_head.js                                                |   2 +-
 mobile/android/tests/browser/robocop/testAndroidCastDeviceProvider.js                               |  18 +++++++++---------
 mobile/android/tests/browser/robocop/testFindInPage.js                                              |   2 +-
 mobile/android/tests/browser/robocop/testTrackingProtection.js                                      |   2 +-
 modules/libpref/test/unit/test_defaultValues.js                                                     |  10 +++++-----
 netwerk/cookie/test/mochitest/cookiesHelper.js                                                      |   4 ++--
 netwerk/cookie/test/unit/test_eviction.js                                                           |   2 +-
 netwerk/protocol/http/UserAgentOverrides.jsm                                                        |   4 ++--
 netwerk/protocol/http/UserAgentUpdates.jsm                                                          |  22 +++++++++++-----------
 netwerk/test/httpserver/httpd.js                                                                    |  12 ++++++------
 netwerk/test/httpserver/test/head_utils.js                                                          |   6 +++---
 netwerk/test/httpserver/test/test_async_response_sending.js                                         |  12 ++++++------
 netwerk/test/httpserver/test/test_default_index_handler.js                                          |   4 ++--
 netwerk/test/httpserver/test/test_seizepower.js                                                     |  10 +++++-----
 netwerk/test/httpserver/test/test_sjs.js                                                            |   4 ++--
 netwerk/test/httpserver/test/test_sjs_object_state.js                                               |   6 +++---
 netwerk/test/httpserver/test/test_sjs_state.js                                                      |   2 +-
 netwerk/test/httpserver/test/test_sjs_throwing_exceptions.js                                        |   2 +-
 security/manager/ssl/tests/mochitest/browser/browser_bug627234_perwindowpb.js                       |   2 +-
 security/manager/ssl/tests/mochitest/browser/browser_certViewer.js                                  |   2 +-
 security/manager/ssl/tests/mochitest/browser/head.js                                                |   2 +-
 security/manager/ssl/tests/unit/test_intermediate_preloads.js                                       |  10 +++++-----
 security/manager/ssl/tests/unit/test_ocsp_caching.js                                                |  12 ++++++------
 security/manager/ssl/tests/unit/test_ocsp_no_hsts_upgrade.js                                        |   4 ++--
 security/manager/ssl/tests/unit/test_ocsp_required.js                                               |   2 +-
 security/manager/ssl/tests/unit/test_ocsp_stapling_expired.js                                       |   2 +-
 security/manager/ssl/tests/unit/test_ocsp_stapling_with_intermediate.js                             |   2 +-
 security/manager/ssl/tests/unit/test_ocsp_timeout.js                                                |   2 +-
 security/manager/ssl/tests/unit/test_signed_apps.js                                                 |   2 +-
 security/sandbox/test/browser_content_sandbox_utils.js                                              |   6 +++---
 services/common/async.js                                                                            |   2 +-
 services/common/tests/unit/head_helpers.js                                                          |   2 +-
 services/common/tests/unit/test_blocklist_signatures.js                                             |   6 +++---
 services/common/tests/unit/test_hawkclient.js                                                       |   4 ++--
 services/common/tests/unit/test_utils_ensureMillisecondsTimestamp.js                                |  16 ++++++++--------
 services/crypto/modules/utils.js                                                                    |   2 +-
 services/fxaccounts/FxAccountsPairing.jsm                                                           |   6 +++---
 services/fxaccounts/tests/xpcshell/test_accounts.js                                                 |   6 +++---
 services/fxaccounts/tests/xpcshell/test_commands.js                                                 |  10 +++++-----
 services/fxaccounts/tests/xpcshell/test_oauth_token_storage.js                                      |  10 +++++-----
 services/fxaccounts/tests/xpcshell/test_oauth_tokens.js                                             |  10 +++++-----
 services/fxaccounts/tests/xpcshell/test_pairing.js                                                  |   6 +++---
 services/settings/test/unit/test_remote_settings.js                                                 |  16 ++++++++--------
 services/settings/test/unit/test_remote_settings_poll.js                                            |  10 +++++-----
 services/sync/modules/main.js                                                                       |   2 +-
 services/sync/modules/policies.js                                                                   |   2 +-
 services/sync/modules/record.js                                                                     |  18 +++++++++---------
 services/sync/modules/service.js                                                                    |   4 ++--
 services/sync/modules/util.js                                                                       |   2 +-
 services/sync/tests/unit/test_bookmark_engine.js                                                    |   6 +++---
 services/sync/tests/unit/test_clients_engine.js                                                     |  18 +++++++++---------
 services/sync/tests/unit/test_enginemanager.js                                                      |   4 ++--
 services/sync/tests/unit/test_resource.js                                                           |   2 +-
 services/sync/tests/unit/test_service_login.js                                                      |   4 ++--
 services/sync/tests/unit/test_service_sync_remoteSetup.js                                           |   2 +-
 services/sync/tests/unit/test_syncedtabs.js                                                         |   6 +++---
 services/sync/tests/unit/test_telemetry.js                                                          |   2 +-
 services/sync/tests/unit/test_utils_json.js                                                         |   2 +-
 services/sync/tests/unit/test_utils_makeGUID.js                                                     |   2 +-
 storage/test/unit/head_storage.js                                                                   |   4 ++--
 storage/test/unit/test_js_helpers.js                                                                |   2 +-
 testing/marionette/capabilities.js                                                                  |  10 +++++-----
 testing/marionette/modal.js                                                                         |   2 +-
 testing/marionette/test/unit/test_element.js                                                        |  12 ++++++------
 testing/marionette/test/unit/test_evaluate.js                                                       |  10 +++++-----
 testing/marionette/test/unit/test_format.js                                                         |   4 ++--
 testing/marionette/test/unit/test_sync.js                                                           |   4 ++--
 testing/marionette/transport.js                                                                     |   2 +-
 testing/mochitest/BrowserTestUtils/BrowserTestUtils.jsm                                             |   2 +-
 testing/mochitest/browser-test.js                                                                   |   2 +-
 testing/mochitest/server.js                                                                         |   6 +++---
 testing/modules/AppInfo.jsm                                                                         |   2 +-
 testing/modules/tests/xpcshell/test_assert.js                                                       |   2 +-
 testing/raptor/webext/raptor/runner.js                                                              |   2 +-
 testing/specialpowers/content/specialpowers.js                                                      |   4 ++--
 testing/specialpowers/content/specialpowersAPI.js                                                   |  20 ++++++++++----------
 testing/talos/talos/pageloader/chrome/Profiler.js                                                   |   2 +-
 testing/talos/talos/pageloader/chrome/lh_hero.js                                                    |   2 +-
 testing/talos/talos/pageloader/chrome/pageloader.js                                                 |   2 +-
 testing/talos/talos/pageloader/chrome/report.js                                                     |   4 ++--
 testing/talos/talos/pageloader/chrome/tscroll.js                                                    |  20 ++++++++++----------
 testing/talos/talos/scripts/Profiler.js                                                             |   2 +-
 testing/talos/talos/scripts/talos-debug.js                                                          |  10 +++++-----
 testing/talos/talos/scripts/xpigen.js                                                               |   4 ++--
 testing/talos/talos/talos-powers/content/TalosPowersContent.js                                      |   2 +-
 testing/talos/talos/tests/devtools/addon/content/damp.js                                            |   4 ++--
 testing/talos/talos/tests/tabswitch/api.js                                                          |   2 +-
 testing/talos/talos/tests/tart/addon/content/Profiler.js                                            |   2 +-
 testing/talos/talos/tests/tart/addon/content/tart.js                                                | 146 +++++++++++++++++++++++++++++++++++++++++++++++++++++++++++++++++++++++++-------------------------------------------------------------------------
 testing/talos/talos/tests/tresize/addon/content/Profiler.js                                         |   2 +-
 testing/xpcshell/head.js                                                                            |   2 +-
 toolkit/actors/WebNavigationChild.jsm                                                               |   4 ++--
 toolkit/components/aboutcache/content/aboutCache.js                                                 |   2 +-
 toolkit/components/aboutcheckerboard/content/aboutCheckerboard.js                                   |   2 +-
 toolkit/components/aboutmemory/content/aboutMemory.js                                               |   4 ++--
 toolkit/components/aboutperformance/content/aboutPerformance.js                                     |   4 ++--
 toolkit/components/alerts/resources/content/alert.js                                                |   4 ++--
 toolkit/components/antitracking/test/browser/browser_blockingDOMCache.js                            |  24 ++++++++++++------------
 toolkit/components/antitracking/test/browser/browser_blockingServiceWorkers.js                      |  30 +++++++++++++++---------------
 toolkit/components/antitracking/test/browser/browser_existingCookiesForSubresources.js              |  16 ++++++++--------
 toolkit/components/antitracking/test/browser/browser_permissionInNormalWindows.js                   |   2 +-
 toolkit/components/antitracking/test/browser/browser_permissionInPrivateWindows.js                  |   2 +-
 toolkit/components/antitracking/test/browser/browser_storageAccessWithHeuristics.js                 |   4 ++--
 toolkit/components/antitracking/test/browser/browser_subResources.js                                |  16 ++++++++--------
 toolkit/components/antitracking/test/browser/head.js                                                |   4 ++--
 toolkit/components/antitracking/test/browser/imageCacheWorker.js                                    |   8 ++++----
 toolkit/components/apppicker/content/appPicker.js                                                   |   2 +-
 toolkit/components/autocomplete/tests/unit/test_stopSearch.js                                       |  12 ++++++------
 toolkit/components/captivedetect/CaptiveDetect.jsm                                                  |   4 ++--
 toolkit/components/captivedetect/test/unit/test_captive_portal_not_found.js                         |   2 +-
 toolkit/components/cleardata/ClearDataService.jsm                                                   |   8 ++++----
 toolkit/components/cleardata/tests/unit/test_downloads.js                                           |   8 ++++----
 toolkit/components/crashes/CrashManager.jsm                                                         |   4 ++--
 toolkit/components/crashes/tests/xpcshell/test_crash_service.js                                     |   8 ++++----
 toolkit/components/ctypes/tests/unit/test_finalizer_shouldfail.js                                   |  12 ++++++------
 toolkit/components/ctypes/tests/unit/test_jsctypes.js                                               | 376 ++++++++++++++++++++++++++++++++++++++++++++++++++++++++++++++++++++++++++++++++++++++++++++++++++++++++++++++++++++++++++++++++++++++++++++++++++++++++++++++++++++++++++++++++++++++++++++--------------------------------------------------------------------------------------------------------------------------------------------------------------------------------------------
 toolkit/components/extensions/ExtensionChildDevToolsUtils.jsm                                       |   2 +-
 toolkit/components/extensions/ExtensionParent.jsm                                                   |   2 +-
 toolkit/components/extensions/ExtensionStorage.jsm                                                  |   2 +-
 toolkit/components/extensions/ExtensionXPCShellUtils.jsm                                            |   2 +-
 toolkit/components/extensions/NativeMessaging.jsm                                                   |   4 ++--
 toolkit/components/extensions/parent/ext-downloads.js                                               |  22 +++++++++++-----------
 toolkit/components/extensions/parent/ext-proxy.js                                                   |   2 +-
 toolkit/components/extensions/parent/ext-runtime.js                                                 |   2 +-
 toolkit/components/extensions/parent/ext-tabs-base.js                                               |   2 +-
 toolkit/components/extensions/parent/ext-webRequest.js                                              |   2 +-
 toolkit/components/extensions/test/browser/browser_ext_management_themes.js                         |   2 +-
 toolkit/components/extensions/test/mochitest/head_webrequest.js                                     |   2 +-
 toolkit/components/extensions/test/xpcshell/test_WebExtensionContentScript.js                       |   2 +-
 toolkit/components/extensions/test/xpcshell/test_WebExtensionPolicy.js                              |   4 ++--
 toolkit/components/extensions/test/xpcshell/test_ext_contentScripts_register.js                     |   6 +++---
 toolkit/components/extensions/test/xpcshell/test_ext_contentscript.js                               |   4 ++--
 toolkit/components/extensions/test/xpcshell/test_ext_contentscript_triggeringPrincipal.js           |   2 +-
 toolkit/components/extensions/test/xpcshell/test_ext_downloads_search.js                            |   2 +-
 toolkit/components/extensions/test/xpcshell/test_ext_i18n_css.js                                    |   2 +-
 toolkit/components/extensions/test/xpcshell/test_ext_management.js                                  |   2 +-
 toolkit/components/extensions/test/xpcshell/test_ext_permissions.js                                 |   4 ++--
 toolkit/components/extensions/test/xpcshell/test_ext_persistent_events.js                           |   2 +-
 toolkit/components/extensions/test/xpcshell/test_ext_proxy_auth.js                                  |   4 ++--
 toolkit/components/extensions/test/xpcshell/test_ext_proxy_onauthrequired.js                        |   4 ++--
 toolkit/components/extensions/test/xpcshell/test_ext_proxy_socks.js                                 |   2 +-
 toolkit/components/extensions/test/xpcshell/test_ext_runtime_sendMessage.js                         |   4 ++--
 toolkit/components/extensions/test/xpcshell/test_ext_schemas.js                                     |   4 ++--
 toolkit/components/extensions/test/xpcshell/test_ext_schemas_async.js                               |   6 +++---
 toolkit/components/extensions/test/xpcshell/test_ext_storage.js                                     |   2 +-
 toolkit/components/extensions/test/xpcshell/test_ext_storage_content.js                             |   2 +-
 toolkit/components/extensions/test/xpcshell/test_ext_topSites.js                                    |   2 +-
 toolkit/components/extensions/test/xpcshell/test_ext_unload_frame.js                                |   2 +-
 toolkit/components/extensions/test/xpcshell/test_ext_webRequest_filterResponseData.js               |   2 +-
 toolkit/components/extensions/test/xpcshell/test_ext_webRequest_responseBody.js                     |   4 ++--
 toolkit/components/extensions/test/xpcshell/test_ext_webRequest_suspend.js                          |   2 +-
 toolkit/components/extensions/test/xpcshell/test_native_manifests.js                                |   2 +-
 toolkit/components/passwordmgr/LoginManagerPrompter.jsm                                             |   4 ++--
 toolkit/components/passwordmgr/storage-mozStorage.js                                                |   2 +-
 toolkit/components/places/Bookmarks.jsm                                                             |   2 +-
 toolkit/components/places/UnifiedComplete.jsm                                                       |   2 +-
 toolkit/components/places/tests/bookmarks/test_448584.js                                            |   2 +-
 toolkit/components/places/tests/bookmarks/test_bookmarks_moveToFolder.js                            |   4 ++--
 toolkit/components/places/tests/bookmarks/test_bookmarks_search.js                                  |   4 ++--
 toolkit/components/places/tests/favicons/test_replaceFaviconData.js                                 |   2 +-
 toolkit/components/places/tests/favicons/test_replaceFaviconDataFromDataURL.js                      |   2 +-
 toolkit/components/places/tests/head_common.js                                                      |   2 +-
 toolkit/components/places/tests/history/test_insertMany.js                                          |   2 +-
 toolkit/components/places/tests/history/test_removeByFilter.js                                      |  24 ++++++++++++------------
 toolkit/components/places/tests/queries/head_queries.js                                             |   2 +-
 toolkit/components/places/tests/queries/test_transitions.js                                         |   2 +-
 toolkit/components/places/tests/unifiedcomplete/head_autocomplete.js                                |   4 ++--
 toolkit/components/printing/content/printPageSetup.js                                               |   2 +-
 toolkit/components/printing/content/printPreviewProgress.js                                         |   2 +-
 toolkit/components/printing/content/printProgress.js                                                |   2 +-
 toolkit/components/printing/content/printUtils.js                                                   |   2 +-
 toolkit/components/prompts/content/commonDialog.js                                                  |   4 ++--
 toolkit/components/prompts/content/tabprompts.jsm                                                   |   2 +-
 toolkit/components/prompts/src/SharedPromptUtils.jsm                                                |   2 +-
 toolkit/components/reader/ReaderMode.jsm                                                            |   6 +++---
 toolkit/components/remotebrowserutils/tests/browser/browser_httpResponseProcessSelection.js         |   2 +-
 toolkit/components/remotebrowserutils/tests/browser/browser_httpToFileHistory.js                    |   4 ++--
 toolkit/components/satchel/FormHistory.jsm                                                          |   6 +++---
 toolkit/components/satchel/test/browser/browser_privbrowsing_perwindowpb.js                         |   2 +-
 toolkit/components/satchel/test/parent_utils.js                                                     |   2 +-
 toolkit/components/satchel/test/satchel_common.js                                                   |   2 +-
 toolkit/components/satchel/test/unit/head_satchel.js                                                |   2 +-
 toolkit/components/satchel/test/unit/test_history_api.js                                            |  12 ++++++------
 toolkit/components/search/SearchService.jsm                                                         |   2 +-
 toolkit/components/telemetry/app/TelemetryStorage.jsm                                               |   4 ++--
 toolkit/components/telemetry/tests/unit/test_EventPing.js                                           |   2 +-
 toolkit/components/telemetry/tests/unit/test_TelemetrySession.js                                    |  10 +++++-----
 toolkit/components/thumbnails/PageThumbUtils.jsm                                                    |   2 +-
 toolkit/components/url-classifier/UrlClassifierHashCompleter.jsm                                    |   2 +-
 toolkit/components/url-classifier/tests/mochitest/classifierCommon.js                               |   4 ++--
 toolkit/components/url-classifier/tests/unit/head_urlclassifier.js                                  |   8 ++++----
 toolkit/components/url-classifier/tests/unit/test_features.js                                       |   4 ++--
 toolkit/components/urlformatter/URLFormatter.jsm                                                    |  30 +++++++++++++++---------------
 toolkit/components/viewconfig/content/config.js                                                     |  30 +++++++++++++++---------------
 toolkit/components/viewsource/content/viewSource-content.js                                         |   2 +-
 toolkit/content/aboutProfiles.js                                                                    |   4 ++--
 toolkit/content/aboutSupport.js                                                                     |   2 +-
 toolkit/content/aboutUrlClassifier.js                                                               |   8 ++++----
 toolkit/content/contentAreaUtils.js                                                                 |   8 ++++----
 toolkit/content/customElements.js                                                                   |   2 +-
 toolkit/content/preferencesBindings.js                                                              |   2 +-
 toolkit/content/tests/chrome/file_autocomplete_with_composition.js                                  |   4 ++--
 toolkit/content/tests/chrome/file_editor_with_autocomplete.js                                       |   4 ++--
 toolkit/content/tests/chrome/popup_trigger.js                                                       |  96 ++++++++++++++++++++++++++++++++++++++++++++++++------------------------------------------------
 toolkit/content/tests/widgets/head.js                                                               |   2 +-
 toolkit/content/tests/widgets/tree_shared.js                                                        |  26 +++++++++++++-------------
 toolkit/content/tests/widgets/videocontrols_direction_test.js                                       |   2 +-
 toolkit/content/treeUtils.js                                                                        |   2 +-
 toolkit/content/widgets/findbar.js                                                                  |   2 +-
 toolkit/content/widgets/marquee.js                                                                  |   2 +-
 toolkit/content/widgets/richlistbox.js                                                              |   2 +-
 toolkit/content/widgets/tree.js                                                                     |  10 +++++-----
 toolkit/content/widgets/videocontrols.js                                                            |   8 ++++----
 toolkit/crashreporter/CrashSubmit.jsm                                                               |   4 ++--
 toolkit/crashreporter/test/browser/browser_bug471404.js                                             |   6 +++---
 toolkit/crashreporter/test/unit/crasher_subprocess_tail.js                                          |   2 +-
 toolkit/modules/AppMenuNotifications.jsm                                                            |   2 +-
 toolkit/modules/AutoCompletePopupContent.jsm                                                        |   4 ++--
 toolkit/modules/FinderHighlighter.jsm                                                               |   2 +-
 toolkit/modules/FinderIterator.jsm                                                                  |   2 +-
 toolkit/modules/GMPExtractorWorker.js                                                               |   2 +-
 toolkit/modules/Geometry.jsm                                                                        |  12 ++++++------
 toolkit/modules/InlineSpellChecker.jsm                                                              |  18 +++++++++---------
 toolkit/modules/NewTabUtils.jsm                                                                     |   2 +-
 toolkit/modules/Preferences.jsm                                                                     |   2 +-
 toolkit/modules/RemoteSecurityUI.jsm                                                                |   6 +++---
 toolkit/modules/RemoteWebProgress.jsm                                                               |  14 +++++++-------
 toolkit/modules/Sqlite.jsm                                                                          |   2 +-
 toolkit/modules/WebProgressChild.jsm                                                                |   2 +-
 toolkit/modules/addons/WebRequest.jsm                                                               |   2 +-
 toolkit/modules/secondscreen/SimpleServiceDiscovery.jsm                                             |   4 ++--
 toolkit/modules/subprocess/test/xpcshell/test_subprocess.js                                         |  18 +++++++++---------
 toolkit/modules/tests/browser/browser_WebNavigation.js                                              |   2 +-
 toolkit/modules/tests/browser/browser_WebRequest_ancestors.js                                       |   4 ++--
 toolkit/modules/tests/xpcshell/test_DeferredTask.js                                                 |   8 ++++----
 toolkit/modules/tests/xpcshell/test_FinderIterator.js                                               |  26 +++++++++++++-------------
 toolkit/modules/tests/xpcshell/test_GMPInstallManager.js                                            |  28 ++++++++++++++--------------
 toolkit/modules/tests/xpcshell/test_Integration.js                                                  |   2 +-
 toolkit/modules/tests/xpcshell/test_Log_stackTrace.js                                               |   6 +++---
 toolkit/modules/tests/xpcshell/test_ObjectUtils.js                                                  |   2 +-
 toolkit/modules/tests/xpcshell/test_Preferences.js                                                  |   8 ++++----
 toolkit/modules/tests/xpcshell/test_Promise.js                                                      |   4 ++--
 toolkit/modules/tests/xpcshell/test_timer.js                                                        |   8 ++++----
 toolkit/mozapps/downloads/DownloadLastDir.jsm                                                       |   4 ++--
 toolkit/mozapps/extensions/AddonManager.jsm                                                         |   2 +-
 toolkit/mozapps/extensions/addonManager.js                                                          |   2 +-
 toolkit/mozapps/extensions/internal/AddonTestUtils.jsm                                              |   4 ++--
 toolkit/mozapps/extensions/internal/GMPProvider.jsm                                                 |  32 ++++++++++++++++----------------
 toolkit/mozapps/extensions/internal/XPIInstall.jsm                                                  |   2 +-
 toolkit/mozapps/extensions/test/browser/head.js                                                     |   6 +++---
 toolkit/mozapps/extensions/test/xpcshell/test_AddonRepository_cache.js                              |   4 ++--
 toolkit/mozapps/extensions/test/xpcshell/test_AddonRepository_paging.js                             |   8 ++++----
 toolkit/mozapps/extensions/test/xpcshell/test_LightweightThemeManager.js                            |   4 ++--
 toolkit/mozapps/extensions/test/xpcshell/test_blocklist_appversion.js                               |   6 +++---
 toolkit/mozapps/extensions/test/xpcshell/test_blocklist_plugin_outdated.js                          |   4 ++--
 toolkit/mozapps/extensions/test/xpcshell/test_gmpProvider.js                                        |   2 +-
 toolkit/mozapps/extensions/test/xpcshell/test_startup.js                                            |   4 ++--
 toolkit/mozapps/extensions/test/xpcshell/test_syncGUID.js                                           |   2 +-
 toolkit/mozapps/extensions/test/xpcshell/test_updateCancel.js                                       |   2 +-
 toolkit/mozapps/extensions/test/xpinstall/browser_amosigned_trigger.js                              |   2 +-
 toolkit/mozapps/extensions/test/xpinstall/browser_amosigned_trigger_iframe.js                       |   2 +-
 toolkit/mozapps/extensions/test/xpinstall/browser_badhash.js                                        |   2 +-
 toolkit/mozapps/extensions/test/xpinstall/browser_badhashtype.js                                    |   2 +-
 toolkit/mozapps/extensions/test/xpinstall/browser_hash.js                                           |   2 +-
 toolkit/mozapps/extensions/test/xpinstall/browser_hash2.js                                          |   2 +-
 toolkit/mozapps/extensions/test/xpinstall/browser_httphash.js                                       |   2 +-
 toolkit/mozapps/extensions/test/xpinstall/browser_httphash2.js                                      |   2 +-
 toolkit/mozapps/extensions/test/xpinstall/browser_httphash3.js                                      |   2 +-
 toolkit/mozapps/extensions/test/xpinstall/browser_httphash4.js                                      |   2 +-
 toolkit/mozapps/extensions/test/xpinstall/browser_httphash5.js                                      |   2 +-
 toolkit/mozapps/extensions/test/xpinstall/browser_httphash6.js                                      |   2 +-
 toolkit/mozapps/extensions/test/xpinstall/browser_relative.js                                       |   2 +-
 toolkit/mozapps/extensions/test/xpinstall/browser_unsigned_trigger.js                               |   2 +-
 toolkit/mozapps/extensions/test/xpinstall/browser_unsigned_trigger_iframe.js                        |   2 +-
 toolkit/mozapps/extensions/test/xpinstall/browser_unsigned_trigger_xorigin.js                       |   2 +-
 toolkit/mozapps/handling/ContentDispatchChooser.jsm                                                 |   2 +-
 toolkit/mozapps/update/UpdateService.jsm                                                            |   4 ++--
 tools/quitter/contentscript.js                                                                      |   2 +-
 uriloader/exthandler/tests/mochitest/browser_auto_close_window.js                                   |   2 +-
 widget/headless/tests/test_headless.js                                                              |   4 ++--
 xpcom/tests/unit/test_iniParser.js                                                                  |  30 +++++++++++++++---------------
 xpcom/tests/unit/test_streams.js                                                                    |   2 +-
 479 files changed, 1611 insertions(+), 1611 deletions(-)
