 accessible/tests/mochitest/actions.js                                                       |  27 +++++++++------------------
 accessible/tests/mochitest/attributes.js                                                    |  42 ++++++++++++++----------------------------
 accessible/tests/mochitest/autocomplete.js                                                  |   6 ++----
 accessible/tests/mochitest/browser.js                                                       |  15 +++++----------
 accessible/tests/mochitest/common.js                                                        |  84 ++++++++++++++++++++++++++++--------------------------------------------------------
 accessible/tests/mochitest/editabletext/editabletext.js                                     |  12 ++++--------
 accessible/tests/mochitest/events.js                                                        | 237 +++++++++++++++++++++++++++++++++++++++++++++++++++++++++++++++++++++++++++++++--------------------------------------------------------------------------------------------------------------------------------------------------------------
 accessible/tests/mochitest/grid.js                                                          |  18 ++++++------------
 accessible/tests/mochitest/hyperlink/hyperlink.js                                           |   6 ++----
 accessible/tests/mochitest/layout.js                                                        |  12 ++++--------
 accessible/tests/mochitest/name.js                                                          |   6 ++----
 accessible/tests/mochitest/name/markup.js                                                   |  42 ++++++++++++++----------------------------
 accessible/tests/mochitest/pivot.js                                                         |   6 ++----
 accessible/tests/mochitest/relations.js                                                     |  18 ++++++------------
 accessible/tests/mochitest/role.js                                                          |   6 ++----
 accessible/tests/mochitest/selectable.js                                                    |   3 +--
 accessible/tests/mochitest/states.js                                                        |  42 ++++++++++++++----------------------------
 accessible/tests/mochitest/table.js                                                         |  51 +++++++++++++++++----------------------------------
 accessible/tests/mochitest/text.js                                                          |  15 +++++----------
 accessible/tests/mochitest/treeview.js                                                      |  24 ++++++++----------------
 accessible/tests/mochitest/value.js                                                         |   3 +--
 browser/actors/ClickHandlerChild.jsm                                                        |   3 +--
 browser/actors/LinkHandlerChild.jsm                                                         |   6 ++----
 browser/actors/OfflineAppsChild.jsm                                                         |  15 +++++----------
 browser/actors/PageInfoChild.jsm                                                            |   3 +--
 browser/actors/PageStyleChild.jsm                                                           |   3 +--
 browser/actors/PluginChild.jsm                                                              |  45 +++++++++++++++------------------------------
 browser/actors/URIFixupChild.jsm                                                            |   6 ++----
 browser/actors/WebRTCChild.jsm                                                              |  63 +++++++++++++++++++++------------------------------------------
 browser/base/content/aboutDialog-appUpdater.js                                              |  12 ++++--------
 browser/base/content/aboutDialog.js                                                         |   6 ++----
 browser/base/content/blockedSite.js                                                         |   6 ++----
 browser/base/content/browser-addons.js                                                      |  75 +++++++++++++++++++++++++--------------------------------------------------
 browser/base/content/browser-ctrlTab.js                                                     |  93 +++++++++++++++++++++++++++++++--------------------------------------------------------------
 browser/base/content/browser-customization.js                                               |   9 +++------
 browser/base/content/browser-fullScreenAndPointerLock.js                                    |  21 +++++++--------------
 browser/base/content/browser-fullZoom.js                                                    |  33 +++++++++++----------------------
 browser/base/content/browser-gestureSupport.js                                              |  69 +++++++++++++++++++++++----------------------------------------------
 browser/base/content/browser-media.js                                                       |   3 +--
 browser/base/content/browser-places.js                                                      | 123 +++++++++++++++++++++++++++++++++++++++++----------------------------------------------------------------------------------
 browser/base/content/browser-plugins.js                                                     |   3 +--
 browser/base/content/browser-sidebar.js                                                     |   6 ++----
 browser/base/content/browser-siteIdentity.js                                                |  24 ++++++++----------------
 browser/base/content/browser-sync.js                                                        |   3 +--
 browser/base/content/browser-tabsintitlebar.js                                              |   9 +++------
 browser/base/content/browser-thumbnails.js                                                  |   9 +++------
 browser/base/content/browser.js                                                             | 378 ++++++++++++++++++++++++++++++++++++++++++++++++++++++++++++++++++++++++++++++++++++++++++++++++++++++++++++++++++++++++++++++------------------------------------------------------------------------------------------------------------------------------------------------------------------------------------------------------------------------------------------------------------
 browser/base/content/nonbrowser-mac.js                                                      |   9 +++------
 browser/base/content/nsContextMenu.js                                                       |  60 ++++++++++++++++++++----------------------------------------
 browser/base/content/pageinfo/pageInfo.js                                                   |  66 ++++++++++++++++++++++--------------------------------------------
 browser/base/content/pageinfo/permissions.js                                                |   3 +--
 browser/base/content/pageinfo/security.js                                                   |  30 ++++++++++--------------------
 browser/base/content/safeMode.js                                                            |   3 +--
 browser/base/content/sanitizeDialog.js                                                      |   6 ++----
 browser/base/content/tab-content.js                                                         |   3 +--
 browser/base/content/tabbrowser.js                                                          | 246 ++++++++++++++++++++++++++++++++++++++++++++++++++++++++++++++++++++++++++++++++++--------------------------------------------------------------------------------------------------------------------------------------------------------------------
 browser/base/content/test/about/browser_aboutHome_search_POST.js                            |   6 ++----
 browser/base/content/test/about/head.js                                                     |   3 +--
 browser/base/content/test/favicons/browser_icon_discovery.js                                |   3 +--
 browser/base/content/test/favicons/browser_preferred_icons.js                               |   6 ++----
 browser/base/content/test/general/browser_bug321000.js                                      |   6 ++----
 browser/base/content/test/general/browser_bug356571.js                                      |   9 +++------
 browser/base/content/test/general/browser_bug406216.js                                      |   9 +++------
 browser/base/content/test/general/browser_bug419612.js                                      |   3 +--
 browser/base/content/test/general/browser_bug423833.js                                      |   3 +--
 browser/base/content/test/general/browser_bug431826.js                                      |   3 +--
 browser/base/content/test/general/browser_bug455852.js                                      |   3 +--
 browser/base/content/test/general/browser_bug462289.js                                      |   3 +--
 browser/base/content/test/general/browser_bug484315.js                                      |   6 ++----
 browser/base/content/test/general/browser_bug521216.js                                      |  15 +++++----------
 browser/base/content/test/general/browser_bug537013.js                                      |   3 +--
 browser/base/content/test/general/browser_bug559991.js                                      |   6 ++----
 browser/base/content/test/general/browser_bug567306.js                                      |   3 +--
 browser/base/content/test/general/browser_bug575561.js                                      |   3 +--
 browser/base/content/test/general/browser_bug719271.js                                      |   3 +--
 browser/base/content/test/general/browser_contextmenu_childprocess.js                       |  12 ++++--------
 browser/base/content/test/general/browser_ctrlTab.js                                        |   3 +--
 browser/base/content/test/general/browser_e10s_about_process.js                             |   3 +--
 browser/base/content/test/general/browser_gestureSupport.js                                 |  18 ++++++------------
 browser/base/content/test/general/browser_keywordSearch.js                                  |   3 +--
 browser/base/content/test/general/browser_plainTextLinks.js                                 |   6 ++----
 browser/base/content/test/general/browser_restore_isAppTab.js                               |   3 +--
 browser/base/content/test/general/browser_save_private_link_perwindowpb.js                  |   3 +--
 browser/base/content/test/general/browser_save_video.js                                     |   3 +--
 browser/base/content/test/general/browser_save_video_frame.js                               |   3 +--
 browser/base/content/test/general/browser_search_discovery.js                               |   3 +--
 browser/base/content/test/general/browser_selectTabAtIndex.js                               |   6 ++----
 browser/base/content/test/general/browser_star_hsts.js                                      |   3 +--
 browser/base/content/test/general/browser_tab_detach_restore.js                             |   3 +--
 browser/base/content/test/general/browser_tabfocus.js                                       |  36 ++++++++++++------------------------
 browser/base/content/test/general/browser_tabs_owner.js                                     |   3 +--
 browser/base/content/test/general/contextmenu_common.js                                     |  27 +++++++++------------------
 browser/base/content/test/general/head.js                                                   |  51 +++++++++++++++++----------------------------------
 browser/base/content/test/performance/browser_startup.js                                    |  18 ++++++------------
 browser/base/content/test/performance/browser_startup_content.js                            |   3 +--
 browser/base/content/test/performance/head.js                                               |  15 +++++----------
 browser/base/content/test/plugins/browser_bug797677.js                                      |   3 +--
 browser/base/content/test/plugins/browser_clearplugindata.js                                |   9 +++------
 browser/base/content/test/plugins/head.js                                                   |   9 +++------
 browser/base/content/test/popupNotifications/head.js                                        |   9 +++------
 browser/base/content/test/popups/browser_popupUI.js                                         |   3 +--
 browser/base/content/test/sanitize/browser_sanitize-timespans.js                            |  45 +++++++++++++++------------------------------
 browser/base/content/test/sanitize/browser_sanitizeDialog.js                                |  15 +++++----------
 browser/base/content/test/siteIdentity/head.js                                              |   3 +--
 browser/base/content/test/static/browser_all_files_referenced.js                            |  78 ++++++++++++++++++++++++++----------------------------------------------------
 browser/base/content/test/static/browser_parsable_css.js                                    |  15 +++++----------
 browser/base/content/test/tabs/browser_multiselect_tabs_bookmark.js                         |   3 +--
 browser/base/content/test/tabs/browser_multiselect_tabs_close_other_tabs.js                 |   3 +--
 browser/base/content/test/tabs/browser_multiselect_tabs_close_tabs_to_the_right.js          |   6 ++----
 browser/base/content/test/tabs/browser_multiselect_tabs_copy_through_drag_and_drop.js       |   3 +--
 browser/base/content/test/tabs/browser_multiselect_tabs_move_to_another_window_drag.js      |   3 +--
 browser/base/content/test/tabs/browser_multiselect_tabs_reorder.js                          |   3 +--
 browser/base/content/test/tabs/browser_multiselect_tabs_using_Shift_and_Ctrl.js             |   6 ++----
 browser/base/content/test/tabs/browser_pinnedTabs.js                                        |   6 ++----
 browser/base/content/test/tabs/head.js                                                      |   3 +--
 browser/base/content/test/trackingUI/head.js                                                |   3 +--
 browser/base/content/test/webrtc/browser_devices_get_user_media.js                          |  27 +++++++++------------------
 browser/base/content/test/webrtc/browser_devices_get_user_media_anim.js                     |   6 ++----
 browser/base/content/test/webrtc/get_user_media_content_script.js                           |  33 +++++++++++----------------------
 browser/base/content/test/webrtc/head.js                                                    |  84 ++++++++++++++++++++++++++++--------------------------------------------------------
 browser/base/content/utilityOverlay.js                                                      |  39 +++++++++++++--------------------------
 browser/base/content/webrtcIndicator.js                                                     |  27 +++++++++------------------
 browser/components/BrowserContentHandler.jsm                                                |  54 ++++++++++++++++++------------------------------------
 browser/components/BrowserGlue.jsm                                                          | 111 +++++++++++++++++++++++++++++++++++++--------------------------------------------------------------------------
 browser/components/contextualidentity/test/browser/browser_forgetaboutsite.js               |   3 +--
 browser/components/customizableui/CustomizableUI.jsm                                        |  51 +++++++++++++++++----------------------------------
 browser/components/customizableui/CustomizableWidgets.jsm                                   |  33 +++++++++++----------------------
 browser/components/customizableui/CustomizeMode.jsm                                         |  39 +++++++++++++--------------------------
 browser/components/customizableui/PanelMultiView.jsm                                        |  33 +++++++++++----------------------
 browser/components/customizableui/content/panelUI.js                                        |  27 +++++++++------------------
 browser/components/customizableui/test/browser_1087303_button_preferences.js                |   3 +--
 browser/components/customizableui/test/browser_984455_bookmarks_items_reparenting.js        |   3 +--
 browser/components/customizableui/test/browser_987492_window_api.js                         |   9 +++------
 browser/components/customizableui/test/browser_PanelMultiView.js                            |  12 ++++--------
 browser/components/customizableui/test/browser_panel_keyboard_navigation.js                 |  21 +++++++--------------
 browser/components/customizableui/test/head.js                                              |   3 +--
 browser/components/distribution.js                                                          |  57 +++++++++++++++++++--------------------------------------
 browser/components/downloads/DownloadsCommon.jsm                                            |   3 +--
 browser/components/downloads/DownloadsSubview.jsm                                           |  36 ++++++++++++------------------------
 browser/components/downloads/content/allDownloadsView.js                                    |   9 +++------
 browser/components/downloads/content/indicator.js                                           |   9 +++------
 browser/components/enterprisepolicies/content/aboutPolicies.js                              |   3 +--
 browser/components/enterprisepolicies/tests/EnterprisePolicyTesting.jsm                     |   3 +--
 browser/components/migration/360seProfileMigrator.jsm                                       |   3 +--
 browser/components/migration/ChromeProfileMigrator.jsm                                      |  21 +++++++--------------
 browser/components/migration/FirefoxProfileMigrator.jsm                                     |   9 +++------
 browser/components/migration/MSMigrationUtils.jsm                                           |  21 +++++++--------------
 browser/components/migration/MigrationUtils.jsm                                             |  24 ++++++++----------------
 browser/components/migration/SafariProfileMigrator.jsm                                      |  42 ++++++++++++++----------------------------
 browser/components/migration/content/migration.js                                           |  41 ++++++++++++++---------------------------
 browser/components/places/PlacesUIUtils.jsm                                                 |  57 +++++++++++++++++++--------------------------------------
 browser/components/places/content/bookmarkProperties.js                                     |  60 ++++++++++++++++++++----------------------------------------
 browser/components/places/content/browserPlacesViews.js                                     | 309 +++++++++++++++++++++++++++++++++++++++++++++++++++++++++++++++++++++++++++++++++++++++++++++++++++++++--------------------------------------------------------------------------------------------------------------------------------------------------------------------------------------------------------------
 browser/components/places/content/controller.js                                             | 138 ++++++++++++++++++++++++++++++++++++++++++++++--------------------------------------------------------------------------------------------
 browser/components/places/content/editBookmark.js                                           | 138 ++++++++++++++++++++++++++++++++++++++++++++++--------------------------------------------------------------------------------------------
 browser/components/places/content/historySidebar.js                                         |  21 +++++++--------------
 browser/components/places/content/places-tree.js                                            | 108 ++++++++++++++++++++++++++++++++++++------------------------------------------------------------------------
 browser/components/places/content/places.js                                                 | 132 ++++++++++++++++++++++++++++++++++++++++++++----------------------------------------------------------------------------------------
 browser/components/places/content/treeView.js                                               | 321 +++++++++++++++++++++++++++++++++++++++++++++++++++++++++++++++++++++++++++++++++++++++++++++++++++++++++++----------------------------------------------------------------------------------------------------------------------------------------------------------------------------------------------------------------------
 browser/components/places/tests/browser/browser_bookmarksProperties.js                      |  18 ++++++------------
 browser/components/places/tests/browser/browser_drag_bookmarks_on_toolbar.js                |   6 ++----
 browser/components/places/tests/browser/browser_history_sidebar_search.js                   |   3 +--
 browser/components/places/tests/browser/browser_library_views_liveupdate.js                 |  12 ++++--------
 browser/components/places/tests/browser/browser_sort_in_library.js                          |  14 +++++---------
 browser/components/places/tests/browser/browser_toolbar_drop_text.js                        |   6 ++----
 browser/components/places/tests/browser/browser_toolbar_overflow.js                         |   3 +--
 browser/components/places/tests/browser/browser_views_liveupdate.js                         |  24 ++++++++----------------
 browser/components/places/tests/browser/head.js                                             |   9 +++------
 browser/components/pocket/content/main.js                                                   |   6 ++----
 browser/components/pocket/content/panels/js/saved.js                                        |   3 +--
 browser/components/pocket/content/pktApi.jsm                                                |   9 +++------
 browser/components/preferences/applicationManager.js                                        |  15 +++++----------
 browser/components/preferences/blocklists.js                                                |   3 +--
 browser/components/preferences/browserLanguages.js                                          |   6 ++----
 browser/components/preferences/clearSiteData.js                                             |   3 +--
 browser/components/preferences/connection.js                                                |  12 ++++--------
 browser/components/preferences/containers.js                                                |   3 +--
 browser/components/preferences/fonts.js                                                     |   6 ++----
 browser/components/preferences/in-content/home.js                                           |   3 +--
 browser/components/preferences/in-content/main.js                                           | 150 ++++++++++++++++++++++++++++++++++++++++++++++++++----------------------------------------------------------------------------------------------------
 browser/components/preferences/in-content/preferences.js                                    |  12 ++++--------
 browser/components/preferences/in-content/privacy.js                                        |  21 +++++++--------------
 browser/components/preferences/in-content/search.js                                         |  66 ++++++++++++++++++++++--------------------------------------------
 browser/components/preferences/in-content/subdialogs.js                                     |   3 +--
 browser/components/preferences/in-content/tests/browser_bug1018066_resetScrollPosition.js   |   3 +--
 browser/components/preferences/in-content/tests/browser_bug410900.js                        |   3 +--
 browser/components/preferences/in-content/tests/browser_cookies_exceptions.js               |   6 ++----
 browser/components/preferences/in-content/tests/browser_notifications_do_not_disturb.js     |   3 +--
 browser/components/preferences/in-content/tests/head.js                                     |   9 +++------
 browser/components/preferences/in-content/tests/privacypane_tests_perwindow.js              |   6 ++----
 browser/components/preferences/in-content/tests/siteData/head.js                            |   6 ++----
 browser/components/preferences/languages.js                                                 |  45 +++++++++++++++------------------------------
 browser/components/preferences/permissions.js                                               |  24 ++++++++----------------
 browser/components/preferences/selectBookmark.js                                            |   6 ++----
 browser/components/preferences/sitePermissions.js                                           |  21 +++++++--------------
 browser/components/preferences/translation.js                                               |  36 ++++++++++++------------------------
 browser/components/privatebrowsing/test/browser/browser_privatebrowsing_cache.js            |   3 +--
 browser/components/privatebrowsing/test/browser/browser_privatebrowsing_popupblocker.js     |   3 +--
 browser/components/resistfingerprinting/test/browser/browser_performanceAPI.js              |   3 +--
 browser/components/resistfingerprinting/test/browser/file_workerPerformance.js              |   3 +--
 browser/components/safebrowsing/content/test/head.js                                        |   3 +--
 browser/components/search/content/autocomplete-popup.js                                     |  12 ++++--------
 browser/components/search/content/search-one-offs.js                                        |   3 +--
 browser/components/search/content/searchbar.js                                              |  30 ++++++++++--------------------
 browser/components/search/test/browser/browser_426329.js                                    |   6 ++----
 browser/components/search/test/browser/browser_addEngine.js                                 |  15 +++++----------
 browser/components/search/test/browser/browser_searchbar_keyboard_navigation.js             |   6 ++----
 browser/components/search/test/browser/browser_searchbar_openpopup.js                       |   3 +--
 browser/components/search/test/browser/browser_searchbar_smallpanel_keyboard_navigation.js  |   6 ++----
 browser/components/search/test/browser/browser_tooManyEnginesOffered.js                     |   3 +--
 browser/components/search/test/browser/browser_webapi.js                                    |   6 ++----
 browser/components/search/test/browser/head.js                                              |  12 ++++--------
 browser/components/sessionstore/RecentlyClosedTabsAndWindowsMenuUtils.jsm                   |   6 ++----
 browser/components/sessionstore/SessionStartup.jsm                                          |  15 +++++----------
 browser/components/sessionstore/SessionStore.jsm                                            | 163 ++++++++++++++++++++++++++++++++++++++++++++++++++++++-------------------------------------------------------------------------------------------------------------
 browser/components/sessionstore/content/aboutSessionRestore.js                              |  48 +++++++++++++++---------------------------------
 browser/components/sessionstore/test/browser_248970_b_perwindowpb.js                        |  33 +++++++++++----------------------
 browser/components/sessionstore/test/browser_394759_purge.js                                |   3 +--
 browser/components/sessionstore/test/browser_423132.js                                      |   3 +--
 browser/components/sessionstore/test/browser_447951.js                                      |   3 +--
 browser/components/sessionstore/test/browser_459906.js                                      |   6 ++----
 browser/components/sessionstore/test/browser_461743.js                                      |   3 +--
 browser/components/sessionstore/test/browser_464620_a.js                                    |   3 +--
 browser/components/sessionstore/test/browser_464620_b.js                                    |   3 +--
 browser/components/sessionstore/test/browser_506482.js                                      |   6 ++----
 browser/components/sessionstore/test/browser_514751.js                                      |   3 +--
 browser/components/sessionstore/test/browser_522375.js                                      |   9 +++------
 browser/components/sessionstore/test/browser_522545.js                                      |   3 +--
 browser/components/sessionstore/test/browser_526613.js                                      |   3 +--
 browser/components/sessionstore/test/browser_528776.js                                      |   3 +--
 browser/components/sessionstore/test/browser_580512.js                                      |   3 +--
 browser/components/sessionstore/test/browser_586068-apptabs.js                              |   6 ++----
 browser/components/sessionstore/test/browser_586068-apptabs_ondemand.js                     |   3 +--
 browser/components/sessionstore/test/browser_586068-browser_state_interrupted.js            |   9 +++------
 browser/components/sessionstore/test/browser_586068-select.js                               |   3 +--
 browser/components/sessionstore/test/browser_589246.js                                      |   6 ++----
 browser/components/sessionstore/test/browser_590268.js                                      |   9 +++------
 browser/components/sessionstore/test/browser_595601-restore_hidden.js                       |   9 +++------
 browser/components/sessionstore/test/browser_600545.js                                      |   6 ++----
 browser/components/sessionstore/test/browser_615394-SSWindowState_events_setWindowState.js  |   3 +--
 browser/components/sessionstore/test/browser_615394-SSWindowState_events_undoCloseWindow.js |   3 +--
 browser/components/sessionstore/test/browser_636279.js                                      |   9 +++------
 browser/components/sessionstore/test/browser_705597.js                                      |   6 ++----
 browser/components/sessionstore/test/browser_707862.js                                      |   6 ++----
 browser/components/sessionstore/test/browser_739531.js                                      |   6 ++----
 browser/components/sessionstore/test/browser_739805.js                                      |   3 +--
 browser/components/sessionstore/test/browser_tabs_in_urlbar.js                              |   3 +--
 browser/components/sessionstore/test/head.js                                                |  15 +++++----------
 browser/components/shell/content/setDesktopBackground.js                                    |   3 +--
 browser/components/shell/test/browser_420786.js                                             |   9 +++------
 browser/components/shell/test/unit/test_421977.js                                           |   3 +--
 browser/components/tests/browser/browser_bug538331.js                                       |   6 ++----
 browser/components/tests/startupRecorder.js                                                 |  18 ++++++------------
 browser/components/tests/unit/test_distribution.js                                          |   3 +--
 browser/components/translation/BingTranslator.jsm                                           |   6 ++----
 browser/components/translation/LanguageDetector.jsm                                         |  21 +++++++--------------
 browser/components/translation/Translation.jsm                                              |  45 +++++++++++++++------------------------------
 browser/components/translation/TranslationContentHandler.jsm                                |  21 +++++++--------------
 browser/components/translation/YandexTranslator.jsm                                         |   6 ++----
 browser/components/translation/content/translation-notification.js                          |  30 ++++++++++--------------------
 browser/components/translation/test/browser_translation_exceptions.js                       |   3 +--
 browser/components/translation/test/browser_translation_infobar.js                          |   3 +--
 browser/components/uitour/UITour-lib.js                                                     |  21 +++++++--------------
 browser/components/uitour/UITour.jsm                                                        |  69 +++++++++++++++++++++++----------------------------------------------
 browser/components/uitour/UITourChild.jsm                                                   |  18 ++++++------------
 browser/components/uitour/test/browser_UITour_availableTargets.js                           |   3 +--
 browser/components/uitour/test/browser_UITour_modalDialog.js                                |  15 +++++----------
 browser/components/uitour/test/head.js                                                      |  33 +++++++++++----------------------
 browser/components/urlbar/UrlbarPrefs.jsm                                                   |   9 +++------
 browser/components/urlbar/UrlbarTokenizer.jsm                                               |  30 ++++++++++--------------------
 browser/components/urlbar/tests/browser/browser_URLBarSetURI.js                             |   3 +--
 browser/components/urlbar/tests/browser/browser_UrlbarInput_overflow.js                     |   3 +--
 browser/components/urlbar/tests/browser/browser_autoFill_backspaced.js                      |   3 +--
 browser/components/urlbar/tests/browser/browser_switchToTabHavingURI_aOpenParams.js         |   3 +--
 browser/components/urlbar/tests/browser/browser_switchToTab_closes_newtab.js                |   3 +--
 browser/components/urlbar/tests/browser/browser_tabMatchesInAwesomebar.js                   |  21 +++++++--------------
 browser/components/urlbar/tests/browser/browser_urlbarCopying.js                            |   9 +++------
 browser/components/urlbar/tests/unit/test_UrlbarUtils_getShortcutOrURIAndPostData.js        |   9 +++------
 browser/extensions/pdfjs/test/browser_pdfjs_navigation.js                                   |   3 +--
 browser/modules/AboutNewTab.jsm                                                             |   3 +--
 browser/modules/AsanReporter.jsm                                                            |   3 +--
 browser/modules/AsyncTabSwitcher.jsm                                                        |  15 +++++----------
 browser/modules/BrowserWindowTracker.jsm                                                    |   6 ++----
 browser/modules/ContentClick.jsm                                                            |   6 ++----
 browser/modules/ContentCrashHandlers.jsm                                                    |  15 +++++----------
 browser/modules/ContentObservers.js                                                         |   3 +--
 browser/modules/FaviconLoader.jsm                                                           |   6 ++----
 browser/modules/RemotePrompt.jsm                                                            |   6 ++----
 browser/modules/Sanitizer.jsm                                                               |  30 ++++++++++--------------------
 browser/modules/SitePermissions.jsm                                                         |  21 +++++++--------------
 browser/modules/TransientPrefs.jsm                                                          |   3 +--
 browser/modules/Windows8WindowFrameColor.jsm                                                |   3 +--
 browser/modules/WindowsJumpLists.jsm                                                        |  33 +++++++++++----------------------
 browser/modules/WindowsPreviewPerTab.jsm                                                    |  54 ++++++++++++++++++------------------------------------
 browser/modules/test/browser/browser_taskbar_preview.js                                     |  12 ++++--------
 browser/modules/test/browser/formValidation/browser_form_validation.js                      |   3 +--
 browser/modules/webrtcUI.jsm                                                                |  87 +++++++++++++++++++++++++++++----------------------------------------------------------
 browser/tools/mozscreenshots/mozscreenshots/extension/TestRunner.jsm                        |   3 +--
 browser/tools/mozscreenshots/mozscreenshots/extension/configurations/Tabs.jsm               |  12 ++++--------
 chrome/test/unit/head_crtestutils.js                                                        |   3 +--
 chrome/test/unit/test_bug415367.js                                                          |   6 ++----
 chrome/test/unit/test_data_protocol_registration.js                                         |   3 +--
 chrome/test/unit/test_no_remote_registration.js                                             |   6 ++----
 devtools/client/inspector/markup/test/helper_diff.js                                        |  44 ++++++++++++++------------------------------
 docshell/resources/content/netError.js                                                      |  24 ++++++++----------------
 docshell/test/chrome/docshell_helpers.js                                                    |  54 ++++++++++++++++++------------------------------------
 docshell/test/navigation/NavigationUtils.js                                                 |  18 ++++++------------
 docshell/test/navigation/browser_bug343515.js                                               |   3 +--
 dom/asmjscache/test/file_slow.js                                                            |  45 +++++++++++++++------------------------------
 dom/base/test/unit/head_utilities.js                                                        |   3 +--
 dom/base/test/unit/test_isequalnode.js                                                      |  36 ++++++++++++------------------------
 dom/base/test/unit/test_normalize.js                                                        |   3 +--
 dom/indexedDB/test/head.js                                                                  |   3 +--
 dom/indexedDB/test/helpers.js                                                               |  24 ++++++++----------------
 dom/indexedDB/test/unit/test_add_put.js                                                     |  29 ++++++++++-------------------
 dom/indexedDB/test/unit/xpcshell-head-parent-process.js                                     |  12 ++++--------
 dom/ipc/tests/browser_domainPolicy.js                                                       |  15 +++++----------
 dom/plugins/test/mochitest/head.js                                                          |   3 +--
 dom/plugins/test/mochitest/pluginstream.js                                                  |   9 +++------
 dom/plugins/test/unit/head_plugins.js                                                       |   3 +--
 dom/plugins/test/unit/test_bug813245.js                                                     |   3 +--
 dom/plugins/test/unit/test_persist_in_prefs.js                                              |   6 ++----
 dom/presentation/tests/xpcshell/test_tcp_control_channel.js                                 |   3 +--
 dom/security/test/unit/test_csp_reports.js                                                  |   9 +++------
 dom/system/NetworkGeolocationProvider.jsm                                                   |   3 +--
 dom/tests/browser/browser_ConsoleAPITests.js                                                |   3 +--
 dom/tests/browser/browser_ConsoleStorageAPITests.js                                         |   3 +--
 dom/tests/unit/test_geolocation_reset_accuracy.js                                           |   3 +--
 dom/tests/unit/test_geolocation_reset_accuracy_wrap.js                                      |   3 +--
 editor/AsyncSpellCheckTestHelper.jsm                                                        |  12 ++++--------
 extensions/pref/autoconfig/src/prefcalls.js                                                 |  15 +++++----------
 gfx/layers/layerviewer/layerTreeView.js                                                     |   3 +--
 js/src/builtin/Date.js                                                                      |   9 +++------
 js/src/builtin/Error.js                                                                     |   9 +++------
 js/src/builtin/Function.js                                                                  |  42 ++++++++++++++----------------------------
 js/src/builtin/Generator.js                                                                 |  42 ++++++++++++++----------------------------
 js/src/builtin/Map.js                                                                       |  18 ++++++------------
 js/src/builtin/Module.js                                                                    |  51 +++++++++++++++++----------------------------------
 js/src/builtin/Number.js                                                                    |  27 +++++++++------------------
 js/src/builtin/Object.js                                                                    |  42 ++++++++++++++----------------------------
 js/src/builtin/Promise.js                                                                   |   3 +--
 js/src/builtin/Reflect.js                                                                   |  18 ++++++------------
 js/src/builtin/Set.js                                                                       |  24 ++++++++----------------
 js/src/builtin/Sorting.js                                                                   |  45 +++++++++++++++------------------------------
 js/src/builtin/WeakMap.js                                                                   |   6 ++----
 js/src/builtin/WeakSet.js                                                                   |   6 ++----
 js/src/builtin/intl/Collator.js                                                             |  30 ++++++++++--------------------
 js/src/builtin/intl/DateTimeFormat.js                                                       |  96 ++++++++++++++++++++++++++++++++----------------------------------------------------------------
 js/src/builtin/intl/LangTagMappingsGenerated.js                                             |  15 +++++----------
 js/src/builtin/intl/NumberFormat.js                                                         |  24 ++++++++----------------
 js/src/builtin/intl/PluralRules.js                                                          |  15 +++++----------
 js/src/builtin/intl/RelativeTimeFormat.js                                                   |  12 ++++--------
 mobile/android/chrome/content/CastingApps.js                                                |  12 ++++--------
 mobile/android/chrome/content/ConsoleAPI.js                                                 |  12 ++++--------
 mobile/android/chrome/content/FeedHandler.js                                                |  33 +++++++++++----------------------
 mobile/android/chrome/content/Linkify.js                                                    |  12 ++++--------
 mobile/android/chrome/content/OfflineApps.js                                                |  15 +++++----------
 mobile/android/chrome/content/PermissionsHelper.js                                          |  12 ++++--------
 mobile/android/chrome/content/aboutAddons.js                                                |  60 ++++++++++++++++++++----------------------------------------
 mobile/android/chrome/geckoview/ErrorPageEventHandler.js                                    |   3 +--
 mobile/android/chrome/geckoview/GeckoViewNavigationChild.js                                 |   3 +--
 mobile/android/chrome/geckoview/config.js                                                   |   6 ++----
 mobile/android/components/AboutRedirector.js                                                |   3 +--
 mobile/android/components/AddonUpdateService.js                                             |   6 ++----
 mobile/android/components/BlocklistPrompt.js                                                |   6 ++----
 mobile/android/components/ColorPicker.js                                                    |   6 ++----
 mobile/android/components/ContentDispatchChooser.js                                         |   3 +--
 mobile/android/components/ContentPermissionPrompt.js                                        |   3 +--
 mobile/android/components/DirectoryProvider.js                                              |  18 ++++++------------
 mobile/android/components/FilePicker.js                                                     |  12 ++++--------
 mobile/android/components/HelperAppDialog.js                                                |  33 +++++++++++----------------------
 mobile/android/components/LoginManagerPrompter.js                                           |   9 +++------
 mobile/android/components/PromptService.js                                                  | 136 +++++++++++++++++++++++++++++++++++++++++++++-------------------------------------------------------------------------------------------
 mobile/android/components/SessionStore.js                                                   |   6 ++----
 mobile/android/components/TabSource.js                                                      |   9 +++------
 mobile/android/components/XPIDialogService.js                                               |   6 ++----
 mobile/android/modules/ActionBarHandler.jsm                                                 |  12 ++++--------
 mobile/android/modules/FormAssistant.jsm                                                    |   3 +--
 mobile/android/modules/Home.jsm                                                             |  27 +++++++++------------------
 mobile/android/modules/InputWidgetHelper.jsm                                                |  12 ++++--------
 mobile/android/modules/Notifications.jsm                                                    | 102 ++++++++++++++++++++++++++++++++++++------------------------------------------------------------------
 mobile/android/modules/PageActions.jsm                                                      |   3 +--
 mobile/android/modules/Prompt.jsm                                                           |  54 ++++++++++++++++++------------------------------------
 mobile/android/modules/SharedPreferences.jsm                                                |  38 +++++++++++++-------------------------
 mobile/android/modules/WebrtcUI.jsm                                                         |  42 ++++++++++++++----------------------------
 mobile/android/modules/geckoview/GeckoViewConsole.jsm                                       |  12 ++++--------
 mobile/android/tests/browser/robocop/robocop_head.js                                        |  57 +++++++++++++++++++--------------------------------------
 modules/libjar/test/unit/test_bug379841.js                                                  |   3 +--
 modules/libjar/zipwriter/test/unit/head_zipwriter.js                                        |   6 ++----
 modules/libjar/zipwriter/test/unit/test_bug399727.js                                        |   3 +--
 modules/libpref/test/unit/head_libPrefs.js                                                  |   6 ++----
 modules/libpref/test/unit/test_libPrefs.js                                                  |   6 ++----
 netwerk/cookie/test/unit/test_eviction.js                                                   |   6 ++----
 netwerk/cookie/test/unit/test_parser_0001.js                                                |   3 +--
 netwerk/cookie/test/unit/test_parser_0019.js                                                |   3 +--
 netwerk/dns/mdns/libmdns/fallback/MulticastDNS.jsm                                          |   9 +++------
 netwerk/protocol/http/UserAgentOverrides.jsm                                                |  12 ++++--------
 netwerk/test/httpserver/httpd.js                                                            | 436 +++++++++++++++++++++++++++++++++++++++++++++++++++++++++++++++++++++++++++++++++++++++++++++++++++++++++++++++++++++++++++++++++++++++++++++++++---------------------------------------------------------------------------------------------------------------------------------------------------------------------------------------------------------------------------------------------------------------------------------------------------
 netwerk/test/httpserver/test/head_utils.js                                                  |  42 ++++++++++++++----------------------------
 netwerk/test/httpserver/test/test_async_response_sending.js                                 |  60 ++++++++++++++++++++----------------------------------------
 netwerk/test/httpserver/test/test_basic_functionality.js                                    |   9 +++------
 netwerk/test/httpserver/test/test_body_length.js                                            |   3 +--
 netwerk/test/httpserver/test/test_headers.js                                                |  15 +++++----------
 netwerk/test/httpserver/test/test_processasync.js                                           |   9 +++------
 netwerk/test/httpserver/test/test_request_line_split_in_two_packets.js                      |  12 ++++--------
 netwerk/test/httpserver/test/test_seizepower.js                                             |   9 +++------
 netwerk/test/httpserver/test/test_sjs.js                                                    |   3 +--
 netwerk/test/httpserver/test/test_sjs_object_state.js                                       |  69 +++++++++++++++++++++++----------------------------------------------
 netwerk/test/httpserver/test/test_sjs_state.js                                              |   3 +--
 netwerk/test/httpserver/test/test_sjs_throwing_exceptions.js                                |   3 +--
 netwerk/test/httpserver/test/test_start_stop.js                                             |   6 ++----
 parser/htmlparser/tests/mochitest/parser_datreader.js                                       |   3 +--
 services/common/observers.js                                                                |   9 +++------
 services/common/tests/unit/test_utils_encodeBase32.js                                       |   3 +--
 services/common/utils.js                                                                    |  12 ++++--------
 services/crypto/modules/WeaveCrypto.js                                                      |   3 +--
 services/crypto/tests/unit/head_helpers.js                                                  |   9 +++------
 services/crypto/tests/unit/test_crypto_crypt.js                                             |   3 +--
 services/crypto/tests/unit/test_crypto_random.js                                            |   3 +--
 storage/test/unit/head_storage.js                                                           |   9 +++------
 storage/test/unit/test_bug-393952.js                                                        |   3 +--
 storage/test/unit/test_connection_executeAsync.js                                           |   9 +++------
 storage/test/unit/test_js_helpers.js                                                        |   3 +--
 storage/test/unit/test_locale_collation.js                                                  |   6 ++----
 storage/test/unit/test_statement_executeAsync.js                                            |  39 +++++++++++++--------------------------
 storage/test/unit/test_storage_service.js                                                   |   3 +--
 storage/test/unit/test_storage_service_unshared.js                                          |   3 +--
 testing/mochitest/BrowserTestUtils/BrowserTestUtils.jsm                                     |  36 ++++++++++++------------------------
 testing/mochitest/BrowserTestUtils/ContentTaskUtils.jsm                                     |  18 ++++++------------
 testing/mochitest/browser-test.js                                                           |  33 +++++++++++----------------------
 testing/mochitest/chrome-harness.js                                                         |   3 +--
 testing/mochitest/server.js                                                                 |  36 ++++++++++++------------------------
 testing/modules/Assert.jsm                                                                  |   6 ++----
 testing/modules/MockRegistry.jsm                                                            |   6 ++----
 testing/raptor/webext/raptor/measure.js                                                     |   3 +--
 testing/raptor/webext/raptor/runner.js                                                      |  18 ++++++------------
 testing/specialpowers/content/MockColorPicker.jsm                                           |   3 +--
 testing/specialpowers/content/MockFilePicker.jsm                                            |   9 +++------
 testing/specialpowers/content/MockPermissionPrompt.jsm                                      |   3 +--
 testing/specialpowers/content/SpecialPowersObserverAPI.js                                   |  21 +++++++--------------
 testing/specialpowers/content/specialpowersAPI.js                                           | 123 +++++++++++++++++++++++++++++++++++++++++----------------------------------------------------------------------------------
 testing/talos/talos/pageloader/chrome/MozillaFileLogger.js                                  |   9 +++------
 testing/talos/talos/pageloader/chrome/pageloader.js                                         |  42 ++++++++++++++----------------------------
 testing/talos/talos/pageloader/chrome/report.js                                             |  15 +++++----------
 testing/talos/talos/pageloader/chrome/tscroll.js                                            |   9 +++------
 testing/talos/talos/scripts/MozillaFileLogger.js                                            |   9 +++------
 testing/talos/talos/scripts/talos-debug.js                                                  |  15 +++++----------
 testing/talos/talos/scripts/xpigen.js                                                       |   3 +--
 testing/talos/talos/talos-powers/api.js                                                     |   3 +--
 testing/talos/talos/talos-powers/chrome/talos-powers-content.js                             |   3 +--
 testing/talos/talos/tests/devtools/addon/content/damp.js                                    |   3 +--
 testing/talos/talos/tests/perf-reftest-singletons/util.js                                   |   3 +--
 testing/talos/talos/tests/perf-reftest/util.js                                              |   3 +--
 testing/talos/talos/tests/tart/addon/content/tart.js                                        |  12 ++++--------
 testing/xpcshell/head.js                                                                    |  45 +++++++++++++++------------------------------
 toolkit/actors/ControllersChild.jsm                                                         |   3 +--
 toolkit/actors/PrintingChild.jsm                                                            |   3 +--
 toolkit/actors/SelectionSourceChild.jsm                                                     |  24 ++++++++----------------
 toolkit/actors/WebNavigationChild.jsm                                                       |   9 +++------
 toolkit/components/DefaultCLH.jsm                                                           |   6 ++----
 toolkit/components/aboutcache/content/aboutCache.js                                         |  18 ++++++------------
 toolkit/components/aboutmemory/content/aboutMemory.js                                       |   6 ++----
 toolkit/components/aboutperformance/content/aboutPerformance.js                             |  74 +++++++++++++++++++++++++-------------------------------------------------
 toolkit/components/aboutperformance/tests/browser/browser_aboutperformance.js               |   3 +--
 toolkit/components/apppicker/content/appPicker.js                                           |   3 +--
 toolkit/components/contentprefs/ContentPrefService2.jsm                                     |  66 ++++++++++++++++++++++--------------------------------------------
 toolkit/components/contentprefs/ContentPrefServiceChild.jsm                                 |   6 ++----
 toolkit/components/contentprefs/ContentPrefServiceParent.jsm                                |   3 +--
 toolkit/components/contentprefs/ContentPrefStore.jsm                                        |  18 ++++++------------
 toolkit/components/contentprefs/ContentPrefUtils.jsm                                        |   3 +--
 toolkit/components/contentprefs/tests/unit_cps2/AsyncRunner.jsm                             |   3 +--
 toolkit/components/contentprefs/tests/unit_cps2/head.js                                     |  39 +++++++++++++--------------------------
 toolkit/components/ctypes/tests/chrome/xpcshellTestHarnessAdaptor.js                        |   6 ++----
 toolkit/components/ctypes/tests/unit/test_jsctypes.js                                       | 114 ++++++++++++++++++++++++++++++++++++++----------------------------------------------------------------------------
 toolkit/components/filewatcher/tests/xpcshell/test_arguments.js                             |  12 ++++--------
 toolkit/components/osfile/modules/osfile_unix_front.jsm                                     |   3 +--
 toolkit/components/osfile/modules/osfile_win_front.jsm                                      |   3 +--
 toolkit/components/osfile/tests/xpcshell/test_read_write.js                                 |   6 ++----
 toolkit/components/places/BookmarkHTMLUtils.jsm                                             |  45 +++++++++++++++------------------------------
 toolkit/components/places/BookmarkJSONUtils.jsm                                             |   9 +++------
 toolkit/components/places/Bookmarks.jsm                                                     |  69 +++++++++++++++++++++++----------------------------------------------
 toolkit/components/places/History.jsm                                                       |   3 +--
 toolkit/components/places/PlacesBackups.jsm                                                 |  42 ++++++++++++++----------------------------
 toolkit/components/places/PlacesDBUtils.jsm                                                 |   3 +--
 toolkit/components/places/PlacesExpiration.jsm                                              |  33 +++++++++++----------------------
 toolkit/components/places/PlacesSyncUtils.jsm                                               |   6 ++----
 toolkit/components/places/PlacesTransactions.jsm                                            | 117 +++++++++++++++++++++++++++++++++++++++------------------------------------------------------------------------------
 toolkit/components/places/PlacesUtils.jsm                                                   | 213 +++++++++++++++++++++++++++++++++++++++++++++++++++++++++++++++++++++++----------------------------------------------------------------------------------------------------------------------------------------------
 toolkit/components/places/TaggingService.jsm                                                |  15 +++++----------
 toolkit/components/places/UnifiedComplete.jsm                                               | 120 ++++++++++++++++++++++++++++++++++++++++--------------------------------------------------------------------------------
 toolkit/components/places/tests/PlacesTestUtils.jsm                                         |  12 ++++--------
 toolkit/components/places/tests/bookmarks/head_bookmarks.js                                 |   9 +++------
 toolkit/components/places/tests/bookmarks/test_466303-json-remove-backups.js                |  12 ++++--------
 toolkit/components/places/tests/bookmarks/test_477583_json-backup-in-future.js              |   3 +--
 toolkit/components/places/tests/bookmarks/test_bmindex.js                                   |  24 ++++++++----------------
 toolkit/components/places/tests/bookmarks/test_bookmarks_notifications.js                   |   6 ++----
 toolkit/components/places/tests/bookmarks/test_keywords.js                                  |  12 ++++--------
 toolkit/components/places/tests/browser/head.js                                             |   6 ++----
 toolkit/components/places/tests/head_common.js                                              |  39 +++++++++++++--------------------------
 toolkit/components/places/tests/queries/head_queries.js                                     |  30 ++++++++++--------------------
 toolkit/components/places/tests/queries/test_async.js                                       |   6 ++----
 toolkit/components/places/tests/queries/test_containersQueries_sorting.js                   |  18 ++++++------------
 toolkit/components/places/tests/queries/test_downloadHistory_liveUpdate.js                  |   3 +--
 toolkit/components/places/tests/queries/test_querySerialization.js                          |  45 +++++++++++++++------------------------------
 toolkit/components/places/tests/queries/test_redirects.js                                   |  18 ++++++------------
 toolkit/components/places/tests/queries/test_results-as-visit.js                            |   3 +--
 toolkit/components/places/tests/queries/test_sort-date-site-grouping.js                     |   6 ++----
 toolkit/components/places/tests/queries/test_tags.js                                        |  27 +++++++++------------------
 toolkit/components/places/tests/unifiedcomplete/head_autocomplete.js                        |  21 +++++++--------------
 toolkit/components/places/tests/unifiedcomplete/test_adaptive.js                            |   3 +--
 toolkit/components/places/tests/unit/test_000_frecency.js                                   |  12 ++++--------
 toolkit/components/places/tests/unit/test_384370.js                                         |   6 ++----
 toolkit/components/places/tests/unit/test_async_transactions.js                             |  60 ++++++++++++++++++++----------------------------------------
 toolkit/components/places/tests/unit/test_bookmarks_html_corrupt.js                         |   3 +--
 toolkit/components/places/tests/unit/test_bookmarks_html_import_tags.js                     |   3 +--
 toolkit/components/places/tests/unit/test_getChildIndex.js                                  |   6 ++----
 toolkit/components/places/tests/unit/test_history_sidebar.js                                |   6 ++----
 toolkit/components/places/tests/unit/test_keywords.js                                       |  15 +++++----------
 toolkit/components/places/tests/unit/test_null_interfaces.js                                |   9 +++------
 toolkit/components/places/tests/unit/test_promiseBookmarksTree.js                           |  62 +++++++++++++++++++++-----------------------------------------
 toolkit/components/places/tests/unit/test_tag_autocomplete_search.js                        |   6 ++----
 toolkit/components/places/tests/unit/test_utils_backups_create.js                           |   9 +++------
 toolkit/components/printing/content/printPageSetup.js                                       |   6 ++----
 toolkit/components/printing/content/printPreviewProgress.js                                 |  27 +++++++++------------------
 toolkit/components/printing/content/printProgress.js                                        |   6 ++----
 toolkit/components/printing/content/printUtils.js                                           |   9 +++------
 toolkit/components/processsingleton/MainProcessSingleton.jsm                                |   6 ++----
 toolkit/components/promiseworker/tests/xpcshell/test_Promise.js                             |   3 +--
 toolkit/components/prompts/content/commonDialog.js                                          |   3 +--
 toolkit/components/prompts/content/selectDialog.js                                          |   3 +--
 toolkit/components/prompts/content/tabprompts.jsm                                           |  18 ++++++------------
 toolkit/components/prompts/src/CommonDialog.jsm                                             |  48 ++++++++++++++++--------------------------------
 toolkit/components/prompts/src/Prompter.jsm                                                 | 111 +++++++++++++++++++++++++++++++++++++--------------------------------------------------------------------------
 toolkit/components/prompts/src/SharedPromptUtils.jsm                                        |  12 ++++--------
 toolkit/components/prompts/test/chromeScript.js                                             |  18 ++++++------------
 toolkit/components/prompts/test/prompt_common.js                                            |   9 +++------
 toolkit/components/reader/AboutReader.jsm                                                   |  75 +++++++++++++++++++++++++--------------------------------------------------
 toolkit/components/reader/Readability-readerable.js                                         |   3 +--
 toolkit/components/reader/ReaderMode.jsm                                                    |   9 +++------
 toolkit/components/reader/test/head.js                                                      |   3 +--
 toolkit/components/remotebrowserutils/tests/browser/browser_RemoteWebNavigation.js          |   3 +--
 toolkit/components/remotepagemanager/MessagePort.jsm                                        |   9 +++------
 toolkit/components/remotepagemanager/RemotePageManagerParent.jsm                            |  12 ++++--------
 toolkit/components/remotepagemanager/tests/browser/browser_RemotePageManager.js             |   9 +++------
 toolkit/components/reputationservice/test/unit/test_app_rep.js                              |   3 +--
 toolkit/components/search/SearchService.jsm                                                 | 357 +++++++++++++++++++++++++++++++++++++++++++++++++++++++++++++++++++++++++++++++++++++++++++++++++++++++++++++++++++++++----------------------------------------------------------------------------------------------------------------------------------------------------------------------------------------------------------------------------------------------
 toolkit/components/search/SearchSuggestions.jsm                                             |   3 +--
 toolkit/components/search/tests/SearchTestUtils.jsm                                         |   3 +--
 toolkit/components/search/tests/xpcshell/head_search.js                                     |  18 ++++++------------
 toolkit/components/search/tests/xpcshell/test_async_profile_engine.js                       |   3 +--
 toolkit/components/search/tests/xpcshell/test_remove_profile_engine.js                      |   3 +--
 toolkit/components/search/tests/xpcshell/test_searchSuggest.js                              |   3 +--
 toolkit/components/startup/tests/unit/head_startup.js                                       |   3 +--
 toolkit/components/telemetry/app/TelemetryTimestamps.jsm                                    |   9 +++------
 toolkit/components/telemetry/pings/TelemetrySession.jsm                                     |  30 ++++++++++--------------------
 toolkit/components/telemetry/tests/unit/test_TelemetryCaptureStack.js                       |   3 +--
 toolkit/components/telemetry/tests/unit/test_TelemetryEnvironment.js                        |   3 +--
 toolkit/components/thumbnails/BackgroundPageThumbs.jsm                                      |  36 ++++++++++++------------------------
 toolkit/components/thumbnails/PageThumbUtils.jsm                                            |   9 +++------
 toolkit/components/thumbnails/PageThumbs.jsm                                                |  18 ++++++------------
 toolkit/components/thumbnails/PageThumbsStorageService.jsm                                  |   3 +--
 toolkit/components/thumbnails/content/backgroundPageThumbsContent.js                        |   3 +--
 toolkit/components/thumbnails/test/browser_thumbnails_privacy.js                            |   3 +--
 toolkit/components/thumbnails/test/browser_thumbnails_update.js                             |   3 +--
 toolkit/components/thumbnails/test/head.js                                                  |   6 ++----
 toolkit/components/tooltiptext/TooltipTextProvider.jsm                                      |   9 +++------
 toolkit/components/url-classifier/UrlClassifierLib.jsm                                      |  18 ++++++------------
 toolkit/components/url-classifier/tests/UrlClassifierTestUtils.jsm                          |   3 +--
 toolkit/components/url-classifier/tests/unit/head_urlclassifier.js                          |  12 ++++--------
 toolkit/components/url-classifier/tests/unit/test_dbservice.js                              |   3 +--
 toolkit/components/url-classifier/tests/unit/test_hashcompleter.js                          |  12 ++++--------
 toolkit/components/url-classifier/tests/unit/test_prefixset.js                              |  15 +++++----------
 toolkit/components/viewconfig/content/config.js                                             | 133 ++++++++++++++++++++++++++++++++++++++++++++-----------------------------------------------------------------------------------------
 toolkit/components/viewsource/ViewSourceBrowser.jsm                                         |   3 +--
 toolkit/components/viewsource/content/viewSource-content.js                                 |  12 ++++--------
 toolkit/components/viewsource/content/viewSourceUtils.js                                    |   6 ++----
 toolkit/components/viewsource/test/browser/browser_contextmenu.js                           |   6 ++----
 toolkit/components/viewsource/test/browser/browser_viewsourceprefs.js                       |   6 ++----
 toolkit/components/windowcreator/tests/unit/test_wwauthpromptfactory.js                     |   3 +--
 toolkit/components/xulstore/XULStore.jsm                                                    |  24 ++++++++----------------
 toolkit/content/aboutNetworking.js                                                          |  15 +++++----------
 toolkit/content/aboutSupport.js                                                             |  72 ++++++++++++++++++++++++------------------------------------------------
 toolkit/content/aboutTelemetry.js                                                           |  21 +++++++--------------
 toolkit/content/aboutwebrtc/aboutWebrtc.js                                                  |   3 +--
 toolkit/content/browser-child.js                                                            |   6 ++----
 toolkit/content/contentAreaUtils.js                                                         |  90 ++++++++++++++++++++++++++++++------------------------------------------------------------
 toolkit/content/editMenuOverlay.js                                                          |   3 +--
 toolkit/content/globalOverlay.js                                                            |  27 +++++++++------------------
 toolkit/content/macWindowMenu.js                                                            |   6 ++----
 toolkit/content/preferencesBindings.js                                                      |  63 +++++++++++++++++++++------------------------------------------
 toolkit/content/process-content.js                                                          |   3 +--
 toolkit/content/tests/browser/browser_autoscroll_disabled.js                                |   3 +--
 toolkit/content/tests/browser/browser_bug451286.js                                          |   3 +--
 toolkit/content/tests/browser/browser_findbar.js                                            |   6 ++----
 toolkit/content/tests/browser/browser_save_resend_postdata.js                               |   9 +++------
 toolkit/content/tests/browser/common/mockTransfer.js                                        |   6 ++----
 toolkit/content/tests/chrome/popup_trigger.js                                               |  21 +++++++--------------
 toolkit/content/tests/chrome/xul_selectcontrol.js                                           |  12 ++++--------
 toolkit/content/tests/unit/test_contentAreaUtils.js                                         |   3 +--
 toolkit/content/tests/widgets/popup_shared.js                                               |  68 +++++++++++++++++++++++---------------------------------------------
 toolkit/content/tests/widgets/tree_shared.js                                                |  78 ++++++++++++++++++++++++++----------------------------------------------------
 toolkit/content/tests/widgets/videocontrols_direction_test.js                               |   6 ++----
 toolkit/content/treeUtils.js                                                                |  12 ++++--------
 toolkit/content/viewZoomOverlay.js                                                          |  18 ++++++------------
 toolkit/content/widgets/autocomplete-popup.js                                               |  21 +++++++--------------
 toolkit/content/widgets/autocomplete-richlistitem.js                                        |  27 +++++++++------------------
 toolkit/content/widgets/browser-custom-element.js                                           |  72 ++++++++++++++++++++++++------------------------------------------------
 toolkit/content/widgets/editor.js                                                           |  12 ++++--------
 toolkit/content/widgets/findbar.js                                                          | 143 ++++++++++++++++++++++++++++++++++++++++++++++++-----------------------------------------------------------------------------------------------
 toolkit/content/widgets/general.js                                                          |   3 +--
 toolkit/content/widgets/menu.js                                                             |   9 +++------
 toolkit/content/widgets/menulist.js                                                         |  47 +++++++++++++++--------------------------------
 toolkit/content/widgets/notificationbox.js                                                  |  45 +++++++++++++++------------------------------
 toolkit/content/widgets/radio.js                                                            |  57 +++++++++++++++++++--------------------------------------
 toolkit/content/widgets/richlistbox.js                                                      |  30 ++++++++++--------------------
 toolkit/content/widgets/tabbox.js                                                           |  30 ++++++++++--------------------
 toolkit/content/widgets/text.js                                                             |   9 +++------
 toolkit/content/widgets/textbox.js                                                          |  15 +++++----------
 toolkit/content/widgets/tree.js                                                             | 261 +++++++++++++++++++++++++++++++++++++++++++++++++++++++++++++++++++++++++++++++++++++++------------------------------------------------------------------------------------------------------------------------------------------------------------------------------
 toolkit/crashreporter/CrashReports.jsm                                                      |   3 +--
 toolkit/crashreporter/KeyValueParser.jsm                                                    |   6 ++----
 toolkit/crashreporter/test/browser/browser_aboutCrashesResubmit.js                          |   9 +++------
 toolkit/crashreporter/test/unit/test_crashreporter_crash.js                                 |   3 +--
 toolkit/crashreporter/test/unit_ipc/test_content_memory_list.js                             |   3 +--
 toolkit/forgetaboutsite/test/browser/browser_clearplugindata.js                             |   9 +++------
 toolkit/forgetaboutsite/test/unit/head_forgetaboutsite.js                                   |   3 +--
 toolkit/forgetaboutsite/test/unit/test_removeDataFromDomain.js                              |   3 +--
 toolkit/modules/AppMenuNotifications.jsm                                                    |   6 ++----
 toolkit/modules/AutoScrollController.jsm                                                    |  15 +++++----------
 toolkit/modules/BinarySearch.jsm                                                            |   9 +++------
 toolkit/modules/BrowserUtils.jsm                                                            |  60 ++++++++++++++++++++----------------------------------------
 toolkit/modules/CertUtils.jsm                                                               |  18 ++++++------------
 toolkit/modules/Color.jsm                                                                   |   6 ++----
 toolkit/modules/E10SUtils.jsm                                                               |   3 +--
 toolkit/modules/FileUtils.jsm                                                               |   6 ++----
 toolkit/modules/FindBarContent.jsm                                                          |   3 +--
 toolkit/modules/Finder.jsm                                                                  |  87 +++++++++++++++++++++++++++++----------------------------------------------------------
 toolkit/modules/FinderHighlighter.jsm                                                       | 180 ++++++++++++++++++++++++++++++++++++++++++++++++++++++++++++------------------------------------------------------------------------------------------------------------------------
 toolkit/modules/FinderIterator.jsm                                                          |  90 ++++++++++++++++++++++++++++++------------------------------------------------------------
 toolkit/modules/FinderParent.jsm                                                            |   3 +--
 toolkit/modules/Geometry.jsm                                                                |  42 ++++++++++++++----------------------------
 toolkit/modules/Http.jsm                                                                    |  12 ++++--------
 toolkit/modules/InlineSpellChecker.jsm                                                      |  96 ++++++++++++++++++++++++++++++++----------------------------------------------------------------
 toolkit/modules/InlineSpellCheckerContent.jsm                                               |   6 ++----
 toolkit/modules/LightweightThemeConsumer.jsm                                                |   3 +--
 toolkit/modules/Log.jsm                                                                     |  36 ++++++++++++------------------------
 toolkit/modules/NLP.jsm                                                                     |  18 ++++++------------
 toolkit/modules/NewTabUtils.jsm                                                             |  73 ++++++++++++++++++++++++-------------------------------------------------
 toolkit/modules/ObjectUtils.jsm                                                             |   6 ++----
 toolkit/modules/PageMenu.jsm                                                                |   3 +--
 toolkit/modules/PermissionsUtils.jsm                                                        |   9 +++------
 toolkit/modules/PopupNotifications.jsm                                                      | 150 ++++++++++++++++++++++++++++++++++++++++++++++++++----------------------------------------------------------------------------------------------------
 toolkit/modules/Preferences.jsm                                                             |  54 ++++++++++++++++++------------------------------------
 toolkit/modules/PropertyListUtils.jsm                                                       |  84 ++++++++++++++++++++++++++++--------------------------------------------------------
 toolkit/modules/ResetProfile.jsm                                                            |   3 +--
 toolkit/modules/SelectParentHelper.jsm                                                      |   6 ++----
 toolkit/modules/ShortcutUtils.jsm                                                           |  27 +++++++++------------------
 toolkit/modules/Sqlite.jsm                                                                  |   6 ++----
 toolkit/modules/Troubleshoot.jsm                                                            |  36 ++++++++++++------------------------
 toolkit/modules/WebProgressChild.jsm                                                        |   3 +--
 toolkit/modules/ZipUtils.jsm                                                                |  15 +++++----------
 toolkit/modules/secondscreen/RokuApp.jsm                                                    |   6 ++----
 toolkit/modules/secondscreen/SimpleServiceDiscovery.jsm                                     |   3 +--
 toolkit/modules/sessionstore/SessionHistory.jsm                                             |  30 ++++++++++--------------------
 toolkit/modules/tests/browser/browser_FinderHighlighter.js                                  |   6 ++----
 toolkit/modules/tests/browser/browser_Troubleshoot.js                                       |  28 +++++++++-------------------
 toolkit/modules/tests/browser/head.js                                                       |  15 +++++----------
 toolkit/modules/tests/xpcshell/test_FileUtils.js                                            |   6 ++----
 toolkit/modules/tests/xpcshell/test_FinderIterator.js                                       |   6 ++----
 toolkit/modules/tests/xpcshell/test_GMPInstallManager.js                                    |   3 +--
 toolkit/modules/tests/xpcshell/test_Http.js                                                 |   3 +--
 toolkit/modules/tests/xpcshell/test_NewTabUtils.js                                          |   3 +--
 toolkit/modules/tests/xpcshell/test_propertyListsUtils.js                                   |   6 ++----
 toolkit/modules/tests/xpcshell/test_readCertPrefs.js                                        |   9 +++------
 toolkit/modules/tests/xpcshell/test_sqlite.js                                               |   3 +--
 toolkit/mozapps/downloads/DownloadLastDir.jsm                                               |  21 +++++++--------------
 toolkit/mozapps/downloads/DownloadUtils.jsm                                                 |  33 +++++++++++----------------------
 toolkit/mozapps/downloads/HelperAppDlg.jsm                                                  |  42 ++++++++++++++----------------------------
 toolkit/mozapps/downloads/tests/unit/test_DownloadUtils.js                                  |   6 ++----
 toolkit/mozapps/downloads/tests/unit/test_syncedDownloadUtils.js                            |   6 ++----
 toolkit/mozapps/extensions/AddonManager.jsm                                                 | 408 ++++++++++++++++++++++++++++++++++++++++++++++++++++++++++++++++++++++++++++++++++++++++++++++++++++++++++++++++++++++++++++++++++++++++--------------------------------------------------------------------------------------------------------------------------------------------------------------------------------------------------------------------------------------------------------------------------------
 toolkit/mozapps/extensions/Blocklist.jsm                                                    | 150 ++++++++++++++++++++++++++++++++++++++++++++++++++----------------------------------------------------------------------------------------------------
 toolkit/mozapps/extensions/LightweightThemeManager.jsm                                      | 105 +++++++++++++++++++++++++++++++++++----------------------------------------------------------------------
 toolkit/mozapps/extensions/addonManager.js                                                  |  12 ++++--------
 toolkit/mozapps/extensions/amContentHandler.jsm                                             |  12 ++++--------
 toolkit/mozapps/extensions/amInstallTrigger.jsm                                             |   6 ++----
 toolkit/mozapps/extensions/content/blocklist.js                                             |  12 ++++--------
 toolkit/mozapps/extensions/content/extensions.js                                            | 495 +++++++++++++++++++++++++++++++++++++++++++++++++++++++++++++++++++++++++++++++++++++++++++++++++++++++++++++++++++++++++++++++++++++++++++++++++++++++++++++++++++++------------------------------------------------------------------------------------------------------------------------------------------------------------------------------------------------------------------------------------------------------------------------------------------------------------------------------------------
 toolkit/mozapps/extensions/content/shortcuts.js                                             |  12 ++++--------
 toolkit/mozapps/extensions/internal/AddonRepository.jsm                                     |  33 +++++++++++----------------------
 toolkit/mozapps/extensions/internal/AddonTestUtils.jsm                                      |  90 ++++++++++++++++++++++++++++++------------------------------------------------------------
 toolkit/mozapps/extensions/internal/AddonUpdateChecker.jsm                                  |  39 +++++++++++++--------------------------
 toolkit/mozapps/extensions/internal/GMPProvider.jsm                                         |   3 +--
 toolkit/mozapps/extensions/internal/LightweightThemePersister.jsm                           |   6 ++----
 toolkit/mozapps/extensions/internal/PluginProvider.jsm                                      |  78 ++++++++++++++++++++++++++----------------------------------------------------
 toolkit/mozapps/extensions/internal/XPIDatabase.jsm                                         | 210 ++++++++++++++++++++++++++++++++++++++++++++++++++++++++++++++++++++++--------------------------------------------------------------------------------------------------------------------------------------------
 toolkit/mozapps/extensions/internal/XPIInstall.jsm                                          | 222 ++++++++++++++++++++++++++++++++++++++++++++++++++++++++++++++++++++++++++----------------------------------------------------------------------------------------------------------------------------------------------------
 toolkit/mozapps/extensions/internal/XPIProvider.jsm                                         |  36 ++++++++++++------------------------
 toolkit/mozapps/extensions/test/browser/browser_bug523784.js                                |   9 +++------
 toolkit/mozapps/extensions/test/browser/browser_bug562797.js                                |  21 +++++++--------------
 toolkit/mozapps/extensions/test/browser/browser_bug562890.js                                |   6 ++----
 toolkit/mozapps/extensions/test/browser/browser_bug587970.js                                |   3 +--
 toolkit/mozapps/extensions/test/browser/browser_bug590347.js                                |   3 +--
 toolkit/mozapps/extensions/test/browser/browser_bug591465.js                                |  42 ++++++++++++++----------------------------
 toolkit/mozapps/extensions/test/browser/browser_checkAddonCompatibility.js                  |   3 +--
 toolkit/mozapps/extensions/test/browser/browser_discovery.js                                |  51 +++++++++++++++++----------------------------------
 toolkit/mozapps/extensions/test/browser/browser_list.js                                     |   9 +++------
 toolkit/mozapps/extensions/test/browser/browser_manualupdates.js                            |  15 +++++----------
 toolkit/mozapps/extensions/test/browser/browser_plugin_enabled_state_locked.js              |   6 ++----
 toolkit/mozapps/extensions/test/browser/browser_reinstall.js                                |   6 ++----
 toolkit/mozapps/extensions/test/browser/browser_sorting.js                                  |   6 ++----
 toolkit/mozapps/extensions/test/browser/browser_sorting_plugins.js                          |   3 +--
 toolkit/mozapps/extensions/test/browser/head.js                                             | 154 +++++++++++++++++++++++++++++++++++++++++++++++++++-------------------------------------------------------------------------------------------------------
 toolkit/mozapps/extensions/test/xpcshell/head_addons.js                                     |  93 +++++++++++++++++++++++++++++++--------------------------------------------------------------
 toolkit/mozapps/extensions/test/xpcshell/head_system_addons.js                              |   9 +++------
 toolkit/mozapps/extensions/test/xpcshell/test_AddonRepository.js                            |   6 ++----
 toolkit/mozapps/extensions/test/xpcshell/test_AddonRepository_cache.js                      |   6 ++----
 toolkit/mozapps/extensions/test/xpcshell/test_LightweightThemeManager.js                    |   6 ++----
 toolkit/mozapps/extensions/test/xpcshell/test_XPIcancel.js                                  |   9 +++------
 toolkit/mozapps/extensions/test/xpcshell/test_blocklist_metadata_filters.js                 |   3 +--
 toolkit/mozapps/extensions/test/xpcshell/test_blocklist_plugin_flashonly.js                 |   6 ++----
 toolkit/mozapps/extensions/test/xpcshell/test_blocklist_prefs.js                            |   3 +--
 toolkit/mozapps/extensions/test/xpcshell/test_blocklist_severities.js                       |   3 +--
 toolkit/mozapps/extensions/test/xpcshell/test_blocklistchange.js                            |  24 ++++++++----------------
 toolkit/mozapps/extensions/test/xpcshell/test_bug587088.js                                  |   9 +++------
 toolkit/mozapps/extensions/test/xpcshell/test_cacheflush.js                                 |   6 ++----
 toolkit/mozapps/extensions/test/xpcshell/test_duplicateplugins.js                           |  12 ++++--------
 toolkit/mozapps/extensions/test/xpcshell/test_gmpProvider.js                                |   3 +--
 toolkit/mozapps/extensions/test/xpcshell/test_install.js                                    |   6 ++----
 toolkit/mozapps/extensions/test/xpcshell/test_json_updatecheck.js                           |   3 +--
 toolkit/mozapps/extensions/test/xpcshell/test_moved_extension_metadata.js                   |   3 +--
 toolkit/mozapps/extensions/test/xpcshell/test_overrideblocklist.js                          |   6 ++----
 toolkit/mozapps/extensions/test/xpcshell/test_pluginBlocklistCtp.js                         |   3 +--
 toolkit/mozapps/extensions/test/xpcshell/test_plugins.js                                    |   3 +--
 toolkit/mozapps/extensions/test/xpcshell/test_pref_properties.js                            |  24 ++++++++----------------
 toolkit/mozapps/extensions/test/xpcshell/test_provider_markSafe.js                          |   3 +--
 toolkit/mozapps/extensions/test/xpcshell/test_provider_unsafe_access_shutdown.js            |   3 +--
 toolkit/mozapps/extensions/test/xpcshell/test_provider_unsafe_access_startup.js             |   3 +--
 toolkit/mozapps/extensions/test/xpcshell/test_proxies.js                                    |  15 +++++----------
 toolkit/mozapps/extensions/test/xpcshell/test_shutdown.js                                   |  18 ++++++------------
 toolkit/mozapps/extensions/test/xpcshell/test_signed_inject.js                              |   3 +--
 toolkit/mozapps/extensions/test/xpcshell/test_strictcompatibility.js                        |  15 +++++----------
 toolkit/mozapps/extensions/test/xpcshell/test_temporary.js                                  |   6 ++----
 toolkit/mozapps/extensions/test/xpcshell/test_update_ignorecompat.js                        |   3 +--
 toolkit/mozapps/extensions/test/xpcshell/test_update_webextensions.js                       |   9 +++------
 toolkit/mozapps/extensions/test/xpcshell/test_webextension_install.js                       |   3 +--
 toolkit/mozapps/extensions/test/xpcshell/test_webextension_theme.js                         |   6 ++----
 toolkit/mozapps/extensions/test/xpinstall/browser_badargs.js                                |   3 +--
 toolkit/mozapps/extensions/test/xpinstall/browser_badargs2.js                               |   3 +--
 toolkit/mozapps/extensions/test/xpinstall/browser_doorhanger_installs.js                    |  15 +++++----------
 toolkit/mozapps/extensions/test/xpinstall/browser_localfile2.js                             |   3 +--
 toolkit/mozapps/extensions/test/xpinstall/head.js                                           |  51 +++++++++++++++++----------------------------------
 toolkit/mozapps/handling/ContentDispatchChooser.jsm                                         |   3 +--
 toolkit/mozapps/handling/content/dialog.js                                                  |  21 +++++++--------------
 toolkit/mozapps/preferences/changemp.js                                                     |  15 +++++----------
 toolkit/mozapps/preferences/fontbuilder.js                                                  |   9 +++------
 toolkit/mozapps/update/UpdateService.jsm                                                    | 105 +++++++++++++++++++++++++++++++++++----------------------------------------------------------------------
 toolkit/mozapps/update/content/history.js                                                   |   9 +++------
 toolkit/mozapps/update/content/updates.js                                                   |  75 +++++++++++++++++++++++++--------------------------------------------------
 toolkit/profile/content/createProfileWizard.js                                              |  12 ++++--------
 toolkit/profile/content/profileSelection.js                                                 |  15 +++++----------
 tools/profiler/tests/test_asm.js                                                            |  12 ++++--------
 tools/profiler/tests/test_enterjit_osr.js                                                   |   3 +--
 tools/tryselect/selectors/chooser/static/filter.js                                          |  12 ++++--------
 tools/tryselect/selectors/chooser/static/select.js                                          |   6 ++----
 uriloader/exthandler/tests/unit/test_getTypeFromExtension_with_empty_Content_Type.js        |   6 ++----
 uriloader/exthandler/tests/unit/test_handlerService.js                                      |  27 +++++++++------------------
 uriloader/exthandler/tests/unit/test_punycodeURIs.js                                        |   6 ++----
 widget/tests/unit/test_taskbar_jumplistitems.js                                             |   3 +--
 xpcom/tests/TestWinReg.js                                                                   |   9 +++------
 xpcom/tests/unit/test_bug333505.js                                                          |   3 +--
 xpcom/tests/unit/test_bug374754.js                                                          |   9 +++------
 xpcom/tests/unit/test_bug476919.js                                                          |   6 ++----
 xpcom/tests/unit/test_bug725015.js                                                          |   3 +--
 xpcom/tests/unit/test_file_equality.js                                                      |   3 +--
 xpcom/tests/unit/test_hidden_files.js                                                       |   6 ++----
 xpcom/tests/unit/test_iniParser.js                                                          |  12 ++++--------
 xpcom/tests/unit/test_localfile.js                                                          |   9 +++------
 xpcom/tests/unit/test_nsIMutableArray.js                                                    |   3 +--
 xpcom/tests/unit/test_nsIProcess.js                                                         |   6 ++----
 xpcom/tests/unit/test_pipe.js                                                               |   3 +--
 xpcom/tests/unit/test_storagestream.js                                                      |   9 +++------
 xpcom/tests/unit/test_symlinks.js                                                           |   3 +--
 xpcom/tests/unit/test_versioncomparator.js                                                  |   9 +++------
 784 files changed, 6168 insertions(+), 12336 deletions(-)
