 accessible/jsat/Utils.jsm                                                                                |   8 ++++----
 accessible/tests/browser/events.js                                                                       |   6 +++---
 accessible/tests/mochitest/browser.js                                                                    |   8 ++++----
 accessible/tests/mochitest/common.js                                                                     |  28 ++++++++++++++--------------
 accessible/tests/mochitest/events.js                                                                     |  46 +++++++++++++++++++++++-----------------------
 accessible/tests/mochitest/grid.js                                                                       |   2 +-
 accessible/tests/mochitest/name/markup.js                                                                |   4 ++--
 accessible/tests/mochitest/relations.js                                                                  |   4 ++--
 accessible/tests/mochitest/treeview.js                                                                   |   2 +-
 browser/actors/ContextMenuChild.jsm                                                                      |   6 +++---
 browser/actors/NetErrorChild.jsm                                                                         |  78 +++++++++++++++++++++++++++++++++++++++---------------------------------------
 browser/actors/PageInfoChild.jsm                                                                         |   6 +++---
 browser/base/content/aboutDialog-appUpdater.js                                                           |   2 +-
 browser/base/content/aboutDialog.js                                                                      |   2 +-
 browser/base/content/aboutNetError.js                                                                    |   2 +-
 browser/base/content/browser-addons.js                                                                   |  18 +++++++++---------
 browser/base/content/browser-contentblocking.js                                                          |  24 ++++++++++++------------
 browser/base/content/browser-ctrlTab.js                                                                  |   2 +-
 browser/base/content/browser-gestureSupport.js                                                           |  14 +++++++-------
 browser/base/content/browser-places.js                                                                   |   2 +-
 browser/base/content/browser-plugins.js                                                                  |   2 +-
 browser/base/content/browser-siteIdentity.js                                                             |   8 ++++----
 browser/base/content/browser-sync.js                                                                     |   2 +-
 browser/base/content/browser.js                                                                          |  46 +++++++++++++++++++++++-----------------------
 browser/base/content/nsContextMenu.js                                                                    |   6 +++---
 browser/base/content/pageinfo/pageInfo.js                                                                |   4 ++--
 browser/base/content/tabbrowser.js                                                                       |  34 +++++++++++++++++-----------------
 browser/base/content/test/about/head.js                                                                  |   4 ++--
 browser/base/content/test/contextMenu/browser_contextmenu_linkopen.js                                    |   4 ++--
 browser/base/content/test/forms/browser_selectpopup.js                                                   |   4 ++--
 browser/base/content/test/forms/browser_selectpopup_colors.js                                            |   8 ++++----
 browser/base/content/test/forms/browser_selectpopup_searchfocus.js                                       |   8 ++++----
 browser/base/content/test/general/browser_contextmenu_childprocess.js                                    |   2 +-
 browser/base/content/test/general/browser_documentnavigation.js                                          |   4 ++--
 browser/base/content/test/general/browser_gestureSupport.js                                              |  18 +++++++++---------
 browser/base/content/test/general/browser_save_link-perwindowpb.js                                       |   2 +-
 browser/base/content/test/general/browser_tabfocus.js                                                    |   8 ++++----
 browser/base/content/test/general/contextmenu_common.js                                                  |   4 ++--
 browser/base/content/test/performance/browser_startup_flicker.js                                         |   2 +-
 browser/base/content/test/performance/head.js                                                            |   4 ++--
 browser/base/content/test/plugins/browser_bug743421.js                                                   |   2 +-
 browser/base/content/test/popupNotifications/browser_popupNotification_5.js                              |   4 ++--
 browser/base/content/test/popupNotifications/browser_popupNotification_keyboard.js                       |   6 +++---
 browser/base/content/test/siteIdentity/browser_identity_UI.js                                            |   2 +-
 browser/base/content/test/siteIdentity/browser_no_mcb_on_http_site.js                                    |   6 +++---
 browser/base/content/test/static/browser_all_files_referenced.js                                         |  12 ++++++------
 browser/base/content/test/tabs/browser_tabSpinnerProbe.js                                                |   2 +-
 browser/base/content/test/trackingUI/browser_trackingUI_report_breakage.js                               |   2 +-
 browser/base/content/utilityOverlay.js                                                                   |  24 ++++++++++++------------
 browser/components/BrowserContentHandler.jsm                                                             |  16 ++++++++--------
 browser/components/BrowserGlue.jsm                                                                       |  12 ++++++------
 browser/components/contextualidentity/test/browser/browser_eme.js                                        |   8 ++++----
 browser/components/contextualidentity/test/browser/browser_forgetAPI_EME_forgetThisSite.js               |   8 ++++----
 browser/components/contextualidentity/test/browser/browser_usercontextid_new_window.js                   |   2 +-
 browser/components/customizableui/CustomizeMode.jsm                                                      |  50 +++++++++++++++++++++++++-------------------------
 browser/components/customizableui/DragPositionManager.jsm                                                |   2 +-
 browser/components/customizableui/PanelMultiView.jsm                                                     |   4 ++--
 browser/components/distribution.js                                                                       |   4 ++--
 browser/components/downloads/DownloadsCommon.jsm                                                         |  24 ++++++++++++------------
 browser/components/enterprisepolicies/Policies.jsm                                                       |   2 +-
 browser/components/extensions/ProfilerGetSymbols-worker.js                                               |   2 +-
 browser/components/extensions/parent/ext-bookmarks.js                                                    |   2 +-
 browser/components/extensions/parent/ext-browserAction.js                                                |   2 +-
 browser/components/extensions/parent/ext-menus.js                                                        |   2 +-
 browser/components/extensions/parent/ext-tabs.js                                                         |   2 +-
 browser/components/extensions/test/browser/browser_ext_webNavigation_getFrames.js                        |   2 +-
 browser/components/extensions/test/xpcshell/test_ext_history.js                                          |   8 ++++----
 browser/components/migration/ChromeProfileMigrator.jsm                                                   |   4 ++--
 browser/components/migration/ESEDBReader.jsm                                                             |   4 ++--
 browser/components/migration/MigrationUtils.jsm                                                          |   6 +++---
 browser/components/migration/tests/unit/test_IE7_passwords.js                                            |   2 +-
 browser/components/originattributes/test/browser/browser_windowOpenerRestriction.js                      |   2 +-
 browser/components/payments/res/components/currency-amount.js                                            |   2 +-
 browser/components/payments/test/browser/browser_change_shipping.js                                      |   4 ++--
 browser/components/places/content/browserPlacesViews.js                                                  |   8 ++++----
 browser/components/places/content/controller.js                                                          |   2 +-
 browser/components/places/content/editBookmark.js                                                        |   2 +-
 browser/components/places/content/places.js                                                              |   2 +-
 browser/components/places/content/treeView.js                                                            |  30 +++++++++++++++---------------
 browser/components/places/tests/browser/browser_bug631374_tags_selector_scroll.js                        |   4 ++--
 browser/components/pocket/content/main.js                                                                |   4 ++--
 browser/components/pocket/content/panels/js/saved.js                                                     |   4 ++--
 browser/components/pocket/content/panels/js/sendtomobile.js                                              |   2 +-
 browser/components/preferences/blocklists.js                                                             |   2 +-
 browser/components/preferences/in-content/findInPage.js                                                  |   8 ++++----
 browser/components/preferences/in-content/main.js                                                        |   6 +++---
 browser/components/preferences/in-content/preferences.js                                                 |  12 ++++++------
 browser/components/preferences/in-content/subdialogs.js                                                  |   2 +-
 browser/components/preferences/in-content/sync.js                                                        |   2 +-
 browser/components/preferences/in-content/tests/browser_security-2.js                                    |   6 +++---
 browser/components/preferences/languages.js                                                              |  16 ++++++++--------
 browser/components/search/content/search-one-offs.js                                                     |   2 +-
 browser/components/search/content/searchbar.js                                                           |   4 ++--
 browser/components/search/test/browser/browser_google.js                                                 |   4 ++--
 browser/components/sessionstore/SessionStore.jsm                                                         |  10 +++++-----
 browser/components/sessionstore/SessionWorker.js                                                         |   2 +-
 browser/components/sessionstore/test/browser_600545.js                                                   |   2 +-
 browser/components/syncedtabs/SyncedTabsListStore.js                                                     |   2 +-
 browser/components/tests/browser/browser_bug538331.js                                                    |  12 ++++++------
 browser/components/translation/BingTranslator.jsm                                                        |   6 +++---
 browser/components/translation/TranslationDocument.jsm                                                   |  12 ++++++------
 browser/components/translation/content/translation-notification.js                                       |   4 ++--
 browser/components/urlbar/UrlbarInput.jsm                                                                |   2 +-
 browser/components/urlbar/UrlbarPrefs.jsm                                                                |   8 ++++----
 browser/components/urlbar/UrlbarUtils.jsm                                                                |   2 +-
 browser/components/urlbar/UrlbarView.jsm                                                                 |   2 +-
 browser/components/urlbar/tests/browser/browser_UrlbarInput_formatValue.js                               |   4 ++--
 browser/components/urlbar/tests/browser/browser_switchToTabHavingURI_aOpenParams.js                      |   8 ++++----
 browser/components/urlbar/tests/unit/test_UrlbarController_telemetry.js                                  |   2 +-
 browser/components/urlbar/tests/unit/test_UrlbarUtils_getShortcutOrURIAndPostData.js                     |   2 +-
 browser/extensions/formautofill/FormAutofillDoorhanger.jsm                                               |   6 +++---
 browser/extensions/formautofill/FormAutofillHandler.jsm                                                  |   2 +-
 browser/extensions/formautofill/FormAutofillParent.jsm                                                   |   2 +-
 browser/extensions/formautofill/FormAutofillStorage.jsm                                                  |   4 ++--
 browser/extensions/fxmonitor/privileged/subscripts/PanelUI.jsm                                           |   4 ++--
 browser/extensions/pdfjs/content/PdfStreamConverter.jsm                                                  |   4 ++--
 browser/modules/AsyncTabSwitcher.jsm                                                                     |  34 +++++++++++++++++-----------------
 browser/modules/BrowserUsageTelemetry.jsm                                                                |   2 +-
 browser/modules/ContentMetaHandler.jsm                                                                   |   2 +-
 browser/modules/PermissionUI.jsm                                                                         |   2 +-
 browser/modules/SiteDataManager.jsm                                                                      |   8 ++++----
 browser/modules/test/browser/browser_UsageTelemetry.js                                                   |  10 +++++-----
 browser/modules/test/unit/test_E10SUtils_nested_URIs.js                                                  |   4 ++--
 browser/modules/webrtcUI.jsm                                                                             |   6 +++---
 browser/tools/mozscreenshots/mozscreenshots/extension/TestRunner.jsm                                     |  10 +++++-----
 browser/tools/mozscreenshots/mozscreenshots/extension/configurations/Preferences.jsm                     |   2 +-
 chrome/test/unit/test_no_remote_registration.js                                                          |   6 +++---
 chrome/test/unit/test_resolve_uris.js                                                                    |   8 ++++----
 devtools/client/aboutdebugging/components/tabs/Target.js                                                 |   2 +-
 devtools/client/aboutdebugging/test/head.js                                                              |   2 +-
 devtools/client/framework/components/ToolboxTabs.js                                                      |   6 +++---
 devtools/client/framework/test/browser_browser_toolbox_debugger.js                                       |   4 ++--
 devtools/client/framework/test/browser_source_map-late-script.js                                         |   2 +-
 devtools/client/framework/test/browser_toolbox_options_disable_buttons.js                                |   2 +-
 devtools/client/framework/toolbox-process-window.js                                                      |   4 ++--
 devtools/client/framework/toolbox-tabs-order-manager.js                                                  |   2 +-
 devtools/client/inspector/animation/components/graph/SummaryGraph.js                                     |  70 +++++++++++++++++++++++++++++++++++-----------------------------------
 devtools/client/inspector/animation/components/graph/TimingPath.js                                       |   4 ++--
 devtools/client/inspector/animation/components/keyframes-graph/ComputedStylePath.js                      |   8 ++++----
 devtools/client/inspector/animation/test/browser_animation_animation-target_highlight.js                 |   2 +-
 devtools/client/inspector/animation/utils/graph-helper.js                                                |   6 +++---
 devtools/client/inspector/animation/utils/utils.js                                                       |   2 +-
 devtools/client/inspector/boxmodel/box-model.js                                                          |   2 +-
 devtools/client/inspector/boxmodel/components/BoxModelInfo.js                                            |   2 +-
 devtools/client/inspector/boxmodel/components/BoxModelMain.js                                            |   8 ++++----
 devtools/client/inspector/breadcrumbs.js                                                                 |   8 ++++----
 devtools/client/inspector/changes/selectors/changes.js                                                   |  14 +++++++-------
 devtools/client/inspector/changes/utils/changes-utils.js                                                 |   2 +-
 devtools/client/inspector/computed/computed.js                                                           |   2 +-
 devtools/client/inspector/flexbox/components/FlexItemSizingOutline.js                                    |   6 +++---
 devtools/client/inspector/grids/components/GridOutline.js                                                |   8 ++++----
 devtools/client/inspector/grids/reducers/grids.js                                                        |   4 ++--
 devtools/client/inspector/inspector-search.js                                                            |   2 +-
 devtools/client/inspector/layout/components/Accordion.js                                                 |   2 +-
 devtools/client/inspector/markup/markup.js                                                               |   4 ++--
 devtools/client/inspector/markup/test/browser_markup_mutation_01.js                                      |   2 +-
 devtools/client/inspector/markup/test/browser_markup_pagesize_01.js                                      |   4 ++--
 devtools/client/inspector/markup/test/browser_markup_textcontent_edit_02.js                              |   8 ++++----
 devtools/client/inspector/markup/test/helper_diff.js                                                     |   4 ++--
 devtools/client/inspector/markup/test/helper_events_test_runner.js                                       |   6 +++---
 devtools/client/inspector/rules/components/Declaration.js                                                |   4 ++--
 devtools/client/inspector/rules/components/Selector.js                                                   |   8 ++++----
 devtools/client/inspector/rules/models/rule.js                                                           |  16 ++++++++--------
 devtools/client/inspector/rules/models/text-property.js                                                  |   4 ++--
 devtools/client/inspector/rules/test/browser_rules_authored_color.js                                     |   2 +-
 devtools/client/inspector/rules/test/head.js                                                             |   2 +-
 devtools/client/inspector/rules/views/rule-editor.js                                                     |   8 ++++----
 devtools/client/inspector/rules/views/text-property-editor.js                                            |   2 +-
 devtools/client/inspector/shared/utils.js                                                                |   4 ++--
 devtools/client/inspector/test/browser_inspector_highlighter-cssshape_06-scale.js                        |   4 ++--
 devtools/client/inspector/test/browser_inspector_highlighter-cssshape_07.js                              |   4 ++--
 devtools/client/inspector/test/browser_inspector_highlighter-eyedropper-label.js                         |   4 ++--
 devtools/client/inspector/test/browser_inspector_highlighter-rulers_01.js                                |   8 ++++----
 devtools/client/jsonview/json-viewer.js                                                                  |   6 +++---
 devtools/client/jsonview/test/browser_jsonview_chunked_json.js                                           |   2 +-
 devtools/client/memory/components/SnapshotListItem.js                                                    |   2 +-
 devtools/client/memory/components/tree-map/drag-zoom.js                                                  |   8 ++++----
 devtools/client/memory/components/tree-map/draw.js                                                       |   4 ++--
 devtools/client/memory/test/unit/test_utils-get-snapshot-totals.js                                       |   4 ++--
 devtools/client/netmonitor/src/components/RequestListHeader.js                                           |  14 +++++++-------
 devtools/client/netmonitor/src/connector/chrome/request.js                                               |   2 +-
 devtools/client/netmonitor/src/har/har-utils.js                                                          |   2 +-
 devtools/client/netmonitor/src/selectors/requests.js                                                     |   4 ++--
 devtools/client/netmonitor/src/widgets/WaterfallBackground.js                                            |   6 +++---
 devtools/client/netmonitor/test/browser_net_complex-params.js                                            |   2 +-
 devtools/client/netmonitor/test/browser_net_filter-02.js                                                 |   2 +-
 devtools/client/netmonitor/test/browser_net_headers-resize.js                                            |   2 +-
 devtools/client/performance/components/WaterfallHeader.js                                                |   2 +-
 devtools/client/performance/modules/logic/jit.js                                                         |   2 +-
 devtools/client/performance/modules/logic/tree-model.js                                                  |   8 ++++----
 devtools/client/performance/modules/marker-blueprint-utils.js                                            |   6 +++---
 devtools/client/performance/modules/waterfall-ticks.js                                                   |   6 +++---
 devtools/client/performance/modules/widgets/markers-overview.js                                          |   4 ++--
 devtools/client/performance/test/helpers/input-utils.js                                                  |  16 ++++++++--------
 devtools/client/performance/test/helpers/tab-utils.js                                                    |   2 +-
 devtools/client/performance/test/unit/test_jit-graph-data.js                                             |   2 +-
 devtools/client/performance/views/details-waterfall.js                                                   |   4 ++--
 devtools/client/responsive.html/components/ResizableViewport.js                                          |   4 ++--
 devtools/client/responsive.html/components/ViewportDimension.js                                          |   4 ++--
 devtools/client/responsive.html/manager.js                                                               |  36 ++++++++++++++++++------------------
 devtools/client/scratchpad/scratchpad.js                                                                 |  14 +++++++-------
 devtools/client/scratchpad/test/browser_scratchpad_files.js                                              |   4 ++--
 devtools/client/shared/autocomplete-popup.js                                                             |   4 ++--
 devtools/client/shared/build/babel.js                                                                    |  38 +++++++++++++++++++-------------------
 devtools/client/shared/components/Frame.js                                                               |   6 +++---
 devtools/client/shared/components/VirtualizedTree.js                                                     |   2 +-
 devtools/client/shared/components/menu/MenuItem.js                                                       |   4 ++--
 devtools/client/shared/components/test/mochitest/head.js                                                 |   2 +-
 devtools/client/shared/curl.js                                                                           |   6 +++---
 devtools/client/shared/inplace-editor.js                                                                 |  24 ++++++++++++------------
 devtools/client/shared/node-attribute-parser.js                                                          |   2 +-
 devtools/client/shared/output-parser.js                                                                  |  32 ++++++++++++++++----------------
 devtools/client/shared/sourceeditor/css-autocompleter.js                                                 | 102 +++++++++++++++++++++++++++++++++++++++++++++++++++---------------------------------------------------
 devtools/client/shared/sourceeditor/editor.js                                                            |  16 ++++++++--------
 devtools/client/shared/sourceeditor/wasm.js                                                              |   2 +-
 devtools/client/shared/telemetry.js                                                                      |   2 +-
 devtools/client/shared/test/browser_filter-editor-08.js                                                  |  12 ++++++------
 devtools/client/shared/test/browser_filter-editor-09.js                                                  |  22 +++++++++++-----------
 devtools/client/shared/test/browser_filter-editor-10.js                                                  |   8 ++++----
 devtools/client/shared/test/browser_flame-graph-03a.js                                                   |  16 ++++++++--------
 devtools/client/shared/test/browser_flame-graph-03b.js                                                   |   4 ++--
 devtools/client/shared/test/browser_flame-graph-03c.js                                                   |  12 ++++++------
 devtools/client/shared/test/browser_flame-graph-04.js                                                    |   2 +-
 devtools/client/shared/test/browser_graphs-06.js                                                         |   4 ++--
 devtools/client/shared/test/browser_graphs-07a.js                                                        |  20 ++++++++++----------
 devtools/client/shared/test/browser_graphs-07b.js                                                        |  12 ++++++------
 devtools/client/shared/test/browser_graphs-07c.js                                                        |   4 ++--
 devtools/client/shared/test/browser_graphs-07e.js                                                        |   8 ++++----
 devtools/client/shared/test/browser_graphs-08.js                                                         |  12 ++++++------
 devtools/client/shared/test/browser_graphs-10a.js                                                        |  12 ++++++------
 devtools/client/shared/test/browser_graphs-10c.js                                                        |   8 ++++----
 devtools/client/shared/test/browser_graphs-12.js                                                         |  12 ++++++------
 devtools/client/shared/test/browser_graphs-14.js                                                         |  12 ++++++------
 devtools/client/shared/test/browser_graphs-15.js                                                         |   2 +-
 devtools/client/shared/test/browser_outputparser.js                                                      |   6 +++---
 devtools/client/shared/test/frame-script-utils.js                                                        |   2 +-
 devtools/client/shared/test/leakhunt.js                                                                  |   6 +++---
 devtools/client/shared/test/telemetry-test-helpers.js                                                    |   2 +-
 devtools/client/shared/test/test-actor.js                                                                |   2 +-
 devtools/client/shared/test/unit/test_undoStack.js                                                       |   2 +-
 devtools/client/shared/widgets/BarGraphWidget.js                                                         |   8 ++++----
 devtools/client/shared/widgets/Chart.js                                                                  |   2 +-
 devtools/client/shared/widgets/FilterWidget.js                                                           |   2 +-
 devtools/client/shared/widgets/FlameGraph.js                                                             |  52 ++++++++++++++++++++++++++--------------------------
 devtools/client/shared/widgets/Graphs.js                                                                 |  10 +++++-----
 devtools/client/shared/widgets/LineGraphWidget.js                                                        |   2 +-
 devtools/client/shared/widgets/Spectrum.js                                                               |   2 +-
 devtools/client/shared/widgets/VariablesView.jsm                                                         |  22 +++++++++++-----------
 devtools/client/shared/widgets/VariablesViewController.jsm                                               |   6 +++---
 devtools/client/shared/widgets/tooltip/HTMLTooltip.js                                                    |  24 ++++++++++++------------
 devtools/client/shared/widgets/tooltip/ImageTooltipHelper.js                                             |   4 ++--
 devtools/client/storage/test/head.js                                                                     |   6 +++---
 devtools/client/styleeditor/StyleSheetEditor.jsm                                                         |   4 ++--
 devtools/client/styleeditor/panel.js                                                                     |   2 +-
 devtools/client/styleeditor/test/browser_styleeditor_media_sidebar.js                                    |   2 +-
 devtools/client/styleeditor/test/browser_styleeditor_private_perwindowpb.js                              |   2 +-
 devtools/client/webconsole/test/mochitest/browser_jsterm_history_arrow_keys.js                           |   2 +-
 devtools/client/webconsole/test/mochitest/browser_webconsole_filter_by_input.js                          |   4 ++--
 devtools/client/webide/modules/config-view.js                                                            |   4 ++--
 devtools/client/webreplay/components/WebReplayPlayer.js                                                  |   2 +-
 devtools/server/actors/addon/webextension-inspected-window.js                                            |   6 +++---
 devtools/server/actors/array-buffer.js                                                                   |   2 +-
 devtools/server/actors/highlighters/box-model.js                                                         |   2 +-
 devtools/server/actors/highlighters/css-grid.js                                                          |  28 ++++++++++++++--------------
 devtools/server/actors/highlighters/eye-dropper.js                                                       |   8 ++++----
 devtools/server/actors/highlighters/flexbox.js                                                           |  16 ++++++++--------
 devtools/server/actors/highlighters/measuring-tool.js                                                    |   8 ++++----
 devtools/server/actors/highlighters/rulers.js                                                            |  10 +++++-----
 devtools/server/actors/highlighters/shapes.js                                                            |  30 +++++++++++++++---------------
 devtools/server/actors/highlighters/utils/accessibility.js                                               |  28 ++++++++++++++--------------
 devtools/server/actors/highlighters/utils/markup.js                                                      |  12 ++++++------
 devtools/server/actors/inspector/css-logic.js                                                            |   2 +-
 devtools/server/actors/inspector/event-collector.js                                                      |  10 +++++-----
 devtools/server/actors/network-monitor/network-observer.js                                               |   8 ++++----
 devtools/server/actors/network-monitor/network-response-listener.js                                      |   2 +-
 devtools/server/actors/object/stringifiers.js                                                            |   8 ++++----
 devtools/server/actors/replay/control.js                                                                 |   8 ++++----
 devtools/server/actors/styles.js                                                                         |   8 ++++----
 devtools/server/actors/utils/dbg-source.js                                                               |   4 ++--
 devtools/server/actors/webconsole.js                                                                     |   4 ++--
 devtools/server/actors/webconsole/content-process-forward.js                                             |   6 +++---
 devtools/server/socket/websocket-server.js                                                               |   2 +-
 devtools/server/tests/browser/browser_inspector-traversal.js                                             |   2 +-
 devtools/server/tests/browser/inspector-helpers.js                                                       |   2 +-
 devtools/server/tests/unit/head_dbg.js                                                                   |   2 +-
 devtools/server/tests/unit/test_promises_run_to_completion.js                                            |  16 ++++++++--------
 devtools/shared/ThreadSafeDevToolsUtils.js                                                               |   6 +++---
 devtools/shared/adb/adb-binary.js                                                                        |   2 +-
 devtools/shared/adb/adb-socket.js                                                                        |   8 ++++----
 devtools/shared/adb/commands/shell.js                                                                    |   2 +-
 devtools/shared/css/color.js                                                                             |  14 +++++++-------
 devtools/shared/css/lexer.js                                                                             |  12 ++++++------
 devtools/shared/css/parsing-utils.js                                                                     |  40 ++++++++++++++++++++--------------------
 devtools/shared/event-emitter.js                                                                         |   8 ++++----
 devtools/shared/fronts/inspector/rule-rewriter.js                                                        |  16 ++++++++--------
 devtools/shared/heapsnapshot/census-tree-node.js                                                         |   4 ++--
 devtools/shared/heapsnapshot/tests/unit/head_heapsnapshot.js                                             |   4 ++--
 devtools/shared/heapsnapshot/tests/unit/test_DominatorTree_06.js                                         |   2 +-
 devtools/shared/inspector/css-logic.js                                                                   |   6 +++---
 devtools/shared/layout/utils.js                                                                          |  28 ++++++++++++++--------------
 devtools/shared/performance/recording-utils.js                                                           |   4 ++--
 devtools/shared/qrcode/index.js                                                                          |   2 +-
 devtools/shared/screenshot/capture.js                                                                    |   4 ++--
 devtools/shared/screenshot/save.js                                                                       |   2 +-
 devtools/shared/security/socket.js                                                                       |   2 +-
 devtools/shared/tests/unit/test_console_filtering.js                                                     |   6 +++---
 devtools/shared/tests/unit/test_csslexer.js                                                              |   4 ++--
 devtools/shared/transport/child-transport.js                                                             |   4 ++--
 devtools/shared/transport/stream-utils.js                                                                |   2 +-
 devtools/shared/transport/tests/unit/head_dbg.js                                                         |   2 +-
 devtools/shared/transport/tests/unit/test_dbgsocket_connection_drop.js                                   |   2 +-
 devtools/shared/webconsole/js-property-provider.js                                                       |   2 +-
 devtools/shared/webconsole/throttle.js                                                                   |   6 +++---
 devtools/shared/worker/helper.js                                                                         |   6 +++---
 devtools/startup/DevToolsStartup.jsm                                                                     |   2 +-
 docshell/test/chrome/docshell_helpers.js                                                                 |   2 +-
 dom/base/test/unit/head_utilities.js                                                                     |   2 +-
 dom/base/test/unit/test_treewalker.js                                                                    |   2 +-
 dom/crypto/test/util.js                                                                                  |   4 ++--
 dom/indexedDB/test/unit/test_advance.js                                                                  |   2 +-
 dom/indexedDB/test/unit/test_autoIncrement.js                                                            |   4 ++--
 dom/indexedDB/test/unit/test_cursors.js                                                                  |   6 +++---
 dom/indexedDB/test/unit/test_filehandle_append_read_data.js                                              |   8 ++++----
 dom/indexedDB/test/unit/test_indexes.js                                                                  |   4 ++--
 dom/indexedDB/test/unit/test_locale_aware_indexes.js                                                     |   4 ++--
 dom/localstorage/test/unit/head.js                                                                       |   2 +-
 dom/localstorage/test/unit/test_snapshotting.js                                                          |   2 +-
 dom/media/PeerConnection.jsm                                                                             |   4 ++--
 dom/media/mediasource/test/mediasource.js                                                                |   2 +-
 dom/notification/test/unit/test_notificationdb.js                                                        |   2 +-
 dom/plugins/test/mochitest/hangui_iface.js                                                               |   4 ++--
 dom/plugins/test/unit/test_bug813245.js                                                                  |  40 ++++++++++++++++++++--------------------
 dom/system/NetworkGeolocationProvider.jsm                                                                |   6 +++---
 dom/tests/browser/browser_keypressTelemetry.js                                                           |   2 +-
 dom/tests/browser/browser_localStorage_snapshotting_e10s.js                                              |   2 +-
 dom/tests/browser/perfmetrics/browser_test_performance_metrics.js                                        |  14 +++++++-------
 dom/tests/browser/perfmetrics/browser_test_unresponsive.js                                               |   2 +-
 extensions/pref/autoconfig/src/prefcalls.js                                                              |   2 +-
 gfx/layers/apz/test/mochitest/apz_test_native_event_utils.js                                             |   6 +++---
 gfx/layers/apz/test/mochitest/apz_test_utils.js                                                          |   8 ++++----
 gfx/layers/layerviewer/layerTreeView.js                                                                  |  28 ++++++++++++++--------------
 intl/l10n/Fluent.jsm                                                                                     |   4 ++--
 intl/l10n/FluentSyntax.jsm                                                                               |  28 ++++++++++++++--------------
 js/src/builtin/Object.js                                                                                 |  14 +++++++-------
 js/src/builtin/Sorting.js                                                                                |   6 +++---
 js/src/builtin/intl/DateTimeFormat.js                                                                    |  48 ++++++++++++++++++++++++------------------------
 js/src/builtin/intl/NumberFormat.js                                                                      |   4 ++--
 memory/replace/dmd/test/test_dmd.js                                                                      |   2 +-
 mobile/android/chrome/content/CastingApps.js                                                             |   2 +-
 mobile/android/chrome/content/ConsoleAPI.js                                                              |   4 ++--
 mobile/android/chrome/content/Linkify.js                                                                 |   2 +-
 mobile/android/chrome/content/aboutAccounts.js                                                           |   2 +-
 mobile/android/chrome/content/content.js                                                                 |  44 ++++++++++++++++++++++----------------------
 mobile/android/chrome/geckoview/ErrorPageEventHandler.js                                                 |   6 +++---
 mobile/android/chrome/geckoview/GeckoViewSelectionActionChild.js                                         |   4 ++--
 mobile/android/chrome/geckoview/config.js                                                                |   2 +-
 mobile/android/components/LoginManagerPrompter.js                                                        |   2 +-
 mobile/android/components/NSSDialogService.js                                                            |   6 +++---
 mobile/android/components/PromptService.js                                                               |   4 ++--
 mobile/android/components/extensions/ext-tabs.js                                                         |   2 +-
 mobile/android/modules/FormAssistant.jsm                                                                 |   4 ++--
 mobile/android/modules/HelperApps.jsm                                                                    |   2 +-
 mobile/android/modules/Home.jsm                                                                          |   2 +-
 mobile/android/modules/WebsiteMetadata.jsm                                                               |   2 +-
 mobile/android/modules/geckoview/GeckoViewAutoFill.jsm                                                   |   2 +-
 mobile/android/modules/geckoview/GeckoViewConsole.jsm                                                    |   4 ++--
 mobile/android/modules/geckoview/GeckoViewNavigation.jsm                                                 |  10 +++++-----
 mobile/android/tests/browser/chrome/head.js                                                              |   2 +-
 mobile/android/tests/browser/robocop/robocop_head.js                                                     |   2 +-
 modules/libjar/zipwriter/test/unit/test_alignment.js                                                     |   6 +++---
 modules/libjar/zipwriter/test/unit/test_asyncadd.js                                                      |   6 +++---
 modules/libjar/zipwriter/test/unit/test_bug446708.js                                                     |   2 +-
 modules/libjar/zipwriter/test/unit/test_sync.js                                                          |   6 +++---
 modules/libpref/test/unit/test_libPrefs.js                                                               |   2 +-
 netwerk/cookie/test/unit/test_eviction.js                                                                |  16 ++++++++--------
 netwerk/dns/mdns/libmdns/fallback/DNSPacket.jsm                                                          |  38 +++++++++++++++++++-------------------
 netwerk/dns/mdns/libmdns/fallback/DNSRecord.jsm                                                          |   4 ++--
 netwerk/dns/mdns/libmdns/fallback/DataReader.jsm                                                         |   8 ++++----
 netwerk/test/httpserver/httpd.js                                                                         |  50 +++++++++++++++++++++++++-------------------------
 netwerk/test/httpserver/test/head_utils.js                                                               |   6 +++---
 netwerk/test/httpserver/test/test_async_response_sending.js                                              |   4 ++--
 netwerk/test/httpserver/test/test_basic_functionality.js                                                 |   8 ++++----
 netwerk/test/httpserver/test/test_body_length.js                                                         |   2 +-
 netwerk/test/httpserver/test/test_registerdirectory.js                                                   |   2 +-
 netwerk/test/httpserver/test/test_registerprefix.js                                                      |   2 +-
 netwerk/test/httpserver/test/test_request_line_split_in_two_packets.js                                   |   6 +++---
 netwerk/test/httpserver/test/test_setindexhandler.js                                                     |   2 +-
 netwerk/test/httpserver/test/test_sjs.js                                                                 |   2 +-
 parser/htmlparser/tests/mochitest/parser_datreader.js                                                    |  38 +++++++++++++++++++-------------------
 remote/server/WebSocket.jsm                                                                              |   2 +-
 security/manager/pki/resources/content/exceptionDialog.js                                                |  18 +++++++++---------
 security/manager/pki/resources/content/pippki.js                                                         |   4 ++--
 security/manager/ssl/X509.jsm                                                                            |   6 +++---
 security/manager/ssl/tests/mochitest/mixedcontent/mixedContentTest.js                                    |   4 ++--
 security/manager/ssl/tests/unit/head_psm.js                                                              |   2 +-
 security/manager/ssl/tests/unit/test_add_preexisting_cert.js                                             |   2 +-
 security/manager/ssl/tests/unit/test_cert_dbKey.js                                                       |   2 +-
 security/manager/ssl/tests/unit/test_cert_utf8.js                                                        |   2 +-
 security/manager/ssl/tests/unit/test_enterprise_roots.js                                                 |   2 +-
 security/manager/ssl/tests/unit/test_intermediate_preloads.js                                            |   2 +-
 security/manager/ssl/tests/unit/test_sdr.js                                                              |   4 ++--
 security/manager/ssl/tests/unit/test_sss_enumerate.js                                                    |   4 ++--
 security/manager/ssl/tests/unit/test_sss_originAttributes.js                                             |   4 ++--
 security/manager/ssl/tests/unit/test_sts_ipv4_ipv6.js                                                    |   8 ++++----
 security/manager/tools/dumpGoogleRoots.js                                                                |   2 +-
 security/manager/tools/genHPKPStaticPins.js                                                              |  24 ++++++++++++------------
 security/manager/tools/genRootCAHashes.js                                                                |   6 +++---
 services/common/rest.js                                                                                  |   8 ++++----
 services/common/tests/unit/test_hawkclient.js                                                            |   6 +++---
 services/common/tests/unit/test_logmanager.js                                                            |   2 +-
 services/common/utils.js                                                                                 |  16 ++++++++--------
 services/crypto/modules/WeaveCrypto.js                                                                   |   2 +-
 services/crypto/modules/utils.js                                                                         |   6 +++---
 services/crypto/tests/unit/head_helpers.js                                                               |   4 ++--
 services/crypto/tests/unit/test_crypto_service.js                                                        |   2 +-
 services/fxaccounts/FxAccountsClient.jsm                                                                 |   4 ++--
 services/fxaccounts/FxAccountsConfig.jsm                                                                 |   2 +-
 services/fxaccounts/FxAccountsOAuthGrantClient.jsm                                                       |   2 +-
 services/fxaccounts/FxAccountsWebChannel.jsm                                                             |   4 ++--
 services/fxaccounts/tests/xpcshell/test_accounts.js                                                      |   8 ++++----
 services/fxaccounts/tests/xpcshell/test_accounts_device_registration.js                                  |   8 ++++----
 services/fxaccounts/tests/xpcshell/test_client.js                                                        |  10 +++++-----
 services/fxaccounts/tests/xpcshell/test_oauth_grant_client_server.js                                     |   2 +-
 services/fxaccounts/tests/xpcshell/test_profile.js                                                       |   8 ++++----
 services/settings/Utils.jsm                                                                              |   4 ++--
 services/settings/test/unit/test_remote_settings.js                                                      |   8 ++++----
 services/sync/modules-testing/fakeservices.js                                                            |   2 +-
 services/sync/modules-testing/utils.js                                                                   |   6 +++---
 services/sync/modules/SyncDisconnect.jsm                                                                 |   2 +-
 services/sync/modules/SyncedTabs.jsm                                                                     |   2 +-
 services/sync/modules/browserid_identity.js                                                              |   2 +-
 services/sync/modules/engines.js                                                                         |  10 +++++-----
 services/sync/modules/engines/bookmarks.js                                                               |   4 ++--
 services/sync/modules/engines/clients.js                                                                 |   4 ++--
 services/sync/modules/engines/history.js                                                                 |   6 +++---
 services/sync/modules/policies.js                                                                        |   2 +-
 services/sync/modules/stages/enginesync.js                                                               |   2 +-
 services/sync/tests/unit/test_addons_store.js                                                            |   2 +-
 services/sync/tests/unit/test_bookmark_engine.js                                                         |   2 +-
 services/sync/tests/unit/test_bookmark_repair_responder.js                                               |   4 ++--
 services/sync/tests/unit/test_clients_engine.js                                                          |   4 ++--
 services/sync/tests/unit/test_collection_getBatched.js                                                   |   2 +-
 services/sync/tests/unit/test_doctor.js                                                                  |   6 +++---
 services/sync/tests/unit/test_fxa_node_reassignment.js                                                   |   4 ++--
 services/sync/tests/unit/test_postqueue.js                                                               |  10 +++++-----
 services/sync/tests/unit/test_score_triggers.js                                                          |   6 +++---
 services/sync/tests/unit/test_service_sync_remoteSetup.js                                                |   2 +-
 services/sync/tps/extensions/tps/resource/logger.jsm                                                     |   2 +-
 storage/test/unit/test_storage_aggregates.js                                                             |   2 +-
 taskcluster/docker/periodic-updates/scripts/genHPKPStaticPins.js                                         |  24 ++++++++++++------------
 testing/marionette/accessibility.js                                                                      |   2 +-
 testing/marionette/action.js                                                                             |   8 ++++----
 testing/marionette/capture.js                                                                            |   2 +-
 testing/marionette/driver.js                                                                             |   6 +++---
 testing/marionette/error.js                                                                              |   2 +-
 testing/marionette/evaluate.js                                                                           |   4 ++--
 testing/marionette/event.js                                                                              |  24 ++++++++++++------------
 testing/marionette/format.js                                                                             |   2 +-
 testing/marionette/proxy.js                                                                              |   2 +-
 testing/marionette/reftest.js                                                                            |   4 ++--
 testing/marionette/stream-utils.js                                                                       |   2 +-
 testing/mochitest/BrowserTestUtils/ContentTaskUtils.jsm                                                  |   4 ++--
 testing/mochitest/browser-test.js                                                                        |  10 +++++-----
 testing/mochitest/chrome-harness.js                                                                      |   4 ++--
 testing/mochitest/server.js                                                                              |  30 +++++++++++++++---------------
 testing/modules/Assert.jsm                                                                               |   4 ++--
 testing/modules/TestUtils.jsm                                                                            |   4 ++--
 testing/raptor/webext/raptor/measure.js                                                                  |  10 +++++-----
 testing/specialpowers/content/SpecialPowersObserverAPI.js                                                |   2 +-
 testing/specialpowers/content/specialpowersAPI.js                                                        |  10 +++++-----
 testing/talos/talos/pageloader/chrome/lh_fnbpaint.js                                                     |   2 +-
 testing/talos/talos/pageloader/chrome/pageloader.js                                                      |   8 ++++----
 testing/talos/talos/pageloader/chrome/report.js                                                          |  32 ++++++++++++++++----------------
 testing/talos/talos/pageloader/chrome/tscroll.js                                                         |   6 +++---
 testing/talos/talos/scripts/talos-debug.js                                                               |  16 ++++++++--------
 testing/talos/talos/scripts/xpigen.js                                                                    |   6 +++---
 testing/talos/talos/tests/devtools/addon/content/damp.js                                                 |   2 +-
 testing/talos/talos/tests/devtools/addon/content/tests/inspector/mutations.js                            |   2 +-
 testing/talos/talos/tests/devtools/addon/content/tests/server/protocol.js                                |   2 +-
 testing/talos/talos/tests/tabswitch/api.js                                                               |   6 +++---
 testing/talos/talos/tests/tart/addon/content/tart.js                                                     |   8 ++++----
 testing/talos/talos/tests/tresize/addon/content/tresize.js                                               |   2 +-
 testing/xpcshell/head.js                                                                                 |  12 ++++++------
 toolkit/actors/AudioPlaybackChild.jsm                                                                    |   6 +++---
 toolkit/components/DefaultCLH.jsm                                                                        |   8 ++++----
 toolkit/components/aboutcache/content/aboutCache.js                                                      |   8 ++++----
 toolkit/components/aboutcheckerboard/content/aboutCheckerboard.js                                        |   8 ++++----
 toolkit/components/aboutmemory/content/aboutMemory.js                                                    |  24 ++++++++++++------------
 toolkit/components/aboutperformance/content/aboutPerformance.js                                          |  28 ++++++++++++++--------------
 toolkit/components/alerts/resources/content/alert.js                                                     |   4 ++--
 toolkit/components/antitracking/test/browser/head.js                                                     |   2 +-
 toolkit/components/cleardata/ClearDataService.jsm                                                        |   2 +-
 toolkit/components/contentprefs/ContentPrefService2.jsm                                                  |   2 +-
 toolkit/components/crashes/CrashService.jsm                                                              |   2 +-
 toolkit/components/ctypes/tests/chrome/xpcshellTestHarnessAdaptor.js                                     |   4 ++--
 toolkit/components/downloads/DownloadIntegration.jsm                                                     |   6 +++---
 toolkit/components/downloads/DownloadList.jsm                                                            |   6 +++---
 toolkit/components/downloads/test/unit/head.js                                                           |   4 ++--
 toolkit/components/downloads/test/unit/test_DownloadHistory_initialization.js                            |   2 +-
 toolkit/components/extensions/ExtensionCommon.jsm                                                        |   6 +++---
 toolkit/components/extensions/ExtensionTestCommon.jsm                                                    |   2 +-
 toolkit/components/extensions/PerformanceCounters.jsm                                                    |   8 ++++----
 toolkit/components/extensions/child/ext-test.js                                                          |   2 +-
 toolkit/components/extensions/test/xpcshell/head.js                                                      |   2 +-
 toolkit/components/extensions/test/xpcshell/test_ext_performance_counters.js                             |   2 +-
 toolkit/components/extensions/test/xpcshell/test_ext_proxy_socks.js                                      |   4 ++--
 toolkit/components/extensions/test/xpcshell/test_ext_topSites.js                                         |   2 +-
 toolkit/components/extensions/test/xpcshell/test_ext_webRequest_responseBody.js                          |   2 +-
 toolkit/components/filewatcher/tests/xpcshell/test_watch_many_changes.js                                 |   2 +-
 toolkit/components/filewatcher/tests/xpcshell/test_watch_multi_paths.js                                  |   6 +++---
 toolkit/components/mediasniffer/test/unit/test_mediasniffer.js                                           |   2 +-
 toolkit/components/narrate/Narrator.jsm                                                                  |   2 +-
 toolkit/components/narrate/VoiceSelect.jsm                                                               |   2 +-
 toolkit/components/normandy/lib/NormandyApi.jsm                                                          |   2 +-
 toolkit/components/normandy/test/browser/browser_EventEmitter.js                                         |  12 ++++++------
 toolkit/components/normandy/vendor/React.js                                                              |   2 +-
 toolkit/components/normandy/vendor/ReactDOM.js                                                           |   6 +++---
 toolkit/components/osfile/modules/osfile_async_front.jsm                                                 |  10 +++++-----
 toolkit/components/osfile/modules/osfile_shared_allthreads.jsm                                           |   4 ++--
 toolkit/components/osfile/modules/osfile_shared_front.jsm                                                |   8 ++++----
 toolkit/components/osfile/modules/osfile_unix_front.jsm                                                  |  28 ++++++++++++++--------------
 toolkit/components/osfile/modules/osfile_win_front.jsm                                                   |  16 ++++++++--------
 toolkit/components/osfile/modules/ospath_win.jsm                                                         |   8 ++++----
 toolkit/components/osfile/tests/mochi/worker_test_osfile_unix.js                                         |  10 +++++-----
 toolkit/components/osfile/tests/mochi/worker_test_osfile_win.js                                          |   8 ++++----
 toolkit/components/osfile/tests/xpcshell/test_osfile_async_largefiles.js                                 |   6 +++---
 toolkit/components/osfile/tests/xpcshell/test_telemetry.js                                               |   2 +-
 toolkit/components/passwordmgr/LoginHelper.jsm                                                           |   2 +-
 toolkit/components/passwordmgr/LoginManagerPrompter.jsm                                                  |   2 +-
 toolkit/components/passwordmgr/OSCrypto_win.js                                                           |   8 ++++----
 toolkit/components/passwordmgr/content/passwordManager.js                                                |   2 +-
 toolkit/components/passwordmgr/crypto-SDR.js                                                             |   2 +-
 toolkit/components/passwordmgr/storage-mozStorage.js                                                     |   8 ++++----
 toolkit/components/passwordmgr/test/browser/browser_context_menu.js                                      |   2 +-
 toolkit/components/passwordmgr/test/browser/browser_passwordmgr_sort.js                                  |   2 +-
 toolkit/components/passwordmgr/test/mochitest/pwmgr_common_parent.js                                     |  28 ++++++++++++++--------------
 toolkit/components/places/BookmarkJSONUtils.jsm                                                          |   2 +-
 toolkit/components/places/Bookmarks.jsm                                                                  |  12 ++++++------
 toolkit/components/places/PlacesExpiration.jsm                                                           |   2 +-
 toolkit/components/places/PlacesSyncUtils.jsm                                                            |   2 +-
 toolkit/components/places/PlacesUtils.jsm                                                                |   6 +++---
 toolkit/components/places/SyncedBookmarksMirror.jsm                                                      |   2 +-
 toolkit/components/places/TaggingService.jsm                                                             |   4 ++--
 toolkit/components/places/UnifiedComplete.jsm                                                            |  18 +++++++++---------
 toolkit/components/places/tests/bookmarks/test_bookmarks_insert.js                                       |   4 ++--
 toolkit/components/places/tests/bookmarks/test_bookmarks_update.js                                       |   4 ++--
 toolkit/components/places/tests/browser/browser_multi_redirect_frecency.js                               |  24 ++++++++++++------------
 toolkit/components/places/tests/browser/browser_redirect.js                                              |  12 ++++++------
 toolkit/components/places/tests/favicons/test_replaceFaviconDataFromDataURL.js                           |  22 +++++++++++-----------
 toolkit/components/places/tests/history/test_removeVisitsByFilter.js                                     |   2 +-
 toolkit/components/places/tests/legacy/test_bookmarks.js                                                 |   4 ++--
 toolkit/components/places/tests/queries/test_abstime-annotation-domain.js                                |   4 ++--
 toolkit/components/places/tests/queries/test_abstime-annotation-uri.js                                   |   4 ++--
 toolkit/components/places/tests/queries/test_downloadHistory_liveUpdate.js                               |   2 +-
 toolkit/components/places/tests/unifiedcomplete/head_autocomplete.js                                     |   2 +-
 toolkit/components/places/tests/unit/test_async_transactions.js                                          |   4 ++--
 toolkit/components/places/tests/unit/test_promiseBookmarksTree.js                                        |   2 +-
 toolkit/components/places/tests/unit/test_telemetry.js                                                   |   2 +-
 toolkit/components/printing/content/printPageSetup.js                                                    |   4 ++--
 toolkit/components/printing/content/printPreviewToolbar.js                                               |   2 +-
 toolkit/components/promiseworker/PromiseWorker.jsm                                                       |   2 +-
 toolkit/components/prompts/src/Prompter.jsm                                                              |   4 ++--
 toolkit/components/reader/AboutReader.jsm                                                                |   4 ++--
 toolkit/components/reader/Readability-readerable.js                                                      |   2 +-
 toolkit/components/reader/ReaderMode.jsm                                                                 |   2 +-
 toolkit/components/reputationservice/test/unit/test_app_rep.js                                           |   4 ++--
 toolkit/components/reputationservice/test/unit/test_app_rep_maclinux.js                                  |   8 ++++----
 toolkit/components/reputationservice/test/unit/test_app_rep_windows.js                                   |   8 ++++----
 toolkit/components/satchel/FormAutoComplete.jsm                                                          |   2 +-
 toolkit/components/satchel/FormHistory.jsm                                                               |  24 ++++++++++++------------
 toolkit/components/satchel/test/unit/test_autocomplete.js                                                |   6 +++---
 toolkit/components/search/SearchService.jsm                                                              |  18 +++++++++---------
 toolkit/components/search/tests/xpcshell/test_hasEngineWithURL.js                                        |   2 +-
 toolkit/components/securityreporter/SecurityReporter.jsm                                                 |   2 +-
 toolkit/components/telemetry/app/TelemetrySend.jsm                                                       |   4 ++--
 toolkit/components/telemetry/app/TelemetryStorage.jsm                                                    |   4 ++--
 toolkit/components/telemetry/tests/unit/head.js                                                          |   6 +++---
 toolkit/components/telemetry/tests/unit/test_PingAPI.js                                                  |   2 +-
 toolkit/components/telemetry/tests/unit/test_TelemetryLateWrites.js                                      |   6 +++---
 toolkit/components/telemetry/tests/unit/test_TelemetrySend.js                                            |   4 ++--
 toolkit/components/telemetry/tests/unit/test_TelemetrySendOldPings.js                                    |   4 ++--
 toolkit/components/telemetry/tests/unit/test_TelemetryStopwatch.js                                       |  12 ++++++------
 toolkit/components/terminator/tests/xpcshell/test_terminator_reload.js                                   |   2 +-
 toolkit/components/thumbnails/PageThumbUtils.jsm                                                         |   8 ++++----
 toolkit/components/thumbnails/PageThumbsStorageService.jsm                                               |   2 +-
 toolkit/components/thumbnails/content/backgroundPageThumbsContent.js                                     |   2 +-
 toolkit/components/thumbnails/test/browser_thumbnails_bg_captureIfMissing.js                             |   2 +-
 toolkit/components/thumbnails/test/browser_thumbnails_bg_no_duplicates.js                                |   2 +-
 toolkit/components/thumbnails/test/browser_thumbnails_privacy.js                                         |   2 +-
 toolkit/components/thumbnails/test/browser_thumbnails_storage.js                                         |   2 +-
 toolkit/components/tooltiptext/TooltipTextProvider.jsm                                                   |   6 +++---
 toolkit/components/url-classifier/SafeBrowsing.jsm                                                       |  32 ++++++++++++++++----------------
 toolkit/components/url-classifier/UrlClassifierListManager.jsm                                           |   8 ++++----
 toolkit/components/url-classifier/tests/browser/classifierHelper.js                                      |  16 ++++++++--------
 toolkit/components/url-classifier/tests/browser/classifierTester.js                                      |   2 +-
 toolkit/components/url-classifier/tests/mochitest/classifierHelper.js                                    |  16 ++++++++--------
 toolkit/components/url-classifier/tests/unit/head_urlclassifier.js                                       |   8 ++++----
 toolkit/components/url-classifier/tests/unit/test_digest256.js                                           |   4 ++--
 toolkit/components/url-classifier/tests/unit/test_hashcompleter.js                                       |  12 ++++++------
 toolkit/components/url-classifier/tests/unit/test_listmanager.js                                         |   4 ++--
 toolkit/components/url-classifier/tests/unit/test_partial.js                                             |   2 +-
 toolkit/components/url-classifier/tests/unit/test_streamupdater.js                                       |  54 +++++++++++++++++++++++++++---------------------------
 toolkit/components/urlformatter/URLFormatter.jsm                                                         |   2 +-
 toolkit/components/urlformatter/tests/unit/test_urlformatter.js                                          |   2 +-
 toolkit/components/utils/Sampling.jsm                                                                    |   4 ++--
 toolkit/components/utils/test/unit/test_ClientEnvironment.js                                             |   6 +++---
 toolkit/components/viewconfig/content/config.js                                                          |   2 +-
 toolkit/components/viewsource/content/viewSource-content.js                                              |   6 +++---
 toolkit/content/about.js                                                                                 |   2 +-
 toolkit/content/aboutSupport.js                                                                          |  18 +++++++++---------
 toolkit/content/aboutTelemetry.js                                                                        |  10 +++++-----
 toolkit/content/aboutUrlClassifier.js                                                                    |   2 +-
 toolkit/content/aboutwebrtc/aboutWebrtc.js                                                               |  24 ++++++++++++------------
 toolkit/content/contentAreaUtils.js                                                                      |  20 ++++++++++----------
 toolkit/content/tests/browser/browser_autoscroll_disabled.js                                             |   4 ++--
 toolkit/content/tests/browser/browser_bug295977_autoscroll_overflow.js                                   |  16 ++++++++--------
 toolkit/content/tests/browser/browser_keyevents_during_autoscrolling.js                                  |   2 +-
 toolkit/content/tests/chrome/xul_selectcontrol.js                                                        |   4 ++--
 toolkit/content/tests/widgets/popup_shared.js                                                            |  18 +++++++++---------
 toolkit/content/tests/widgets/tree_shared.js                                                             |  10 +++++-----
 toolkit/content/treeUtils.js                                                                             |   2 +-
 toolkit/content/widgets/autocomplete-richlistitem.js                                                     |   4 ++--
 toolkit/content/widgets/browser-custom-element.js                                                        |   2 +-
 toolkit/content/widgets/datetimebox.js                                                                   |  24 ++++++++++++------------
 toolkit/content/widgets/richlistbox.js                                                                   |   6 +++---
 toolkit/content/widgets/spinner.js                                                                       |   4 ++--
 toolkit/content/widgets/timekeeper.js                                                                    |   2 +-
 toolkit/content/widgets/tree.js                                                                          |   8 ++++----
 toolkit/content/widgets/videocontrols.js                                                                 |  32 ++++++++++++++++----------------
 toolkit/crashreporter/CrashSubmit.jsm                                                                    |   2 +-
 toolkit/crashreporter/KeyValueParser.jsm                                                                 |   2 +-
 toolkit/crashreporter/test/browser/head.js                                                               |   4 ++--
 toolkit/crashreporter/test/unit/head_win64cfi.js                                                         |   2 +-
 toolkit/forgetaboutsite/ForgetAboutSite.jsm                                                              |   2 +-
 toolkit/modules/ActorManagerParent.jsm                                                                   |   2 +-
 toolkit/modules/BrowserUtils.jsm                                                                         |   8 ++++----
 toolkit/modules/Console.jsm                                                                              |  34 +++++++++++++++++-----------------
 toolkit/modules/CreditCard.jsm                                                                           |   8 ++++----
 toolkit/modules/DateTimePickerPanel.jsm                                                                  |   2 +-
 toolkit/modules/Deprecated.jsm                                                                           |   4 ++--
 toolkit/modules/E10SUtils.jsm                                                                            |   4 ++--
 toolkit/modules/EventEmitter.jsm                                                                         |  18 +++++++++---------
 toolkit/modules/Finder.jsm                                                                               |   4 ++--
 toolkit/modules/FinderHighlighter.jsm                                                                    |   8 ++++----
 toolkit/modules/FinderIterator.jsm                                                                       |   4 ++--
 toolkit/modules/FormLikeFactory.jsm                                                                      |   2 +-
 toolkit/modules/InlineSpellChecker.jsm                                                                   |  20 ++++++++++----------
 toolkit/modules/JSONFile.jsm                                                                             |   2 +-
 toolkit/modules/Log.jsm                                                                                  |  10 +++++-----
 toolkit/modules/NewTabUtils.jsm                                                                          |   2 +-
 toolkit/modules/PermissionsUtils.jsm                                                                     |   2 +-
 toolkit/modules/PopupNotifications.jsm                                                                   |   2 +-
 toolkit/modules/Promise-backend.js                                                                       |   2 +-
 toolkit/modules/PropertyListUtils.jsm                                                                    |   4 ++--
 toolkit/modules/SelectParentHelper.jsm                                                                   |   4 ++--
 toolkit/modules/ShortcutUtils.jsm                                                                        |  40 ++++++++++++++++++++--------------------
 toolkit/modules/Sqlite.jsm                                                                               |   2 +-
 toolkit/modules/UpdateUtils.jsm                                                                          |  24 ++++++++++++------------
 toolkit/modules/ZipUtils.jsm                                                                             |   2 +-
 toolkit/modules/addons/WebRequestUpload.jsm                                                              |   2 +-
 toolkit/modules/css-selector.js                                                                          |   4 ++--
 toolkit/modules/secondscreen/SimpleServiceDiscovery.jsm                                                  |   4 ++--
 toolkit/modules/subprocess/subprocess_common.jsm                                                         |   2 +-
 toolkit/modules/subprocess/subprocess_shared_win.js                                                      |   4 ++--
 toolkit/modules/subprocess/subprocess_worker_unix.js                                                     |   2 +-
 toolkit/modules/subprocess/subprocess_worker_win.js                                                      |   6 +++---
 toolkit/modules/tests/browser/browser_FinderHighlighter.js                                               |   4 ++--
 toolkit/modules/tests/browser/browser_Finder_offscreen_text.js                                           |   6 +++---
 toolkit/modules/tests/browser/browser_Finder_overflowed_textarea.js                                      |   8 ++++----
 toolkit/modules/tests/modules/PromiseTestUtils.jsm                                                       |   2 +-
 toolkit/modules/tests/xpcshell/head.js                                                                   |   2 +-
 toolkit/modules/tests/xpcshell/test_UpdateUtils_url.js                                                   |  12 ++++++------
 toolkit/mozapps/downloads/DownloadUtils.jsm                                                              |  12 ++++++------
 toolkit/mozapps/downloads/HelperAppDlg.jsm                                                               |   2 +-
 toolkit/mozapps/extensions/AddonManager.jsm                                                              |  10 +++++-----
 toolkit/mozapps/extensions/Blocklist.jsm                                                                 |   2 +-
 toolkit/mozapps/extensions/LightweightThemeManager.jsm                                                   |   6 +++---
 toolkit/mozapps/extensions/content/extensions.js                                                         |  12 ++++++------
 toolkit/mozapps/extensions/internal/AddonTestUtils.jsm                                                   |   2 +-
 toolkit/mozapps/extensions/internal/GMPProvider.jsm                                                      |   6 +++---
 toolkit/mozapps/extensions/internal/PluginProvider.jsm                                                   |   6 +++---
 toolkit/mozapps/extensions/internal/ProductAddonChecker.jsm                                              |   2 +-
 toolkit/mozapps/extensions/internal/XPIDatabase.jsm                                                      |  18 +++++++++---------
 toolkit/mozapps/extensions/internal/XPIInstall.jsm                                                       |  10 +++++-----
 toolkit/mozapps/extensions/internal/XPIProvider.jsm                                                      |   4 ++--
 toolkit/mozapps/extensions/test/browser/head.js                                                          |   4 ++--
 toolkit/mozapps/extensions/test/xpcshell/head_addons.js                                                  |   2 +-
 toolkit/mozapps/extensions/test/xpcshell/head_system_addons.js                                           |  14 +++++++-------
 toolkit/mozapps/extensions/test/xpcshell/test_XPIStates.js                                               |   2 +-
 toolkit/mozapps/extensions/test/xpcshell/test_blocklist_url_parameters.js                                |   2 +-
 toolkit/mozapps/extensions/test/xpinstall/browser_datauri.js                                             |   2 +-
 toolkit/mozapps/extensions/test/xpinstall/browser_doorhanger_installs.js                                 |   2 +-
 toolkit/mozapps/extensions/test/xpinstall/browser_httphash.js                                            |   2 +-
 toolkit/mozapps/extensions/test/xpinstall/browser_httphash2.js                                           |   2 +-
 toolkit/mozapps/extensions/test/xpinstall/browser_httphash3.js                                           |   2 +-
 toolkit/mozapps/extensions/test/xpinstall/browser_httphash4.js                                           |   2 +-
 toolkit/mozapps/extensions/test/xpinstall/browser_httphash5.js                                           |   6 +++---
 toolkit/mozapps/extensions/test/xpinstall/browser_httphash6.js                                           |   2 +-
 toolkit/mozapps/update/UpdateService.jsm                                                                 |   8 ++++----
 toolkit/mozapps/update/tests/browser/browser_doorhanger_sp_patch_partialApplyFailure_complete.js         |   2 +-
 toolkit/mozapps/update/tests/browser/browser_doorhanger_sp_patch_partialApplyFailure_completeBadSize.js  |   2 +-
 toolkit/mozapps/update/tests/browser/browser_doorhanger_sp_patch_partialApplyFailure_complete_staging.js |   2 +-
 toolkit/mozapps/update/tests/browser/head.js                                                             |  16 ++++++++--------
 toolkit/mozapps/update/tests/data/shared.js                                                              |   6 +++---
 toolkit/mozapps/update/tests/data/sharedUpdateXML.js                                                     |   2 +-
 toolkit/mozapps/update/tests/data/xpcshellUtilsAUS.js                                                    |  22 +++++++++++-----------
 toolkit/mozapps/update/tests/unit_aus_update/remoteUpdateXML.js                                          |  16 ++++++++--------
 toolkit/profile/content/createProfileWizard.js                                                           |   2 +-
 tools/lint/eslint/eslint-plugin-mozilla/lib/processors/xbl-bindings.js                                   |   2 +-
 tools/profiler/tests/test_asm.js                                                                         |   2 +-
 tools/profiler/tests/test_enterjit_osr.js                                                                |   2 +-
 widget/headless/tests/test_headless.js                                                                   |   2 +-
 widget/tests/browser/browser_test_procinfo.js                                                            |   8 ++++----
 xpcom/tests/unit/test_bug374754.js                                                                       |   4 ++--
 xpcom/tests/unit/test_iniParser.js                                                                       |   2 +-
 715 files changed, 2592 insertions(+), 2592 deletions(-)
