 accessible/jsat/ContentControl.jsm                                                                        |  4 ++--
 browser/base/content/browser-allTabsMenu.js                                                               |  4 ++--
 browser/base/content/browser-gestureSupport.js                                                            | 14 +++++++-------
 browser/base/content/browser-places.js                                                                    | 16 ++++++++--------
 browser/base/content/browser-sync.js                                                                      |  4 ++--
 browser/base/content/browser.js                                                                           | 54 +++++++++++++++++++++++++++---------------------------
 browser/base/content/nsContextMenu.js                                                                     |  6 +++---
 browser/base/content/pageinfo/pageInfo.js                                                                 |  4 ++--
 browser/base/content/tabbrowser.js                                                                        |  8 ++++----
 browser/base/content/test/about/browser_aboutCertError_noSubjectAltName.js                                |  6 +++---
 browser/base/content/test/about/head.js                                                                   |  6 +++---
 browser/base/content/test/general/browser_ctrlTab.js                                                      |  4 ++--
 browser/base/content/test/general/browser_star_hsts.js                                                    |  4 ++--
 browser/base/content/test/general/contextmenu_common.js                                                   |  4 ++--
 browser/base/content/test/webrtc/browser_devices_get_user_media.js                                        |  8 ++++----
 browser/base/content/test/webrtc/browser_webrtc_hooks.js                                                  |  4 ++--
 browser/base/content/utilityOverlay.js                                                                    | 14 +++++++-------
 browser/components/BrowserGlue.jsm                                                                        | 12 ++++++------
 browser/components/aboutconfig/content/aboutconfig.js                                                     |  6 +++---
 browser/components/aboutconfig/test/browser/browser_accessibility.js                                      |  6 +++---
 browser/components/contextualidentity/test/browser/browser_blobUrl.js                                     |  4 ++--
 browser/components/contextualidentity/test/browser/browser_usercontext.js                                 |  4 ++--
 browser/components/contextualidentity/test/browser/browser_windowName.js                                  |  4 ++--
 browser/components/contextualidentity/test/browser/browser_windowOpen.js                                  |  4 ++--
 browser/components/customizableui/CustomizableUI.jsm                                                      | 36 ++++++++++++++++++------------------
 browser/components/customizableui/CustomizeMode.jsm                                                       | 18 +++++++++---------
 browser/components/distribution.js                                                                        |  4 ++--
 browser/components/downloads/DownloadsCommon.jsm                                                          | 16 ++++++++--------
 browser/components/downloads/DownloadsSubview.jsm                                                         |  4 ++--
 browser/components/downloads/DownloadsViewUI.jsm                                                          |  8 ++++----
 browser/components/extensions/parent/ext-bookmarks.js                                                     |  6 +++---
 browser/components/extensions/parent/ext-browser.js                                                       |  6 +++---
 browser/components/extensions/parent/ext-tabs.js                                                          |  6 +++---
 browser/components/extensions/test/browser/browser_ext_browserAction_context.js                           |  4 ++--
 browser/components/extensions/test/browser/browser_ext_sidebarAction_context.js                           |  4 ++--
 browser/components/extensions/test/browser/browser_ext_tabs_readerMode.js                                 | 16 ++++++++--------
 browser/components/migration/ChromeProfileMigrator.jsm                                                    |  4 ++--
 browser/components/originattributes/test/browser/browser_imageCacheIsolation.js                           |  4 ++--
 browser/components/originattributes/test/browser/browser_permissions.js                                   |  8 ++++----
 browser/components/originattributes/test/browser/browser_sanitize.js                                      |  4 ++--
 browser/components/payments/res/containers/address-form.js                                                |  4 ++--
 browser/components/payments/res/paymentRequest.js                                                         |  4 ++--
 browser/components/places/PlacesUIUtils.jsm                                                               | 14 +++++++-------
 browser/components/places/content/browserPlacesViews.js                                                   | 20 ++++++++++----------
 browser/components/places/content/editBookmark.js                                                         |  4 ++--
 browser/components/places/content/treeView.js                                                             |  8 ++++----
 browser/components/places/tests/browser/browser_toolbar_overflow.js                                       | 24 ++++++++++++------------
 browser/components/places/tests/browser/head.js                                                           | 14 +++++++-------
 browser/components/pocket/content/main.js                                                                 | 36 ++++++++++++++++++------------------
 browser/components/pocket/content/panels/js/saved.js                                                      |  6 +++---
 browser/components/preferences/applicationManager.js                                                      |  4 ++--
 browser/components/preferences/in-content/extensionControlled.js                                          | 10 +++++-----
 browser/components/preferences/in-content/main.js                                                         |  6 +++---
 browser/components/preferences/in-content/privacy.js                                                      |  4 ++--
 browser/components/preferences/in-content/tests/browser_search_within_preferences_1.js                    | 36 ++++++++++++++++++------------------
 browser/components/privatebrowsing/test/browser/browser_privatebrowsing_blobUrl.js                        |  4 ++--
 browser/components/sessionstore/ContentRestore.jsm                                                        |  6 +++---
 browser/components/sessionstore/RecentlyClosedTabsAndWindowsMenuUtils.jsm                                 |  8 ++++----
 browser/components/sessionstore/SessionStore.jsm                                                          | 16 ++++++++--------
 browser/components/sessionstore/SessionWorker.js                                                          |  4 ++--
 browser/components/sessionstore/test/browser_393716.js                                                    |  4 ++--
 browser/components/sessionstore/test/browser_394759_behavior.js                                           |  4 ++--
 browser/components/sessionstore/test/browser_506482.js                                                    |  4 ++--
 browser/components/sessionstore/test/browser_589246.js                                                    |  4 ++--
 browser/components/shell/HeadlessShell.jsm                                                                |  8 ++++----
 browser/components/syncedtabs/TabListView.js                                                              |  4 ++--
 browser/components/tests/browser/browser_initial_tab_remoteType.js                                        |  4 ++--
 browser/components/touchbar/MacTouchBar.js                                                                |  4 ++--
 browser/components/translation/Translation.jsm                                                            |  4 ++--
 browser/components/translation/TranslationDocument.jsm                                                    |  4 ++--
 browser/components/urlbar/UrlbarUtils.jsm                                                                 |  4 ++--
 browser/components/urlbar/tests/UrlbarTestUtils.jsm                                                       |  8 ++++----
 browser/extensions/formautofill/FormAutofillParent.jsm                                                    |  4 ++--
 browser/extensions/formautofill/phonenumberutils/PhoneNumber.jsm                                          |  8 ++++----
 browser/extensions/webcompat/aboutCompat.js                                                               |  4 ++--
 browser/modules/AsanReporter.jsm                                                                          |  4 ++--
 browser/modules/AsyncTabSwitcher.jsm                                                                      |  8 ++++----
 browser/modules/PageActions.jsm                                                                           |  4 ++--
 browser/modules/test/unit/test_E10SUtils_nested_URIs.js                                                   |  8 ++++----
 browser/tools/mozscreenshots/browser_boundingbox.js                                                       | 16 ++++++++--------
 devtools/client/aboutdebugging-new/src/actions/runtimes.js                                                | 14 +++++++-------
 devtools/client/aboutdebugging-new/src/components/App.js                                                  |  4 ++--
 devtools/client/aboutdebugging-new/src/components/ConnectionPromptSetting.js                              |  6 +++---
 devtools/client/aboutdebugging-new/src/components/RuntimeActions.js                                       | 30 +++++++++++++++---------------
 devtools/client/aboutdebugging-new/src/components/connect/ConnectPage.js                                  | 24 ++++++++++++------------
 devtools/client/aboutdebugging-new/src/components/debugtarget/DebugTargetList.js                          |  6 +++---
 devtools/client/aboutdebugging-new/src/components/debugtarget/WorkerDetail.js                             |  6 +++---
 devtools/client/aboutdebugging-new/src/middleware/tab-component-data.js                                   |  6 +++---
 devtools/client/aboutdebugging-new/src/middleware/worker-component-data.js                                |  4 ++--
 devtools/client/aboutdebugging/components/addons/Target.js                                                | 16 ++++++++--------
 devtools/client/application/src/components/App.js                                                         |  4 ++--
 devtools/client/definitions.js                                                                            | 16 ++++++++--------
 devtools/client/framework/components/DebugTargetInfo.js                                                   |  6 +++---
 devtools/client/framework/components/MeatballMenu.js                                                      |  6 +++---
 devtools/client/framework/components/ToolboxController.js                                                 |  6 +++---
 devtools/client/framework/components/ToolboxTabs.js                                                       |  4 ++--
 devtools/client/framework/components/ToolboxToolbar.js                                                    | 28 ++++++++++++++--------------
 devtools/client/framework/test/browser_toolbox_window_reload_target.js                                    |  6 +++---
 devtools/client/framework/test/head.js                                                                    |  4 ++--
 devtools/client/framework/toolbox-init.js                                                                 |  4 ++--
 devtools/client/framework/toolbox.js                                                                      | 24 ++++++++++++------------
 devtools/client/inspector/animation/animation.js                                                          |  6 +++---
 devtools/client/inspector/animation/components/AnimationDetailContainer.js                                |  6 ++----
 devtools/client/inspector/animation/components/AnimationListContainer.js                                  |  6 +++---
 devtools/client/inspector/animation/components/App.js                                                     |  3 +--
 devtools/client/inspector/animation/components/CurrentTimeScrubber.js                                     |  6 +++---
 devtools/client/inspector/animation/components/graph/SummaryGraph.js                                      | 21 +++++++++------------
 devtools/client/inspector/animation/components/graph/SummaryGraphPath.js                                  | 13 +++++--------
 devtools/client/inspector/animation/components/graph/TimingPath.js                                        |  8 ++++----
 devtools/client/inspector/animation/test/head.js                                                          |  8 ++++----
 devtools/client/inspector/animation/utils/timescale.js                                                    |  4 ++--
 devtools/client/inspector/boxmodel/components/BoxModel.js                                                 |  3 +--
 devtools/client/inspector/boxmodel/components/BoxModelInfo.js                                             |  3 +--
 devtools/client/inspector/boxmodel/components/BoxModelMain.js                                             | 22 ++++++++--------------
 devtools/client/inspector/boxmodel/test/browser_boxmodel_layout-accordion-state.js                        |  4 ++--
 devtools/client/inspector/breadcrumbs.js                                                                  | 12 ++++++------
 devtools/client/inspector/changes/reducers/changes.js                                                     |  6 +++---
 devtools/client/inspector/computed/computed.js                                                            | 10 +++++-----
 devtools/client/inspector/flexbox/components/Header.js                                                    |  3 +--
 devtools/client/inspector/flexbox/flexbox.js                                                              |  4 ++--
 devtools/client/inspector/flexbox/test/browser_flexbox_accordion_state.js                                 |  4 ++--
 devtools/client/inspector/flexbox/test/browser_flexbox_toggle_flexbox_highlighter_02.js                   |  4 ++--
 devtools/client/inspector/fonts/components/FontEditor.js                                                  | 10 +++++-----
 devtools/client/inspector/fonts/components/FontPropertyValue.js                                           | 18 ++++++++----------
 devtools/client/inspector/fonts/components/FontSize.js                                                    |  6 +++---
 devtools/client/inspector/fonts/components/LineHeight.js                                                  |  6 +++---
 devtools/client/inspector/fonts/fonts.js                                                                  | 78 +++++++++++++++++++++++++++++++++++++++---------------------------------------
 devtools/client/inspector/grids/components/Grid.js                                                        |  3 +--
 devtools/client/inspector/grids/components/GridOutline.js                                                 | 12 +++++-------
 devtools/client/inspector/grids/test/browser_grids_accordion-state.js                                     |  4 ++--
 devtools/client/inspector/inspector-search.js                                                             |  4 ++--
 devtools/client/inspector/inspector.js                                                                    |  6 +++---
 devtools/client/inspector/layout/components/Accordion.js                                                  |  6 +++---
 devtools/client/inspector/markup/markup.js                                                                | 20 ++++++++++----------
 devtools/client/inspector/markup/test/browser_markup_mutation_01.js                                       | 18 +++++++++---------
 devtools/client/inspector/markup/test/head.js                                                             | 18 +++++++++---------
 devtools/client/inspector/markup/test/helper_diff.js                                                      |  4 ++--
 devtools/client/inspector/markup/test/helper_style_attr_test_runner.js                                    |  4 ++--
 devtools/client/inspector/markup/views/element-editor.js                                                  |  6 +++---
 devtools/client/inspector/markup/views/text-editor.js                                                     |  6 +++---
 devtools/client/inspector/rules/components/ClassListPanel.js                                              |  3 +--
 devtools/client/inspector/rules/components/Rule.js                                                        |  3 +--
 devtools/client/inspector/rules/components/RulesApp.js                                                    |  3 +--
 devtools/client/inspector/rules/components/Toolbar.js                                                     |  6 ++----
 devtools/client/inspector/rules/test/browser_rules_completion-existing-property_01.js                     |  6 +++---
 devtools/client/inspector/rules/test/browser_rules_completion-existing-property_02.js                     | 12 ++++++------
 devtools/client/inspector/rules/test/browser_rules_completion-new-property_01.js                          |  6 +++---
 devtools/client/inspector/rules/test/browser_rules_completion-new-property_02.js                          | 12 ++++++------
 devtools/client/inspector/rules/test/browser_rules_edit-property_04.js                                    |  4 ++--
 devtools/client/inspector/rules/test/browser_rules_gridline-names-autocomplete.js                         | 12 ++++++------
 devtools/client/inspector/rules/views/text-property-editor.js                                             |  6 +++---
 devtools/client/inspector/shared/style-inspector-menu.js                                                  |  4 ++--
 devtools/client/inspector/test/browser_inspector_menu-01-sensitivity.js                                   |  8 ++++----
 devtools/client/jsonview/viewer-config.js                                                                 | 24 ++++++++++++------------
 devtools/client/memory/actions/census-display.js                                                          |  8 ++++----
 devtools/client/memory/actions/diffing.js                                                                 | 16 ++++++++--------
 devtools/client/memory/actions/label-display.js                                                           |  8 ++++----
 devtools/client/memory/actions/snapshot.js                                                                | 12 ++++++------
 devtools/client/memory/actions/tree-map-display.js                                                        |  8 ++++----
 devtools/client/memory/app.js                                                                             | 12 ++++++------
 devtools/client/memory/components/Census.js                                                               | 12 ++++++------
 devtools/client/memory/components/CensusTreeItem.js                                                       | 10 +++++-----
 devtools/client/memory/components/DominatorTree.js                                                        | 20 ++++++++++----------
 devtools/client/memory/components/DominatorTreeItem.js                                                    |  8 ++++----
 devtools/client/memory/components/Heap.js                                                                 | 58 +++++++++++++++++++++++++++++-----------------------------
 devtools/client/memory/components/SnapshotListItem.js                                                     | 12 ++++++------
 devtools/client/memory/components/Toolbar.js                                                              |  8 ++++----
 devtools/client/memory/components/tree-map/canvas-utils.js                                                |  6 +++---
 devtools/client/memory/components/tree-map/drag-zoom.js                                                   | 16 ++++++++--------
 devtools/client/memory/reducers/allocations.js                                                            |  4 ++--
 devtools/client/memory/reducers/individuals.js                                                            |  6 +++---
 devtools/client/memory/reducers/snapshots.js                                                              | 80 ++++++++++++++++++++++++++++++++++++++++----------------------------------------
 devtools/client/memory/test/unit/test_dominator_trees_06.js                                               |  4 ++--
 devtools/client/memory/test/unit/test_dominator_trees_07.js                                               |  4 ++--
 devtools/client/memory/utils.js                                                                           | 14 +++++++-------
 devtools/client/netmonitor/src/actions/ui.js                                                              |  6 +++---
 devtools/client/netmonitor/src/components/CachePanel.js                                                   |  4 ++--
 devtools/client/netmonitor/src/components/HeadersPanel.js                                                 |  4 ++--
 devtools/client/netmonitor/src/components/PropertiesView.js                                               |  4 ++--
 devtools/client/netmonitor/src/components/RequestListColumnSetCookies.js                                  |  6 +++---
 devtools/client/netmonitor/src/components/RequestListHeader.js                                            | 16 ++++++++--------
 devtools/client/netmonitor/src/components/ResponsePanel.js                                                |  4 ++--
 devtools/client/netmonitor/src/components/SecurityPanel.js                                                |  6 ++----
 devtools/client/netmonitor/src/components/Toolbar.js                                                      | 14 +++++++-------
 devtools/client/netmonitor/src/connector/chrome/utils.js                                                  |  4 ++--
 devtools/client/netmonitor/src/middleware/thunk.js                                                        |  6 +++---
 devtools/client/netmonitor/src/utils/filter-autocomplete-provider.js                                      |  4 ++--
 devtools/client/netmonitor/src/utils/mdn-utils.js                                                         |  6 +++---
 devtools/client/netmonitor/src/widgets/RequestListHeaderContextMenu.js                                    |  6 +++---
 devtools/client/netmonitor/test/browser_net_cookies_sorted.js                                             |  4 ++--
 devtools/client/netmonitor/test/browser_net_edit_resend_xhr.js                                            |  4 ++--
 devtools/client/netmonitor/test/browser_net_header-ref-policy.js                                          |  8 ++++----
 devtools/client/netmonitor/test/browser_net_set-cookie-same-site.js                                       | 12 ++++++------
 devtools/client/netmonitor/test/browser_net_sort-01.js                                                    |  6 +++---
 devtools/client/netmonitor/test/browser_net_sort-02.js                                                    |  6 +++---
 devtools/client/netmonitor/test/browser_net_sort-reset.js                                                 |  6 +++---
 devtools/client/performance-new/components/Perf.js                                                        |  6 +++---
 devtools/client/performance-new/components/RecordingButton.js                                             |  6 +++---
 devtools/client/performance-new/components/Settings.js                                                    | 18 +++++++++---------
 devtools/client/performance/components/RecordingList.js                                                   |  6 +++---
 devtools/client/performance/modules/logic/frame-utils.js                                                  | 10 +++++-----
 devtools/client/performance/modules/logic/waterfall-utils.js                                              |  6 +++---
 devtools/client/performance/modules/marker-formatters.js                                                  |  6 +++---
 devtools/client/performance/test/browser_timeline-waterfall-generic.js                                    |  8 ++++----
 devtools/client/performance/test/helpers/actions.js                                                       | 60 ++++++++++++++++++++++++++++++------------------------------
 devtools/client/performance/test/unit/test_tree-model-08.js                                               |  6 +++---
 devtools/client/performance/views/details-js-call-tree.js                                                 |  6 +++---
 devtools/client/performance/views/details-js-flamegraph.js                                                |  4 ++--
 devtools/client/performance/views/details-memory-flamegraph.js                                            |  4 ++--
 devtools/client/performance/views/details-waterfall.js                                                    |  6 +++---
 devtools/client/responsive.html/components/App.js                                                         |  3 +--
 devtools/client/responsive.html/test/browser/browser_device_change.js                                     |  4 ++--
 devtools/client/responsive.html/test/browser/browser_device_custom.js                                     | 16 ++++++++--------
 devtools/client/responsive.html/test/browser/browser_device_custom_remove.js                              |  8 ++++----
 devtools/client/responsive.html/test/browser/browser_device_modal_error.js                                |  4 ++--
 devtools/client/responsive.html/test/browser/browser_device_modal_exit.js                                 |  4 ++--
 devtools/client/responsive.html/test/browser/browser_device_modal_submit.js                               | 12 ++++++------
 devtools/client/responsive.html/test/browser/browser_device_pixel_ratio_change.js                         |  4 ++--
 devtools/client/responsive.html/test/browser/browser_device_state_restore.js                              |  4 ++--
 devtools/client/responsive.html/test/browser/browser_touch_device.js                                      |  4 ++--
 devtools/client/scratchpad/scratchpad.js                                                                  | 14 +++++++-------
 devtools/client/scratchpad/test/browser_scratchpad_restore.js                                             |  6 +++---
 devtools/client/shared/browser-loader.js                                                                  |  6 +++---
 devtools/client/shared/build/build.js                                                                     |  6 +++---
 devtools/client/shared/components/Frame.js                                                                |  4 ++--
 devtools/client/shared/components/HSplitBox.js                                                            |  4 ++--
 devtools/client/shared/components/NotificationBox.js                                                      |  6 +++---
 devtools/client/shared/components/SmartTrace.js                                                           | 12 ++++++------
 devtools/client/shared/components/StackTrace.js                                                           |  6 +++---
 devtools/client/shared/components/VirtualizedTree.js                                                      | 16 ++++++++--------
 devtools/client/shared/components/menu/MenuButton.js                                                      |  6 +++---
 devtools/client/shared/components/menu/MenuList.js                                                        | 12 ++++++------
 devtools/client/shared/components/tabs/Tabs.js                                                            |  3 +--
 devtools/client/shared/css-angle.js                                                                       |  4 ++--
 devtools/client/shared/inplace-editor.js                                                                  | 12 ++++++------
 devtools/client/shared/redux/middleware/thunk.js                                                          |  6 +++---
 devtools/client/shared/remote-debugging/remote-client-manager.js                                          |  6 +++---
 devtools/client/shared/sourceeditor/css-autocompleter.js                                                  |  4 ++--
 devtools/client/shared/sourceeditor/editor.js                                                             |  4 ++--
 devtools/client/shared/sourceeditor/test/browser_editor_find_again.js                                     |  4 ++--
 devtools/client/shared/test/browser_html_tooltip_doorhanger-01.js                                         | 12 ++++++------
 devtools/client/shared/test/browser_outputparser.js                                                       |  4 ++--
 devtools/client/shared/test/shared-head.js                                                                |  6 +++---
 devtools/client/shared/test/unit/test_parseDeclarations.js                                                |  4 ++--
 devtools/client/shared/widgets/CubicBezierWidget.js                                                       |  8 ++++----
 devtools/client/shared/widgets/FilterWidget.js                                                            | 10 +++++-----
 devtools/client/shared/widgets/FlameGraph.js                                                              | 20 ++++++++++----------
 devtools/client/shared/widgets/LineGraphWidget.js                                                         | 18 +++++++++---------
 devtools/client/shared/widgets/TableWidget.js                                                             |  4 ++--
 devtools/client/shared/widgets/tooltip/HTMLTooltip.js                                                     | 18 +++++++++---------
 devtools/client/storage/ui.js                                                                             | 14 +++++++-------
 devtools/client/styleeditor/StyleEditorUI.jsm                                                             |  4 ++--
 devtools/client/webconsole/components/ConsoleOutput.js                                                    |  4 ++--
 devtools/client/webconsole/components/ConsoleTable.js                                                     | 12 ++++++------
 devtools/client/webconsole/components/GripMessageBody.js                                                  |  8 ++++----
 devtools/client/webconsole/components/JSTerm.js                                                           | 36 ++++++++++++++++++------------------
 devtools/client/webconsole/components/Message.js                                                          | 56 ++++++++++++++++++++++++++++----------------------------
 devtools/client/webconsole/components/MessageContainer.js                                                 | 14 +++++++-------
 devtools/client/webconsole/components/MessageIcon.js                                                      |  6 +++---
 devtools/client/webconsole/components/ReverseSearchInput.js                                               | 10 +++++-----
 devtools/client/webconsole/components/SideBar.js                                                          |  4 ++--
 devtools/client/webconsole/components/message-types/ConsoleApiCall.js                                     | 22 +++++++++++-----------
 devtools/client/webconsole/components/message-types/EvaluationResult.js                                   |  4 ++--
 devtools/client/webconsole/components/message-types/NetworkEventMessage.js                                | 12 ++++++------
 devtools/client/webconsole/middleware/thunk.js                                                            |  6 +++---
 devtools/client/webconsole/reducers/messages.js                                                           | 42 +++++++++++++++++++++---------------------
 devtools/client/webconsole/selectors/history.js                                                           |  6 +++---
 devtools/client/webconsole/store.js                                                                       |  4 ++--
 devtools/client/webconsole/test/fixtures/stub-generators/head.js                                          | 26 +++++++++++++-------------
 devtools/client/webconsole/test/helpers.js                                                                |  6 +++---
 devtools/client/webconsole/test/mochitest/browser_webconsole_cors_errors.js                               |  4 ++--
 devtools/client/webconsole/test/mochitest/browser_webconsole_reverse_search.js                            |  4 ++--
 devtools/client/webconsole/test/mochitest/browser_webconsole_split.js                                     |  6 +++---
 devtools/client/webconsole/test/mochitest/browser_webconsole_time_methods.js                              | 16 ++++++++--------
 devtools/client/webconsole/test/mochitest/head.js                                                         | 10 +++++-----
 devtools/client/webconsole/utils/messages.js                                                              | 16 ++++++++--------
 devtools/client/webconsole/utils/object-inspector.js                                                      | 26 +++++++++++++-------------
 devtools/client/webconsole/utils/prefs.js                                                                 |  6 +++---
 devtools/client/webconsole/webconsole-wrapper.js                                                          | 46 +++++++++++++++++++++++-----------------------
 devtools/server/actors/breakpoint.js                                                                      |  6 +++---
 devtools/server/actors/emulation/touch-simulator.js                                                       |  6 +++---
 devtools/server/actors/highlighters/box-model.js                                                          | 12 ++++++------
 devtools/server/actors/highlighters/css-grid.js                                                           | 12 ++++++------
 devtools/server/actors/highlighters/geometry-editor.js                                                    | 18 +++++++++---------
 devtools/server/actors/highlighters/shapes.js                                                             | 21 ++++++++++-----------
 devtools/server/actors/inspector/inspector.js                                                             |  6 +++---
 devtools/server/actors/inspector/utils.js                                                                 | 12 ++++++------
 devtools/server/actors/inspector/walker.js                                                                | 22 +++++++++++-----------
 devtools/server/actors/layout.js                                                                          |  6 +++---
 devtools/server/actors/object.js                                                                          |  6 +++---
 devtools/server/actors/object/property-iterator.js                                                        | 12 ++++++------
 devtools/server/actors/object/stringifiers.js                                                             |  6 +++---
 devtools/server/actors/pause-scoped.js                                                                    |  6 +++---
 devtools/server/actors/replay/control.js                                                                  | 24 ++++++++++++------------
 devtools/server/actors/replay/debugger.js                                                                 |  6 +++---
 devtools/server/actors/source.js                                                                          |  6 +++---
 devtools/server/actors/storage.js                                                                         |  4 ++--
 devtools/server/actors/styles.js                                                                          | 16 ++++++++--------
 devtools/server/actors/targets/browsing-context.js                                                        |  6 +++---
 devtools/server/actors/thread.js                                                                          | 28 ++++++++++++++--------------
 devtools/server/actors/utils/TabSources.js                                                                | 16 ++++++++--------
 devtools/server/actors/utils/event-loop.js                                                                |  6 +++---
 devtools/server/actors/webconsole.js                                                                      | 14 +++++++-------
 devtools/server/actors/webconsole/utils.js                                                                |  4 ++--
 devtools/server/performance/memory.js                                                                     |  6 +++---
 devtools/server/performance/profiler.js                                                                   |  4 ++--
 devtools/server/tests/browser/browser_markers-timestamp.js                                                |  4 ++--
 devtools/server/tests/browser/browser_memory_allocations_01.js                                            | 14 +++++++-------
 devtools/server/tests/unit/head_dbg.js                                                                    |  6 +++---
 devtools/server/tests/unit/test_blackboxing-01.js                                                         |  4 ++--
 devtools/server/tests/unit/test_blackboxing-02.js                                                         |  4 ++--
 devtools/server/tests/unit/test_blackboxing-03.js                                                         |  4 ++--
 devtools/server/tests/unit/test_blackboxing-04.js                                                         |  4 ++--
 devtools/server/tests/unit/test_blackboxing-05.js                                                         |  6 +++---
 devtools/server/tests/unit/test_blackboxing-07.js                                                         |  4 ++--
 devtools/server/tests/unit/test_breakpoint-15.js                                                          |  4 ++--
 devtools/server/tests/unit/test_listsources-01.js                                                         |  4 ++--
 devtools/server/tests/unit/test_listsources-02.js                                                         |  4 ++--
 devtools/server/tests/unit/test_longstringgrips-01.js                                                     | 20 ++++++++++----------
 devtools/server/tests/unit/test_objectgrips-17.js                                                         |  4 ++--
 devtools/server/tests/unit/test_objectgrips-20.js                                                         | 18 +++++++++---------
 devtools/server/tests/unit/test_objectgrips-21.js                                                         |  8 ++++----
 devtools/server/tests/unit/test_unsafeDereference.js                                                      | 24 ++++++++++++------------
 devtools/shared/DevToolsUtils.js                                                                          | 12 ++++++------
 devtools/shared/adb/commands/prepare-tcp-connection.js                                                    |  6 +++---
 devtools/shared/base-loader.js                                                                            |  8 ++++----
 devtools/shared/builtin-modules.js                                                                        |  6 +++---
 devtools/shared/fronts/actor-registry.js                                                                  |  8 ++++----
 devtools/shared/fronts/inspector/rule-rewriter.js                                                         |  4 ++--
 devtools/shared/fronts/styles.js                                                                          |  6 +++---
 devtools/shared/fronts/targets/target-mixin.js                                                            |  6 +++---
 devtools/shared/heapsnapshot/DominatorTreeNode.js                                                         |  8 ++++----
 devtools/shared/heapsnapshot/census-tree-node.js                                                          | 40 ++++++++++++++++++++--------------------
 devtools/shared/heapsnapshot/tests/unit/Census.jsm                                                        |  4 ++--
 devtools/shared/heapsnapshot/tests/unit/Match.jsm                                                         | 12 ++++++------
 devtools/shared/heapsnapshot/tests/unit/head_heapsnapshot.js                                              |  4 ++--
 devtools/shared/heapsnapshot/tests/unit/test_DominatorTree_05.js                                          | 12 ++++++------
 devtools/shared/heapsnapshot/tests/unit/test_HeapAnalyses_getCensusIndividuals_01.js                      |  6 +++---
 devtools/shared/heapsnapshot/tests/unit/test_HeapAnalyses_getDominatorTree_01.js                          |  4 ++--
 devtools/shared/heapsnapshot/tests/unit/test_HeapAnalyses_takeCensusDiff_02.js                            |  4 ++--
 devtools/shared/heapsnapshot/tests/unit/test_HeapAnalyses_takeCensus_03.js                                |  4 ++--
 devtools/shared/heapsnapshot/tests/unit/test_HeapSnapshot_computeShortestPaths_01.js                      |  4 ++--
 devtools/shared/heapsnapshot/tests/unit/test_getReportLeaves_01.js                                        |  4 ++--
 devtools/shared/layout/utils.js                                                                           | 12 ++++++------
 devtools/shared/performance/recording-utils.js                                                            |  4 ++--
 devtools/shared/task.js                                                                                   |  8 ++++----
 devtools/shared/tests/unit/test_assert.js                                                                 |  4 ++--
 devtools/shared/webconsole/js-property-provider.js                                                        | 12 ++++++------
 devtools/shared/worker/loader.js                                                                          |  4 ++--
 devtools/startup/AboutDebuggingRegistration.jsm                                                           |  6 +++---
 docshell/test/chrome/docshell_helpers.js                                                                  |  4 ++--
 docshell/test/navigation/browser_test-content-chromeflags.js                                              |  4 ++--
 dom/base/test/unit/test_js_dev_error_interceptor.js                                                       |  6 +++---
 dom/indexedDB/test/unit/test_clone_before_key_evaluation.js                                               |  4 ++--
 dom/media/PeerConnection.jsm                                                                              | 10 +++++-----
 dom/media/mediasource/test/mediasource.js                                                                 |  8 ++++----
 dom/presentation/provider/AndroidCastDeviceProvider.jsm                                                   | 34 +++++++++++++++++-----------------
 dom/presentation/provider/PresentationControlService.jsm                                                  |  4 ++--
 dom/security/test/unit/test_csp_reports.js                                                                |  4 ++--
 gfx/layers/apz/test/mochitest/apz_test_native_event_utils.js                                              |  6 +++---
 gfx/layers/apz/test/mochitest/apz_test_utils.js                                                           | 16 ++++++++--------
 intl/l10n/DOMLocalization.jsm                                                                             | 12 ++++++------
 intl/l10n/Fluent.jsm                                                                                      | 34 +++++++++++++++++-----------------
 intl/l10n/FluentSyntax.jsm                                                                                | 60 ++++++++++++++++++++++++++++++------------------------------
 js/src/builtin/Reflect.js                                                                                 |  6 +++---
 js/src/builtin/Sorting.js                                                                                 |  6 +++---
 js/src/builtin/intl/Collator.js                                                                           |  6 +++---
 js/src/builtin/intl/NumberFormat.js                                                                       |  6 +++---
 mobile/android/chrome/content/RemoteDebugger.js                                                           |  4 ++--
 mobile/android/chrome/content/aboutLogins.js                                                              |  8 ++++----
 mobile/android/chrome/geckoview/GeckoViewSettingsChild.js                                                 |  4 ++--
 mobile/android/components/SessionStore.js                                                                 | 10 +++++-----
 mobile/android/extensions/webcompat/aboutCompat.js                                                        |  4 ++--
 mobile/android/modules/Home.jsm                                                                           |  8 ++++----
 mobile/android/modules/geckoview/GeckoViewAutoFill.jsm                                                    |  4 ++--
 mobile/android/modules/geckoview/LoadURIDelegate.jsm                                                      |  6 +++---
 mobile/android/tests/browser/robocop/robocop_head.js                                                      |  8 ++++----
 modules/libpref/test/unit/test_warnings.js                                                                |  4 ++--
 netwerk/dns/mdns/libmdns/DNSServiceDiscovery.jsm                                                          |  6 +++---
 netwerk/dns/mdns/libmdns/fallback/MulticastDNS.jsm                                                        |  8 ++++----
 netwerk/protocol/http/UserAgentOverrides.jsm                                                              |  4 ++--
 netwerk/test/httpserver/httpd.js                                                                          | 18 +++++++++---------
 netwerk/test/httpserver/test/test_async_response_sending.js                                               | 18 +++++++++---------
 security/manager/pki/resources/content/certViewer.js                                                      |  4 ++--
 security/manager/pki/resources/content/changepassword.js                                                  |  6 +++---
 security/manager/pki/resources/content/pippki.js                                                          |  6 +++---
 security/manager/ssl/tests/mochitest/mixedcontent/mixedContentTest.js                                     |  4 ++--
 security/manager/ssl/tests/unit/head_psm.js                                                               |  6 +++---
 security/manager/ssl/tests/unit/test_cert_override_bits_mismatches.js                                     |  4 ++--
 security/manager/ssl/tests/unit/test_cert_trust.js                                                        | 32 ++++++++++++++++----------------
 security/manager/ssl/tests/unit/test_ev_certs.js                                                          | 24 ++++++++++++------------
 security/manager/ssl/tests/unit/test_intermediate_basic_usage_constraints.js                              |  4 ++--
 security/manager/ssl/tests/unit/test_keysize_ev.js                                                        | 16 ++++++++--------
 security/manager/ssl/tests/unit/test_ocsp_enabled_pref.js                                                 | 10 +++++-----
 security/manager/ssl/tests/unit/test_ocsp_timeout.js                                                      |  6 +++---
 security/manager/ssl/tests/unit/test_session_resumption.js                                                |  4 ++--
 security/manager/ssl/tests/unit/test_sts_parser.js                                                        |  4 ++--
 security/manager/ssl/tests/unit/test_validity.js                                                          | 16 ++++++++--------
 services/common/hawkclient.js                                                                             |  4 ++--
 services/common/kinto-storage-adapter.js                                                                  |  6 +++---
 services/common/logmanager.js                                                                             |  4 ++--
 services/common/utils.js                                                                                  | 16 ++++++++--------
 services/crypto/modules/WeaveCrypto.js                                                                    |  6 +++---
 services/crypto/modules/jwcrypto.jsm                                                                      |  4 ++--
 services/crypto/modules/utils.js                                                                          | 14 +++++++-------
 services/fxaccounts/Credentials.jsm                                                                       |  4 ++--
 services/settings/remote-settings.js                                                                      |  4 ++--
 services/settings/test/unit/test_remote_settings.js                                                       |  4 ++--
 services/settings/test/unit/test_remote_settings_poll.js                                                  |  4 ++--
 services/sync/modules/doctor.js                                                                           |  4 ++--
 services/sync/modules/engines.js                                                                          |  6 +++---
 services/sync/modules/engines/clients.js                                                                  |  4 ++--
 services/sync/modules/engines/history.js                                                                  | 12 ++++++------
 services/sync/modules/service.js                                                                          |  4 ++--
 services/sync/modules/stages/enginesync.js                                                                |  4 ++--
 services/sync/modules/util.js                                                                             | 10 +++++-----
 services/sync/tests/unit/head_http_server.js                                                              | 12 ++++++------
 services/sync/tests/unit/test_history_store.js                                                            | 14 +++++++-------
 services/sync/tests/unit/test_syncscheduler.js                                                            | 16 ++++++++--------
 services/sync/tests/unit/test_utils_json.js                                                               |  4 ++--
 services/sync/tps/extensions/tps/resource/tps.jsm                                                         |  4 ++--
 taskcluster/docker/periodic-updates/scripts/getHSTSPreloadList.js                                         | 12 ++++++------
 testing/mochitest/BrowserTestUtils/BrowserTestUtils.jsm                                                   | 14 +++++++-------
 testing/mochitest/browser-test.js                                                                         |  6 +++---
 testing/mochitest/server.js                                                                               | 24 ++++++++++++------------
 testing/modules/AppInfo.jsm                                                                               |  4 ++--
 testing/raptor/webext/raptor/runner.js                                                                    |  4 ++--
 testing/specialpowers/content/SpecialPowersObserverAPI.js                                                 |  4 ++--
 testing/specialpowers/content/specialpowersAPI.js                                                         |  8 ++++----
 testing/talos/talos/pageloader/chrome/report.js                                                           | 20 ++++++++++----------
 testing/talos/talos/pageloader/chrome/tscroll.js                                                          | 28 ++++++++++++++--------------
 testing/talos/talos/startup_test/sessionrestore/addon/api.js                                              |  6 +++---
 testing/talos/talos/talos-powers/chrome/talos-powers-content.js                                           |  4 ++--
 testing/talos/talos/tests/devtools/addon/content/tests/debugger/debugger-helpers.js                       |  6 +++---
 testing/xpcshell/head.js                                                                                  | 30 +++++++++++++++---------------
 toolkit/actors/DateTimePickerChild.jsm                                                                    |  4 ++--
 toolkit/actors/SelectChild.jsm                                                                            | 10 +++++-----
 toolkit/actors/SelectionSourceChild.jsm                                                                   |  4 ++--
 toolkit/components/aboutmemory/content/aboutMemory.js                                                     | 34 +++++++++++++++++-----------------
 toolkit/components/antitracking/test/browser/browser_partitionedLocalStorage.js                           |  4 ++--
 toolkit/components/asyncshutdown/AsyncShutdown.jsm                                                        |  8 ++++----
 toolkit/components/captivedetect/CaptiveDetect.jsm                                                        | 22 +++++++++++-----------
 toolkit/components/ctypes/tests/unit/test_finalizer.js                                                    |  8 ++++----
 toolkit/components/ctypes/tests/unit/test_finalizer_shouldaccept.js                                       | 10 +++++-----
 toolkit/components/ctypes/tests/unit/test_jsctypes.js                                                     |  4 ++--
 toolkit/components/downloads/DownloadCore.jsm                                                             | 10 +++++-----
 toolkit/components/downloads/DownloadIntegration.jsm                                                      |  4 ++--
 toolkit/components/downloads/DownloadList.jsm                                                             |  4 ++--
 toolkit/components/downloads/DownloadUIHelper.jsm                                                         | 28 ++++++++++++++--------------
 toolkit/components/downloads/test/unit/common_test_Download.js                                            |  4 ++--
 toolkit/components/downloads/test/unit/head.js                                                            | 12 ++++++------
 toolkit/components/extensions/ExtensionChild.jsm                                                          |  4 ++--
 toolkit/components/extensions/ExtensionCommon.jsm                                                         |  4 ++--
 toolkit/components/extensions/ExtensionPreferencesManager.jsm                                             |  4 ++--
 toolkit/components/extensions/Schemas.jsm                                                                 | 10 +++++-----
 toolkit/components/extensions/parent/ext-downloads.js                                                     |  6 +++---
 toolkit/components/extensions/parent/ext-tabs-base.js                                                     |  4 ++--
 toolkit/components/filewatcher/tests/xpcshell/test_remove_non_watched.js                                  |  6 +++---
 toolkit/components/normandy/content/AboutPages.jsm                                                        |  6 +++---
 toolkit/components/normandy/content/about-studies/about-studies.js                                        | 12 ++++++------
 toolkit/components/normandy/lib/PreferenceExperiments.jsm                                                 |  4 ++--
 toolkit/components/osfile/modules/osfile_async_front.jsm                                                  |  6 +++---
 toolkit/components/osfile/modules/osfile_async_worker.js                                                  |  4 ++--
 toolkit/components/osfile/modules/osfile_shared_allthreads.jsm                                            | 30 +++++++++++++++---------------
 toolkit/components/osfile/modules/osfile_win_allthreads.jsm                                               |  4 ++--
 toolkit/components/osfile/modules/osfile_win_front.jsm                                                    |  4 ++--
 toolkit/components/osfile/tests/mochi/worker_test_osfile_comms.js                                         |  8 ++++----
 toolkit/components/osfile/tests/mochi/worker_test_osfile_unix.js                                          | 42 +++++++++++++++++++++---------------------
 toolkit/components/osfile/tests/mochi/worker_test_osfile_win.js                                           |  4 ++--
 toolkit/components/passwordmgr/LoginManager.jsm                                                           |  4 ++--
 toolkit/components/passwordmgr/LoginManagerPrompter.jsm                                                   | 20 ++++++++++----------
 toolkit/components/passwordmgr/test/browser/browser_autofill_track_filled_logins.js                       |  4 ++--
 toolkit/components/passwordmgr/test/browser/browser_notifications.js                                      |  4 ++--
 toolkit/components/passwordmgr/test/browser/browser_notifications_password.js                             | 10 +++++-----
 toolkit/components/passwordmgr/test/browser/browser_notifications_username.js                             | 10 +++++-----
 toolkit/components/places/BookmarkHTMLUtils.jsm                                                           |  4 ++--
 toolkit/components/places/History.jsm                                                                     |  4 ++--
 toolkit/components/places/PlacesExpiration.jsm                                                            |  8 ++++----
 toolkit/components/places/PlacesTransactions.jsm                                                          |  4 ++--
 toolkit/components/places/PlacesUtils.jsm                                                                 | 18 +++++++++---------
 toolkit/components/places/UnifiedComplete.jsm                                                             | 24 ++++++++++++------------
 toolkit/components/places/tests/PlacesTestUtils.jsm                                                       |  4 ++--
 toolkit/components/places/tests/favicons/test_copyFavicons.js                                             |  4 ++--
 toolkit/components/places/tests/head_common.js                                                            | 16 ++++++++--------
 toolkit/components/places/tests/unifiedcomplete/test_adaptive_behaviors.js                                |  4 ++--
 toolkit/components/places/tests/unifiedcomplete/test_avoid_stripping_to_empty_tokens.js                   |  8 ++++----
 toolkit/components/printing/content/printUtils.js                                                         |  4 ++--
 toolkit/components/resistfingerprinting/RFPHelper.jsm                                                     |  4 ++--
 toolkit/components/satchel/FormHistory.jsm                                                                |  4 ++--
 toolkit/components/search/SearchService.jsm                                                               |  8 ++++----
 toolkit/components/telemetry/app/TelemetrySend.jsm                                                        | 16 ++++++++--------
 toolkit/components/telemetry/app/TelemetryStorage.jsm                                                     | 14 +++++++-------
 toolkit/components/telemetry/app/TelemetryUtils.jsm                                                       | 22 +++++++++++-----------
 toolkit/components/telemetry/hybrid-content/content-HybridContentTelemetry.js                             |  4 ++--
 toolkit/components/telemetry/pings/EventPing.jsm                                                          |  4 ++--
 toolkit/components/telemetry/pings/TelemetrySession.jsm                                                   |  6 +++---
 toolkit/components/telemetry/tests/browser/browser_DynamicScalars.js                                      | 10 +++++-----
 toolkit/components/telemetry/tests/browser/browser_HybridContentTelemetry.js                              |  4 ++--
 toolkit/components/telemetry/tests/unit/head_GeckoView.js                                                 | 20 ++++++++++----------
 toolkit/components/telemetry/tests/unit/test_TelemetryScalars_multistore.js                               |  6 +++---
 toolkit/components/telemetry/tests/utils/TelemetryTestUtils.jsm                                           |  6 +++---
 toolkit/components/url-classifier/UrlClassifierHashCompleter.jsm                                          |  6 +++---
 toolkit/components/url-classifier/UrlClassifierListManager.jsm                                            |  8 ++++----
 toolkit/components/urlformatter/URLFormatter.jsm                                                          |  8 ++++----
 toolkit/components/utils/Sampling.jsm                                                                     |  4 ++--
 toolkit/components/viewsource/content/viewSource-content.js                                               |  4 ++--
 toolkit/content/aboutNetworking.js                                                                        |  4 ++--
 toolkit/content/aboutSupport.js                                                                           |  6 +++---
 toolkit/content/aboutTelemetry.js                                                                         | 22 +++++++++++-----------
 toolkit/content/aboutUrlClassifier.js                                                                     |  6 +++---
 toolkit/content/contentAreaUtils.js                                                                       |  6 +++---
 toolkit/content/preferencesBindings.js                                                                    |  4 ++--
 toolkit/content/viewZoomOverlay.js                                                                        |  4 ++--
 toolkit/content/widgets/datetimebox.js                                                                    | 20 ++++++++++----------
 toolkit/content/widgets/richlistbox.js                                                                    |  4 ++--
 toolkit/content/widgets/timepicker.js                                                                     |  4 ++--
 toolkit/content/widgets/videocontrols.js                                                                  |  6 +++---
 toolkit/crashreporter/test/browser/browser_clearReports.js                                                |  4 ++--
 toolkit/crashreporter/test/unit/head_win64cfi.js                                                          |  4 ++--
 toolkit/modules/AutoScrollController.jsm                                                                  |  4 ++--
 toolkit/modules/E10SUtils.jsm                                                                             | 22 +++++++++++-----------
 toolkit/modules/FinderHighlighter.jsm                                                                     |  4 ++--
 toolkit/modules/LightweightThemeConsumer.jsm                                                              |  4 ++--
 toolkit/modules/PrivateBrowsingUtils.jsm                                                                  |  4 ++--
 toolkit/modules/RemoteWebProgress.jsm                                                                     | 12 ++++++------
 toolkit/modules/SelectParentHelper.jsm                                                                    |  4 ++--
 toolkit/modules/WebProgressChild.jsm                                                                      |  6 +++---
 toolkit/modules/addons/WebRequestUpload.jsm                                                               |  4 ++--
 toolkit/modules/css-selector.js                                                                           | 10 +++++-----
 toolkit/modules/subprocess/subprocess_worker_win.js                                                       |  6 +++---
 toolkit/modules/tests/modules/Task.jsm                                                                    |  8 ++++----
 toolkit/modules/tests/xpcshell/test_Promise.js                                                            |  8 ++++----
 toolkit/modules/tests/xpcshell/test_sqlite.js                                                             |  4 ++--
 toolkit/mozapps/downloads/DownloadUtils.jsm                                                               |  8 ++++----
 toolkit/mozapps/extensions/AddonManager.jsm                                                               |  8 ++++----
 toolkit/mozapps/extensions/content/extensions.js                                                          |  4 ++--
 toolkit/mozapps/extensions/internal/AddonRepository.jsm                                                   | 10 +++++-----
 toolkit/mozapps/extensions/internal/LightweightThemePersister.jsm                                         |  4 ++--
 toolkit/mozapps/extensions/internal/XPIDatabase.jsm                                                       |  8 ++++----
 toolkit/mozapps/extensions/internal/XPIInstall.jsm                                                        | 18 +++++++++---------
 toolkit/mozapps/extensions/internal/XPIProvider.jsm                                                       |  4 ++--
 toolkit/mozapps/extensions/test/browser/head.js                                                           |  4 ++--
 toolkit/mozapps/extensions/test/xpcshell/head_system_addons.js                                            |  4 ++--
 toolkit/mozapps/extensions/test/xpcshell/test_AddonRepository.js                                          |  4 ++--
 toolkit/mozapps/extensions/test/xpcshell/test_blocklistchange.js                                          |  6 +++---
 toolkit/mozapps/extensions/test/xpcshell/test_pluginInfoURL.js                                            |  4 ++--
 toolkit/mozapps/extensions/test/xpinstall/browser_doorhanger_installs.js                                  |  4 ++--
 toolkit/mozapps/update/UpdateService.jsm                                                                  |  8 ++++----
 toolkit/mozapps/update/UpdateServiceStub.jsm                                                              |  4 ++--
 toolkit/mozapps/update/tests/chrome/utils.js                                                              | 12 ++++++------
 toolkit/mozapps/update/tests/data/shared.js                                                               |  8 ++++----
 toolkit/mozapps/update/tests/data/xpcshellUtilsAUS.js                                                     |  4 ++--
 toolkit/mozapps/update/tests/unit_base_updater/invalidArgInstallDirPathTooLongFailure.js                  | 10 +++++-----
 toolkit/mozapps/update/tests/unit_base_updater/invalidArgInstallDirPathTraversalFailure.js                | 10 +++++-----
 toolkit/mozapps/update/tests/unit_base_updater/invalidArgInstallWorkingDirPathNotSameFailure_win.js       | 10 +++++-----
 toolkit/mozapps/update/tests/unit_base_updater/invalidArgStageDirNotInInstallDirFailure_win.js            | 10 +++++-----
 toolkit/mozapps/update/tests/unit_base_updater/invalidArgWorkingDirPathLocalUNCFailure_win.js             | 10 +++++-----
 toolkit/mozapps/update/tests/unit_base_updater/invalidArgWorkingDirPathRelativeFailure.js                 | 10 +++++-----
 toolkit/mozapps/update/tests/unit_service_updater/invalidArgInstallDirPathTooLongFailureSvc.js            | 10 +++++-----
 toolkit/mozapps/update/tests/unit_service_updater/invalidArgInstallDirPathTraversalFailureSvc.js          | 10 +++++-----
 toolkit/mozapps/update/tests/unit_service_updater/invalidArgInstallWorkingDirPathNotSameFailureSvc_win.js | 10 +++++-----
 toolkit/mozapps/update/tests/unit_service_updater/invalidArgStageDirNotInInstallDirFailureSvc_win.js      | 10 +++++-----
 toolkit/mozapps/update/tests/unit_service_updater/invalidArgWorkingDirPathLocalUNCFailureSvc_win.js       | 10 +++++-----
 toolkit/mozapps/update/tests/unit_service_updater/invalidArgWorkingDirPathRelativeFailureSvc.js           | 10 +++++-----
 uriloader/exthandler/HandlerService.js                                                                    |  4 ++--
 uriloader/exthandler/tests/HandlerServiceTestUtils.jsm                                                    | 16 ++++++++--------
 566 files changed, 2650 insertions(+), 2683 deletions(-)
