 accessible/tests/browser/browser_shutdown_parent_own_reference.js                                                   |   2 +-
 accessible/tests/browser/browser_shutdown_remote_only.js                                                            |   2 +-
 accessible/tests/browser/browser_shutdown_remote_own_reference.js                                                   |   4 ++--
 accessible/tests/browser/e10s/browser_events_announcement.js                                                        |   2 +-
 accessible/tests/browser/e10s/browser_events_caretmove.js                                                           |   2 +-
 accessible/tests/browser/e10s/browser_events_show.js                                                                |   2 +-
 accessible/tests/browser/e10s/browser_treeupdate_hidden.js                                                          |   2 +-
 accessible/tests/browser/e10s/browser_treeupdate_list_editabledoc.js                                                |   2 +-
 accessible/tests/browser/e10s/browser_treeupdate_listener.js                                                        |   2 +-
 accessible/tests/browser/e10s/browser_treeupdate_optgroup.js                                                        |   2 +-
 accessible/tests/browser/events/browser_test_focus_browserui.js                                                     |   4 ++--
 accessible/tests/browser/events/browser_test_focus_urlbar.js                                                        |   2 +-
 accessible/tests/browser/tree/browser_aria_owns.js                                                                  |   8 ++++----
 browser/base/content/browser.js                                                                                     |   4 ++--
 browser/base/content/test/forms/browser_selectpopup.js                                                              |   2 +-
 browser/base/content/test/forms/browser_selectpopup_colors.js                                                       | 104 ++++++++++++++++++++++++++++++++++++++++++++++++++++----------------------------------------------------
 browser/base/content/test/forms/browser_selectpopup_searchfocus.js                                                  |   2 +-
 browser/base/content/test/general/browser_bug1261299.js                                                             |   6 +++---
 browser/base/content/test/general/browser_bug1297539.js                                                             |   4 ++--
 browser/base/content/test/general/browser_bug423833.js                                                              |   2 +-
 browser/base/content/test/general/browser_bug427559.js                                                              |   2 +-
 browser/base/content/test/general/browser_bug441778.js                                                              |   2 +-
 browser/base/content/test/general/browser_clipboard.js                                                              |   6 +++---
 browser/base/content/test/general/browser_contentAltClick.js                                                        |   8 ++++----
 browser/base/content/test/general/browser_contentAreaClick.js                                                       |  12 ++++++------
 browser/base/content/test/general/browser_newwindow_focus.js                                                        |   2 +-
 browser/base/content/test/general/browser_tab_close_dependent_window.js                                             |   2 +-
 browser/base/content/test/plugins/browser_CTP_crashreporting.js                                                     |   2 +-
 browser/base/content/test/plugins/browser_enable_DRM_prompt.js                                                      |   2 +-
 browser/base/content/test/plugins/browser_private_browsing_eme_persistent_state.js                                  |   2 +-
 browser/base/content/test/popupNotifications/browser_displayURI.js                                                  |   4 ++--
 browser/base/content/test/siteIdentity/browser_bug906190.js                                                         |   2 +-
 browser/base/content/test/static/browser_all_files_referenced.js                                                    |   2 +-
 browser/base/content/test/statuspanel/browser_show_statuspanel_idn.js                                               |   2 +-
 browser/base/content/test/tabs/browser_audioTabIcon.js                                                              |   2 +-
 browser/base/content/test/tabs/browser_multiselect_tabs_move_to_new_window_contextmenu.js                           |  10 +++++-----
 browser/base/content/test/tabs/browser_new_tab_insert_position.js                                                   |   2 +-
 browser/base/content/test/tabs/browser_tabSpinnerProbe.js                                                           |   2 +-
 browser/base/content/test/webextensions/browser_permissions_dismiss.js                                              |   2 +-
 browser/base/content/test/webextensions/browser_permissions_optional.js                                             |   2 +-
 browser/base/content/test/webextensions/browser_permissions_pointerevent.js                                         |   2 +-
 browser/components/contextualidentity/test/browser/browser_eme.js                                                   |   2 +-
 browser/components/contextualidentity/test/browser/browser_forgetAPI_EME_forgetThisSite.js                          |   2 +-
 browser/components/contextualidentity/test/browser/browser_newtabButton.js                                          |   2 +-
 browser/components/customizableui/PanelMultiView.jsm                                                                |   2 +-
 browser/components/enterprisepolicies/Policies.jsm                                                                  |   4 ++--
 browser/components/extensions/child/ext-menus.js                                                                    |   4 ++--
 browser/components/extensions/parent/ext-chrome-settings-overrides.js                                               |   2 +-
 browser/components/extensions/parent/ext-tabs.js                                                                    |  10 +++++-----
 browser/components/extensions/parent/ext-windows.js                                                                 |   4 ++--
 browser/components/extensions/test/browser/browser_ext_browserAction_area.js                                        |   2 +-
 browser/components/extensions/test/browser/browser_ext_browserAction_contextMenu.js                                 |   8 ++++----
 browser/components/extensions/test/browser/browser_ext_browserAction_pageAction_icon.js                             |   8 ++++----
 browser/components/extensions/test/browser/browser_ext_browserAction_pageAction_icon_permissions.js                 |   2 +-
 browser/components/extensions/test/browser/browser_ext_browserAction_popup.js                                       |  28 ++++++++++++++--------------
 browser/components/extensions/test/browser/browser_ext_browserAction_popup_preload.js                               |   4 ++--
 browser/components/extensions/test/browser/browser_ext_browserAction_popup_resize.js                                |   2 +-
 browser/components/extensions/test/browser/browser_ext_browserAction_telemetry.js                                   |   4 ++--
 browser/components/extensions/test/browser/browser_ext_commands_execute_page_action.js                              |   2 +-
 browser/components/extensions/test/browser/browser_ext_commands_update.js                                           |   2 +-
 browser/components/extensions/test/browser/browser_ext_contentscript_nontab_connect.js                              |   4 ++--
 browser/components/extensions/test/browser/browser_ext_contextMenus.js                                              |   2 +-
 browser/components/extensions/test/browser/browser_ext_contextMenus_commands.js                                     |   4 ++--
 browser/components/extensions/test/browser/browser_ext_contextMenus_onclick.js                                      |   2 +-
 browser/components/extensions/test/browser/browser_ext_contextMenus_targetUrlPatterns.js                            |   2 +-
 browser/components/extensions/test/browser/browser_ext_devtools_inspectedWindow.js                                  |  16 ++++++++--------
 browser/components/extensions/test/browser/browser_ext_devtools_inspectedWindow_eval_bindings.js                    |  16 ++++++++--------
 browser/components/extensions/test/browser/browser_ext_devtools_inspectedWindow_reload.js                           |   6 +++---
 browser/components/extensions/test/browser/browser_ext_devtools_page.js                                             |   4 ++--
 browser/components/extensions/test/browser/browser_ext_incognito_popup.js                                           |   2 +-
 browser/components/extensions/test/browser/browser_ext_incognito_views.js                                           |   2 +-
 browser/components/extensions/test/browser/browser_ext_menus_events.js                                              |   2 +-
 browser/components/extensions/test/browser/browser_ext_menus_replace_menu.js                                        |   2 +-
 browser/components/extensions/test/browser/browser_ext_menus_replace_menu_context.js                                |   4 ++--
 browser/components/extensions/test/browser/browser_ext_menus_replace_menu_permissions.js                            |   2 +-
 browser/components/extensions/test/browser/browser_ext_menus_targetElement.js                                       |   2 +-
 browser/components/extensions/test/browser/browser_ext_menus_targetElement_extension.js                             |   6 +++---
 browser/components/extensions/test/browser/browser_ext_menus_targetElement_shadow.js                                |  12 ++++++------
 browser/components/extensions/test/browser/browser_ext_menus_viewType.js                                            |   4 ++--
 browser/components/extensions/test/browser/browser_ext_menus_visible.js                                             |   2 +-
 browser/components/extensions/test/browser/browser_ext_pageAction_popup.js                                          |   2 +-
 browser/components/extensions/test/browser/browser_ext_pageAction_popup_resize.js                                   |   2 +-
 browser/components/extensions/test/browser/browser_ext_pageAction_telemetry.js                                      |   2 +-
 browser/components/extensions/test/browser/browser_ext_popup_api_injection.js                                       |   6 +++---
 browser/components/extensions/test/browser/browser_ext_port_disconnect_on_window_close.js                           |   2 +-
 browser/components/extensions/test/browser/browser_ext_runtime_openOptionsPage.js                                   |   6 +++---
 browser/components/extensions/test/browser/browser_ext_sessions_restoreTab.js                                       |   2 +-
 browser/components/extensions/test/browser/browser_ext_tabs_attention.js                                            |   2 +-
 browser/components/extensions/test/browser/browser_ext_tabs_captureTab.js                                           |   2 +-
 browser/components/extensions/test/browser/browser_ext_tabs_captureVisibleTab.js                                    |   2 +-
 browser/components/extensions/test/browser/browser_ext_tabs_create.js                                               |   8 ++++----
 browser/components/extensions/test/browser/browser_ext_tabs_executeScript.js                                        |   2 +-
 browser/components/extensions/test/browser/browser_ext_tabs_getCurrent.js                                           |   4 ++--
 browser/components/extensions/test/browser/browser_ext_tabs_insertCSS.js                                            |   2 +-
 browser/components/extensions/test/browser/browser_ext_tabs_onUpdated_filter.js                                     |   2 +-
 browser/components/extensions/test/browser/browser_ext_tabs_query.js                                                |   4 ++--
 browser/components/extensions/test/browser/browser_ext_tabs_update_url.js                                           |   2 +-
 browser/components/extensions/test/browser/browser_ext_tabs_zoom.js                                                 |  40 ++++++++++++++++++++--------------------
 browser/components/extensions/test/browser/browser_ext_url_overrides_newtab.js                                      |   8 ++++----
 browser/components/extensions/test/browser/browser_ext_webNavigation_getFrames.js                                   |   2 +-
 browser/components/extensions/test/browser/browser_ext_webNavigation_urlbar_transitions.js                          |   2 +-
 browser/components/extensions/test/browser/browser_ext_windows_create_url.js                                        |   2 +-
 browser/components/extensions/test/browser/browser_ext_windows_size.js                                              |   4 ++--
 browser/components/extensions/test/browser/head.js                                                                  |   2 +-
 browser/components/extensions/test/xpcshell/test_ext_bookmarks.js                                                   |   6 +++---
 browser/components/migration/tests/unit/test_Chrome_history.js                                                      |   6 +++---
 browser/components/originattributes/test/browser/browser_firstPartyIsolation_blobURI.js                             |   2 +-
 browser/components/originattributes/test/browser/browser_firstPartyIsolation_js_uri.js                              |   2 +-
 browser/components/originattributes/test/browser/browser_firstPartyIsolation_saveAs.js                              |   4 ++--
 browser/components/payments/res/containers/address-picker.js                                                        |   2 +-
 browser/components/payments/res/containers/basic-card-form.js                                                       |   2 +-
 browser/components/payments/res/containers/payment-method-picker.js                                                 |   2 +-
 browser/components/payments/res/containers/shipping-option-picker.js                                                |   2 +-
 browser/components/payments/res/paymentRequest.js                                                                   |   2 +-
 browser/components/payments/test/browser/browser_card_edit.js                                                       |   2 +-
 browser/components/payments/test/browser/head.js                                                                    |   2 +-
 browser/components/places/tests/browser/browser_bookmarkProperties_addKeywordForThisSearch.js                       |   6 +++---
 browser/components/places/tests/browser/browser_bookmark_backup_export_import.js                                    |   2 +-
 browser/components/places/tests/browser/browser_bookmark_folder_moveability.js                                      |   2 +-
 browser/components/places/tests/browser/browser_click_bookmarks_on_toolbar.js                                       |   4 ++--
 browser/components/pocket/content/panels/js/saved.js                                                                |   6 +++---
 browser/components/pocket/content/panels/js/signup.js                                                               |   2 +-
 browser/components/pocket/content/pktApi.jsm                                                                        |   2 +-
 browser/components/preferences/in-content/privacy.js                                                                |   2 +-
 browser/components/preferences/in-content/subdialogs.js                                                             |   2 +-
 browser/components/preferences/in-content/tests/browser_change_app_handler.js                                       |   2 +-
 browser/components/preferences/in-content/tests/browser_fluent.js                                                   |   2 +-
 browser/components/preferences/in-content/tests/browser_newtab_menu.js                                              |   4 ++--
 browser/components/preferences/in-content/tests/browser_sync_pairing.js                                             |   2 +-
 browser/components/preferences/in-content/tests/siteData/browser_siteData.js                                        |   6 +++---
 browser/components/resistfingerprinting/test/browser/browser_performanceAPI.js                                      |   6 +++---
 browser/components/resistfingerprinting/test/browser/browser_spoofing_keyboard_event.js                             |   4 ++--
 browser/components/resistfingerprinting/test/browser/file_workerPerformance.js                                      |   4 ++--
 browser/components/search/SearchTelemetry.jsm                                                                       |   2 +-
 browser/components/search/content/search-one-offs.js                                                                |   2 +-
 browser/components/sessionstore/SessionStore.jsm                                                                    |  18 +++++++++---------
 browser/components/sessionstore/test/browser_579868.js                                                              |   2 +-
 browser/components/sessionstore/test/browser_911547.js                                                              |   2 +-
 browser/components/sessionstore/test/browser_async_remove_tab.js                                                    |   6 +++---
 browser/components/translation/BingTranslator.jsm                                                                   |   6 +++---
 browser/components/urlbar/UrlbarProvidersManager.jsm                                                                |   4 ++--
 browser/components/urlbar/UrlbarUtils.jsm                                                                           |   6 +++---
 browser/components/urlbar/tests/browser/browser_UrlbarInput_overflow.js                                             |   8 ++++----
 browser/components/urlbar/tests/browser/browser_autoFill_trimURLs.js                                                |   4 ++--
 browser/components/urlbar/tests/browser/browser_dragdropURL.js                                                      |   2 +-
 browser/components/urlbar/tests/browser/browser_tabMatchesInAwesomebar.js                                           |   4 ++--
 browser/components/urlbar/tests/browser/browser_urlbarDecode.js                                                     |  12 ++++++------
 browser/components/urlbar/tests/browser/browser_urlbarOneOffs_searchSuggestions.js                                  |  10 +++++-----
 browser/components/urlbar/tests/browser/browser_urlbarValueOnTabSwitch.js                                           |   4 ++--
 browser/components/urlbar/tests/browser/browser_urlbar_empty_search.js                                              |   4 ++--
 browser/components/urlbar/tests/browser/browser_urlbar_speculative_connect.js                                       |   8 ++++----
 browser/components/urlbar/tests/unit/test_providersManager.js                                                       |   2 +-
 browser/extensions/formautofill/test/browser/browser_autocomplete_footer.js                                         |   8 ++++----
 browser/extensions/formautofill/test/mochitest/formautofill_common.js                                               |   4 ++--
 browser/extensions/formautofill/test/unit/test_getInfo.js                                                           |  12 ++++++------
 browser/extensions/formautofill/test/unit/test_isFieldEligibleForAutofill.js                                        |  24 ++++++++++++------------
 browser/modules/ContentCrashHandlers.jsm                                                                            |   2 +-
 browser/modules/LiveBookmarkMigrator.jsm                                                                            |   2 +-
 browser/modules/test/browser/formValidation/browser_validation_invisible.js                                         |   4 ++--
 browser/tools/mozscreenshots/mozscreenshots/extension/TestRunner.jsm                                                |   4 ++--
 browser/tools/mozscreenshots/mozscreenshots/extension/configurations/Tabs.jsm                                       |   2 +-
 devtools/client/aboutdebugging-new/src/components/debugtarget/WorkerDetail.js                                       |   2 +-
 devtools/client/aboutdebugging-new/test/browser/browser_aboutdebugging_addons_debug_nobg.js                         |   2 +-
 devtools/client/aboutdebugging-new/test/browser/browser_aboutdebugging_addons_debug_popup.js                        |   6 +++---
 devtools/client/aboutdebugging-new/test/browser/browser_aboutdebugging_devtoolstoolbox_contextmenu.js               |   4 ++--
 devtools/client/aboutdebugging-new/test/browser/browser_aboutdebugging_runtime_usbclient_closed.js                  |   6 +++---
 devtools/client/aboutdebugging-new/test/browser/browser_aboutdebugging_select_page_with_serviceworker.js            |   2 +-
 devtools/client/aboutdebugging-new/test/browser/browser_aboutdebugging_serviceworker_not_compatible.js              |   4 ++--
 devtools/client/aboutdebugging/test/browser_addons_debug_webextension_nobg.js                                       |   2 +-
 devtools/client/aboutdebugging/test/browser_addons_debug_webextension_popup.js                                      |   6 +++---
 devtools/client/accessibility/test/browser/browser_accessibility_mutations.js                                       |  20 ++++++++++----------
 devtools/client/accessibility/test/browser/browser_accessibility_relation_navigation.js                             |   8 ++++----
 devtools/client/accessibility/test/browser/browser_accessibility_reload.js                                          |  10 +++++-----
 devtools/client/accessibility/test/browser/browser_accessibility_tree.js                                            |  10 +++++-----
 devtools/client/accessibility/test/browser/browser_accessibility_tree_nagivation.js                                 |  26 +++++++++++++-------------
 devtools/client/dom/test/head.js                                                                                    |   4 ++--
 devtools/client/framework/test/browser_toolbox_options_disable_js.js                                                |   8 ++++----
 devtools/client/inspector/animation/animation.js                                                                    |   2 +-
 devtools/client/inspector/animation/test/head.js                                                                    |   2 +-
 devtools/client/inspector/boxmodel/test/browser_boxmodel_properties.js                                              |   2 +-
 devtools/client/inspector/changes/components/ChangesApp.js                                                          |   2 +-
 devtools/client/inspector/computed/computed.js                                                                      |   2 +-
 devtools/client/inspector/computed/test/browser_computed_select-and-copy-styles-02.js                               |   2 +-
 devtools/client/inspector/extensions/extension-sidebar.js                                                           |   2 +-
 devtools/client/inspector/extensions/test/browser_inspector_extension_sidebar.js                                    |   2 +-
 devtools/client/inspector/extensions/test/head_devtools_inspector_sidebar.js                                        |   2 +-
 devtools/client/inspector/fonts/test/browser_fontinspector.js                                                       |   2 +-
 devtools/client/inspector/fonts/test/browser_fontinspector_all-fonts.js                                             |   6 +++---
 devtools/client/inspector/fonts/test/browser_fontinspector_editor-font-size-conversion.js                           |  12 ++++++------
 devtools/client/inspector/fonts/test/browser_fontinspector_input-element-used-font.js                               |   4 ++--
 devtools/client/inspector/fonts/test/head.js                                                                        |   4 ++--
 devtools/client/inspector/markup/test/browser_markup_accessibility_navigation_after_edit.js                         |   2 +-
 devtools/client/inspector/markup/test/browser_markup_events_chrome_not_blocked.js                                   |   2 +-
 devtools/client/inspector/markup/test/browser_markup_events_object_listener.js                                      |  12 ++++++------
 devtools/client/inspector/markup/test/browser_markup_events_react_development_15.4.1.js                             |   6 +++---
 devtools/client/inspector/markup/test/browser_markup_events_react_development_15.4.1_jsx.js                         |   6 +++---
 devtools/client/inspector/markup/test/browser_markup_events_react_production_15.3.1.js                              |   6 +++---
 devtools/client/inspector/markup/test/browser_markup_events_react_production_15.3.1_jsx.js                          |   6 +++---
 devtools/client/inspector/markup/test/browser_markup_events_react_production_16.2.0.js                              |   6 +++---
 devtools/client/inspector/markup/test/browser_markup_events_react_production_16.2.0_jsx.js                          |   6 +++---
 devtools/client/inspector/markup/test/browser_markup_html_edit_01.js                                                |  20 ++++++++++----------
 devtools/client/inspector/markup/test/browser_markup_html_edit_03.js                                                |   6 +++---
 devtools/client/inspector/markup/test/browser_markup_keybindings_delete_attributes.js                               |   2 +-
 devtools/client/inspector/markup/test/browser_markup_shadowdom_copy_paths.js                                        |   2 +-
 devtools/client/inspector/markup/test/browser_markup_shadowdom_dynamic.js                                           |   2 +-
 devtools/client/inspector/markup/test/browser_markup_shadowdom_hover.js                                             |   2 +-
 devtools/client/inspector/markup/test/browser_markup_shadowdom_nested_pick_inspect.js                               |   2 +-
 devtools/client/inspector/markup/test/browser_markup_shadowdom_open_debugger.js                                     |   2 +-
 devtools/client/inspector/markup/test/browser_markup_shadowdom_ua_widgets_with_nac.js                               |   2 +-
 devtools/client/inspector/markup/test/browser_markup_tag_edit_01.js                                                 |   6 +++---
 devtools/client/inspector/markup/test/browser_markup_tag_edit_02.js                                                 |   2 +-
 devtools/client/inspector/markup/test/browser_markup_tag_edit_05.js                                                 |   4 ++--
 devtools/client/inspector/markup/test/browser_markup_tag_edit_07.js                                                 |  10 +++++-----
 devtools/client/inspector/markup/test/browser_markup_tag_edit_08.js                                                 |  10 +++++-----
 devtools/client/inspector/markup/test/browser_markup_tag_edit_12.js                                                 |   6 +++---
 devtools/client/inspector/markup/test/browser_markup_tag_edit_avoid_refocus.js                                      |   2 +-
 devtools/client/inspector/markup/test/browser_markup_template.js                                                    |   2 +-
 devtools/client/inspector/markup/test/helper_diff.js                                                                |   2 +-
 devtools/client/inspector/markup/views/element-editor.js                                                            |  10 +++++-----
 devtools/client/inspector/rules/test/browser_rules_add-rule-with-menu.js                                            |   2 +-
 devtools/client/inspector/rules/test/browser_rules_colorpicker-and-image-tooltip_01.js                              |   2 +-
 devtools/client/inspector/rules/test/browser_rules_colorpicker-hides-element-picker.js                              |   2 +-
 devtools/client/inspector/rules/test/browser_rules_edit-property_01.js                                              |   2 +-
 devtools/client/inspector/rules/test/browser_rules_edit-property_10.js                                              |   4 ++--
 devtools/client/inspector/rules/test/browser_rules_flexbox-highlighter-on-mutation.js                               |   2 +-
 devtools/client/inspector/rules/test/browser_rules_inline-style-order.js                                            |   2 +-
 devtools/client/inspector/rules/test/browser_rules_shadowdom_slot_rules.js                                          |   2 +-
 devtools/client/inspector/test/browser_inspector_inspect_node_contextmenu.js                                        |   2 +-
 devtools/client/inspector/test/browser_inspector_menu-03-paste-items-svg.js                                         |   4 ++--
 devtools/client/inspector/test/browser_inspector_menu-04-use-in-console.js                                          |   4 ++--
 devtools/client/inspector/test/browser_inspector_menu-05-attribute-items.js                                         |   2 +-
 devtools/client/inspector/test/browser_inspector_pseudoclass-lock.js                                                |   6 +++---
 devtools/client/inspector/test/browser_inspector_reload-02.js                                                       |  18 +++++++++---------
 devtools/client/inspector/test/browser_inspector_select-docshell.js                                                 |   4 ++--
 devtools/client/inspector/test/browser_inspector_textbox-menu_reopen_toolbox.js                                     |   2 +-
 devtools/client/inspector/test/head.js                                                                              |   2 +-
 devtools/client/memory/test/browser/browser_memory_tree_map-01.js                                                   |   4 ++--
 devtools/client/netmonitor/src/components/RequestListHeader.js                                                      |   2 +-
 devtools/client/netmonitor/src/utils/mdn-utils.js                                                                   |   2 +-
 devtools/client/netmonitor/test/browser_net_cause_source_map.js                                                     |   4 ++--
 devtools/client/netmonitor/test/browser_net_columns_pref.js                                                         |   2 +-
 devtools/client/netmonitor/test/browser_net_columns_showhide.js                                                     |   2 +-
 devtools/client/netmonitor/test/browser_net_complex-params.js                                                       |  14 +++++++-------
 devtools/client/netmonitor/test/browser_net_copy_response.js                                                        |   2 +-
 devtools/client/netmonitor/test/browser_net_curl-utils.js                                                           |  26 +++++++++++++-------------
 devtools/client/netmonitor/test/browser_net_filter-04.js                                                            |   4 ++--
 devtools/client/netmonitor/test/browser_net_footer-summary.js                                                       |   2 +-
 devtools/client/netmonitor/test/browser_net_headers-resize.js                                                       |   6 +++---
 devtools/client/netmonitor/test/browser_net_open_request_in_tab.js                                                  |   4 ++--
 devtools/client/netmonitor/test/browser_net_post-data-04.js                                                         |   2 +-
 devtools/client/netmonitor/test/browser_net_timing-division.js                                                      |   2 +-
 devtools/client/netmonitor/test/head.js                                                                             |  18 +++++++++---------
 devtools/client/performance-new/browser.js                                                                          |  16 ++++++++--------
 devtools/client/performance-new/components/Range.js                                                                 |   4 ++--
 devtools/client/performance/modules/marker-blueprint-utils.js                                                       |   2 +-
 devtools/client/performance/test/helpers/event-utils.js                                                             |   4 ++--
 devtools/client/responsive.html/browser/swap.js                                                                     |   6 +++---
 devtools/client/responsive.html/test/browser/browser_device_pixel_ratio_change.js                                   |   2 +-
 devtools/client/scratchpad/test/browser_scratchpad_confirm_close.js                                                 |   6 +++---
 devtools/client/scratchpad/test/browser_scratchpad_disable_view_menu_items.js                                       |  10 +++++-----
 devtools/client/scratchpad/test/browser_scratchpad_inspect_primitives.js                                            |   2 +-
 devtools/client/shared/build/babel.js                                                                               |  24 ++++++++++++------------
 devtools/client/shared/telemetry.js                                                                                 |  48 ++++++++++++++++++++++++------------------------
 devtools/client/shared/test/browser_autocomplete_popup.js                                                           |   2 +-
 devtools/client/shared/test/browser_dbg_target-scoped-actor-02.js                                                   |   2 +-
 devtools/client/shared/test/leakhunt.js                                                                             |   2 +-
 devtools/client/shared/test/telemetry-test-helpers.js                                                               |   2 +-
 devtools/client/shared/test/unit/test_VariablesView_getString_promise.js                                            |   6 +++---
 devtools/client/shared/test/unit/test_advanceValidate.js                                                            |   2 +-
 devtools/client/shared/test/unit/test_parseDeclarations.js                                                          |   8 ++++----
 devtools/client/shared/test/unit/test_source-utils.js                                                               |   2 +-
 devtools/client/shared/webpack/theme-loader.js                                                                      |   2 +-
 devtools/client/shared/widgets/VariablesView.jsm                                                                    |  10 +++++-----
 devtools/client/shared/widgets/tooltip/HTMLTooltip.js                                                               |   6 +++---
 devtools/client/storage/test/browser_storage_cookies_samesite.js                                                    |   6 +++---
 devtools/client/storage/test/browser_storage_dynamic_updates_cookies.js                                             |   6 +++---
 devtools/client/storage/test/head.js                                                                                |   2 +-
 devtools/client/styleeditor/test/browser_styleeditor_bom.js                                                         |   2 +-
 devtools/client/styleeditor/test/browser_styleeditor_bug_740541_iframes.js                                          |   6 +++---
 devtools/client/styleeditor/test/browser_styleeditor_bug_870339.js                                                  |   2 +-
 devtools/client/styleeditor/test/browser_styleeditor_scroll.js                                                      |   4 ++--
 devtools/client/webconsole/test/components/console-api-call.test.js                                                 |  38 +++++++++++++++++++-------------------
 devtools/client/webconsole/test/components/evaluation-result.test.js                                                |  10 +++++-----
 devtools/client/webconsole/test/components/filter-bar.test.js                                                       |   2 +-
 devtools/client/webconsole/test/components/filter-checkbox.test.js                                                  |   4 ++--
 devtools/client/webconsole/test/components/message-location.test.js                                                 |   4 ++--
 devtools/client/webconsole/test/components/message-types-aria.test.js                                               |   2 +-
 devtools/client/webconsole/test/components/network-event-message.test.js                                            |   4 ++--
 devtools/client/webconsole/test/components/page-error.test.js                                                       |  26 +++++++++++++-------------
 devtools/client/webconsole/test/fixtures/stub-generators/head.js                                                    |   4 ++--
 devtools/client/webconsole/test/fixtures/stub-generators/stub-snippets.js                                           |  16 ++++++++--------
 devtools/client/webconsole/test/mocha-test-setup.js                                                                 |  12 ++++++------
 devtools/client/webconsole/test/mochitest/browser_console.js                                                        |   8 ++++----
 devtools/client/webconsole/test/mochitest/browser_console_devtools_loader_exception.js                              |   2 +-
 devtools/client/webconsole/test/mochitest/browser_console_filters.js                                                |   4 ++--
 devtools/client/webconsole/test/mochitest/browser_console_jsterm_await.js                                           |   6 +++---
 devtools/client/webconsole/test/mochitest/browser_console_webconsole_console_api_calls.js                           |   6 +++---
 devtools/client/webconsole/test/mochitest/browser_jsterm_add_edited_input_to_history.js                             |  32 ++++++++++++++++----------------
 devtools/client/webconsole/test/mochitest/browser_jsterm_autocomplete_await.js                                      |   2 +-
 devtools/client/webconsole/test/mochitest/browser_jsterm_autocomplete_commands.js                                   |   4 ++--
 devtools/client/webconsole/test/mochitest/browser_jsterm_autocomplete_getters_confirm.js                            |   4 ++--
 devtools/client/webconsole/test/mochitest/browser_jsterm_autocomplete_getters_learn_more_link.js                    |   6 +++---
 devtools/client/webconsole/test/mochitest/browser_jsterm_autocomplete_in_debugger_stackframe.js                     |  22 +++++++++++-----------
 devtools/client/webconsole/test/mochitest/browser_jsterm_autocomplete_width.js                                      |   6 +++---
 devtools/client/webconsole/test/mochitest/browser_jsterm_await.js                                                   |  16 ++++++++--------
 devtools/client/webconsole/test/mochitest/browser_jsterm_await_assignments.js                                       |   6 +++---
 devtools/client/webconsole/test/mochitest/browser_jsterm_await_concurrent.js                                        |   8 ++++----
 devtools/client/webconsole/test/mochitest/browser_jsterm_await_dynamic_import.js                                    |   4 ++--
 devtools/client/webconsole/test/mochitest/browser_jsterm_await_error.js                                             |  30 +++++++++++++++---------------
 devtools/client/webconsole/test/mochitest/browser_jsterm_await_helper_dollar_underscore.js                          |  26 +++++++++++++-------------
 devtools/client/webconsole/test/mochitest/browser_jsterm_await_paused.js                                            |  12 ++++++------
 devtools/client/webconsole/test/mochitest/browser_jsterm_completion_bracket.js                                      | 116 ++++++++++++++++++++++++++++++++++++++++++++++++++++++++++----------------------------------------------------------
 devtools/client/webconsole/test/mochitest/browser_jsterm_completion_bracket_cached_results.js                       |  80 ++++++++++++++++++++++++++++++++++++++++----------------------------------------
 devtools/client/webconsole/test/mochitest/browser_jsterm_completion_dollar_underscore.js                            |   2 +-
 devtools/client/webconsole/test/mochitest/browser_jsterm_context_menu_labels.js                                     |   2 +-
 devtools/client/webconsole/test/mochitest/browser_jsterm_editor_execute.js                                          |   2 +-
 devtools/client/webconsole/test/mochitest/browser_jsterm_focus_reload.js                                            |   2 +-
 devtools/client/webconsole/test/mochitest/browser_jsterm_helper_keys_values.js                                      |   2 +-
 devtools/client/webconsole/test/mochitest/browser_jsterm_helper_pprint.js                                           |   8 ++++----
 devtools/client/webconsole/test/mochitest/browser_jsterm_history_persist.js                                         |  18 +++++++++---------
 devtools/client/webconsole/test/mochitest/browser_jsterm_inspect.js                                                 |   2 +-
 devtools/client/webconsole/test/mochitest/browser_jsterm_middle_click_paste.js                                      |   2 +-
 devtools/client/webconsole/test/mochitest/browser_jsterm_multiline.js                                               |   2 +-
 devtools/client/webconsole/test/mochitest/browser_jsterm_no_input_and_tab_key_pressed.js                            |   2 +-
 devtools/client/webconsole/test/mochitest/browser_jsterm_null_undefined.js                                          |   2 +-
 devtools/client/webconsole/test/mochitest/browser_jsterm_screenshot_command_user.js                                 |   4 ++--
 devtools/client/webconsole/test/mochitest/browser_jsterm_syntax_highlight_output.js                                 |   6 +++---
 devtools/client/webconsole/test/mochitest/browser_webconsole_allow_mixedcontent_securityerrors.js                   |   2 +-
 devtools/client/webconsole/test/mochitest/browser_webconsole_cd_iframe.js                                           |  12 ++++++------
 devtools/client/webconsole/test/mochitest/browser_webconsole_console_logging_workers_api.js                         |   2 +-
 devtools/client/webconsole/test/mochitest/browser_webconsole_console_timeStamp.js                                   |   6 +++---
 devtools/client/webconsole/test/mochitest/browser_webconsole_context_menu_copy_entire_message.js                    |   2 +-
 devtools/client/webconsole/test/mochitest/browser_webconsole_context_menu_copy_message_with_framework_stacktrace.js |  14 +++++++-------
 devtools/client/webconsole/test/mochitest/browser_webconsole_context_menu_copy_object.js                            |  30 +++++++++++++++---------------
 devtools/client/webconsole/test/mochitest/browser_webconsole_context_menu_export_console_output_clipboard.js        |  20 ++++++++++----------
 devtools/client/webconsole/test/mochitest/browser_webconsole_cors_errors.js                                         |  10 +++++-----
 devtools/client/webconsole/test/mochitest/browser_webconsole_csp_ignore_reflected_xss_message.js                    |   2 +-
 devtools/client/webconsole/test/mochitest/browser_webconsole_error_with_grouped_stack.js                            |   4 ++--
 devtools/client/webconsole/test/mochitest/browser_webconsole_error_with_longstring_stack.js                         |   2 +-
 devtools/client/webconsole/test/mochitest/browser_webconsole_eval_in_debugger_stackframe2.js                        |   2 +-
 devtools/client/webconsole/test/mochitest/browser_webconsole_filter_by_input.js                                     |   2 +-
 devtools/client/webconsole/test/mochitest/browser_webconsole_hpkp_invalid-headers.js                                |   2 +-
 devtools/client/webconsole/test/mochitest/browser_webconsole_hsts_invalid-headers.js                                |   2 +-
 devtools/client/webconsole/test/mochitest/browser_webconsole_inspect_cross_domain_object.js                         |   6 +++---
 devtools/client/webconsole/test/mochitest/browser_webconsole_network_messages_status_code.js                        |   2 +-
 devtools/client/webconsole/test/mochitest/browser_webconsole_object_in_sidebar_keyboard_nav.js                      |   2 +-
 devtools/client/webconsole/test/mochitest/browser_webconsole_object_inspector_getters.js                            |  32 ++++++++++++++++----------------
 devtools/client/webconsole/test/mochitest/browser_webconsole_object_inspector_getters_prototype.js                  |  16 ++++++++--------
 devtools/client/webconsole/test/mochitest/browser_webconsole_object_inspector_local_session_storage.js              |   4 ++--
 devtools/client/webconsole/test/mochitest/browser_webconsole_object_inspector_selected_text.js                      |   2 +-
 devtools/client/webconsole/test/mochitest/browser_webconsole_object_inspector_while_debugging_and_inspecting.js     |   8 ++++----
 devtools/client/webconsole/test/mochitest/browser_webconsole_reverse_search.js                                      |  22 +++++++++++-----------
 devtools/client/webconsole/test/mochitest/browser_webconsole_reverse_search_initial_value.js                        |  16 ++++++++--------
 devtools/client/webconsole/test/mochitest/browser_webconsole_reverse_search_keyboard_navigation.js                  |   8 ++++----
 devtools/client/webconsole/test/mochitest/browser_webconsole_reverse_search_mouse_navigation.js                     |   8 ++++----
 devtools/client/webconsole/test/mochitest/browser_webconsole_reverse_search_toggle.js                               |   2 +-
 devtools/client/webconsole/test/mochitest/browser_webconsole_script_errordoc_urls.js                                |   2 +-
 devtools/client/webconsole/test/mochitest/browser_webconsole_select_all.js                                          |   2 +-
 devtools/client/webconsole/test/mochitest/browser_webconsole_sidebar_scroll.js                                      |   2 +-
 devtools/client/webconsole/test/mochitest/browser_webconsole_strict_mode_errors.js                                  |   2 +-
 devtools/client/webconsole/test/mochitest/browser_webconsole_telemetry_js_errors.js                                 |   6 +++---
 devtools/client/webconsole/test/mochitest/browser_webconsole_trackingprotection_errors.js                           |  16 ++++++++--------
 devtools/client/webconsole/test/mochitest/head.js                                                                   |   8 ++++----
 devtools/client/webconsole/test/store/filters.test.js                                                               |   2 +-
 devtools/client/webconsole/test/store/messages.test.js                                                              |  20 ++++++++++----------
 devtools/client/webconsole/utils/context-menu.js                                                                    |   2 +-
 devtools/client/webreplay/mochitest/browser_dbg_rr_logpoint-01.js                                                   |   6 +++---
 devtools/client/webreplay/mochitest/browser_dbg_rr_logpoint-02.js                                                   |   8 ++++----
 devtools/client/webreplay/mochitest/head.js                                                                         |   2 +-
 devtools/server/actors/object/stringifiers.js                                                                       |   6 +++---
 devtools/server/actors/stylesheets.js                                                                               |   2 +-
 devtools/server/actors/utils/actor-registry.js                                                                      |   6 +++---
 devtools/server/tests/browser/browser_storage_browser_toolbox_indexeddb.js                                          |   4 ++--
 devtools/server/tests/browser/browser_storage_updates.js                                                            |  30 +++++++++++++++---------------
 devtools/server/tests/browser/browser_webextension_inspected_window.js                                              |   2 +-
 devtools/server/tests/mochitest/suspendTimeouts_content.js                                                          |   4 ++--
 devtools/server/tests/unit/test_blackboxing-08.js                                                                   |   4 ++--
 devtools/server/tests/unit/test_longstringgrips-01.js                                                               |   2 +-
 devtools/server/tests/unit/test_objectgrips-18.js                                                                   |   8 ++++----
 devtools/server/tests/unit/test_objectgrips-21.js                                                                   |  14 +++++++-------
 devtools/server/tests/unit/test_objectgrips-22.js                                                                   |   2 +-
 devtools/server/tests/unit/test_promises_run_to_completion.js                                                       |   4 ++--
 devtools/server/tests/unit/test_stepping-01.js                                                                      |   6 +++---
 devtools/server/tests/unit/test_stepping-06.js                                                                      |  34 +++++++++++++++++-----------------
 devtools/server/tests/unit/test_unsafeDereference.js                                                                |   4 ++--
 devtools/shared/DevToolsUtils.js                                                                                    |   4 ++--
 devtools/shared/css/properties-db.js                                                                                |   4 ++--
 devtools/shared/protocol.js                                                                                         |   6 +++---
 devtools/shared/tests/unit/test_css-properties-db.js                                                                |   8 ++++----
 devtools/shared/tests/unit/test_csslexer.js                                                                         |   4 ++--
 devtools/shared/transport/tests/unit/test_dbgsocket_connection_drop.js                                              |   4 ++--
 devtools/shared/webconsole/js-property-provider.js                                                                  |   6 +++---
 devtools/shared/webconsole/test/unit/test_js_property_provider.js                                                   |  30 +++++++++++++++---------------
 devtools/startup/tests/browser/browser_shim_disable_devtools.js                                                     |   2 +-
 docshell/test/navigation/browser_test-content-chromeflags.js                                                        |   2 +-
 dom/base/test/unit/test_bug737966.js                                                                                |   4 ++--
 dom/base/test/unit/test_cancelPrefetch.js                                                                           |   4 ++--
 dom/base/test/unit/test_generate_xpath.js                                                                           |   2 +-
 dom/base/test/unit/test_structuredcloneholder.js                                                                    |   4 ++--
 dom/base/test/unit/test_treewalker.js                                                                               |   2 +-
 dom/base/test/unit/test_xhr_document.js                                                                             |   2 +-
 dom/base/test/unit/test_xml_serializer.js                                                                           | 140 ++++++++++++++++++++++++++++++++++++++++++++++++++++++++++++++++++++++----------------------------------------------------------------------
 dom/cache/test/xpcshell/test_migration.js                                                                           |   8 ++++----
 dom/indexedDB/test/unit/test_wasm_put_get_values.js                                                                 |   2 +-
 dom/indexedDB/test/unit/test_wasm_recompile.js                                                                      |   2 +-
 dom/manifest/test/browser_ManifestObtainer_obtain.js                                                                |  10 +++++-----
 dom/media/PeerConnectionIdp.jsm                                                                                     |   4 ++--
 gfx/layers/layerviewer/layerTreeView.js                                                                             |   2 +-
 intl/l10n/FluentSyntax.jsm                                                                                          |   8 ++++----
 mobile/android/chrome/content/content.js                                                                            |   2 +-
 mobile/android/components/extensions/ext-tabs.js                                                                    |   2 +-
 mobile/android/components/extensions/ext-utils.js                                                                   |   2 +-
 mobile/android/modules/WebsiteMetadata.jsm                                                                          |  44 ++++++++++++++++++++++----------------------
 modules/libpref/test/unit/test_parser.js                                                                            |   2 +-
 modules/libpref/test/unit_ipc/test_update_prefs.js                                                                  |   4 ++--
 modules/libpref/test/unit_ipc/test_user_default_prefs.js                                                            |   6 +++---
 netwerk/dns/mdns/libmdns/fallback/MulticastDNS.jsm                                                                  |  14 +++++++-------
 netwerk/test/httpserver/httpd.js                                                                                    |   6 +++---
 netwerk/test/httpserver/test/test_default_index_handler.js                                                          |   2 +-
 remote/Connection.jsm                                                                                               |   2 +-
 security/manager/ssl/tests/mochitest/browser/browser_loadPKCS11Module_ui.js                                         |   4 ++--
 security/manager/ssl/tests/unit/test_certDB_import_pkcs12.js                                                        |   2 +-
 security/manager/ssl/tests/unit/test_cert_blocklist.js                                                              |   4 ++--
 security/manager/ssl/tests/unit/test_sts_parser.js                                                                  |  10 +++++-----
 services/common/kinto-storage-adapter.js                                                                            |   4 ++--
 services/common/tests/unit/head_http.js                                                                             |   4 ++--
 services/common/tests/unit/test_blocklist_clients.js                                                                |   4 ++--
 services/common/tests/unit/test_blocklist_signatures.js                                                             |   4 ++--
 services/common/tests/unit/test_restrequest.js                                                                      |   2 +-
 services/common/tests/unit/test_tokenserverclient.js                                                                |   2 +-
 services/crypto/modules/utils.js                                                                                    |  24 ++++++++++++------------
 services/crypto/tests/unit/test_utils_hawk.js                                                                       |  44 ++++++++++++++++++++++----------------------
 services/crypto/tests/unit/test_utils_httpmac.js                                                                    |  10 +++++-----
 services/fxaccounts/FxAccounts.jsm                                                                                  |   6 +++---
 services/fxaccounts/FxAccountsCommands.js                                                                           |   4 ++--
 services/fxaccounts/FxAccountsPairing.jsm                                                                           |   2 +-
 services/settings/RemoteSettingsClient.jsm                                                                          |   2 +-
 services/settings/test/unit/test_remote_settings.js                                                                 |   2 +-
 services/settings/test/unit/test_remote_settings_jexl_filters.js                                                    |  32 ++++++++++++++++----------------
 services/settings/test/unit/test_remote_settings_poll.js                                                            |  26 +++++++++++++-------------
 services/settings/test/unit/test_remote_settings_worker.js                                                          |   2 +-
 services/sync/modules/bookmark_repair.js                                                                            |   4 ++--
 services/sync/modules/bookmark_validator.js                                                                         |   2 +-
 services/sync/modules/collection_validator.js                                                                       |   2 +-
 services/sync/modules/doctor.js                                                                                     |   2 +-
 services/sync/modules/engines.js                                                                                    |   2 +-
 services/sync/modules/policies.js                                                                                   |   2 +-
 services/sync/modules/telemetry.js                                                                                  |   2 +-
 services/sync/tests/unit/head_http_server.js                                                                        |   4 ++--
 services/sync/tests/unit/test_bookmark_engine.js                                                                    |   2 +-
 services/sync/tests/unit/test_bookmark_repair.js                                                                    |   6 +++---
 services/sync/tests/unit/test_bookmark_repair_responder.js                                                          |   2 +-
 services/sync/tests/unit/test_bookmark_validator.js                                                                 |   6 +++---
 services/sync/tests/unit/test_resource.js                                                                           |   6 +++---
 services/sync/tests/unit/test_service_sync_401.js                                                                   |   2 +-
 services/sync/tests/unit/test_utils_deepEquals.js                                                                   |   2 +-
 storage/test/unit/test_retry_on_busy.js                                                                             |  12 ++++++------
 storage/test/unit/test_storage_connection.js                                                                        |  24 ++++++++++++------------
 testing/marionette/action.js                                                                                        |   6 +++---
 testing/marionette/capabilities.js                                                                                  |   2 +-
 testing/marionette/components/marionette.js                                                                         |   4 ++--
 testing/marionette/cookie.js                                                                                        |   2 +-
 testing/marionette/error.js                                                                                         |   6 +++---
 testing/marionette/reftest.js                                                                                       |   4 ++--
 testing/marionette/test/unit/test_assert.js                                                                         |   2 +-
 testing/marionette/test/unit/test_capabilities.js                                                                   |   2 +-
 testing/marionette/test/unit/test_format.js                                                                         |   6 +++---
 testing/mochitest/browser-test.js                                                                                   |   4 ++--
 testing/mochitest/server.js                                                                                         |   4 ++--
 testing/mochitest/tests/browser/browser_BrowserTestUtils.js                                                         |   2 +-
 testing/mochitest/tests/browser/browser_browserLoaded_content_loaded.js                                             |   6 +++---
 testing/modules/tests/xpcshell/test_assert.js                                                                       |  24 ++++++++++++------------
 testing/talos/talos/pageloader/chrome/Profiler.js                                                                   |   6 +++---
 testing/talos/talos/scripts/Profiler.js                                                                             |   6 +++---
 testing/talos/talos/tests/devtools/addon/content/tests/debugger/debugger-helpers.js                                 |   4 ++--
 testing/talos/talos/tests/tabswitch/api.js                                                                          |   8 ++++----
 testing/talos/talos/tests/tart/addon/content/Profiler.js                                                            |   6 +++---
 testing/talos/talos/tests/tresize/addon/content/Profiler.js                                                         |   6 +++---
 testing/xpcshell/head.js                                                                                            |   2 +-
 toolkit/components/aboutmemory/content/aboutMemory.js                                                               |   2 +-
 toolkit/components/antitracking/test/browser/browser_addonHostPermissionIgnoredInTP.js                              |   2 +-
 toolkit/components/captivedetect/CaptiveDetect.jsm                                                                  |   6 +++---
 toolkit/components/ctypes/tests/unit/test_jsctypes.js                                                               |  18 +++++++++---------
 toolkit/components/downloads/test/unit/test_DownloadHistory_initialization2.js                                      |   2 +-
 toolkit/components/extensions/Extension.jsm                                                                         |  10 +++++-----
 toolkit/components/extensions/ExtensionChild.jsm                                                                    |   2 +-
 toolkit/components/extensions/ExtensionCommon.jsm                                                                   |  12 ++++++------
 toolkit/components/extensions/ExtensionContent.jsm                                                                  |   4 ++--
 toolkit/components/extensions/ExtensionTelemetry.jsm                                                                |   4 ++--
 toolkit/components/extensions/ExtensionXPCShellUtils.jsm                                                            |   2 +-
 toolkit/components/extensions/ProxyScriptContext.jsm                                                                |   2 +-
 toolkit/components/extensions/Schemas.jsm                                                                           |  16 ++++++++--------
 toolkit/components/extensions/child/ext-userScripts-content.js                                                      |   4 ++--
 toolkit/components/extensions/parent/ext-browserSettings.js                                                         |   2 +-
 toolkit/components/extensions/parent/ext-identity.js                                                                |   2 +-
 toolkit/components/extensions/parent/ext-proxy.js                                                                   |   4 ++--
 toolkit/components/extensions/parent/ext-tabs-base.js                                                               |  10 +++++-----
 toolkit/components/extensions/parent/ext-theme.js                                                                   |   2 +-
 toolkit/components/extensions/test/browser/browser_ext_themes_ntp_colors.js                                         |   4 ++--
 toolkit/components/extensions/test/browser/browser_ext_themes_ntp_colors_perwindow.js                               |   2 +-
 toolkit/components/extensions/test/browser/browser_ext_themes_sanitization.js                                       |   2 +-
 toolkit/components/extensions/test/xpcshell/test_ext_alarms.js                                                      |   2 +-
 toolkit/components/extensions/test/xpcshell/test_ext_background_runtime_connect_params.js                           |   2 +-
 toolkit/components/extensions/test/xpcshell/test_ext_contentScripts_register.js                                     |   6 +++---
 toolkit/components/extensions/test/xpcshell/test_ext_content_security_policy.js                                     |   4 ++--
 toolkit/components/extensions/test/xpcshell/test_ext_contentscript_about_blank_start.js                             |   4 ++--
 toolkit/components/extensions/test/xpcshell/test_ext_contentscript_api_injection.js                                 |   2 +-
 toolkit/components/extensions/test/xpcshell/test_ext_contentscript_async_loading.js                                 |   2 +-
 toolkit/components/extensions/test/xpcshell/test_ext_contentscript_restrictSchemes.js                               |   2 +-
 toolkit/components/extensions/test/xpcshell/test_ext_contentscript_triggeringPrincipal.js                           |   4 ++--
 toolkit/components/extensions/test/xpcshell/test_ext_contexts_gc.js                                                 |   6 +++---
 toolkit/components/extensions/test/xpcshell/test_ext_contextual_identities.js                                       |   2 +-
 toolkit/components/extensions/test/xpcshell/test_ext_i18n_css.js                                                    |   6 +++---
 toolkit/components/extensions/test/xpcshell/test_ext_manifest_incognito.js                                          |   2 +-
 toolkit/components/extensions/test/xpcshell/test_ext_messaging_startup.js                                           |   2 +-
 toolkit/components/extensions/test/xpcshell/test_ext_proxy_auth.js                                                  |   4 ++--
 toolkit/components/extensions/test/xpcshell/test_ext_proxy_config.js                                                |   4 ++--
 toolkit/components/extensions/test/xpcshell/test_ext_proxy_onauthrequired.js                                        |   4 ++--
 toolkit/components/extensions/test/xpcshell/test_ext_proxy_socks.js                                                 |   2 +-
 toolkit/components/extensions/test/xpcshell/test_ext_redirects.js                                                   |  20 ++++++++++----------
 toolkit/components/extensions/test/xpcshell/test_ext_runtime_sendMessage.js                                         |   8 ++++----
 toolkit/components/extensions/test/xpcshell/test_ext_runtime_sendMessage_args.js                                    |   2 +-
 toolkit/components/extensions/test/xpcshell/test_ext_runtime_sendMessage_self.js                                    |   2 +-
 toolkit/components/extensions/test/xpcshell/test_ext_same_site_cookies.js                                           |   2 +-
 toolkit/components/extensions/test/xpcshell/test_ext_schemas.js                                                     |   6 +++---
 toolkit/components/extensions/test/xpcshell/test_ext_storage.js                                                     |   6 +++---
 toolkit/components/extensions/test/xpcshell/test_ext_storage_idb_data_migration.js                                  |   2 +-
 toolkit/components/extensions/test/xpcshell/test_ext_storage_sync.js                                                |  12 ++++++------
 toolkit/components/extensions/test/xpcshell/test_ext_storage_sync_crypto.js                                         |   2 +-
 toolkit/components/extensions/test/xpcshell/test_ext_tab_teardown.js                                                |   2 +-
 toolkit/components/extensions/test/xpcshell/test_ext_unknown_permissions.js                                         |   4 ++--
 toolkit/components/extensions/test/xpcshell/test_ext_userScripts_exports.js                                         |  14 +++++++-------
 toolkit/components/extensions/test/xpcshell/test_ext_webRequest_responseBody.js                                     |   2 +-
 toolkit/components/extensions/test/xpcshell/test_ext_webRequest_set_cookie.js                                       |   2 +-
 toolkit/components/extensions/test/xpcshell/test_locale_data.js                                                     |  12 ++++++------
 toolkit/components/extensions/test/xpcshell/test_proxy_listener.js                                                  |   8 ++++----
 toolkit/components/extensions/test/xpcshell/test_proxy_scripts.js                                                   |   8 ++++----
 toolkit/components/normandy/lib/PreferenceExperiments.jsm                                                           |   2 +-
 toolkit/components/normandy/lib/RecipeRunner.jsm                                                                    |   2 +-
 toolkit/components/normandy/test/browser/browser_PreferenceExperiments.js                                           |   6 +++---
 toolkit/components/normandy/vendor/PropTypes.js                                                                     |   2 +-
 toolkit/components/normandy/vendor/React.js                                                                         |   4 ++--
 toolkit/components/normandy/vendor/ReactDOM.js                                                                      |   6 +++---
 toolkit/components/normandy/vendor/classnames.js                                                                    |   2 +-
 toolkit/components/osfile/tests/xpcshell/test_file_URL_conversion.js                                                |   2 +-
 toolkit/components/passwordmgr/LoginManagerContent.jsm                                                              |   2 +-
 toolkit/components/passwordmgr/test/browser/browser_autocomplete_footer.js                                          |   4 ++--
 toolkit/components/passwordmgr/test/browser/browser_autocomplete_insecure_warning.js                                |   2 +-
 toolkit/components/passwordmgr/test/browser/browser_hidden_document_autofill.js                                     |   4 ++--
 toolkit/components/passwordmgr/test/browser/browser_insecurePasswordConsoleWarning.js                               |   4 ++--
 toolkit/components/passwordmgr/test/unit/test_getFormFields.js                                                      |  14 +++++++-------
 toolkit/components/passwordmgr/test/unit/test_getPasswordFields.js                                                  |  14 +++++++-------
 toolkit/components/passwordmgr/test/unit/test_getUserNameAndPasswordFields.js                                       |  14 +++++++-------
 toolkit/components/passwordmgr/test/unit/test_isUsernameFieldType.js                                                |  28 ++++++++++++++--------------
 toolkit/components/pictureinpicture/PictureInPicture.jsm                                                            |   2 +-
 toolkit/components/places/BookmarkHTMLUtils.jsm                                                                     |   6 +++---
 toolkit/components/places/Bookmarks.jsm                                                                             |  14 +++++++-------
 toolkit/components/places/History.jsm                                                                               |  18 +++++++++---------
 toolkit/components/places/PlacesDBUtils.jsm                                                                         |  18 +++++++++---------
 toolkit/components/places/PlacesExpiration.jsm                                                                      |   4 ++--
 toolkit/components/places/PlacesSyncUtils.jsm                                                                       |  18 +++++++++---------
 toolkit/components/places/PlacesUtils.jsm                                                                           |   8 ++++----
 toolkit/components/places/SyncedBookmarksMirror.jsm                                                                 |  46 +++++++++++++++++++++++-----------------------
 toolkit/components/places/UnifiedComplete.jsm                                                                       |  12 ++++++------
 toolkit/components/places/tests/PlacesTestUtils.jsm                                                                 |   2 +-
 toolkit/components/places/tests/bookmarks/test_424958-json-quoted-folders.js                                        |   2 +-
 toolkit/components/places/tests/bookmarks/test_bookmarks_eraseEverything.js                                         |   4 ++--
 toolkit/components/places/tests/bookmarks/test_bookmarks_remove.js                                                  |   4 ++--
 toolkit/components/places/tests/favicons/test_expire_migrated_icons.js                                              |   2 +-
 toolkit/components/places/tests/history/test_fetch.js                                                               |   2 +-
 toolkit/components/places/tests/maintenance/head.js                                                                 |  10 +++++-----
 toolkit/components/places/tests/maintenance/test_preventive_maintenance.js                                          |   2 +-
 toolkit/components/places/tests/migration/head_migration.js                                                         |   4 ++--
 toolkit/components/places/tests/migration/test_current_from_v31.js                                                  |   8 ++++----
 toolkit/components/places/tests/migration/test_current_from_v36.js                                                  |   2 +-
 toolkit/components/places/tests/migration/test_current_from_v38.js                                                  |   2 +-
 toolkit/components/places/tests/migration/test_current_from_v41.js                                                  |   2 +-
 toolkit/components/places/tests/migration/test_current_from_v42.js                                                  |   2 +-
 toolkit/components/places/tests/migration/test_current_from_v43.js                                                  |   6 +++---
 toolkit/components/places/tests/migration/test_current_from_v48.js                                                  |   2 +-
 toolkit/components/places/tests/migration/test_current_from_v50.js                                                  |   2 +-
 toolkit/components/places/tests/queries/test_downloadHistory_liveUpdate.js                                          |   2 +-
 toolkit/components/places/tests/queries/test_tags.js                                                                |  10 +++++-----
 toolkit/components/places/tests/sync/test_bookmark_kinds.js                                                         |   4 ++--
 toolkit/components/places/tests/sync/test_bookmark_merge_conflicts.js                                               |   4 ++--
 toolkit/components/places/tests/sync/test_sync_utils.js                                                             |   2 +-
 toolkit/components/places/tests/unifiedcomplete/autofill_tasks.js                                                   |   4 ++--
 toolkit/components/places/tests/unifiedcomplete/head_autocomplete.js                                                |   2 +-
 toolkit/components/places/tests/unifiedcomplete/test_extension_matches.js                                           |   4 ++--
 toolkit/components/places/tests/unit/test_bookmarks_html_escape_entities.js                                         |   4 ++--
 toolkit/components/places/tests/unit/test_bookmarks_json.js                                                         |   2 +-
 toolkit/components/places/tests/unit/test_get_query_param_sql_function.js                                           |   2 +-
 toolkit/components/satchel/FormAutoComplete.jsm                                                                     |   2 +-
 toolkit/components/satchel/FormSubmitChild.jsm                                                                      |   2 +-
 toolkit/components/satchel/test/browser/browser_close_tab.js                                                        |   2 +-
 toolkit/components/satchel/test/browser/browser_popup_mouseover.js                                                  |   2 +-
 toolkit/components/search/tests/xpcshell/head_search.js                                                             |   2 +-
 toolkit/components/search/tests/xpcshell/test_hidden.js                                                             |   2 +-
 toolkit/components/search/tests/xpcshell/test_location.js                                                           |   2 +-
 toolkit/components/search/tests/xpcshell/test_location_malformed_json.js                                            |   2 +-
 toolkit/components/search/tests/xpcshell/test_location_timeout.js                                                   |   2 +-
 toolkit/components/search/tests/xpcshell/test_location_timeout_xhr.js                                               |   2 +-
 toolkit/components/search/tests/xpcshell/test_svg_icon.js                                                           |   8 ++++----
 toolkit/components/telemetry/geckoview/GeckoViewTelemetryController.jsm                                             |   2 +-
 toolkit/components/telemetry/pings/CoveragePing.jsm                                                                 |   2 +-
 toolkit/components/telemetry/tests/unit/test_TelemetryEvents.js                                                     |   2 +-
 toolkit/components/telemetry/tests/unit/test_TelemetryScalars_multistore.js                                         |   4 ++--
 toolkit/components/url-classifier/UrlClassifierHashCompleter.jsm                                                    |   2 +-
 toolkit/components/url-classifier/UrlClassifierListManager.jsm                                                      |   2 +-
 toolkit/components/utils/mozjexl.js                                                                                 |   2 +-
 toolkit/components/utils/test/unit/test_FilterExpressions.js                                                        |  48 ++++++++++++++++++++++++------------------------
 toolkit/components/viewsource/test/browser/browser_bug713810.js                                                     |   4 ++--
 toolkit/components/viewsource/test/browser/browser_srcdoc.js                                                        |   2 +-
 toolkit/components/windowwatcher/test/browser_new_content_window_chromeflags.js                                     |   4 ++--
 toolkit/components/windowwatcher/test/browser_new_remote_window_flags.js                                            |   4 ++--
 toolkit/components/workerloader/require.js                                                                          |   2 +-
 toolkit/content/tests/browser/browser_autoplay_policy.js                                                            |  12 ++++++------
 toolkit/content/tests/browser/browser_autoplay_policy_touchScroll.js                                                |   8 ++++----
 toolkit/content/tests/browser/browser_autoplay_policy_user_gestures.js                                              |   2 +-
 toolkit/content/tests/browser/browser_autoplay_policy_web_audio.js                                                  |  34 +++++++++++++++++-----------------
 toolkit/content/tests/browser/browser_autoplay_policy_web_audio_with_gum.js                                         |   2 +-
 toolkit/content/tests/browser/browser_autoplay_videoDocument.js                                                     |   4 ++--
 toolkit/content/tests/browser/browser_autoscroll_disabled.js                                                        |   6 +++---
 toolkit/content/tests/browser/browser_bug295977_autoscroll_overflow.js                                              |  84 ++++++++++++++++++++++++++++++++++++++++++------------------------------------------
 toolkit/content/tests/browser/browser_keyevents_during_autoscrolling.js                                             |   2 +-
 toolkit/content/tests/browser/browser_media_wakelock.js                                                             |  12 ++++++------
 toolkit/content/tests/browser/browser_suspend_videos_outside_viewport.js                                            |   4 ++--
 toolkit/content/tests/browser/browser_webAudio_hideSoundPlayingIcon.js                                              |  12 ++++++------
 toolkit/content/tests/browser/browser_webAudio_silentData.js                                                        |  12 ++++++------
 toolkit/content/tests/chrome/file_editor_with_autocomplete.js                                                       |  12 ++++++------
 toolkit/content/widgets/menulist.js                                                                                 |   4 ++--
 toolkit/modules/FinderHighlighter.jsm                                                                               |   2 +-
 toolkit/modules/LightweightThemeConsumer.jsm                                                                        |   2 +-
 toolkit/modules/Log.jsm                                                                                             |   4 ++--
 toolkit/modules/Preferences.jsm                                                                                     |   8 ++++----
 toolkit/modules/addons/WebRequest.jsm                                                                               |   4 ++--
 toolkit/modules/tests/browser/browser_Finder_overflowed_onscreen.js                                                 |   2 +-
 toolkit/modules/tests/browser/browser_Finder_pointer_events_none.js                                                 |   2 +-
 toolkit/modules/tests/browser/browser_Finder_skip_invisible_and_option.js                                           |   2 +-
 toolkit/modules/tests/browser/browser_Finder_vertical_text.js                                                       |   2 +-
 toolkit/modules/tests/modules/PromiseTestUtils.jsm                                                                  |   2 +-
 toolkit/modules/tests/xpcshell/test_CanonicalJSON.js                                                                |  26 +++++++++++++-------------
 toolkit/modules/tests/xpcshell/test_JSONFile.js                                                                     |   2 +-
 toolkit/modules/tests/xpcshell/test_Log.js                                                                          |  24 ++++++++++++------------
 toolkit/modules/tests/xpcshell/test_sqlite.js                                                                       |   2 +-
 toolkit/mozapps/extensions/content/aboutaddons.js                                                                   |   6 +++---
 toolkit/mozapps/extensions/content/extensions.js                                                                    |   2 +-
 toolkit/mozapps/extensions/internal/XPIDatabase.jsm                                                                 |   2 +-
 toolkit/mozapps/extensions/internal/XPIProvider.jsm                                                                 |   2 +-
 toolkit/mozapps/extensions/test/browser/browser_html_list_view.js                                                   |  16 ++++++++--------
 toolkit/mozapps/extensions/test/browser/browser_interaction_telemetry.js                                            |  10 +++++-----
 toolkit/mozapps/extensions/test/browser/browser_manage_shortcuts.js                                                 |   6 +++---
 toolkit/mozapps/extensions/test/browser/browser_webext_incognito.js                                                 |   4 ++--
 toolkit/mozapps/extensions/test/xpcshell/head_addons.js                                                             |   2 +-
 toolkit/mozapps/extensions/test/xpcshell/head_system_addons.js                                                      |  10 +++++-----
 toolkit/mozapps/extensions/test/xpcshell/test_LightweightThemeManager.js                                            |   2 +-
 toolkit/mozapps/extensions/test/xpcshell/test_addon_manager_telemetry_events.js                                     |   2 +-
 toolkit/mozapps/extensions/test/xpcshell/test_delay_update_webextension.js                                          |   8 ++++----
 toolkit/mozapps/extensions/test/xpcshell/test_proxies.js                                                            |   6 +++---
 toolkit/mozapps/extensions/test/xpcshell/test_system_reset.js                                                       |   2 +-
 toolkit/mozapps/extensions/test/xpcshell/test_update_ignorecompat.js                                                |   4 ++--
 toolkit/mozapps/extensions/test/xpcshell/test_webextension_install.js                                               |   4 ++--
 toolkit/mozapps/extensions/test/xpcshell/test_webextension_paths.js                                                 |   2 +-
 toolkit/mozapps/extensions/test/xpinstall/browser_doorhanger_installs.js                                            |   2 +-
 toolkit/mozapps/update/tests/data/xpcshellUtilsAUS.js                                                               |   6 +++---
 toolkit/profile/xpcshell/test_use_dedicated.js                                                                      |   2 +-
 tools/lint/eslint/eslint-plugin-mozilla/lib/processors/xbl-bindings.js                                              |  32 ++++++++++++++++----------------
 tools/lint/eslint/eslint-plugin-mozilla/tests/consistent-if-bracing.js                                              |   2 +-
 tools/lint/eslint/eslint-plugin-mozilla/tests/no-compare-against-boolean-literals.js                                |  20 ++++++++++----------
 tools/lint/eslint/eslint-plugin-mozilla/tests/no-useless-run-test.js                                                |   2 +-
 tools/lint/eslint/eslint-plugin-mozilla/tests/use-chromeutils-generateqi.js                                         |  18 +++++++++---------
 tools/lint/eslint/eslint-plugin-mozilla/tests/use-chromeutils-import.js                                             |  26 +++++++++++++-------------
 tools/lint/eslint/eslint-plugin-mozilla/tests/use-services.js                                                       |   8 ++++----
 uriloader/exthandler/tests/mochitest/browser_download_privatebrowsing.js                                            |   2 +-
 xpcom/tests/unit/test_windows_cmdline_file.js                                                                       |   4 ++--
 675 files changed, 2244 insertions(+), 2244 deletions(-)
