 accessible/tests/browser/browser_shutdown_acc_reference.js                                                  |  3 +--
 accessible/tests/browser/browser_shutdown_doc_acc_reference.js                                              |  3 +--
 accessible/tests/browser/browser_shutdown_multi_acc_reference_doc.js                                        |  3 +--
 accessible/tests/browser/browser_shutdown_multi_acc_reference_obj.js                                        |  3 +--
 accessible/tests/browser/browser_shutdown_multi_proxy_acc_reference_doc.js                                  |  3 +--
 accessible/tests/browser/browser_shutdown_multi_proxy_acc_reference_obj.js                                  |  3 +--
 accessible/tests/browser/browser_shutdown_multi_reference.js                                                |  3 +--
 accessible/tests/browser/browser_shutdown_parent_own_reference.js                                           |  3 +--
 accessible/tests/browser/browser_shutdown_proxy_acc_reference.js                                            |  3 +--
 accessible/tests/browser/browser_shutdown_proxy_doc_acc_reference.js                                        |  3 +--
 accessible/tests/browser/browser_shutdown_remote_own_reference.js                                           |  6 ++----
 accessible/tests/browser/e10s/browser_caching_name.js                                                       |  6 ++----
 accessible/tests/browser/e10s/browser_events_textchange.js                                                  |  3 +--
 accessible/tests/browser/e10s/browser_treeupdate_ariaowns.js                                                |  6 ++----
 accessible/tests/browser/e10s/browser_treeupdate_removal.js                                                 |  3 +--
 accessible/tests/browser/events.js                                                                          |  3 +--
 accessible/tests/browser/events/browser_test_focus_urlbar.js                                                |  3 +--
 accessible/tests/browser/head.js                                                                            |  6 ++----
 accessible/tests/browser/shared-head.js                                                                     |  3 +--
 accessible/tests/mochitest/jsat/jsatcommon.js                                                               |  3 +--
 browser/actors/ContextMenuChild.jsm                                                                         |  3 +--
 browser/actors/PluginChild.jsm                                                                              |  3 +--
 browser/base/content/browser-gestureSupport.js                                                              |  3 +--
 browser/base/content/browser.js                                                                             | 12 ++++--------
 browser/base/content/tabbrowser.js                                                                          | 69 +++++++++++++++++++++++++++++++++++++++++++--------------------------
 browser/base/content/test/about/head.js                                                                     |  3 +--
 browser/base/content/test/general/browser_ssl_error_reports.js                                              |  3 +--
 browser/base/content/test/keyboard/browser_toolbarButtonKeyPress.js                                         |  3 +--
 browser/base/content/test/performance/browser_appmenu.js                                                    |  3 +--
 browser/base/content/test/performance/browser_tabclose.js                                                   |  8 +++++---
 browser/base/content/test/performance/browser_tabopen.js                                                    | 11 +++++++----
 browser/base/content/test/performance/browser_tabopen_squeeze.js                                            |  3 +--
 browser/base/content/test/performance/browser_tabstrip_overflow_underflow.js                                |  9 +++------
 browser/base/content/test/performance/browser_tabswitch.js                                                  |  8 +++++---
 browser/base/content/test/performance/head.js                                                               |  6 ++----
 browser/base/content/test/popups/browser_popup_blocker.js                                                   |  9 +++------
 browser/base/content/test/popups/browser_popup_blocker_identity_block.js                                    | 15 +++++----------
 browser/base/content/test/popups/browser_popup_frames.js                                                    | 12 ++++--------
 browser/base/content/test/sanitize/browser_sanitizeDialog.js                                                |  3 +--
 browser/base/content/test/siteIdentity/browser_bug906190.js                                                 |  3 +--
 browser/base/content/test/static/browser_all_files_referenced.js                                            |  3 +--
 browser/base/content/test/tabs/browser_accessibility_indicator.js                                           |  3 +--
 browser/base/content/test/tabs/browser_overflowScroll.js                                                    |  3 +--
 browser/base/content/test/touch/browser_menu_touch.js                                                       | 12 ++++--------
 browser/base/content/test/webextensions/browser_permissions_local_file.js                                   |  3 +--
 browser/base/content/test/webrtc/browser_devices_get_user_media_screen.js                                   | 12 ++++--------
 browser/components/BrowserGlue.jsm                                                                          |  6 ++----
 browser/components/customizableui/test/browser_editcontrols_update.js                                       |  3 +--
 browser/components/customizableui/test/browser_lwt_telemetry.js                                             |  3 +--
 browser/components/enterprisepolicies/tests/browser/disable_app_update/browser_policy_disable_app_update.js |  3 +--
 browser/components/extensions/parent/ext-browserAction.js                                                   |  3 +--
 browser/components/extensions/parent/ext-pageAction.js                                                      |  3 +--
 browser/components/extensions/test/browser/browser_ext_browserAction_contextMenu.js                         |  3 +--
 browser/components/extensions/test/browser/browser_ext_contextMenus.js                                      |  3 +--
 browser/components/extensions/test/browser/browser_ext_tabs_successors.js                                   |  3 +--
 browser/components/extensions/test/browser/browser_ext_webRequest.js                                        |  3 +--
 browser/components/extensions/test/browser/head.js                                                          |  3 +--
 browser/components/migration/SafariProfileMigrator.jsm                                                      |  3 +--
 browser/components/payments/test/browser/head.js                                                            |  3 +--
 browser/components/places/tests/browser/browser_bookmark_popup.js                                           |  3 +--
 browser/components/places/tests/browser/browser_controller_onDrop.js                                        |  3 +--
 browser/components/places/tests/browser/browser_library_downloads.js                                        |  3 +--
 browser/components/places/tests/browser/browser_library_left_pane_middleclick.js                            |  3 +--
 browser/components/places/tests/browser/browser_library_middleclick.js                                      |  3 +--
 browser/components/preferences/in-content/tests/browser_browser_languages_subdialog.js                      |  6 ++----
 browser/components/preferences/in-content/tests/browser_permissions_dialog.js                               | 12 ++++--------
 browser/components/preferences/in-content/tests/browser_subdialogs.js                                       |  6 ++----
 browser/components/preferences/in-content/tests/siteData/head.js                                            |  3 +--
 browser/components/sessionstore/SessionStore.jsm                                                            | 12 ++++--------
 browser/components/sessionstore/content/aboutSessionRestore.js                                              |  3 +--
 browser/components/sessionstore/test/browser_248970_b_perwindowpb.js                                        |  6 ++----
 browser/components/sessionstore/test/browser_454908.js                                                      |  5 ++---
 browser/components/shell/test/unit/test_421977.js                                                           |  3 +--
 browser/components/syncedtabs/TabListView.js                                                                |  3 +--
 browser/components/touchbar/MacTouchBar.js                                                                  |  3 +--
 browser/components/uitour/test/browser_no_tabs.js                                                           |  3 +--
 browser/components/urlbar/UrlbarEventBufferer.jsm                                                           |  3 +--
 browser/components/urlbar/UrlbarMuxerUnifiedComplete.jsm                                                    |  3 +--
 browser/components/urlbar/UrlbarProvidersManager.jsm                                                        |  3 +--
 browser/components/urlbar/UrlbarTokenizer.jsm                                                               |  3 +--
 browser/components/urlbar/tests/browser/browser_urlbarSearchFunction.js                                     |  9 +++------
 browser/components/urlbar/tests/browser/browser_urlbarSearchSuggestions.js                                  |  3 +--
 browser/components/urlbar/tests/browser/head-common.js                                                      |  3 +--
 browser/extensions/formautofill/FormAutofillContent.jsm                                                     |  3 +--
 browser/extensions/formautofill/FormAutofillStorage.jsm                                                     |  3 +--
 browser/extensions/formautofill/test/unit/head.js                                                           |  3 +--
 browser/extensions/formautofill/test/unit/test_addressRecords.js                                            | 12 ++++--------
 browser/extensions/formautofill/test/unit/test_creditCardRecords.js                                         | 15 +++++----------
 browser/extensions/formautofill/test/unit/test_getRecords.js                                                |  3 +--
 browser/extensions/formautofill/test/unit/test_reconcile.js                                                 |  3 +--
 browser/extensions/formautofill/test/unit/test_storage_syncfields.js                                        | 27 +++++++++------------------
 browser/modules/SitePermissions.jsm                                                                         |  3 +--
 browser/modules/WindowsPreviewPerTab.jsm                                                                    |  3 +--
 browser/modules/test/browser/browser_PageActions.js                                                         |  3 +--
 devtools/client/aboutdebugging-new/src/components/connect/NetworkLocationsList.js                           |  3 +--
 devtools/client/aboutdebugging-new/src/components/debugtarget/DebugTargetList.js                            |  3 +--
 devtools/client/aboutdebugging-new/src/modules/debug-target-support.js                                      |  3 +--
 devtools/client/aboutdebugging-new/test/browser/head.js                                                     |  3 +--
 devtools/client/accessibility/actions/accessibles.js                                                        | 12 ++++--------
 devtools/client/accessibility/actions/details.js                                                            |  3 +--
 devtools/client/accessibility/actions/ui.js                                                                 | 15 +++++----------
 devtools/client/accessibility/components/AccessibilityRow.js                                                |  3 +--
 devtools/client/accessibility/components/Accessible.js                                                      |  6 ++----
 devtools/client/accessibility/reducers/accessibles.js                                                       |  3 +--
 devtools/client/accessibility/test/browser/browser_accessibility_context_menu_inspector.js                  |  3 +--
 devtools/client/accessibility/test/browser/browser_accessibility_mutations.js                               |  6 ++----
 devtools/client/accessibility/test/browser/browser_accessibility_sidebar.js                                 |  3 +--
 devtools/client/accessibility/test/browser/head.js                                                          | 16 +++++-----------
 devtools/client/application/test/browser_application_panel_debug-service-worker.js                          |  3 +--
 devtools/client/definitions.js                                                                              |  6 ++----
 devtools/client/framework/test/browser_toolbox_keyboard_navigation.js                                       |  3 +--
 devtools/client/framework/test/browser_toolbox_tabsswitch_shortcuts.js                                      |  3 +--
 devtools/client/framework/toolbox.js                                                                        |  3 +--
 devtools/client/inspector/animation/animation.js                                                            |  3 +--
 devtools/client/inspector/animation/components/AnimationList.js                                             |  3 +--
 devtools/client/inspector/animation/components/TickLabels.js                                                |  3 +--
 devtools/client/inspector/animation/components/TickLines.js                                                 |  3 +--
 devtools/client/inspector/animation/components/graph/SummaryGraphPath.js                                    |  3 +--
 devtools/client/inspector/changes/selectors/changes.js                                                      |  3 +--
 devtools/client/inspector/flexbox/flexbox.js                                                                |  3 +--
 devtools/client/inspector/flexbox/test/browser_flexbox_highlighter_color_picker_on_RETURN.js                |  3 +--
 devtools/client/inspector/fonts/components/FontEditor.js                                                    |  3 +--
 devtools/client/inspector/fonts/fonts.js                                                                    |  3 +--
 devtools/client/inspector/grids/components/GridOutline.js                                                   |  3 +--
 devtools/client/inspector/grids/grid-inspector.js                                                           |  3 +--
 devtools/client/inspector/grids/test/browser_grids_color-in-rules-grid-toggle.js                            |  3 +--
 devtools/client/inspector/grids/test/browser_grids_display-setting-extend-grid-lines.js                     |  6 ++----
 devtools/client/inspector/grids/test/browser_grids_display-setting-show-grid-areas.js                       |  6 ++----
 devtools/client/inspector/grids/test/browser_grids_display-setting-show-grid-line-numbers.js                |  6 ++----
 devtools/client/inspector/grids/test/browser_grids_grid-list-color-picker-on-ESC.js                         |  3 +--
 devtools/client/inspector/grids/test/browser_grids_grid-list-color-picker-on-RETURN.js                      |  3 +--
 devtools/client/inspector/grids/test/browser_grids_grid-list-on-iframe-reloaded.js                          |  6 ++----
 devtools/client/inspector/grids/test/browser_grids_grid-list-on-mutation-element-added.js                   |  9 +++------
 devtools/client/inspector/grids/test/browser_grids_grid-list-on-mutation-element-removed.js                 |  3 +--
 devtools/client/inspector/grids/test/browser_grids_grid-list-toggle-grids_01.js                             |  6 ++----
 devtools/client/inspector/grids/test/browser_grids_grid-list-toggle-grids_02.js                             |  9 +++------
 devtools/client/inspector/grids/test/browser_grids_grid-list-toggle-multiple-grids.js                       | 18 ++++++------------
 devtools/client/inspector/grids/test/browser_grids_grid-outline-cannot-show-outline.js                      |  3 +--
 devtools/client/inspector/grids/test/browser_grids_grid-outline-highlight-area.js                           |  3 +--
 devtools/client/inspector/grids/test/browser_grids_grid-outline-highlight-cell.js                           |  3 +--
 devtools/client/inspector/grids/test/browser_grids_grid-outline-multiple-grids.js                           |  6 ++----
 devtools/client/inspector/grids/test/browser_grids_grid-outline-selected-grid.js                            |  3 +--
 devtools/client/inspector/grids/test/browser_grids_grid-outline-updates-on-grid-change.js                   |  3 +--
 devtools/client/inspector/grids/test/browser_grids_grid-outline-writing-mode.js                             |  6 ++----
 devtools/client/inspector/grids/test/browser_grids_highlighter-setting-rules-grid-toggle.js                 |  3 +--
 devtools/client/inspector/grids/test/browser_grids_highlighter-toggle-telemetry.js                          |  6 ++----
 devtools/client/inspector/grids/test/browser_grids_restored-after-reload.js                                 |  9 +++------
 devtools/client/inspector/grids/test/browser_grids_restored-multiple-grids-after-reload.js                  | 12 ++++--------
 devtools/client/inspector/markup/markup.js                                                                  |  3 +--
 devtools/client/inspector/markup/test/browser_markup_grid_display_badge_01.js                               |  6 ++----
 devtools/client/inspector/markup/test/browser_markup_grid_display_badge_telemetry.js                        |  3 +--
 devtools/client/inspector/rules/reducers/rules.js                                                           |  3 +--
 devtools/client/inspector/rules/test/browser_rules_copy_styles.js                                           |  3 +--
 devtools/client/inspector/rules/test/browser_rules_pseudo-element_01.js                                     | 15 +++++----------
 devtools/client/inspector/test/browser_inspector_breadcrumbs.js                                             |  3 +--
 devtools/client/inspector/test/browser_inspector_highlighter-zoom.js                                        |  3 +--
 devtools/client/inspector/test/head.js                                                                      |  3 +--
 devtools/client/memory/actions/snapshot.js                                                                  |  6 ++----
 devtools/client/memory/app.js                                                                               | 24 ++++++++----------------
 devtools/client/memory/components/Census.js                                                                 |  3 +--
 devtools/client/memory/components/DominatorTree.js                                                          |  6 ++----
 devtools/client/memory/test/browser/browser_memory_clear_snapshots.js                                       |  6 ++----
 devtools/client/memory/test/browser/browser_memory_diff_01.js                                               | 12 ++++--------
 devtools/client/memory/test/browser/browser_memory_displays_01.js                                           |  3 +--
 devtools/client/memory/test/browser/browser_memory_dominator_trees_01.js                                    | 12 ++++--------
 devtools/client/memory/test/browser/browser_memory_dominator_trees_02.js                                    |  9 +++------
 devtools/client/memory/test/browser/browser_memory_filter_01.js                                             | 12 ++++--------
 devtools/client/memory/test/browser/browser_memory_keyboard-snapshot-list.js                                |  3 +--
 devtools/client/memory/test/browser/browser_memory_keyboard.js                                              |  6 ++----
 devtools/client/memory/test/browser/head.js                                                                 |  3 +--
 devtools/client/memory/test/chrome/head.js                                                                  |  4 +---
 devtools/client/memory/test/unit/test_action_diffing_04.js                                                  |  3 +--
 devtools/client/memory/test/unit/test_action_diffing_05.js                                                  |  9 +++------
 devtools/client/memory/test/unit/test_dominator_trees_01.js                                                 |  9 +++------
 devtools/client/memory/test/unit/test_dominator_trees_02.js                                                 |  9 +++------
 devtools/client/memory/test/unit/test_dominator_trees_03.js                                                 |  9 +++------
 devtools/client/memory/test/unit/test_dominator_trees_04.js                                                 |  9 +++------
 devtools/client/memory/test/unit/test_dominator_trees_05.js                                                 |  6 ++----
 devtools/client/memory/test/unit/test_dominator_trees_06.js                                                 |  6 ++----
 devtools/client/memory/test/unit/test_dominator_trees_07.js                                                 |  6 ++----
 devtools/client/memory/test/unit/test_dominator_trees_08.js                                                 |  9 +++------
 devtools/client/memory/test/unit/test_dominator_trees_09.js                                                 |  6 ++----
 devtools/client/memory/test/unit/test_dominator_trees_10.js                                                 |  9 +++------
 devtools/client/netmonitor/src/actions/ui.js                                                                | 12 ++++--------
 devtools/client/netmonitor/src/components/CustomRequestPanel.js                                             | 18 ++++++------------
 devtools/client/netmonitor/src/components/RequestListHeader.js                                              |  3 +--
 devtools/client/netmonitor/src/components/StatisticsPanel.js                                                | 24 ++++++++----------------
 devtools/client/netmonitor/src/components/Toolbar.js                                                        |  6 ++----
 devtools/client/netmonitor/src/connector/chrome/events.js                                                   |  3 +--
 devtools/client/netmonitor/src/selectors/requests.js                                                        |  3 +--
 devtools/client/netmonitor/src/utils/filter-text-utils.js                                                   |  6 ++----
 devtools/client/netmonitor/src/utils/headers-provider.js                                                    |  3 +--
 devtools/client/netmonitor/src/utils/mdn-utils.js                                                           |  3 +--
 devtools/client/netmonitor/src/widgets/RequestListContextMenu.js                                            |  3 +--
 devtools/client/netmonitor/test/browser_net_cause.js                                                        |  3 +--
 devtools/client/netmonitor/test/browser_net_frame.js                                                        |  3 +--
 devtools/client/netmonitor/test/browser_net_header-ref-policy.js                                            |  3 +--
 devtools/client/netmonitor/test/browser_net_prefs-reload.js                                                 |  9 +++------
 devtools/client/netmonitor/test/browser_net_service-worker-status.js                                        |  3 +--
 devtools/client/netmonitor/test/head.js                                                                     |  3 +--
 devtools/client/netmonitor/webpack.config.js                                                                |  3 +--
 devtools/client/performance-new/frame-script.js                                                             |  3 +--
 devtools/client/performance-new/utils.js                                                                    |  6 ++----
 devtools/client/performance/components/JITOptimizations.js                                                  |  6 ++----
 devtools/client/performance/components/test/head.js                                                         |  4 +---
 devtools/client/performance/test/browser_perf-details-07-bleed-events.js                                    |  3 +--
 devtools/client/performance/test/helpers/actions.js                                                         |  3 +--
 devtools/client/performance/test/unit/test_jit-model-02.js                                                  |  3 +--
 devtools/client/responsive.html/test/browser/browser_device_change.js                                       |  3 +--
 devtools/client/responsive.html/test/browser/browser_device_state_restore.js                                |  6 ++----
 devtools/client/responsive.html/test/browser/head.js                                                        |  6 ++----
 devtools/client/responsive.html/utils/window.js                                                             |  3 +--
 devtools/client/scratchpad/scratchpad.js                                                                    |  3 +--
 devtools/client/shared/components/NotificationBox.js                                                        |  3 +--
 devtools/client/shared/components/SmartTrace.js                                                             |  3 +--
 devtools/client/shared/components/tabs/TabBar.js                                                            |  3 +--
 devtools/client/shared/components/test/mochitest/head.js                                                    |  7 ++-----
 devtools/client/shared/test/browser_html_tooltip_doorhanger-02.js                                           |  3 +--
 devtools/client/shared/widgets/Graphs.js                                                                    |  3 +--
 devtools/client/shared/widgets/VariablesViewController.jsm                                                  |  3 +--
 devtools/client/shared/widgets/view-helpers.js                                                              |  3 +--
 devtools/client/webconsole/components/ConfirmDialog.js                                                      |  3 +--
 devtools/client/webconsole/components/ConsoleOutput.js                                                      |  3 +--
 devtools/client/webconsole/components/JSTerm.js                                                             |  3 +--
 devtools/client/webconsole/reducers/history.js                                                              |  3 +--
 devtools/client/webconsole/reducers/messages.js                                                             | 21 ++++++++++++---------
 devtools/client/webconsole/test/mochitest/browser_console_jsterm_await.js                                   |  3 +--
 devtools/client/webconsole/test/mochitest/browser_jsterm_autocomplete_arrow_keys.js                         |  3 +--
 devtools/client/webconsole/test/mochitest/browser_jsterm_autocomplete_paste_undo.js                         |  3 +--
 devtools/client/webconsole/test/mochitest/browser_jsterm_await.js                                           |  3 +--
 devtools/client/webconsole/test/mochitest/browser_jsterm_await_dynamic_import.js                            |  3 +--
 devtools/client/webconsole/test/mochitest/browser_jsterm_await_error.js                                     |  3 +--
 devtools/client/webconsole/test/mochitest/browser_jsterm_await_helper_dollar_underscore.js                  |  3 +--
 devtools/client/webconsole/test/mochitest/browser_jsterm_completion_case_sensitivity.js                     |  3 +--
 devtools/client/webconsole/test/mochitest/browser_jsterm_ctrl_key_nav.js                                    |  9 +++------
 devtools/client/webconsole/test/mochitest/browser_jsterm_helper_clear.js                                    |  3 +--
 devtools/client/webconsole/test/mochitest/browser_jsterm_history_arrow_keys.js                              |  3 +--
 devtools/client/webconsole/test/mochitest/browser_jsterm_inspect.js                                         |  6 ++----
 devtools/client/webconsole/test/mochitest/browser_jsterm_selfxss.js                                         |  3 +--
 devtools/client/webconsole/test/mochitest/browser_webconsole_allow_mixedcontent_securityerrors.js           |  3 +--
 devtools/client/webconsole/test/mochitest/browser_webconsole_block_mixedcontent_securityerrors.js           |  6 ++----
 devtools/client/webconsole/test/mochitest/browser_webconsole_close_sidebar.js                               |  3 +--
 devtools/client/webconsole/test/mochitest/browser_webconsole_console_dir.js                                 |  3 +--
 devtools/client/webconsole/test/mochitest/browser_webconsole_context_menu_copy_object.js                    |  3 +--
 devtools/client/webconsole/test/mochitest/browser_webconsole_filter_by_input.js                             |  3 +--
 devtools/client/webconsole/test/mochitest/browser_webconsole_in_line_layout.js                              |  3 +--
 devtools/client/webconsole/test/mochitest/browser_webconsole_network_messages_expand.js                     |  3 +--
 devtools/client/webconsole/test/mochitest/browser_webconsole_object_in_sidebar_keyboard_nav.js              |  3 +--
 devtools/client/webconsole/test/mochitest/browser_webconsole_object_inspector_getters.js                    | 27 +++++++++------------------
 devtools/client/webconsole/test/mochitest/browser_webconsole_object_inspector_getters_prototype.js          |  6 ++----
 devtools/client/webconsole/test/mochitest/browser_webconsole_telemetry_filters_changed.js                   |  9 +++------
 devtools/client/webconsole/test/mochitest/browser_webconsole_telemetry_jump_to_definition.js                |  3 +--
 devtools/client/webconsole/test/mochitest/browser_webconsole_telemetry_object_expanded.js                   |  3 +--
 devtools/client/webconsole/webconsole-wrapper.js                                                            |  3 +--
 devtools/server/actors/accessibility/walker.js                                                              |  6 ++----
 devtools/server/actors/accessibility/worker.js                                                              |  3 +--
 devtools/server/actors/highlighters/geometry-editor.js                                                      |  3 +--
 devtools/server/actors/highlighters/utils/markup.js                                                         | 15 +++++----------
 devtools/server/actors/promises.js                                                                          |  3 +--
 devtools/server/actors/source.js                                                                            |  3 +--
 devtools/server/actors/styles.js                                                                            |  3 +--
 devtools/server/actors/utils/TabSources.js                                                                  |  3 +--
 devtools/server/actors/webconsole.js                                                                        |  3 +--
 devtools/server/actors/webconsole/commands.js                                                               |  3 +--
 devtools/server/actors/webconsole/eval-with-debugger.js                                                     |  3 +--
 devtools/server/performance/profiler.js                                                                     |  6 ++----
 devtools/server/tests/browser/browser_accessibility_node_events.js                                          | 20 ++++++--------------
 devtools/server/tests/browser/browser_accessibility_walker.js                                               |  6 ++----
 devtools/server/tests/browser/head.js                                                                       |  6 ++----
 devtools/server/tests/unit/head_dbg.js                                                                      |  6 ++----
 devtools/server/tests/unit/test_promises_client_getdependentpromises.js                                     |  3 +--
 devtools/shared/event-emitter.js                                                                            |  3 +--
 devtools/shared/heapsnapshot/tests/unit/test_SaveHeapSnapshot.js                                            |  3 +--
 devtools/shared/layout/dom-matrix-2d.js                                                                     |  3 +--
 devtools/shared/layout/utils.js                                                                             |  9 +++------
 devtools/shared/tests/unit/test_eventemitter_basic.js                                                       |  3 +--
 devtools/shared/webconsole/js-property-provider.js                                                          |  3 +--
 devtools/shared/worker/worker.js                                                                            |  3 +--
 dom/ipc/tests/browser_JSWindowActor.js                                                                      |  6 ++----
 dom/media/PeerConnection.jsm                                                                                |  9 +++------
 dom/media/PeerConnectionIdp.jsm                                                                             |  3 +--
 intl/l10n/Fluent.jsm                                                                                        |  6 ++----
 mobile/android/chrome/content/aboutLogins.js                                                                |  3 +--
 mobile/android/chrome/content/aboutPrivateBrowsing.js                                                       |  3 +--
 mobile/android/chrome/geckoview/GeckoViewContentChild.js                                                    |  3 +--
 mobile/android/chrome/geckoview/GeckoViewMediaChild.js                                                      |  3 +--
 mobile/android/chrome/geckoview/GeckoViewPromptChild.js                                                     |  3 +--
 mobile/android/components/DirectoryProvider.js                                                              |  3 +--
 mobile/android/components/SessionStore.js                                                                   |  3 +--
 mobile/android/components/geckoview/GeckoViewPrompt.js                                                      |  3 +--
 mobile/android/modules/ActionBarHandler.jsm                                                                 |  3 +--
 mobile/android/modules/HelperApps.jsm                                                                       |  6 ++----
 mobile/android/modules/WebrtcUI.jsm                                                                         |  6 ++----
 mobile/android/modules/geckoview/GeckoViewAutoFill.jsm                                                      |  3 +--
 mobile/android/modules/geckoview/GeckoViewNavigation.jsm                                                    |  3 +--
 mobile/android/modules/geckoview/GeckoViewUtils.jsm                                                         | 15 +++++----------
 mobile/android/modules/geckoview/LoadURIDelegate.jsm                                                        |  6 ++----
 security/manager/pki/resources/content/certViewer.js                                                        |  6 ++----
 services/common/tests/unit/test_restrequest.js                                                              |  9 +++------
 services/fxaccounts/FxAccounts.jsm                                                                          |  6 ++----
 services/fxaccounts/FxAccountsWebChannel.jsm                                                                | 12 ++++--------
 services/fxaccounts/tests/xpcshell/test_accounts_device_registration.js                                     |  3 +--
 services/sync/modules/bookmark_validator.js                                                                 |  6 ++----
 services/sync/modules/doctor.js                                                                             |  3 +--
 services/sync/modules/engines.js                                                                            | 23 +++++++++++++++--------
 services/sync/modules/engines/clients.js                                                                    |  6 ++----
 services/sync/modules/engines/forms.js                                                                      |  3 +--
 services/sync/modules/engines/history.js                                                                    |  6 ++----
 services/sync/modules/util.js                                                                               |  6 ++----
 services/sync/tests/unit/head_helpers.js                                                                    |  3 +--
 services/sync/tests/unit/test_bookmark_repair.js                                                            |  3 +--
 services/sync/tests/unit/test_bookmark_repair_responder.js                                                  |  3 +--
 services/sync/tests/unit/test_engine_changes_during_sync.js                                                 |  3 +--
 services/sync/tests/unit/test_telemetry.js                                                                  |  3 +--
 services/sync/tps/extensions/tps/resource/modules/formautofill.jsm                                          |  3 +--
 testing/marionette/action.js                                                                                |  6 ++----
 testing/marionette/assert.js                                                                                |  6 ++----
 testing/marionette/modal.js                                                                                 |  3 +--
 testing/mochitest/BrowserTestUtils/BrowserTestUtils.jsm                                                     |  3 +--
 testing/mochitest/api.js                                                                                    |  3 +--
 testing/mochitest/tests/browser/browser_add_task.js                                                         |  3 +--
 testing/specialpowers/content/SpecialPowersObserverAPI.js                                                   |  6 ++----
 testing/talos/talos/bootstrap.js                                                                            |  3 +--
 testing/talos/talos/tests/cpstartup/extension/api.js                                                        |  3 +--
 testing/talos/talos/tests/devtools/addon/content/tests/webconsole/typing.js                                 |  6 ++----
 toolkit/actors/WebChannelChild.jsm                                                                          |  6 ++----
 toolkit/components/asyncshutdown/AsyncShutdown.jsm                                                          | 52 +++++++++++++++++++++++++++++++++++-----------------
 toolkit/components/downloads/DownloadCore.jsm                                                               | 15 +++++----------
 toolkit/components/extensions/Extension.jsm                                                                 |  3 +--
 toolkit/components/extensions/ExtensionUtils.jsm                                                            |  3 +--
 toolkit/components/extensions/test/xpcshell/test_ext_storage.js                                             |  3 +--
 toolkit/components/filewatcher/tests/xpcshell/head.js                                                       |  6 ++----
 toolkit/components/osfile/modules/osfile_unix_back.jsm                                                      |  6 ++----
 toolkit/components/passwordmgr/LoginManagerContent.jsm                                                      |  3 +--
 toolkit/components/passwordmgr/test/unit/test_logins_change.js                                              |  3 +--
 toolkit/components/places/BookmarkJSONUtils.jsm                                                             |  3 +--
 toolkit/components/places/PlacesSyncUtils.jsm                                                               | 15 +++++----------
 toolkit/components/places/SyncedBookmarksMirror.jsm                                                         | 18 ++++++------------
 toolkit/components/places/tests/bookmarks/head_bookmarks.js                                                 |  3 +--
 toolkit/components/places/tests/bookmarks/test_bookmarks_insert.js                                          |  6 ++----
 toolkit/components/places/tests/bookmarks/test_bookmarks_notifications.js                                   |  3 +--
 toolkit/components/places/tests/bookmarks/test_bookmarks_update.js                                          |  6 ++----
 toolkit/components/places/tests/bookmarks/test_keywords.js                                                  |  6 ++----
 toolkit/components/places/tests/head_common.js                                                              |  3 +--
 toolkit/components/places/tests/maintenance/test_preventive_maintenance.js                                  |  3 +--
 toolkit/components/places/tests/queries/test_downloadHistory_liveUpdate.js                                  |  3 +--
 toolkit/components/places/tests/sync/test_sync_utils.js                                                     | 48 ++++++++++++++++--------------------------------
 toolkit/components/places/tests/unit/test_async_transactions.js                                             |  9 +++------
 toolkit/components/places/tests/unit/test_keywords.js                                                       |  3 +--
 toolkit/components/places/tests/unit/test_origins_parsing.js                                                |  6 ++----
 toolkit/components/remotepagemanager/tests/browser/browser_RemotePageManager.js                             |  6 ++----
 toolkit/components/satchel/test/browser/browser_close_tab.js                                                |  3 +--
 toolkit/components/satchel/test/browser/browser_popup_mouseover.js                                          |  3 +--
 toolkit/components/search/tests/xpcshell/test_searchSuggest_cookies.js                                      |  6 ++----
 toolkit/components/telemetry/app/TelemetryStorage.jsm                                                       |  9 +++------
 toolkit/components/telemetry/pings/HealthPing.jsm                                                           | 11 +++++++----
 toolkit/components/telemetry/pings/TelemetrySession.jsm                                                     |  3 +--
 toolkit/components/telemetry/tests/unit/head.js                                                             |  3 +--
 toolkit/components/telemetry/tests/unit/test_TelemetryClientID_reset.js                                     |  3 +--
 toolkit/components/telemetry/tests/unit/test_TelemetryController.js                                         |  3 +--
 toolkit/components/telemetry/tests/unit/test_TelemetryController_idle.js                                    |  3 +--
 toolkit/components/telemetry/tests/unit/test_TelemetrySession.js                                            |  6 ++----
 toolkit/components/telemetry/tests/unit/test_TelemetryTimestamps.js                                         |  3 +--
 toolkit/components/telemetry/tests/utils/TelemetryTestUtils.jsm                                             |  3 +--
 toolkit/components/terminator/tests/xpcshell/test_terminator_reload.js                                      |  3 +--
 toolkit/content/aboutwebrtc/aboutWebrtc.js                                                                  |  6 ++----
 toolkit/content/tests/browser/browser_autoplay_policy_request_permission.js                                 |  3 +--
 toolkit/content/tests/browser/browser_autoplay_policy_web_audio.js                                          |  6 ++----
 toolkit/content/widgets/browser-custom-element.js                                                           |  3 +--
 toolkit/content/widgets/timekeeper.js                                                                       |  3 +--
 toolkit/crashreporter/test/browser/browser_clearReports.js                                                  |  3 +--
 toolkit/crashreporter/test/unit/head_crashreporter.js                                                       |  9 ++-------
 toolkit/modules/NewTabUtils.jsm                                                                             |  6 ++----
 toolkit/modules/sessionstore/SessionHistory.jsm                                                             | 12 +++++++-----
 toolkit/mozapps/downloads/DownloadUtils.jsm                                                                 |  3 +--
 toolkit/mozapps/extensions/content/extensions.js                                                            |  6 ++----
 toolkit/mozapps/extensions/internal/AddonRepository.jsm                                                     |  3 +--
 toolkit/mozapps/extensions/internal/AddonTestUtils.jsm                                                      |  3 +--
 toolkit/mozapps/extensions/internal/XPIDatabase.jsm                                                         |  6 ++----
 toolkit/mozapps/extensions/test/browser/browser_inlinesettings_browser.js                                   |  9 +++------
 toolkit/mozapps/extensions/test/browser/browser_manualupdates.js                                            |  3 +--
 toolkit/mozapps/extensions/test/browser/browser_webext_options.js                                           |  3 +--
 toolkit/mozapps/extensions/test/xpcshell/head_system_addons.js                                              |  3 +--
 toolkit/mozapps/extensions/test/xpcshell/test_webextension_events.js                                        |  3 +--
 toolkit/mozapps/update/tests/browser/head.js                                                                |  9 +++------
 tools/lint/eslint/eslint-plugin-mozilla/tests/use-default-preference-values.js                              |  3 +--
 tools/tryselect/selectors/chooser/static/filter.js                                                          |  3 +--
 uriloader/exthandler/tests/mochitest/browser_web_protocol_handlers.js                                       |  3 +--
 388 files changed, 782 insertions(+), 1379 deletions(-)
