 accessible/tests/browser/browser_shutdown_multi_proxy_acc_reference_doc.js                  |   2 +-
 accessible/tests/browser/browser_shutdown_multi_proxy_acc_reference_obj.js                  |   2 +-
 accessible/tests/browser/browser_shutdown_parent_own_reference.js                           |   2 +-
 accessible/tests/browser/browser_shutdown_proxy_acc_reference.js                            |   2 +-
 accessible/tests/browser/browser_shutdown_proxy_doc_acc_reference.js                        |   2 +-
 accessible/tests/browser/browser_shutdown_remote_no_reference.js                            |  12 ++++++------
 accessible/tests/browser/browser_shutdown_remote_only.js                                    |   2 +-
 accessible/tests/browser/browser_shutdown_remote_own_reference.js                           |  12 ++++++------
 accessible/tests/browser/e10s/browser_caching_attributes.js                                 |  24 ++++++++++++------------
 accessible/tests/browser/e10s/browser_caching_description.js                                |  52 ++++++++++++++++++++++++++--------------------------
 accessible/tests/browser/e10s/browser_caching_name.js                                       |  38 +++++++++++++++++++-------------------
 accessible/tests/browser/e10s/browser_caching_relations.js                                  |  10 +++++-----
 accessible/tests/browser/e10s/browser_caching_states.js                                     |  32 ++++++++++++++++----------------
 accessible/tests/browser/e10s/browser_caching_value.js                                      |  38 +++++++++++++++++++-------------------
 accessible/tests/browser/e10s/browser_events_textchange.js                                  |   2 +-
 accessible/tests/browser/e10s/browser_treeupdate_ariadialog.js                              |  14 +++++++-------
 accessible/tests/browser/e10s/browser_treeupdate_ariaowns.js                                |  74 +++++++++++++++++++++++++++++++++++++-------------------------------------
 accessible/tests/browser/e10s/browser_treeupdate_cssoverflow.js                             |  22 +++++++++++-----------
 accessible/tests/browser/e10s/browser_treeupdate_doc.js                                     |  62 +++++++++++++++++++++++++++++++-------------------------------
 accessible/tests/browser/e10s/browser_treeupdate_gencontent.js                              |  20 ++++++++++----------
 accessible/tests/browser/e10s/browser_treeupdate_imagemap.js                                |  38 +++++++++++++++++++-------------------
 accessible/tests/browser/e10s/browser_treeupdate_list.js                                    |   6 +++---
 accessible/tests/browser/e10s/browser_treeupdate_list_editabledoc.js                        |   8 ++++----
 accessible/tests/browser/e10s/browser_treeupdate_optgroup.js                                |  22 +++++++++++-----------
 accessible/tests/browser/e10s/browser_treeupdate_table.js                                   |  12 ++++++------
 accessible/tests/browser/e10s/browser_treeupdate_textleaf.js                                |   2 +-
 accessible/tests/browser/e10s/browser_treeupdate_visibility.js                              | 122 +++++++++++++++++++++++++++++++++++++++++++++++++++++++++++++-------------------------------------------------------------
 accessible/tests/browser/e10s/browser_treeupdate_whitespace.js                              |  16 ++++++++--------
 accessible/tests/browser/events.js                                                          |   2 +-
 accessible/tests/browser/events/browser_test_docload.js                                     |  14 +++++++-------
 accessible/tests/browser/events/browser_test_focus_browserui.js                             |   2 +-
 accessible/tests/browser/events/browser_test_focus_urlbar.js                                |   2 +-
 accessible/tests/browser/events/browser_test_textcaret.js                                   |   2 +-
 accessible/tests/browser/head.js                                                            |   6 +++---
 accessible/tests/browser/shared-head.js                                                     |   4 ++--
 accessible/tests/browser/tree/browser_aria_owns.js                                          |   2 +-
 browser/extensions/pdfjs/content/PdfJsDefaultPreferences.jsm                                |   2 +-
 devtools/client/inspector/changes/test/unit/mocks.js                                        |  24 ++++++++++++------------
 devtools/client/inspector/markup/test/browser_markup_events_jquery_1.0.js                   |  40 ++++++++++++++++++++--------------------
 devtools/client/inspector/markup/test/browser_markup_events_jquery_1.1.js                   |  38 +++++++++++++++++++-------------------
 devtools/client/inspector/markup/test/browser_markup_events_jquery_1.11.1.js                |  44 ++++++++++++++++++++++----------------------
 devtools/client/inspector/markup/test/browser_markup_events_jquery_1.2.js                   |  30 +++++++++++++++---------------
 devtools/client/inspector/markup/test/browser_markup_events_jquery_1.3.js                   |  40 ++++++++++++++++++++--------------------
 devtools/client/inspector/markup/test/browser_markup_events_jquery_1.4.js                   |  52 ++++++++++++++++++++++++++--------------------------
 devtools/client/inspector/markup/test/browser_markup_events_jquery_1.6.js                   |  68 ++++++++++++++++++++++++++++++++++----------------------------------
 devtools/client/inspector/markup/test/browser_markup_events_jquery_1.7.js                   |  60 ++++++++++++++++++++++++++++++------------------------------
 devtools/client/inspector/markup/test/browser_markup_events_jquery_2.1.1.js                 |  44 ++++++++++++++++++++++----------------------
 devtools/client/inspector/markup/test/browser_markup_events_react_development_15.4.1.js     |  50 +++++++++++++++++++++++++-------------------------
 devtools/client/inspector/markup/test/browser_markup_events_react_development_15.4.1_jsx.js |  50 +++++++++++++++++++++++++-------------------------
 devtools/client/inspector/markup/test/browser_markup_events_react_production_15.3.1.js      |  50 +++++++++++++++++++++++++-------------------------
 devtools/client/inspector/markup/test/browser_markup_events_react_production_15.3.1_jsx.js  |  50 +++++++++++++++++++++++++-------------------------
 devtools/client/inspector/markup/test/browser_markup_events_react_production_16.2.0.js      |  50 +++++++++++++++++++++++++-------------------------
 devtools/client/inspector/markup/test/browser_markup_events_react_production_16.2.0_jsx.js  |  50 +++++++++++++++++++++++++-------------------------
 devtools/client/performance/test/browser_perf-marker-details.js                             |   4 ++--
 devtools/client/performance/test/browser_perf-options-show-jit-optimizations.js             |  52 ++++++++++++++++++++++++++--------------------------
 devtools/client/performance/test/browser_perf-recordings-io-04.js                           |  20 ++++++++++----------
 devtools/client/performance/test/browser_perf-recordings-io-06.js                           |  20 ++++++++++----------
 devtools/client/performance/test/browser_perf-tree-view-11.js                               |  30 +++++++++++++++---------------
 devtools/client/performance/test/browser_timeline-filters-02.js                             |   2 +-
 devtools/client/shared/build/babel.js                                                       |   2 +-
 devtools/server/tests/unit/test_objectgrips-10.js                                           |   2 +-
 devtools/shared/deprecated-sync-thenables.js                                                |   4 ++--
 devtools/shared/plural-form.js                                                              |   2 +-
 intl/l10n/FluentSyntax.jsm                                                                  |   2 +-
 services/sync/tests/tps/test_addon_reconciling.js                                           |   2 +-
 services/sync/tests/tps/test_addon_restartless_xpi.js                                       |   2 +-
 services/sync/tests/tps/test_addon_webext_xpi.js                                            |   2 +-
 services/sync/tests/tps/test_addon_wipe.js                                                  |   2 +-
 services/sync/tests/tps/test_addresses.js                                                   |   2 +-
 services/sync/tests/tps/test_creditcards.js                                                 |   2 +-
 toolkit/mozapps/extensions/test/xpcshell/test_bug587088.js                                  |  12 ++++++------
 71 files changed, 795 insertions(+), 795 deletions(-)
