 accessible/jsat/AccessFu.jsm                                                                               |  1 +
 accessible/tests/browser/e10s/browser_treeupdate_imagemap.js                                               |  1 +
 accessible/tests/browser/shared-head.js                                                                    |  3 +++
 accessible/tests/mochitest/editabletext/editabletext.js                                                    |  1 +
 accessible/tests/mochitest/events.js                                                                       |  2 ++
 accessible/tests/mochitest/jsat/jsatcommon.js                                                              |  1 +
 browser/actors/BrowserTabChild.jsm                                                                         |  1 +
 browser/actors/NetErrorChild.jsm                                                                           |  2 ++
 browser/actors/PageInfoChild.jsm                                                                           |  1 +
 browser/actors/PluginChild.jsm                                                                             |  3 +++
 browser/actors/SearchTelemetryChild.jsm                                                                    |  1 +
 browser/base/content/aboutDialog-appUpdater.js                                                             |  1 +
 browser/base/content/aboutRestartRequired.js                                                               |  1 +
 browser/base/content/aboutTabCrashed.js                                                                    |  2 ++
 browser/base/content/browser-gestureSupport.js                                                             |  1 +
 browser/base/content/browser-pageActions.js                                                                |  1 +
 browser/base/content/browser-places.js                                                                     |  3 +++
 browser/base/content/browser-siteIdentity.js                                                               |  1 +
 browser/base/content/browser-thumbnails.js                                                                 |  1 +
 browser/base/content/browser-webrender.js                                                                  |  1 +
 browser/base/content/browser.js                                                                            |  4 ++++
 browser/base/content/contentTheme.js                                                                       |  1 +
 browser/base/content/pageinfo/pageInfo.js                                                                  |  1 +
 browser/base/content/test/captivePortal/browser_CaptivePortalWatcher.js                                    |  1 +
 browser/base/content/test/captivePortal/browser_CaptivePortalWatcher_1.js                                  |  1 +
 browser/base/content/test/forms/browser_selectpopup_colors.js                                              |  1 +
 browser/base/content/test/general/browser_bug356571.js                                                     |  1 +
 browser/base/content/test/general/browser_contextmenu_input.js                                             |  1 +
 browser/base/content/test/general/browser_save_video_frame.js                                              |  1 +
 browser/base/content/test/general/browser_web_channel.js                                                   |  4 ++++
 browser/base/content/test/general/contextmenu_common.js                                                    |  1 +
 browser/base/content/test/metaTags/browser_meta_tags.js                                                    |  1 +
 browser/base/content/test/performance/browser_startup_content.js                                           |  1 +
 browser/base/content/test/performance/browser_startup_flicker.js                                           |  1 +
 browser/base/content/test/performance/browser_tabclose.js                                                  |  1 +
 browser/base/content/test/performance/browser_tabclose_grow.js                                             |  1 +
 browser/base/content/test/performance/browser_tabopen.js                                                   |  1 +
 browser/base/content/test/performance/browser_tabopen_squeeze.js                                           |  1 +
 browser/base/content/test/performance/browser_tabstrip_overflow_underflow.js                               |  2 ++
 browser/base/content/test/performance/browser_tabswitch.js                                                 |  1 +
 browser/base/content/test/performance/browser_urlbar_keyed_search.js                                       |  1 +
 browser/base/content/test/performance/browser_urlbar_keyed_search_legacy.js                                |  1 +
 browser/base/content/test/performance/browser_urlbar_search.js                                             |  1 +
 browser/base/content/test/performance/browser_urlbar_search_legacy.js                                      |  1 +
 browser/base/content/test/performance/browser_window_resize.js                                             |  1 +
 browser/base/content/test/performance/browser_windowclose.js                                               |  1 +
 browser/base/content/test/performance/browser_windowopen.js                                                |  1 +
 browser/base/content/test/sanitize/browser_sanitizeDialog.js                                               |  1 +
 browser/base/content/test/sync/browser_contextmenu_sendtab.js                                              |  1 +
 browser/base/content/utilityOverlay.js                                                                     |  1 +
 browser/components/BrowserContentHandler.jsm                                                               |  3 +++
 browser/components/BrowserGlue.jsm                                                                         |  1 +
 browser/components/attribution/AttributionCode.jsm                                                         |  1 +
 browser/components/customizableui/CustomizableUI.jsm                                                       | 43 +++++++++++++++++++++++++++++++++++++++++++
 browser/components/customizableui/PanelMultiView.jsm                                                       |  2 ++
 browser/components/customizableui/content/panelUI.js                                                       |  2 ++
 browser/components/customizableui/test/CustomizableUITestUtils.jsm                                         |  1 +
 browser/components/customizableui/test/browser_877006_missing_view.js                                      |  1 +
 browser/components/customizableui/test/browser_940307_panel_click_closure_handling.js                      |  1 +
 browser/components/customizableui/test/browser_synced_tabs_menu.js                                         |  1 +
 browser/components/distribution.js                                                                         |  1 +
 browser/components/downloads/DownloadsCommon.jsm                                                           |  2 ++
 browser/components/downloads/DownloadsTaskbar.jsm                                                          |  1 +
 browser/components/downloads/DownloadsViewUI.jsm                                                           |  2 ++
 browser/components/downloads/content/downloads.js                                                          |  4 ++++
 browser/components/downloads/content/indicator.js                                                          |  2 ++
 browser/components/downloads/test/browser/browser_basic_functionality.js                                   |  1 +
 browser/components/enterprisepolicies/tests/browser/browser_policies_simple_pref_policies.js               |  1 +
 browser/components/extensions/ExtensionControlledPopup.jsm                                                 |  1 +
 browser/components/extensions/ProfilerGetSymbols.jsm                                                       |  1 +
 browser/components/extensions/parent/ext-browser.js                                                        |  2 ++
 browser/components/extensions/parent/ext-find.js                                                           |  1 +
 browser/components/extensions/parent/ext-pkcs11.js                                                         |  4 ++++
 browser/components/extensions/test/browser/browser_ext_tabs_events_order.js                                |  1 +
 browser/components/extensions/test/xpcshell/test_ext_chrome_settings_overrides_update.js                   |  1 +
 browser/components/migration/IEProfileMigrator.jsm                                                         |  1 +
 browser/components/migration/MSMigrationUtils.jsm                                                          |  2 ++
 browser/components/migration/MigrationUtils.jsm                                                            |  1 +
 browser/components/migration/SafariProfileMigrator.jsm                                                     |  1 +
 browser/components/migration/tests/unit/test_Edge_db_migration.js                                          |  1 +
 browser/components/originattributes/test/browser/head.js                                                   |  1 +
 browser/components/payments/content/paymentDialogWrapper.js                                                |  1 +
 browser/components/payments/res/PaymentsStore.js                                                           |  1 +
 browser/components/payments/res/components/accepted-cards.js                                               |  1 +
 browser/components/payments/res/components/address-option.js                                               |  1 +
 browser/components/payments/res/containers/address-form.js                                                 |  1 +
 browser/components/payments/res/containers/billing-address-picker.js                                       |  1 +
 browser/components/payments/test/PaymentTestUtils.jsm                                                      |  2 ++
 browser/components/places/PlacesUIUtils.jsm                                                                |  1 +
 browser/components/places/content/bookmarkProperties.js                                                    |  1 +
 browser/components/places/content/bookmarksSidebar.js                                                      |  1 +
 browser/components/places/content/controller.js                                                            |  3 +++
 browser/components/places/content/historySidebar.js                                                        |  1 +
 browser/components/places/content/places-tree.js                                                           |  8 ++++++++
 browser/components/places/content/places.js                                                                |  2 ++
 browser/components/pocket/content/main.js                                                                  |  1 +
 browser/components/pocket/content/pktApi.jsm                                                               |  1 +
 browser/components/preferences/in-content/home.js                                                          |  1 +
 browser/components/preferences/in-content/main.js                                                          |  1 +
 browser/components/preferences/in-content/privacy.js                                                       |  1 +
 browser/components/preferences/in-content/subdialogs.js                                                    |  1 +
 browser/components/preferences/in-content/sync.js                                                          |  1 +
 browser/components/preferences/in-content/tests/browser_connection_dnsoverhttps.js                         |  1 +
 browser/components/preferences/in-content/tests/browser_privacypane_2.js                                   |  1 +
 browser/components/preferences/in-content/tests/browser_privacypane_3.js                                   |  1 +
 browser/components/preferences/in-content/tests/browser_search_within_preferences_1.js                     |  1 +
 browser/components/preferences/in-content/tests/browser_search_within_preferences_2.js                     |  1 +
 browser/components/preferences/selectBookmark.js                                                           |  2 ++
 browser/components/resistfingerprinting/test/browser/browser_dynamical_window_rounding.js                  |  2 ++
 browser/components/search/SearchTelemetry.jsm                                                              |  1 +
 browser/components/search/content/autocomplete-popup.js                                                    |  1 +
 browser/components/search/content/searchbar.js                                                             |  2 ++
 browser/components/search/test/browser/browser_426329.js                                                   |  1 +
 browser/components/sessionstore/ContentRestore.jsm                                                         |  1 +
 browser/components/sessionstore/GlobalState.jsm                                                            |  2 ++
 browser/components/sessionstore/SessionCookies.jsm                                                         |  2 ++
 browser/components/sessionstore/SessionFile.jsm                                                            |  3 +++
 browser/components/sessionstore/SessionMigration.jsm                                                       |  4 ++++
 browser/components/sessionstore/SessionSaver.jsm                                                           |  2 ++
 browser/components/sessionstore/SessionStore.jsm                                                           |  2 ++
 browser/components/sessionstore/SessionWorker.js                                                           |  4 ++++
 browser/components/sessionstore/StartupPerformance.jsm                                                     |  1 +
 browser/components/sessionstore/TabState.jsm                                                               |  1 +
 browser/components/sessionstore/TabStateCache.jsm                                                          |  1 +
 browser/components/sessionstore/TabStateFlusher.jsm                                                        |  1 +
 browser/components/sessionstore/test/browser_248970_b_perwindowpb.js                                       |  1 +
 browser/components/sessionstore/test/browser_339445.js                                                     |  1 +
 browser/components/sessionstore/test/browser_345898.js                                                     |  1 +
 browser/components/sessionstore/test/browser_350525.js                                                     |  1 +
 browser/components/sessionstore/test/browser_447951.js                                                     |  1 +
 browser/components/sessionstore/test/browser_459906.js                                                     |  1 +
 browser/components/sessionstore/test/browser_461634.js                                                     |  1 +
 browser/components/sessionstore/test/browser_461743.js                                                     |  1 +
 browser/components/sessionstore/test/browser_464199.js                                                     |  1 +
 browser/components/sessionstore/test/browser_464620_a.js                                                   |  1 +
 browser/components/sessionstore/test/browser_464620_b.js                                                   |  1 +
 browser/components/sessionstore/test/browser_465223.js                                                     |  1 +
 browser/components/sessionstore/test/browser_477657.js                                                     |  1 +
 browser/components/sessionstore/test/browser_485563.js                                                     |  1 +
 browser/components/sessionstore/test/browser_491577.js                                                     |  1 +
 browser/components/sessionstore/test/browser_495495.js                                                     |  1 +
 browser/components/sessionstore/test/browser_506482.js                                                     |  1 +
 browser/components/sessionstore/test/browser_514751.js                                                     |  1 +
 browser/components/sessionstore/test/browser_522545.js                                                     |  1 +
 browser/components/sessionstore/test/browser_524745.js                                                     |  1 +
 browser/components/sessionstore/test/browser_526613.js                                                     |  1 +
 browser/components/sessionstore/test/browser_589246.js                                                     |  1 +
 browser/components/sessionstore/test/browser_590268.js                                                     |  1 +
 browser/components/sessionstore/test/browser_600545.js                                                     |  1 +
 browser/components/sessionstore/test/browser_607016.js                                                     |  1 +
 browser/components/sessionstore/test/browser_615394-SSWindowState_events_duplicateTab.js                   |  1 +
 browser/components/sessionstore/test/browser_615394-SSWindowState_events_setBrowserState.js                |  1 +
 browser/components/sessionstore/test/browser_615394-SSWindowState_events_setTabState.js                    |  1 +
 browser/components/sessionstore/test/browser_615394-SSWindowState_events_setWindowState.js                 |  1 +
 browser/components/sessionstore/test/browser_615394-SSWindowState_events_undoCloseWindow.js                |  1 +
 browser/components/sessionstore/test/browser_618151.js                                                     |  1 +
 browser/components/sessionstore/test/browser_625016.js                                                     |  1 +
 browser/components/sessionstore/test/browser_662743.js                                                     |  1 +
 browser/components/sessionstore/test/browser_formdata_format.js                                            |  1 +
 browser/components/shell/ShellService.jsm                                                                  |  1 +
 browser/components/tests/unit/test_distribution.js                                                         |  1 +
 browser/components/translation/BingTranslator.jsm                                                          |  2 ++
 browser/components/translation/GoogleTranslator.jsm                                                        |  2 ++
 browser/components/translation/LanguageDetector.jsm                                                        |  1 +
 browser/components/translation/YandexTranslator.jsm                                                        |  2 ++
 browser/components/uitour/UITour-lib.js                                                                    |  1 +
 browser/components/uitour/UITour.jsm                                                                       |  2 ++
 browser/components/urlbar/UrlbarController.jsm                                                             |  1 +
 browser/components/urlbar/UrlbarEventBufferer.jsm                                                          |  1 +
 browser/components/urlbar/UrlbarInput.jsm                                                                  |  2 ++
 browser/components/urlbar/UrlbarPrefs.jsm                                                                  |  1 +
 browser/components/urlbar/UrlbarProvidersManager.jsm                                                       |  2 ++
 browser/components/urlbar/UrlbarResult.jsm                                                                 |  1 +
 browser/components/urlbar/UrlbarUtils.jsm                                                                  |  8 ++++++++
 browser/components/urlbar/UrlbarValueFormatter.jsm                                                         |  1 +
 browser/components/urlbar/UrlbarView.jsm                                                                   |  1 +
 browser/components/urlbar/tests/UrlbarTestUtils.jsm                                                        |  1 +
 browser/components/urlbar/tests/browser/browser_stop_pending.js                                            |  1 +
 browser/components/urlbar/tests/unit/test_muxer.js                                                         |  1 +
 browser/components/urlbar/tests/unit/test_providersManager_filtering.js                                    |  1 +
 browser/extensions/formautofill/FormAutofillContent.jsm                                                    |  1 +
 browser/extensions/formautofill/FormAutofillDoorhanger.jsm                                                 |  3 +++
 browser/extensions/formautofill/FormAutofillHandler.jsm                                                    |  2 ++
 browser/extensions/formautofill/FormAutofillHeuristics.jsm                                                 |  1 +
 browser/extensions/formautofill/FormAutofillParent.jsm                                                     |  1 +
 browser/extensions/formautofill/FormAutofillPreferences.jsm                                                |  1 +
 browser/extensions/formautofill/FormAutofillStorage.jsm                                                    |  1 +
 browser/extensions/formautofill/FormAutofillUtils.jsm                                                      |  1 +
 browser/extensions/formautofill/OSKeyStore.jsm                                                             |  1 +
 browser/extensions/formautofill/content/autofillEditForms.js                                               |  3 +++
 browser/extensions/pdfjs/test/browser_pdfjs_navigation.js                                                  |  1 +
 browser/extensions/webcompat/ua_overrides.js                                                               | 18 ++++++++++++++++++
 browser/modules/BrowserWindowTracker.jsm                                                                   |  1 +
 browser/modules/ContentCrashHandlers.jsm                                                                   |  1 +
 browser/modules/PageActions.jsm                                                                            |  2 ++
 browser/modules/PermissionUI.jsm                                                                           |  1 +
 browser/modules/ProcessHangMonitor.jsm                                                                     |  1 +
 browser/modules/Sanitizer.jsm                                                                              |  1 +
 browser/modules/SitePermissions.jsm                                                                        |  1 +
 browser/modules/TabUnloader.jsm                                                                            |  1 +
 browser/modules/WindowsJumpLists.jsm                                                                       |  1 +
 browser/tools/mozscreenshots/mozscreenshots/extension/TestRunner.jsm                                       |  1 +
 devtools/client/aboutdebugging-new/test/browser/browser_aboutdebugging_addons_debug_setting_thisfirefox.js |  1 +
 devtools/client/aboutdebugging-new/test/browser/browser_aboutdebugging_debug-target-pane_empty.js          |  1 +
 devtools/client/aboutdebugging-new/test/browser/browser_aboutdebugging_serviceworker_runtime-page.js       |  1 +
 devtools/client/aboutdebugging-new/test/browser/browser_aboutdebugging_telemetry_navigate.js               |  1 +
 devtools/client/aboutdebugging-new/test/browser/helper-mocks.js                                            |  3 +++
 devtools/client/accessibility/accessibility-view.js                                                        |  1 +
 devtools/client/accessibility/panel.js                                                                     |  1 +
 devtools/client/application/panel.js                                                                       |  1 +
 devtools/client/dom/content/grip-provider.js                                                               |  1 +
 devtools/client/dom/panel.js                                                                               |  1 +
 devtools/client/framework/ToolboxProcess.jsm                                                               |  1 +
 devtools/client/framework/devtools-browser.js                                                              |  1 +
 devtools/client/inspector/animation/actions/animations.js                                                  |  1 +
 devtools/client/inspector/animation/components/graph/TimingPath.js                                         |  1 +
 devtools/client/inspector/animation/current-time-timer.js                                                  |  1 +
 devtools/client/inspector/animation/utils/graph-helper.js                                                  |  1 +
 devtools/client/inspector/boxmodel/utils/editing-session.js                                                |  1 +
 devtools/client/inspector/changes/ChangesContextMenu.js                                                    |  1 +
 devtools/client/inspector/changes/selectors/changes.js                                                     |  1 +
 devtools/client/inspector/computed/computed.js                                                             |  2 ++
 devtools/client/inspector/flexbox/flexbox.js                                                               |  1 +
 devtools/client/inspector/fonts/utils/font-utils.js                                                        |  1 +
 devtools/client/inspector/grids/grid-inspector.js                                                          |  1 +
 devtools/client/inspector/inspector.js                                                                     |  1 +
 devtools/client/inspector/layout/layout.js                                                                 |  1 +
 devtools/client/inspector/markup/markup.js                                                                 |  1 +
 devtools/client/inspector/markup/test/browser_markup_events_chrome_blocked.js                              |  1 +
 devtools/client/inspector/markup/test/browser_markup_events_chrome_not_blocked.js                          |  1 +
 devtools/client/inspector/rules/models/element-style.js                                                    |  1 +
 devtools/client/inspector/rules/models/rule.js                                                             |  1 +
 devtools/client/inspector/rules/models/text-property.js                                                    |  1 +
 devtools/client/inspector/rules/new-rules.js                                                               |  1 +
 devtools/client/inspector/rules/views/text-property-editor.js                                              |  1 +
 devtools/client/inspector/shared/highlighters-overlay.js                                                   |  1 +
 devtools/client/inspector/shared/style-inspector-menu.js                                                   |  1 +
 devtools/client/inspector/test/browser_inspector_highlighter-cssshape_05.js                                |  1 +
 devtools/client/memory/actions/snapshot.js                                                                 |  1 +
 devtools/client/memory/actions/tree-map-display.js                                                         |  1 +
 devtools/client/memory/components/tree-map/draw.js                                                         |  1 +
 devtools/client/netmonitor/src/components/RequestListContent.js                                            |  3 +++
 devtools/client/netmonitor/src/connector/firefox-data-provider.js                                          |  1 +
 devtools/client/netmonitor/src/har/har-importer.js                                                         |  1 +
 devtools/client/netmonitor/src/har/har-menu-utils.js                                                       |  1 +
 devtools/client/netmonitor/src/har/toolbox-overlay.js                                                      |  1 +
 devtools/client/netmonitor/src/middleware/batching.js                                                      |  1 +
 devtools/client/netmonitor/src/utils/request-utils.js                                                      |  1 +
 devtools/client/netmonitor/test/browser_net_filter-01.js                                                   |  1 +
 devtools/client/netmonitor/test/browser_net_filter-02.js                                                   |  1 +
 devtools/client/netmonitor/test/browser_net_filter-04.js                                                   |  1 +
 devtools/client/netmonitor/test/browser_net_prefs-reload.js                                                |  1 +
 devtools/client/netmonitor/webpack.config.js                                                               |  1 +
 devtools/client/performance-new/store/reducers.js                                                          |  1 +
 devtools/client/performance/modules/logic/tree-model.js                                                    |  2 ++
 devtools/client/performance/modules/logic/waterfall-utils.js                                               |  1 +
 devtools/client/performance/modules/marker-blueprint-utils.js                                              |  1 +
 devtools/client/performance/modules/marker-dom-utils.js                                                    |  1 +
 devtools/client/performance/modules/marker-formatters.js                                                   |  1 +
 devtools/client/performance/modules/markers.js                                                             |  1 +
 devtools/client/performance/modules/widgets/marker-details.js                                              |  1 +
 devtools/client/performance/modules/widgets/tree-view.js                                                   |  1 +
 devtools/client/performance/panel.js                                                                       |  1 +
 devtools/client/performance/performance-view.js                                                            |  1 +
 devtools/client/performance/test/helpers/profiler-mm-utils.js                                              |  1 +
 devtools/client/performance/test/unit/test_marker-blueprint.js                                             |  1 +
 devtools/client/performance/test/unit/test_tree-model-allocations-01.js                                    |  1 +
 devtools/client/performance/views/details-abstract-subview.js                                              |  1 +
 devtools/client/performance/views/details.js                                                               |  1 +
 devtools/client/performance/views/overview.js                                                              |  1 +
 devtools/client/performance/views/recordings.js                                                            |  1 +
 devtools/client/performance/views/toolbar.js                                                               |  1 +
 devtools/client/responsive.html/components/Browser.js                                                      |  1 +
 devtools/client/scratchpad/panel.js                                                                        |  1 +
 devtools/client/scratchpad/scratchpad.js                                                                   |  4 ++++
 devtools/client/scratchpad/test/browser_scratchpad_confirm_close.js                                        |  1 +
 devtools/client/shared/SplitView.jsm                                                                       |  1 +
 devtools/client/shared/browser-loader.js                                                                   |  1 +
 devtools/client/shared/components/AutoCompletePopup.js                                                     |  1 +
 devtools/client/shared/components/NotificationBox.js                                                       |  1 +
 devtools/client/shared/components/tree/ObjectProvider.js                                                   |  1 +
 devtools/client/shared/curl.js                                                                             |  3 +++
 devtools/client/shared/options-view.js                                                                     |  3 +++
 devtools/client/shared/output-parser.js                                                                    |  1 +
 devtools/client/shared/redux/middleware/log.js                                                             |  1 +
 devtools/client/shared/scroll.js                                                                           |  1 +
 devtools/client/shared/sourceeditor/editor.js                                                              |  1 +
 devtools/client/shared/test/browser_html_tooltip_rtl.js                                                    |  2 ++
 devtools/client/shared/test/leakhunt.js                                                                    |  1 +
 devtools/client/shared/test/test-actor.js                                                                  |  1 +
 devtools/client/shared/widgets/CubicBezierWidget.js                                                        |  2 ++
 devtools/client/shared/widgets/FlameGraph.js                                                               |  1 +
 devtools/client/shared/widgets/Graphs.js                                                                   |  1 +
 devtools/client/shared/widgets/VariablesView.jsm                                                           |  5 +++++
 devtools/client/shared/widgets/VariablesViewController.jsm                                                 |  2 ++
 devtools/client/shared/widgets/tooltip/HTMLTooltip.js                                                      |  1 +
 devtools/client/shared/widgets/tooltip/InlineTooltip.js                                                    |  1 +
 devtools/client/shared/widgets/tooltip/SwatchColorPickerTooltip.js                                         |  1 +
 devtools/client/shared/widgets/tooltip/TooltipToggle.js                                                    |  1 +
 devtools/client/shared/widgets/view-helpers.js                                                             |  1 +
 devtools/client/storage/test/head.js                                                                       |  2 ++
 devtools/client/styleeditor/StyleEditorUI.jsm                                                              |  1 +
 devtools/client/styleeditor/StyleSheetEditor.jsm                                                           |  1 +
 devtools/client/styleeditor/original-source.js                                                             |  1 +
 devtools/client/styleeditor/test/browser_styleeditor_init.js                                               |  1 +
 devtools/client/styleeditor/test/browser_styleeditor_missing_stylesheet.js                                 |  1 +
 devtools/client/styleeditor/test/browser_styleeditor_private_perwindowpb.js                                |  1 +
 devtools/client/webconsole/browser-console.js                                                              |  1 +
 devtools/client/webconsole/test/fixtures/stub-generators/head.js                                           |  1 +
 devtools/client/webconsole/test/mochitest/browser_jsterm_autocomplete_in_debugger_stackframe.js            |  1 +
 devtools/client/webconsole/test/mochitest/browser_webconsole_eval_in_debugger_stackframe.js                |  1 +
 devtools/client/webconsole/test/mochitest/browser_webconsole_filter_by_input.js                            |  1 +
 devtools/client/webconsole/webconsole-connection-proxy.js                                                  |  5 +++++
 devtools/client/webconsole/webconsole-ui.js                                                                |  1 +
 devtools/client/webconsole/webconsole-wrapper.js                                                           |  1 +
 devtools/client/webconsole/webconsole.js                                                                   |  1 +
 devtools/server/actors/addon/webextension-inspected-window.js                                              |  1 +
 devtools/server/actors/animation.js                                                                        |  1 +
 devtools/server/actors/changes.js                                                                          |  3 +++
 devtools/server/actors/common.js                                                                           |  1 +
 devtools/server/actors/frame.js                                                                            |  1 +
 devtools/server/actors/highlighters.js                                                                     |  1 +
 devtools/server/actors/highlighters/shapes.js                                                              |  2 ++
 devtools/server/actors/highlighters/simple-outline.js                                                      |  1 +
 devtools/server/actors/highlighters/utils/accessibility.js                                                 |  1 +
 devtools/server/actors/inspector/css-logic.js                                                              |  2 ++
 devtools/server/actors/inspector/event-collector.js                                                        |  1 +
 devtools/server/actors/inspector/walker.js                                                                 |  2 ++
 devtools/server/actors/layout.js                                                                           |  3 +++
 devtools/server/actors/network-monitor.js                                                                  |  1 +
 devtools/server/actors/object.js                                                                           |  1 +
 devtools/server/actors/pause-scoped.js                                                                     |  2 ++
 devtools/server/actors/promises.js                                                                         |  1 +
 devtools/server/actors/reflow.js                                                                           |  2 ++
 devtools/server/actors/root.js                                                                             |  4 ++++
 devtools/server/actors/styles.js                                                                           |  1 +
 devtools/server/actors/stylesheets.js                                                                      |  1 +
 devtools/server/actors/targets/webextension-proxy.js                                                       |  1 +
 devtools/server/actors/utils/TabSources.js                                                                 |  1 +
 devtools/server/actors/utils/dbg-source.js                                                                 |  1 +
 devtools/server/actors/utils/event-loop.js                                                                 |  1 +
 devtools/server/actors/utils/stack.js                                                                      |  1 +
 devtools/server/actors/utils/track-change-emitter.js                                                       |  1 +
 devtools/server/actors/utils/walker-search.js                                                              |  1 +
 devtools/server/actors/webbrowser.js                                                                       |  6 ++++++
 devtools/server/actors/webconsole.js                                                                       |  1 +
 devtools/server/actors/webconsole/listeners/console-progress.js                                            |  1 +
 devtools/server/actors/worker/service-worker-registration.js                                               |  1 +
 devtools/server/performance/recorder.js                                                                    |  1 +
 devtools/server/performance/timeline.js                                                                    |  1 +
 devtools/server/tests/browser/storage-helpers.js                                                           |  2 ++
 devtools/server/tests/unit/test_forwardingprefix.js                                                        |  2 ++
 devtools/shared/Parser.jsm                                                                                 |  7 +++++++
 devtools/shared/adb/commands/list-devices.js                                                               |  1 +
 devtools/shared/client/debugger-client.js                                                                  |  1 +
 devtools/shared/client/event-source.js                                                                     |  1 +
 devtools/shared/client/long-string-client.js                                                               |  1 +
 devtools/shared/content-observer.js                                                                        |  1 +
 devtools/shared/css/lexer.js                                                                               |  4 ++++
 devtools/shared/fronts/css-properties.js                                                                   |  2 ++
 devtools/shared/fronts/inspector.js                                                                        |  1 +
 devtools/shared/fronts/inspector/rule-rewriter.js                                                          |  1 +
 devtools/shared/fronts/styles.js                                                                           |  1 +
 devtools/shared/fronts/webconsole.js                                                                       |  1 +
 devtools/shared/indexed-db.js                                                                              |  2 ++
 devtools/shared/l10n.js                                                                                    |  1 +
 devtools/shared/platform/cache-entry.js                                                                    |  2 ++
 devtools/shared/plural-form.js                                                                             |  1 +
 devtools/shared/protocol.js                                                                                |  2 ++
 devtools/shared/security/socket.js                                                                         |  1 +
 devtools/shared/specs/index.js                                                                             |  6 ++++++
 devtools/shared/specs/reflow.js                                                                            |  1 +
 devtools/shared/specs/timeline.js                                                                          |  1 +
 devtools/shared/specs/webconsole.js                                                                        |  8 ++++++++
 devtools/shared/task.js                                                                                    |  2 ++
 devtools/shared/transport/local-transport.js                                                               |  1 +
 devtools/shared/transport/packets.js                                                                       |  1 +
 devtools/shared/transport/transport.js                                                                     |  1 +
 devtools/shared/wasm-source-map.js                                                                         |  1 +
 devtools/shared/webconsole/network-helper.js                                                               |  1 +
 devtools/shared/webconsole/test/unit/test_js_property_provider.js                                          |  1 +
 devtools/shared/webconsole/throttle.js                                                                     |  2 ++
 devtools/shared/worker/helper.js                                                                           |  1 +
 devtools/shared/worker/loader.js                                                                           |  1 +
 devtools/startup/DevToolsStartup.jsm                                                                       |  1 +
 dom/base/test/unit/test_isequalnode.js                                                                     |  1 +
 dom/base/test/unit/test_normalize.js                                                                       |  1 +
 dom/cache/test/mochitest/driver.js                                                                         |  1 +
 dom/crypto/test/test-vectors.js                                                                            |  1 +
 dom/manifest/ManifestObtainer.jsm                                                                          |  1 +
 dom/plugins/test/mochitest/hangui_iface.js                                                                 |  1 +
 dom/presentation/provider/AndroidCastDeviceProvider.jsm                                                    |  1 +
 dom/presentation/provider/PresentationControlService.jsm                                                   |  1 +
 dom/presentation/tests/mochitest/PresentationSessionFrameScript.js                                         |  3 +++
 dom/presentation/tests/mochitest/test_presentation_1ua_sender_and_receiver.js                              |  1 +
 dom/tests/browser/browser_largeAllocation_non_win32.js                                                     |  1 +
 intl/l10n/DOMLocalization.jsm                                                                              |  1 +
 intl/l10n/Fluent.jsm                                                                                       |  3 +++
 intl/l10n/L10nRegistry.jsm                                                                                 |  4 ++++
 intl/l10n/Localization.jsm                                                                                 |  4 ++++
 js/src/builtin/Error.js                                                                                    |  1 +
 js/src/builtin/Function.js                                                                                 |  1 +
 mobile/android/chrome/content/content.js                                                                   |  2 ++
 mobile/android/chrome/geckoview/geckoview.js                                                               |  1 +
 mobile/android/components/PresentationRequestUIGlue.js                                                     |  1 +
 mobile/android/extensions/webcompat/ua_overrides.js                                                        | 18 ++++++++++++++++++
 mobile/android/modules/FxAccountsWebChannel.jsm                                                            |  4 ++++
 mobile/android/modules/HomeProvider.jsm                                                                    |  1 +
 mobile/android/modules/Snackbars.jsm                                                                       |  1 +
 mobile/android/modules/WebsiteMetadata.jsm                                                                 |  1 +
 mobile/android/modules/dbg-browser-actors.js                                                               |  1 +
 mobile/android/modules/geckoview/GeckoViewUtils.jsm                                                        |  1 +
 mobile/android/modules/geckoview/Messaging.jsm                                                             |  1 +
 modules/libmar/tests/unit/test_create.js                                                                   |  1 +
 modules/libmar/tests/unit/test_extract.js                                                                  |  1 +
 modules/libmar/tests/unit/test_sign_verify.js                                                              |  1 +
 modules/libpref/test/unit/test_libPrefs.js                                                                 |  1 +
 netwerk/base/NetUtil.jsm                                                                                   |  1 +
 netwerk/test/httpserver/httpd.js                                                                           | 20 ++++++++++++++++++++
 netwerk/test/httpserver/test/head_utils.js                                                                 |  6 ++++++
 netwerk/test/httpserver/test/test_async_response_sending.js                                                |  7 +++++++
 netwerk/test/httpserver/test/test_sjs_object_state.js                                                      |  1 +
 remote/WindowManager.jsm                                                                                   |  2 ++
 remote/server/Transport.jsm                                                                                |  1 +
 remote/targets/MainProcessTarget.jsm                                                                       |  1 +
 remote/targets/TabTarget.jsm                                                                               |  1 +
 security/manager/pki/resources/content/certManager.js                                                      |  3 +++
 security/manager/pki/resources/content/certViewer.js                                                       |  3 +++
 security/manager/pki/resources/content/clientauthask.js                                                    |  2 ++
 security/manager/pki/resources/content/editcacert.js                                                       |  1 +
 security/manager/ssl/DER.jsm                                                                               |  2 ++
 security/manager/ssl/X509.jsm                                                                              |  2 ++
 security/manager/ssl/tests/mochitest/browser/browser_clientAuth_ui.js                                      |  1 +
 services/common/observers.js                                                                               |  1 +
 services/common/tokenserverclient.js                                                                       |  1 +
 services/common/uptake-telemetry.js                                                                        |  1 +
 services/common/utils.js                                                                                   |  1 +
 services/crypto/modules/jwcrypto.jsm                                                                       |  1 +
 services/crypto/tests/unit/test_jwcrypto.js                                                                |  2 ++
 services/crypto/tests/unit/test_utils_hawk.js                                                              |  1 +
 services/fxaccounts/Credentials.jsm                                                                        |  1 +
 services/fxaccounts/FxAccountsCommands.js                                                                  |  1 +
 services/fxaccounts/FxAccountsProfileClient.jsm                                                            |  1 +
 services/fxaccounts/FxAccountsPush.jsm                                                                     | 11 +++++++++++
 services/fxaccounts/FxAccountsStorage.jsm                                                                  |  1 +
 services/fxaccounts/FxAccountsWebChannel.jsm                                                               |  3 +++
 services/fxaccounts/tests/xpcshell/test_profile.js                                                         |  1 +
 services/settings/RemoteSettingsWorker.js                                                                  |  1 +
 services/sync/modules/SyncedTabs.jsm                                                                       |  1 +
 services/sync/modules/addonsreconciler.js                                                                  |  2 ++
 services/sync/modules/addonutils.js                                                                        |  1 +
 services/sync/modules/engines.js                                                                           |  1 +
 services/sync/modules/engines/prefs.js                                                                     |  1 +
 services/sync/modules/policies.js                                                                          |  1 +
 services/sync/tests/tps/test_formdata.js                                                                   |  1 +
 services/sync/tests/unit/head_helpers.js                                                                   |  1 +
 services/sync/tests/unit/head_http_server.js                                                               |  1 +
 services/sync/tps/extensions/tps/api.js                                                                    |  1 +
 services/sync/tps/extensions/tps/resource/modules/bookmarks.jsm                                            |  4 ++++
 services/sync/tps/extensions/tps/resource/modules/forms.jsm                                                |  3 +++
 services/sync/tps/extensions/tps/resource/modules/history.jsm                                              |  1 +
 services/sync/tps/extensions/tps/resource/modules/passwords.jsm                                            |  1 +
 services/sync/tps/extensions/tps/resource/modules/prefs.jsm                                                |  1 +
 services/sync/tps/extensions/tps/resource/modules/tabs.jsm                                                 |  1 +
 services/sync/tps/extensions/tps/resource/modules/windows.jsm                                              |  1 +
 storage/test/unit/test_chunk_growth.js                                                                     |  2 ++
 storage/test/unit/test_statement_executeAsync.js                                                           |  1 +
 testing/marionette/accessibility.js                                                                        |  1 +
 testing/marionette/addon.js                                                                                |  1 +
 testing/marionette/browser.js                                                                              |  3 +++
 testing/marionette/capabilities.js                                                                         | 10 ++++++++++
 testing/marionette/cert.js                                                                                 |  1 +
 testing/marionette/dom.js                                                                                  |  2 ++
 testing/marionette/element.js                                                                              |  1 +
 testing/marionette/error.js                                                                                |  1 +
 testing/marionette/evaluate.js                                                                             |  1 +
 testing/marionette/log.js                                                                                  |  1 +
 testing/marionette/message.js                                                                              |  3 +++
 testing/marionette/packets.js                                                                              |  1 +
 testing/marionette/prefs.js                                                                                |  2 ++
 testing/marionette/server.js                                                                               |  1 +
 testing/marionette/transport.js                                                                            |  1 +
 testing/mochitest/BrowserTestUtils/BrowserTestUtils.jsm                                                    |  3 +++
 testing/mochitest/BrowserTestUtils/ContentTask.jsm                                                         |  1 +
 testing/mochitest/BrowserTestUtils/ContentTaskUtils.jsm                                                    |  1 +
 testing/mochitest/server.js                                                                                |  1 +
 testing/modules/Assert.jsm                                                                                 |  2 ++
 testing/modules/FileTestUtils.jsm                                                                          |  1 +
 testing/specialpowers/content/specialpowersAPI.js                                                          |  5 +++++
 testing/talos/talos/pageloader/chrome/Profiler.js                                                          |  1 +
 testing/talos/talos/pageloader/chrome/pageloader.js                                                        |  1 +
 testing/talos/talos/pageloader/chrome/tscroll.js                                                           |  1 +
 testing/talos/talos/scripts/Profiler.js                                                                    |  1 +
 testing/talos/talos/talos-powers/content/TalosContentProfiler.js                                           |  1 +
 testing/talos/talos/talos-powers/content/TalosPowersContent.js                                             |  1 +
 testing/talos/talos/tests/devtools/addon/content/tests/head.js                                             |  1 +
 testing/talos/talos/tests/tart/addon/content/Profiler.js                                                   |  1 +
 testing/talos/talos/tests/tresize/addon/content/Profiler.js                                                |  1 +
 testing/xpcshell/example/unit/test_profile.js                                                              |  1 +
 testing/xpcshell/example/unit/test_profile_afterChange.js                                                  |  1 +
 testing/xpcshell/head.js                                                                                   |  1 +
 toolkit/actors/DateTimePickerChild.jsm                                                                     |  1 +
 toolkit/actors/ThumbnailsChild.jsm                                                                         |  3 +++
 toolkit/components/aboutmemory/content/aboutMemory.js                                                      |  1 +
 toolkit/components/aboutperformance/content/aboutPerformance.js                                            |  2 ++
 toolkit/components/antitracking/test/browser/browser_blockingCookies.js                                    |  2 ++
 toolkit/components/antitracking/test/browser/browser_blockingDOMCache.js                                   |  2 ++
 toolkit/components/antitracking/test/browser/browser_blockingIndexedDb.js                                  |  2 ++
 toolkit/components/antitracking/test/browser/browser_blockingLocalStorage.js                               |  2 ++
 toolkit/components/antitracking/test/browser/browser_blockingMessaging.js                                  |  2 ++
 toolkit/components/antitracking/test/browser/browser_blockingSessionStorage.js                             |  2 ++
 toolkit/components/antitracking/test/browser/browser_blockingSharedWorkers.js                              |  2 ++
 toolkit/components/antitracking/test/browser/browser_imageCache4-1.js                                      |  1 +
 toolkit/components/antitracking/test/browser/browser_imageCache4-2.js                                      |  1 +
 toolkit/components/antitracking/test/browser/browser_imageCache4.js                                        |  1 +
 toolkit/components/antitracking/test/browser/browser_imageCache8.js                                        |  1 +
 toolkit/components/antitracking/test/browser/browser_partitionedLocalStorage.js                            |  2 ++
 toolkit/components/antitracking/test/browser/browser_storageAccessDoorHanger.js                            |  1 +
 toolkit/components/antitracking/test/browser/browser_storageAccessPrivateWindow.js                         |  1 +
 toolkit/components/antitracking/test/browser/browser_storageAccessPromiseRejectHandlerUserInteraction.js   |  1 +
 toolkit/components/antitracking/test/browser/browser_storageAccessPromiseResolveHandlerUserInteraction.js  |  1 +
 toolkit/components/antitracking/test/browser/browser_storageAccessRemovalNavigateSubframe.js               |  3 +++
 toolkit/components/antitracking/test/browser/browser_storageAccessSandboxed.js                             |  6 ++++++
 toolkit/components/antitracking/test/browser/browser_storageAccessWithHeuristics.js                        |  4 ++++
 toolkit/components/asyncshutdown/AsyncShutdown.jsm                                                         |  9 +++++++++
 toolkit/components/cloudstorage/CloudStorage.jsm                                                           |  2 ++
 toolkit/components/contentprefs/ContentPrefService2.jsm                                                    |  1 +
 toolkit/components/ctypes/tests/chrome/ctypes_worker.js                                                    |  1 +
 toolkit/components/ctypes/tests/unit/test_jsctypes.js                                                      |  4 ++++
 toolkit/components/downloads/DownloadCore.jsm                                                              |  4 ++++
 toolkit/components/downloads/DownloadHistory.jsm                                                           |  2 ++
 toolkit/components/downloads/DownloadIntegration.jsm                                                       |  4 ++++
 toolkit/components/downloads/DownloadList.jsm                                                              |  2 ++
 toolkit/components/downloads/DownloadPaths.jsm                                                             |  1 +
 toolkit/components/downloads/DownloadStore.jsm                                                             |  1 +
 toolkit/components/downloads/DownloadUIHelper.jsm                                                          |  2 ++
 toolkit/components/downloads/Downloads.jsm                                                                 |  3 +++
 toolkit/components/extensions/ExtensionChild.jsm                                                           |  1 +
 toolkit/components/extensions/ExtensionChildDevToolsUtils.jsm                                              |  1 +
 toolkit/components/extensions/ExtensionCommon.jsm                                                          |  7 +++++++
 toolkit/components/extensions/ExtensionContent.jsm                                                         |  2 ++
 toolkit/components/extensions/ExtensionPageChild.jsm                                                       |  3 +++
 toolkit/components/extensions/ExtensionParent.jsm                                                          |  1 +
 toolkit/components/extensions/ExtensionPreferencesManager.jsm                                              |  1 +
 toolkit/components/extensions/ExtensionSettingsStore.jsm                                                   |  1 +
 toolkit/components/extensions/ExtensionStorageSync.jsm                                                     |  1 +
 toolkit/components/extensions/ExtensionTestCommon.jsm                                                      |  1 +
 toolkit/components/extensions/MessageChannel.jsm                                                           |  1 +
 toolkit/components/extensions/NativeMessaging.jsm                                                          |  1 +
 toolkit/components/extensions/Schemas.jsm                                                                  |  3 +++
 toolkit/components/extensions/parent/ext-theme.js                                                          |  1 +
 toolkit/components/extensions/test/xpcshell/test_ext_webRequest_set_cookie.js                              |  1 +
 toolkit/components/featuregates/FeatureGate.jsm                                                            |  1 +
 toolkit/components/filewatcher/tests/xpcshell/test_watch_file_deletion_single.js                           |  1 +
 toolkit/components/narrate/Narrator.jsm                                                                    |  3 +++
 toolkit/components/normandy/actions/AddonStudyAction.jsm                                                   |  4 ++++
 toolkit/components/normandy/content/AboutPages.jsm                                                         |  1 +
 toolkit/components/normandy/lib/AddonStudies.jsm                                                           |  1 +
 toolkit/components/normandy/lib/ClientEnvironment.jsm                                                      |  1 +
 toolkit/components/normandy/lib/LogManager.jsm                                                             |  1 +
 toolkit/components/normandy/lib/PrefUtils.jsm                                                              |  1 +
 toolkit/components/normandy/lib/PreferenceExperiments.jsm                                                  |  1 +
 toolkit/components/osfile/modules/osfile_async_front.jsm                                                   | 10 ++++++++++
 toolkit/components/osfile/modules/osfile_async_worker.js                                                   |  5 +++++
 toolkit/components/osfile/modules/osfile_shared_allthreads.jsm                                             |  7 +++++++
 toolkit/components/osfile/modules/osfile_shared_front.jsm                                                  |  5 +++++
 toolkit/components/osfile/modules/osfile_unix_allthreads.jsm                                               | 18 ++++++++++++++++++
 toolkit/components/osfile/modules/osfile_win_allthreads.jsm                                                | 20 ++++++++++++++++++++
 toolkit/components/passwordmgr/LoginFormFactory.jsm                                                        |  1 +
 toolkit/components/passwordmgr/LoginImport.jsm                                                             |  1 +
 toolkit/components/passwordmgr/LoginManagerContent.jsm                                                     |  2 ++
 toolkit/components/passwordmgr/LoginManagerContextMenu.jsm                                                 |  1 +
 toolkit/components/passwordmgr/LoginManagerParent.jsm                                                      |  1 +
 toolkit/components/passwordmgr/LoginRecipes.jsm                                                            |  1 +
 toolkit/components/passwordmgr/OSCrypto_win.js                                                             |  1 +
 toolkit/components/passwordmgr/test/LoginTestUtils.jsm                                                     |  2 ++
 toolkit/components/passwordmgr/test/browser/browser_context_menu.js                                        |  1 +
 toolkit/components/passwordmgr/test/mochitest/pwmgr_common.js                                              |  1 +
 toolkit/components/pictureinpicture/PictureInPicture.jsm                                                   |  1 +
 toolkit/components/places/BookmarkHTMLUtils.jsm                                                            |  1 +
 toolkit/components/places/BookmarkJSONUtils.jsm                                                            |  2 ++
 toolkit/components/places/Bookmarks.jsm                                                                    |  1 +
 toolkit/components/places/History.jsm                                                                      |  2 ++
 toolkit/components/places/PlacesBackups.jsm                                                                |  1 +
 toolkit/components/places/PlacesSearchAutocompleteProvider.jsm                                             |  3 +++
 toolkit/components/places/PlacesSyncUtils.jsm                                                              |  2 ++
 toolkit/components/places/PlacesTransactions.jsm                                                           |  2 ++
 toolkit/components/places/PlacesUtils.jsm                                                                  |  4 ++++
 toolkit/components/places/TaggingService.jsm                                                               |  1 +
 toolkit/components/places/UnifiedComplete.jsm                                                              |  1 +
 toolkit/components/places/tests/PlacesTestUtils.jsm                                                        |  1 +
 toolkit/components/places/tests/bookmarks/head_bookmarks.js                                                |  1 +
 toolkit/components/places/tests/expiration/head_expiration.js                                              |  1 +
 toolkit/components/places/tests/favicons/head_favicons.js                                                  |  1 +
 toolkit/components/places/tests/history/head_history.js                                                    |  1 +
 toolkit/components/places/tests/legacy/head_legacy.js                                                      |  1 +
 toolkit/components/places/tests/maintenance/head.js                                                        |  1 +
 toolkit/components/places/tests/migration/head_migration.js                                                |  1 +
 toolkit/components/places/tests/queries/head_queries.js                                                    |  1 +
 toolkit/components/places/tests/queries/test_async.js                                                      |  1 +
 toolkit/components/places/tests/sync/head_sync.js                                                          |  1 +
 toolkit/components/places/tests/unifiedcomplete/head_autocomplete.js                                       |  2 ++
 toolkit/components/places/tests/unit/head_bookmarks.js                                                     |  1 +
 toolkit/components/printing/content/printPreviewToolbar.js                                                 |  1 +
 toolkit/components/prompts/src/Prompter.jsm                                                                |  1 +
 toolkit/components/reader/ReaderWorker.js                                                                  |  1 +
 toolkit/components/satchel/FormHistory.jsm                                                                 |  1 +
 toolkit/components/search/SearchService.jsm                                                                |  3 +++
 toolkit/components/search/SearchStaticData.jsm                                                             |  1 +
 toolkit/components/search/SearchSuggestionController.jsm                                                   |  1 +
 toolkit/components/telemetry/app/TelemetryArchive.jsm                                                      |  1 +
 toolkit/components/telemetry/app/TelemetryController.jsm                                                   |  1 +
 toolkit/components/telemetry/app/TelemetryEnvironment.jsm                                                  |  2 ++
 toolkit/components/telemetry/app/TelemetryReportingPolicy.jsm                                              |  1 +
 toolkit/components/telemetry/app/TelemetryStorage.jsm                                                      |  2 ++
 toolkit/components/telemetry/app/TelemetryTimestamps.jsm                                                   |  1 +
 toolkit/components/telemetry/geckoview/GeckoViewTelemetryController.jsm                                    |  1 +
 toolkit/components/telemetry/hybrid-content/HybridContentTelemetry-lib.js                                  |  1 +
 toolkit/components/telemetry/pings/TelemetrySession.jsm                                                    | 13 +++++++++++++
 toolkit/components/telemetry/tests/unit/test_GeckoView_ScalarSemantics.js                                  |  1 +
 toolkit/components/telemetry/tests/unit/test_TelemetryHistograms.js                                        |  1 +
 toolkit/components/telemetry/tests/utils/TelemetryTestUtils.jsm                                            |  1 +
 toolkit/components/thumbnails/PageThumbs.jsm                                                               |  1 +
 toolkit/components/thumbnails/test/head.js                                                                 |  1 +
 toolkit/components/timermanager/UpdateTimerManager.jsm                                                     |  1 +
 toolkit/components/tooltiptext/tests/browser_bug581947.js                                                  |  1 +
 toolkit/components/url-classifier/UrlClassifierLib.jsm                                                     |  1 +
 toolkit/components/url-classifier/UrlClassifierListManager.jsm                                             |  1 +
 toolkit/components/url-classifier/tests/browser/browser_flashblock_off_with_always_activate.js             |  1 +
 toolkit/components/url-classifier/tests/browser/browser_flashblock_off_with_ask_to_activate.js             |  1 +
 toolkit/components/url-classifier/tests/browser/browser_flashblock_off_with_never_activate.js              |  1 +
 toolkit/components/url-classifier/tests/browser/browser_flashblock_on_with_always_activate.js              |  1 +
 toolkit/components/url-classifier/tests/browser/browser_flashblock_on_with_ask_to_activate.js              |  1 +
 toolkit/components/url-classifier/tests/browser/browser_flashblock_on_with_never_activate.js               |  1 +
 toolkit/components/utils/Sampling.jsm                                                                      |  1 +
 toolkit/components/viewsource/ViewSourceBrowser.jsm                                                        |  1 +
 toolkit/components/viewsource/content/viewSource-content.js                                                |  1 +
 toolkit/components/workerloader/require.js                                                                 |  2 ++
 toolkit/content/aboutSupport.js                                                                            |  1 +
 toolkit/content/aboutTelemetry.js                                                                          |  9 +++++++++
 toolkit/content/customElements.js                                                                          |  1 +
 toolkit/content/tests/unit/test_contentAreaUtils.js                                                        |  1 +
 toolkit/content/tests/widgets/tree_shared.js                                                               |  1 +
 toolkit/content/widgets/browser-custom-element.js                                                          |  2 ++
 toolkit/content/widgets/datepicker.js                                                                      |  1 +
 toolkit/content/widgets/datetimebox.js                                                                     |  1 +
 toolkit/content/widgets/notificationbox.js                                                                 |  1 +
 toolkit/content/widgets/richlistbox.js                                                                     |  3 +++
 toolkit/content/widgets/spinner.js                                                                         |  1 +
 toolkit/content/widgets/tabbox.js                                                                          |  1 +
 toolkit/content/widgets/timekeeper.js                                                                      |  1 +
 toolkit/content/widgets/timepicker.js                                                                      |  1 +
 toolkit/content/widgets/tree.js                                                                            |  1 +
 toolkit/content/widgets/videocontrols.js                                                                   |  3 +++
 toolkit/crashreporter/CrashSubmit.jsm                                                                      |  1 +
 toolkit/modules/CanonicalJSON.jsm                                                                          |  1 +
 toolkit/modules/ClientID.jsm                                                                               |  1 +
 toolkit/modules/Color.jsm                                                                                  |  1 +
 toolkit/modules/Console.jsm                                                                                |  2 ++
 toolkit/modules/CreditCard.jsm                                                                             |  1 +
 toolkit/modules/DeferredTask.jsm                                                                           |  1 +
 toolkit/modules/Deprecated.jsm                                                                             |  1 +
 toolkit/modules/E10SUtils.jsm                                                                              |  1 +
 toolkit/modules/EventEmitter.jsm                                                                           |  1 +
 toolkit/modules/GMPInstallManager.jsm                                                                      | 11 +++++++++++
 toolkit/modules/GMPUtils.jsm                                                                               |  1 +
 toolkit/modules/IndexedDB.jsm                                                                              |  1 +
 toolkit/modules/Integration.jsm                                                                            |  1 +
 toolkit/modules/JSONFile.jsm                                                                               |  1 +
 toolkit/modules/LightweightThemeConsumer.jsm                                                               |  1 +
 toolkit/modules/Log.jsm                                                                                    |  1 +
 toolkit/modules/NLP.jsm                                                                                    |  1 +
 toolkit/modules/NewTabUtils.jsm                                                                            |  8 ++++++++
 toolkit/modules/ObjectUtils.jsm                                                                            |  1 +
 toolkit/modules/PermissionsUtils.jsm                                                                       |  1 +
 toolkit/modules/Promise-backend.js                                                                         |  5 +++++
 toolkit/modules/PromiseUtils.jsm                                                                           |  2 ++
 toolkit/modules/PropertyListUtils.jsm                                                                      |  2 ++
 toolkit/modules/ResetProfile.jsm                                                                           |  1 +
 toolkit/modules/SelectParentHelper.jsm                                                                     |  1 +
 toolkit/modules/ServiceRequest.jsm                                                                         |  1 +
 toolkit/modules/Sqlite.jsm                                                                                 |  3 +++
 toolkit/modules/WebChannel.jsm                                                                             |  5 +++++
 toolkit/modules/WindowsRegistry.jsm                                                                        |  1 +
 toolkit/modules/addons/SecurityInfo.jsm                                                                    |  1 +
 toolkit/modules/sessionstore/PrivacyFilter.jsm                                                             |  1 +
 toolkit/modules/sessionstore/PrivacyLevel.jsm                                                              |  1 +
 toolkit/modules/sessionstore/SessionHistory.jsm                                                            |  1 +
 toolkit/modules/subprocess/Subprocess.jsm                                                                  |  1 +
 toolkit/modules/subprocess/subprocess_common.jsm                                                           |  5 +++++
 toolkit/modules/subprocess/subprocess_shared.js                                                            |  4 ++++
 toolkit/modules/subprocess/subprocess_worker_unix.js                                                       |  3 +++
 toolkit/modules/subprocess/subprocess_worker_win.js                                                        |  2 ++
 toolkit/modules/tests/modules/MockDocument.jsm                                                             |  1 +
 toolkit/modules/tests/modules/PromiseTestUtils.jsm                                                         |  1 +
 toolkit/modules/tests/modules/Task.jsm                                                                     |  2 ++
 toolkit/modules/tests/xpcshell/test_CanonicalJSON.js                                                       |  1 +
 toolkit/modules/tests/xpcshell/test_GMPInstallManager.js                                                   |  1 +
 toolkit/mozapps/downloads/DownloadUtils.jsm                                                                |  1 +
 toolkit/mozapps/extensions/AddonManager.jsm                                                                |  2 ++
 toolkit/mozapps/extensions/Blocklist.jsm                                                                   |  1 +
 toolkit/mozapps/extensions/amContentHandler.jsm                                                            |  1 +
 toolkit/mozapps/extensions/content/extensions.js                                                           |  1 +
 toolkit/mozapps/extensions/content/shortcuts.js                                                            |  2 ++
 toolkit/mozapps/extensions/internal/AddonRepository.jsm                                                    |  2 ++
 toolkit/mozapps/extensions/internal/AddonUpdateChecker.jsm                                                 |  1 +
 toolkit/mozapps/extensions/internal/ProductAddonChecker.jsm                                                |  1 +
 toolkit/mozapps/extensions/internal/XPIDatabase.jsm                                                        |  2 ++
 toolkit/mozapps/extensions/internal/XPIInstall.jsm                                                         |  3 +++
 toolkit/mozapps/extensions/internal/XPIProvider.jsm                                                        |  5 +++++
 toolkit/mozapps/extensions/test/browser/head.js                                                            |  1 +
 toolkit/mozapps/update/UpdateService.jsm                                                                   |  6 ++++++
 toolkit/mozapps/update/content/updates.js                                                                  | 10 ++++++++++
 toolkit/mozapps/update/tests/browser/head.js                                                               |  1 +
 toolkit/mozapps/update/tests/data/xpcshellUtilsAUS.js                                                      |  1 +
 toolkit/profile/content/profileDowngrade.js                                                                |  1 +
 toolkit/profile/content/profileSelection.js                                                                |  1 +
 tools/lint/eslint/eslint-plugin-mozilla/lib/globals.js                                                     |  1 +
 uriloader/exthandler/tests/HandlerServiceTestUtils.jsm                                                     |  1 +
 719 files changed, 1262 insertions(+)
