 browser/actors/BlockedSiteChild.jsm                                                          |  6 +++---
 browser/actors/NetErrorChild.jsm                                                             |  2 +-
 browser/actors/PageInfoChild.jsm                                                             |  4 ++--
 browser/base/content/aboutDialog-appUpdater.js                                               |  2 +-
 browser/base/content/aboutDialog.js                                                          |  4 ++--
 browser/base/content/browser-places.js                                                       |  4 ++--
 browser/base/content/browser-siteIdentity.js                                                 |  2 +-
 browser/base/content/browser.js                                                              |  4 ++--
 browser/base/content/pageinfo/pageInfo.js                                                    | 10 +++++-----
 browser/base/content/test/general/browser_printpreview.js                                    |  2 +-
 browser/base/content/test/performance/head.js                                                |  2 +-
 browser/base/content/test/static/browser_all_files_referenced.js                             | 14 +++++++-------
 browser/components/BrowserContentHandler.jsm                                                 |  2 +-
 browser/components/aboutconfig/content/aboutconfig.js                                        |  2 +-
 browser/components/customizableui/CustomizableUI.jsm                                         |  6 +++---
 browser/components/enterprisepolicies/Policies.jsm                                           |  2 +-
 browser/components/extensions/test/browser/browser_ext_sessions_forgetClosedTab.js           |  2 +-
 browser/components/extensions/test/browser/browser_ext_tabs_cookieStoreId.js                 |  4 ++--
 browser/components/extensions/test/browser/browser_ext_tabs_create_invalid_url.js            |  2 +-
 browser/components/extensions/test/browser/browser_ext_tabs_executeScript.js                 | 12 ++++++------
 browser/components/extensions/test/browser/browser_ext_tabs_update_url.js                    |  2 +-
 browser/components/extensions/test/browser/head.js                                           |  2 +-
 browser/components/migration/MSMigrationUtils.jsm                                            |  2 +-
 browser/components/payments/res/containers/payment-dialog.js                                 |  2 +-
 browser/components/places/PlacesUIUtils.jsm                                                  |  2 +-
 browser/components/places/content/bookmarkProperties.js                                      |  2 +-
 browser/components/places/content/places.js                                                  |  2 +-
 browser/components/preferences/in-content/main.js                                            |  4 ++--
 browser/components/preferences/in-content/tests/siteData/browser_siteData.js                 |  6 +++---
 browser/components/sessionstore/RecentlyClosedTabsAndWindowsMenuUtils.jsm                    |  2 +-
 browser/components/sessionstore/content/aboutSessionRestore.js                               |  2 +-
 browser/components/sessionstore/test/browser_464620_a.js                                     |  2 +-
 browser/components/sessionstore/test/browser_464620_b.js                                     |  2 +-
 browser/components/sessionstore/test/browser_467409-backslashplosion.js                      |  2 +-
 browser/components/sessionstore/test/browser_514751.js                                       |  2 +-
 browser/components/sessionstore/test/browser_589246.js                                       |  2 +-
 browser/components/translation/TranslationDocument.jsm                                       |  4 ++--
 browser/components/urlbar/UrlbarInput.jsm                                                    |  2 +-
 browser/components/urlbar/UrlbarTokenizer.jsm                                                |  2 +-
 browser/components/urlbar/UrlbarUtils.jsm                                                    |  2 +-
 browser/components/urlbar/tests/legacy/browser_switchtab_override_keynav.js                  |  4 ++--
 browser/extensions/formautofill/FormAutofillHandler.jsm                                      |  6 +++---
 browser/extensions/formautofill/FormAutofillUtils.jsm                                        |  2 +-
 browser/extensions/pdfjs/content/PdfJsNetwork.jsm                                            |  4 ++--
 browser/extensions/pdfjs/content/PdfStreamConverter.jsm                                      |  2 +-
 browser/tools/mozscreenshots/mozscreenshots/extension/TestRunner.jsm                         |  2 +-
 caps/tests/unit/test_origin.js                                                               |  4 ++--
 devtools/client/aboutdebugging-new/src/modules/extensions-helper.js                          |  2 +-
 devtools/client/aboutdebugging-new/src/types/ui.js                                           |  2 +-
 devtools/client/framework/devtools.js                                                        |  2 +-
 devtools/client/inspector/inspector-search.js                                                |  2 +-
 devtools/client/inspector/markup/test/helper_style_attr_test_runner.js                       |  4 ++--
 devtools/client/inspector/markup/views/text-editor.js                                        |  2 +-
 devtools/client/inspector/rules/test/browser_rules_completion-existing-property_01.js        |  2 +-
 devtools/client/inspector/rules/test/browser_rules_completion-new-property_01.js             |  2 +-
 devtools/client/inspector/shared/test/browser_styleinspector_csslogic-content-stylesheets.js |  4 ++--
 devtools/client/jsonview/converter-observer.js                                               |  2 +-
 devtools/client/memory/test/unit/test_action-take-census.js                                  |  2 +-
 devtools/client/netmonitor/src/components/ParamsPanel.js                                     |  2 +-
 devtools/client/netmonitor/src/components/ResponsePanel.js                                   |  2 +-
 devtools/client/netmonitor/test/browser_net_copy_svg_image_as_data_uri.js                    |  2 +-
 devtools/client/netmonitor/test/browser_net_curl-utils.js                                    |  2 +-
 devtools/client/performance/test/browser_perf-recordings-io-01.js                            |  6 +++---
 devtools/client/performance/test/unit/test_tree-model-allocations-01.js                      |  2 +-
 devtools/client/performance/test/unit/test_tree-model-allocations-02.js                      |  2 +-
 devtools/client/responsive.html/components/ViewportDimension.js                              |  2 +-
 devtools/client/shared/DOMHelpers.jsm                                                        |  2 +-
 devtools/client/shared/build/babel.js                                                        | 14 +++++++-------
 devtools/client/shared/components/SmartTrace.js                                              |  2 +-
 devtools/client/shared/components/StackTrace.js                                              |  2 +-
 devtools/client/shared/curl.js                                                               |  4 ++--
 devtools/client/shared/inplace-editor.js                                                     | 22 +++++++++++-----------
 devtools/client/shared/natural-sort.js                                                       |  2 +-
 devtools/client/shared/output-parser.js                                                      |  2 +-
 devtools/client/shared/redux/middleware/test/test_middleware-task-02.js                      |  2 +-
 devtools/client/shared/sourceeditor/css-autocompleter.js                                     | 20 ++++++++++----------
 devtools/client/shared/test/helper_inplace_editor.js                                         |  2 +-
 devtools/client/shared/test/shared-head.js                                                   |  2 +-
 devtools/client/shared/webpack/rewrite-event-emitter.js                                      |  4 ++--
 devtools/client/shared/webpack/shims/app-constants-stub.js                                   |  2 +-
 devtools/client/shared/widgets/FilterWidget.js                                               | 10 +++++-----
 devtools/client/storage/ui.js                                                                |  2 +-
 devtools/client/styleeditor/StyleEditorUI.jsm                                                |  2 +-
 devtools/client/styleeditor/test/browser_styleeditor_autocomplete.js                         |  2 +-
 devtools/client/webconsole/actions/autocomplete.js                                           |  4 ++--
 devtools/client/webconsole/components/JSTerm.js                                              |  8 ++++----
 devtools/client/webconsole/components/Message.js                                             |  2 +-
 devtools/client/webconsole/reducers/autocomplete.js                                          |  2 +-
 devtools/client/webconsole/test/mochitest/browser_webconsole_eval_sources.js                 |  2 +-
 devtools/client/webconsole/utils/messages.js                                                 |  2 +-
 devtools/server/actors/inspector/event-collector.js                                          |  2 +-
 devtools/server/actors/inspector/utils.js                                                    |  2 +-
 devtools/server/actors/object/previewers.js                                                  |  2 +-
 devtools/server/actors/replay/replay.js                                                      |  2 +-
 devtools/server/actors/webconsole.js                                                         |  2 +-
 devtools/server/tests/browser/browser_actor_error.js                                         |  2 +-
 devtools/server/tests/browser/browser_inspector-remove.js                                    |  2 +-
 devtools/server/tests/unit/test_frameactor_wasm-01.js                                        |  2 +-
 devtools/shared/base-loader.js                                                               |  4 ++--
 devtools/shared/css/color.js                                                                 |  2 +-
 devtools/shared/css/parsing-utils.js                                                         |  2 +-
 devtools/shared/fronts/inspector/rule-rewriter.js                                            |  4 ++--
 devtools/shared/heapsnapshot/HeapSnapshotFileUtils.js                                        |  2 +-
 devtools/shared/inspector/css-logic.js                                                       |  2 +-
 devtools/shared/l10n.js                                                                      |  6 +++---
 devtools/shared/webconsole/js-property-provider.js                                           |  4 ++--
 devtools/shared/webconsole/network-helper.js                                                 |  2 +-
 devtools/shared/worker/loader.js                                                             |  2 +-
 dom/base/test/chrome/cpows_child.js                                                          |  2 +-
 dom/ipc/tests/test_sharedMap.js                                                              |  2 +-
 dom/presentation/tests/mochitest/test_presentation_1ua_connection_wentaway.js                | 10 +++++-----
 dom/presentation/tests/mochitest/test_presentation_1ua_sender_and_receiver.js                | 10 +++++-----
 dom/presentation/tests/mochitest/test_presentation_receiver_auxiliary_navigation.js          | 10 +++++-----
 dom/presentation/tests/mochitest/test_presentation_terminate.js                              | 10 +++++-----
 dom/presentation/tests/mochitest/test_presentation_terminate_establish_connection_error.js   | 10 +++++-----
 dom/tests/browser/helper_largeAllocation.js                                                  |  2 +-
 gfx/layers/apz/test/mochitest/apz_test_utils.js                                              |  2 +-
 intl/l10n/FluentSyntax.jsm                                                                   |  2 +-
 mobile/android/chrome/content/FeedHandler.js                                                 |  2 +-
 mobile/android/chrome/content/aboutAddons.js                                                 |  2 +-
 mobile/android/chrome/geckoview/config.js                                                    |  2 +-
 mobile/android/components/PromptService.js                                                   |  4 ++--
 mobile/android/modules/HelperApps.jsm                                                        |  2 +-
 mobile/android/modules/WebrtcUI.jsm                                                          |  2 +-
 mobile/android/modules/geckoview/GeckoViewUtils.jsm                                          |  4 ++--
 mobile/android/tests/browser/robocop/robocop_head.js                                         |  2 +-
 netwerk/test/httpserver/httpd.js                                                             |  4 ++--
 netwerk/test/httpserver/test/head_utils.js                                                   |  2 +-
 security/manager/ssl/tests/unit/test_nonascii_path.js                                        |  4 ++--
 services/common/tests/unit/test_hawkclient.js                                                |  2 +-
 services/common/tests/unit/test_hawkrequest.js                                               |  2 +-
 services/common/utils.js                                                                     |  2 +-
 services/settings/RemoteSettingsClient.jsm                                                   | 12 ++++++------
 services/settings/remote-settings.js                                                         | 10 +++++-----
 services/settings/test/unit/test_remote_settings_poll.js                                     | 12 ++++++------
 services/sync/modules/util.js                                                                |  2 +-
 services/sync/tests/unit/test_browserid_identity.js                                          |  2 +-
 testing/marionette/listener.js                                                               |  4 ++--
 testing/mochitest/browser-test.js                                                            |  2 +-
 testing/mochitest/server.js                                                                  |  2 +-
 testing/modules/tests/xpcshell/test_assert.js                                                |  4 ++--
 testing/specialpowers/content/specialpowersAPI.js                                            |  2 +-
 testing/xpcshell/head.js                                                                     |  2 +-
 toolkit/components/aboutcheckerboard/content/aboutCheckerboard.js                            |  2 +-
 toolkit/components/aboutmemory/tests/xpcshell/test_gpuprocess.js                             |  2 +-
 toolkit/components/aboutperformance/content/aboutPerformance.js                              |  2 +-
 toolkit/components/downloads/DownloadPaths.jsm                                               |  2 +-
 toolkit/components/downloads/test/unit/head.js                                               |  2 +-
 toolkit/components/extensions/Extension.jsm                                                  |  6 +++---
 toolkit/components/extensions/ExtensionCommon.jsm                                            |  2 +-
 toolkit/components/extensions/ExtensionShortcuts.jsm                                         |  2 +-
 toolkit/components/extensions/Schemas.jsm                                                    |  4 ++--
 toolkit/components/extensions/ext-browser-content.js                                         |  6 +++---
 toolkit/components/extensions/test/mochitest/head_webrequest.js                              |  8 ++++----
 toolkit/components/extensions/test/mochitest/test_ext_all_apis.js                            |  4 ++--
 toolkit/components/extensions/test/xpcshell/test_ext_background_api_injection.js             |  2 +-
 toolkit/components/extensions/test/xpcshell/test_ext_contentscript_api_injection.js          |  2 +-
 toolkit/components/extensions/test/xpcshell/test_ext_contentscript_create_iframe.js          |  2 +-
 toolkit/components/extensions/test/xpcshell/test_ext_downloads_download.js                   | 14 +++++++-------
 toolkit/components/extensions/test/xpcshell/test_ext_downloads_misc.js                       | 12 ++++++------
 toolkit/components/extensions/test/xpcshell/test_ext_permissions.js                          | 14 +++++++-------
 toolkit/components/extensions/test/xpcshell/test_ext_runtime_sendMessage.js                  |  4 ++--
 toolkit/components/extensions/test/xpcshell/test_ext_schemas_interactive.js                  |  4 ++--
 toolkit/components/extensions/test/xpcshell/test_ext_unknown_permissions.js                  |  6 +++---
 toolkit/components/extensions/test/xpcshell/test_ext_webRequest_auth.js                      |  4 ++--
 toolkit/components/extensions/test/xpcshell/test_ext_webRequest_suspend.js                   |  2 +-
 toolkit/components/extensions/test/xpcshell/test_locale_converter.js                         |  2 +-
 toolkit/components/narrate/Narrator.jsm                                                      |  4 ++--
 toolkit/components/normandy/lib/ActionsManager.jsm                                           |  2 +-
 toolkit/components/normandy/lib/RecipeRunner.jsm                                             |  2 +-
 toolkit/components/normandy/test/unit/test_NormandyApi.js                                    |  6 +++---
 toolkit/components/normandy/vendor/ReactDOM.js                                               |  4 ++--
 toolkit/components/places/History.jsm                                                        |  2 +-
 toolkit/components/places/PlacesBackups.jsm                                                  |  2 +-
 toolkit/components/places/PlacesTransactions.jsm                                             |  2 +-
 toolkit/components/places/PlacesUtils.jsm                                                    |  6 +++---
 toolkit/components/places/TaggingService.jsm                                                 |  2 +-
 toolkit/components/places/UnifiedComplete.jsm                                                |  6 +++---
 toolkit/components/places/tests/bookmarks/test_bookmarks_remove.js                           |  2 +-
 toolkit/components/places/tests/bookmarks/test_bookmarks_update.js                           | 18 +++++++++---------
 toolkit/components/places/tests/browser/browser_bug646422.js                                 |  2 +-
 toolkit/components/places/tests/head_common.js                                               |  2 +-
 toolkit/components/places/tests/maintenance/test_preventive_maintenance.js                   |  2 +-
 toolkit/components/prompts/src/CommonDialog.jsm                                              |  4 ++--
 toolkit/components/search/SearchService.jsm                                                  |  6 +++---
 toolkit/components/search/tests/xpcshell/test_searchSuggest_cookies.js                       |  4 ++--
 toolkit/components/telemetry/app/TelemetryReportingPolicy.jsm                                |  2 +-
 toolkit/components/tooltiptext/TooltipTextProvider.jsm                                       |  2 +-
 toolkit/components/url-classifier/tests/unit/test_hashcompleter.js                           |  2 +-
 toolkit/components/urlformatter/URLFormatter.jsm                                             |  2 +-
 toolkit/components/viewconfig/content/config.js                                              |  4 ++--
 toolkit/components/viewsource/content/viewSource-content.js                                  |  2 +-
 toolkit/content/aboutSupport.js                                                              |  6 +++---
 toolkit/content/aboutwebrtc/aboutWebrtc.js                                                   |  4 ++--
 toolkit/content/contentAreaUtils.js                                                          |  2 +-
 toolkit/content/customElements.js                                                            |  2 +-
 toolkit/content/widgets/browser-custom-element.js                                            |  4 ++--
 toolkit/content/widgets/findbar.js                                                           |  4 ++--
 toolkit/content/widgets/richlistbox.js                                                       |  4 ++--
 toolkit/content/widgets/tabbox.js                                                            |  2 +-
 toolkit/content/widgets/tree.js                                                              |  4 ++--
 toolkit/crashreporter/CrashReports.jsm                                                       |  2 +-
 toolkit/crashreporter/content/crashes.js                                                     |  2 +-
 toolkit/crashreporter/test/unit/test_crashreporter_crash.js                                  |  2 +-
 toolkit/crashreporter/test/unit/test_event_files.js                                          |  4 ++--
 toolkit/modules/BrowserUtils.jsm                                                             | 18 +++++++++---------
 toolkit/modules/CreditCard.jsm                                                               |  2 +-
 toolkit/modules/Http.jsm                                                                     |  2 +-
 toolkit/modules/ShortcutUtils.jsm                                                            |  4 ++--
 toolkit/modules/Troubleshoot.jsm                                                             |  2 +-
 toolkit/modules/addons/WebRequestUpload.jsm                                                  |  4 ++--
 toolkit/modules/subprocess/subprocess_worker_win.js                                          |  6 +++---
 toolkit/modules/subprocess/test/xpcshell/test_subprocess.js                                  |  8 ++++----
 toolkit/modules/subprocess/test/xpcshell/test_subprocess_pathSearch.js                       |  4 ++--
 toolkit/modules/tests/browser/browser_WebRequest.js                                          |  4 ++--
 toolkit/mozapps/downloads/HelperAppDlg.jsm                                                   |  2 +-
 toolkit/mozapps/extensions/Blocklist.jsm                                                     |  2 +-
 toolkit/mozapps/extensions/LightweightThemeManager.jsm                                       |  2 +-
 toolkit/mozapps/extensions/content/extensions.js                                             |  2 +-
 toolkit/mozapps/extensions/internal/LightweightThemePersister.jsm                            |  2 +-
 toolkit/mozapps/extensions/internal/PluginProvider.jsm                                       |  4 ++--
 toolkit/mozapps/extensions/internal/XPIInstall.jsm                                           |  2 +-
 toolkit/mozapps/extensions/test/xpcshell/test_AddonRepository_paging.js                      |  2 +-
 toolkit/mozapps/extensions/test/xpcshell/test_LightweightThemeManager.js                     |  4 ++--
 toolkit/mozapps/extensions/test/xpcshell/test_json_updatecheck.js                            | 10 +++++-----
 toolkit/mozapps/extensions/test/xpcshell/test_startup.js                                     |  2 +-
 toolkit/mozapps/extensions/test/xpcshell/test_update_webextensions.js                        |  2 +-
 toolkit/mozapps/extensions/test/xpinstall/browser_offline.js                                 |  2 +-
 toolkit/mozapps/handling/content/dialog.js                                                   |  2 +-
 toolkit/mozapps/update/tests/data/xpcshellUtilsAUS.js                                        |  6 +++---
 toolkit/profile/content/createProfileWizard.js                                               |  4 ++--
 tools/lint/eslint/eslint-plugin-mozilla/lib/globals.js                                       |  4 ++--
 tools/lint/eslint/eslint-plugin-mozilla/lib/helpers.js                                       |  2 +-
 tools/lint/eslint/eslint-plugin-mozilla/lib/rules/no-aArgs.js                                |  2 +-
 234 files changed, 438 insertions(+), 438 deletions(-)
