 accessible/jsat/AccessFu.jsm                                                         |  4 ++--
 accessible/tests/mochitest/common.js                                                 | 10 +++++-----
 accessible/tests/mochitest/grid.js                                                   |  8 ++++----
 browser/actors/DOMFullscreenChild.jsm                                                | 14 +++++++-------
 browser/actors/LightWeightThemeInstallChild.jsm                                      |  8 ++++----
 browser/actors/PluginChild.jsm                                                       |  2 +-
 browser/actors/SearchTelemetryChild.jsm                                              |  6 +++---
 browser/actors/WebRTCChild.jsm                                                       |  4 ++--
 browser/base/content/aboutTabCrashed.js                                              | 22 +++++++++++-----------
 browser/base/content/blockedSite.js                                                  |  8 ++++----
 browser/base/content/browser-addons.js                                               | 22 +++++++++++-----------
 browser/base/content/browser-fullScreenAndPointerLock.js                             | 18 +++++++++---------
 browser/base/content/browser-places.js                                               |  2 +-
 browser/base/content/browser-thumbnails.js                                           |  2 +-
 browser/base/content/browser.js                                                      | 12 ++++++------
 browser/components/BrowserGlue.jsm                                                   | 10 +++++-----
 browser/components/about/AboutPrivateBrowsingHandler.jsm                             |  6 +++---
 browser/components/contextualidentity/test/browser/browser_forgetaboutsite.js        |  8 ++++----
 browser/components/customizableui/PanelMultiView.jsm                                 | 12 ++++++------
 browser/components/downloads/content/downloads.js                                    |  4 ++--
 browser/components/extensions/parent/ext-browserAction.js                            |  2 +-
 browser/components/extensions/test/browser/browser_ext_devtools_inspectedWindow.js   |  4 ++--
 browser/components/extensions/test/browser/browser_ext_devtools_panels_elements.js   |  4 ++--
 browser/components/extensions/test/browser/browser_ext_history_redirect.js           |  6 +++---
 browser/components/extensions/test/browser/browser_ext_tabs_hide.js                  |  4 ++--
 browser/components/extensions/test/xpcshell/test_ext_history.js                      |  4 ++--
 browser/components/migration/SafariProfileMigrator.jsm                               |  8 ++++----
 browser/components/payments/PaymentUIService.jsm                                     |  2 +-
 browser/components/payments/content/paymentDialogWrapper.js                          | 34 +++++++++++++++++-----------------
 browser/components/payments/res/containers/address-form.js                           | 16 ++++++++--------
 browser/components/payments/res/containers/address-picker.js                         |  8 ++++----
 browser/components/payments/res/containers/basic-card-form.js                        | 10 +++++-----
 browser/components/payments/res/containers/completion-error-page.js                  |  4 ++--
 browser/components/payments/res/containers/payment-dialog.js                         | 10 +++++-----
 browser/components/payments/res/containers/payment-method-picker.js                  | 12 ++++++------
 browser/components/payments/res/paymentRequest.js                                    | 16 ++++++++--------
 browser/components/places/content/controller.js                                      |  6 +++---
 browser/components/places/content/places.js                                          |  4 ++--
 browser/components/pocket/content/SaveToPocket.jsm                                   |  4 ++--
 browser/components/preferences/in-content/subdialogs.js                              |  4 ++--
 browser/components/sessionstore/SessionStore.jsm                                     |  2 +-
 browser/components/sessionstore/StartupPerformance.jsm                               |  2 +-
 browser/components/shell/content/setDesktopBackground.js                             |  6 +++---
 browser/components/syncedtabs/TabListView.js                                         |  4 ++--
 browser/components/uitour/UITour.jsm                                                 | 58 +++++++++++++++++++++++++++++-----------------------------
 browser/components/urlbar/UrlbarController.jsm                                       |  6 +++---
 browser/components/urlbar/UrlbarInput.jsm                                            |  6 +++---
 browser/components/urlbar/UrlbarPrefs.jsm                                            |  8 ++++----
 browser/components/urlbar/UrlbarProviderUnifiedComplete.jsm                          |  2 +-
 browser/components/urlbar/UrlbarUtils.jsm                                            |  2 +-
 browser/extensions/formautofill/FormAutofillContent.jsm                              |  4 ++--
 browser/extensions/formautofill/FormAutofillHandler.jsm                              |  6 +++---
 browser/extensions/formautofill/FormAutofillParent.jsm                               | 26 +++++++++++++-------------
 browser/extensions/formautofill/FormAutofillPreferences.jsm                          |  4 ++--
 browser/extensions/formautofill/FormAutofillStorage.jsm                              |  2 +-
 browser/extensions/formautofill/FormAutofillUtils.jsm                                | 16 ++++++++--------
 browser/extensions/formautofill/content/FormAutofillFrameScript.js                   | 14 +++++++-------
 browser/extensions/formautofill/content/autofillEditForms.js                         |  4 ++--
 browser/extensions/formautofill/content/editDialog.js                                | 10 +++++-----
 browser/extensions/formautofill/content/l10n.js                                      |  4 ++--
 browser/extensions/formautofill/content/manageDialog.js                              | 14 +++++++-------
 browser/extensions/formautofill/test/mochitest/formautofill_parent_utils.js          | 10 +++++-----
 browser/extensions/webcompat/background.js                                           |  8 ++++----
 browser/modules/ContentCrashHandlers.jsm                                             | 20 ++++++++++----------
 browser/modules/ProcessHangMonitor.jsm                                               | 16 ++++++++--------
 browser/modules/ReaderParent.jsm                                                     |  4 ++--
 browser/modules/Sanitizer.jsm                                                        | 12 ++++++------
 browser/modules/webrtcUI.jsm                                                         |  4 ++--
 browser/tools/mozscreenshots/mozscreenshots/extension/TestRunner.jsm                 |  2 +-
 devtools/client/aboutdebugging-new/src/actions/debug-targets.js                      |  8 ++++----
 devtools/client/aboutdebugging-new/src/middleware/debug-target-listener.js           |  4 ++--
 devtools/client/aboutdebugging-new/src/middleware/extension-component-data.js        |  2 +-
 devtools/client/aboutdebugging-new/src/middleware/tab-component-data.js              |  2 +-
 devtools/client/aboutdebugging-new/src/middleware/worker-component-data.js           |  2 +-
 devtools/client/aboutdebugging-new/src/reducers/debug-targets-state.js               |  8 ++++----
 devtools/client/aboutdebugging-new/src/reducers/runtimes-state.js                    | 16 ++++++++--------
 devtools/client/aboutdebugging-new/src/reducers/ui-state.js                          | 20 ++++++++++----------
 devtools/client/application/src/reducers/page-state.js                               |  2 +-
 devtools/client/application/src/reducers/workers-state.js                            |  2 +-
 devtools/client/framework/toolbox.js                                                 | 28 ++++++++++++++--------------
 devtools/client/inspector/animation/components/keyframes-graph/KeyframesGraphPath.js |  6 +++---
 devtools/client/inspector/markup/markup.js                                           | 34 +++++++++++++++++-----------------
 devtools/client/inspector/rules/rules.js                                             |  8 ++++----
 devtools/client/inspector/shared/style-inspector-menu.js                             |  8 ++++----
 devtools/client/netmonitor/src/har/har-automation.js                                 |  4 ++--
 devtools/client/netmonitor/src/reducers/requests.js                                  | 18 +++++++++---------
 devtools/client/netmonitor/src/reducers/sort.js                                      |  4 ++--
 devtools/client/netmonitor/test/browser_net_brotli.js                                |  2 +-
 devtools/client/netmonitor/test/browser_net_content-type.js                          | 14 +++++++-------
 devtools/client/performance/components/JITOptimizationsItem.js                       | 12 ++++++------
 devtools/client/performance/views/overview.js                                        |  2 +-
 devtools/client/shared/components/throttling/reducer.js                              |  2 +-
 devtools/client/shared/output-parser.js                                              |  4 ++--
 devtools/client/shared/undo.js                                                       | 10 +++++-----
 devtools/client/shared/widgets/CubicBezierWidget.js                                  |  8 ++++----
 devtools/client/shared/widgets/FlameGraph.js                                         |  4 ++--
 devtools/client/shared/widgets/Spectrum.js                                           | 18 +++++++++---------
 devtools/client/shared/widgets/TreeWidget.js                                         |  2 +-
 devtools/client/shared/widgets/VariablesView.jsm                                     | 10 +++++-----
 devtools/client/webconsole/reducers/messages.js                                      |  6 +++---
 devtools/client/webconsole/utils/messages.js                                         | 12 ++++++------
 devtools/server/actors/highlighters.js                                               |  2 +-
 devtools/server/actors/highlighters/css-grid.js                                      | 30 +++++++++++++++---------------
 devtools/server/actors/performance-recording.js                                      |  6 +++---
 devtools/server/actors/replay/debugger.js                                            | 14 +++++++-------
 devtools/server/actors/replay/replay.js                                              | 10 +++++-----
 devtools/server/actors/storage.js                                                    | 36 ++++++++++++++++++------------------
 devtools/server/actors/webbrowser.js                                                 | 12 ++++++------
 devtools/server/actors/webconsole.js                                                 |  4 ++--
 devtools/server/actors/webconsole/content-process-forward.js                         |  2 +-
 devtools/server/performance/recorder.js                                              | 10 +++++-----
 devtools/shared/css/lexer.js                                                         | 12 ++++++------
 devtools/shared/fronts/performance-recording.js                                      | 10 +++++-----
 dom/indexedDB/test/unit/test_clone_before_key_evaluation.js                          |  4 ++--
 dom/localstorage/test/unit/test_migration.js                                         |  8 ++++----
 dom/plugins/test/mochitest/head.js                                                   |  6 +++---
 dom/presentation/provider/AndroidCastDeviceProvider.jsm                              |  4 ++--
 dom/presentation/provider/PresentationControlService.jsm                             |  2 +-
 dom/tests/browser/browser_ConsoleAPITests.js                                         |  6 +++---
 dom/tests/browser/browser_hasbeforeunload.js                                         | 12 ++++++------
 gfx/layers/apz/test/mochitest/apz_test_native_event_utils.js                         | 38 +++++++++++++++++++-------------------
 intl/l10n/Fluent.jsm                                                                 |  2 +-
 intl/l10n/FluentSyntax.jsm                                                           | 20 ++++++++++----------
 mobile/android/chrome/content/CastingApps.js                                         | 10 +++++-----
 mobile/android/chrome/content/ExtensionPermissions.js                                |  4 ++--
 mobile/android/chrome/content/FindHelper.js                                          | 12 ++++++------
 mobile/android/chrome/content/Reader.js                                              | 12 ++++++------
 mobile/android/chrome/content/aboutLogins.js                                         |  6 +++---
 mobile/android/chrome/geckoview/ErrorPageEventHandler.js                             |  2 +-
 mobile/android/chrome/geckoview/GeckoViewContentChild.js                             |  4 ++--
 mobile/android/chrome/geckoview/GeckoViewNavigationChild.js                          |  2 +-
 mobile/android/chrome/geckoview/geckoview.js                                         |  8 ++++----
 mobile/android/components/BrowserCLH.js                                              |  8 ++++----
 mobile/android/components/PromptService.js                                           | 16 ++++++++--------
 mobile/android/components/SessionStore.js                                            | 34 +++++++++++++++++-----------------
 mobile/android/components/extensions/ext-tabs.js                                     |  4 ++--
 mobile/android/components/extensions/ext-utils.js                                    |  2 +-
 mobile/android/components/geckoview/GeckoViewPermission.js                           |  8 ++++----
 mobile/android/components/geckoview/GeckoViewPrompt.js                               | 16 ++++++++--------
 mobile/android/components/geckoview/GeckoViewStartup.js                              |  8 ++++----
 mobile/android/extensions/webcompat/background.js                                    |  8 ++++----
 mobile/android/modules/ActionBarHandler.jsm                                          |  6 +++---
 mobile/android/modules/FormAssistant.jsm                                             | 14 +++++++-------
 mobile/android/modules/geckoview/GeckoViewContent.jsm                                |  8 ++++----
 mobile/android/modules/geckoview/GeckoViewProgress.jsm                               |  2 +-
 mobile/android/modules/geckoview/GeckoViewSettings.jsm                               |  2 +-
 mobile/android/modules/geckoview/GeckoViewWebExtension.jsm                           |  2 +-
 netwerk/protocol/http/UserAgentUpdates.jsm                                           |  4 ++--
 services/sync/modules/browserid_identity.js                                          |  4 ++--
 services/sync/modules/engines/clients.js                                             |  4 ++--
 services/sync/modules/engines/passwords.js                                           |  2 +-
 services/sync/modules/policies.js                                                    |  4 ++--
 services/sync/tests/unit/head_http_server.js                                         |  4 ++--
 testing/specialpowers/content/SpecialPowersObserverAPI.js                            | 38 +++++++++++++++++++-------------------
 testing/specialpowers/content/specialpowers.js                                       |  2 +-
 testing/talos/talos/pageloader/chrome/pageloader.js                                  | 10 +++++-----
 testing/talos/talos/talos-powers/api.js                                              | 20 ++++++++++----------
 testing/talos/talos/tests/cpstartup/extension/api.js                                 |  4 ++--
 testing/talos/talos/tests/tabpaint/api.js                                            |  4 ++--
 toolkit/actors/DateTimePickerChild.jsm                                               | 12 ++++++------
 toolkit/actors/FinderChild.jsm                                                       |  4 ++--
 toolkit/actors/PictureInPictureChild.jsm                                             |  4 ++--
 toolkit/actors/PopupBlockingChild.jsm                                                |  4 ++--
 toolkit/actors/PrintingChild.jsm                                                     | 14 +++++++-------
 toolkit/actors/SelectChild.jsm                                                       |  4 ++--
 toolkit/components/aboutmemory/content/aboutMemory.js                                | 14 +++++++-------
 toolkit/components/alerts/resources/content/alert.js                                 |  4 ++--
 toolkit/components/contentprefs/ContentPrefServiceChild.jsm                          |  2 +-
 toolkit/components/extensions/ExtensionProcessScript.jsm                             |  6 +++---
 toolkit/components/extensions/ExtensionXPCShellUtils.jsm                             |  6 +++---
 toolkit/components/extensions/parent/ext-theme.js                                    | 12 ++++++------
 toolkit/components/extensions/test/xpcshell/test_ext_storage_tab.js                  |  6 +++---
 toolkit/components/extensions/test/xpcshell/test_ext_userScripts_exports.js          |  8 ++++----
 toolkit/components/featuregates/FeatureGateImplementation.jsm                        |  4 ++--
 toolkit/components/mozintl/mozIntl.jsm                                               | 34 +++++++++++++++++-----------------
 toolkit/components/normandy/Normandy.jsm                                             | 18 +++++++++---------
 toolkit/components/normandy/actions/AddonStudyAction.jsm                             | 24 ++++++++++++------------
 toolkit/components/normandy/actions/BaseAction.jsm                                   | 14 +++++++-------
 toolkit/components/normandy/actions/PreferenceRollbackAction.jsm                     |  8 ++++----
 toolkit/components/normandy/actions/PreferenceRolloutAction.jsm                      |  6 +++---
 toolkit/components/normandy/actions/ShowHeartbeatAction.jsm                          |  6 +++---
 toolkit/components/normandy/lib/PrefUtils.jsm                                        | 16 ++++++++--------
 toolkit/components/normandy/lib/PreferenceExperiments.jsm                            |  2 +-
 toolkit/components/normandy/lib/RecipeRunner.jsm                                     |  2 +-
 toolkit/components/normandy/lib/ShieldPreferences.jsm                                |  2 +-
 toolkit/components/osfile/modules/osfile_shared_allthreads.jsm                       | 16 ++++++++--------
 toolkit/components/osfile/modules/ospath_unix.jsm                                    |  2 +-
 toolkit/components/osfile/modules/ospath_win.jsm                                     |  2 +-
 toolkit/components/passwordmgr/LoginHelper.jsm                                       |  6 +++---
 toolkit/components/passwordmgr/LoginManagerContent.jsm                               | 14 +++++++-------
 toolkit/components/passwordmgr/LoginManagerParent.jsm                                | 14 +++++++-------
 toolkit/components/passwordmgr/storage-json.js                                       |  4 ++--
 toolkit/components/passwordmgr/storage-mozStorage.js                                 |  4 ++--
 toolkit/components/pictureinpicture/PictureInPicture.jsm                             |  4 ++--
 toolkit/components/places/PlacesSyncUtils.jsm                                        |  2 +-
 toolkit/components/places/PlacesTransactions.jsm                                     |  6 +++---
 toolkit/components/places/PlacesUtils.jsm                                            | 10 +++++-----
 toolkit/components/places/SyncedBookmarksMirror.jsm                                  |  6 +++---
 toolkit/components/places/tests/maintenance/test_preventive_maintenance.js           | 12 ++++++------
 toolkit/components/places/tests/unit/test_bookmarks_html.js                          |  4 ++--
 toolkit/components/places/tests/unit/test_bookmarks_json.js                          |  4 ++--
 toolkit/components/printing/content/printUtils.js                                    |  4 ++--
 toolkit/components/processsingleton/ContentProcessSingleton.jsm                      |  2 +-
 toolkit/components/processsingleton/MainProcessSingleton.jsm                         |  2 +-
 toolkit/components/prompts/test/prompt_common.js                                     | 10 +++++-----
 toolkit/components/reader/AboutReader.jsm                                            |  8 ++++----
 toolkit/components/satchel/AutoCompletePopup.jsm                                     | 20 ++++++++++----------
 toolkit/components/satchel/FormHistory.jsm                                           | 18 +++++++++---------
 toolkit/components/satchel/FormHistoryStartup.jsm                                    |  6 +++---
 toolkit/components/satchel/FormSubmitChild.jsm                                       |  4 ++--
 toolkit/components/telemetry/tests/unit/test_ModulesPing.js                          |  8 ++++----
 toolkit/components/utils/JsonSchemaValidator.jsm                                     |  2 +-
 toolkit/content/preferencesBindings.js                                               | 22 +++++++++++-----------
 toolkit/content/process-content.js                                                   |  6 +++---
 toolkit/content/tests/widgets/popup_shared.js                                        | 32 ++++++++++++++++----------------
 toolkit/content/widgets/calendar.js                                                  |  2 +-
 toolkit/content/widgets/datepicker.js                                                | 12 ++++++------
 toolkit/content/widgets/datetimebox.js                                               | 42 +++++++++++++++++++++---------------------
 toolkit/content/widgets/marquee.js                                                   |  4 ++--
 toolkit/content/widgets/spinner.js                                                   | 12 ++++++------
 toolkit/content/widgets/timepicker.js                                                |  8 ++++----
 toolkit/content/widgets/tree.js                                                      | 20 ++++++++++----------
 toolkit/modules/AutoCompletePopupContent.jsm                                         |  8 ++++----
 toolkit/modules/AutoScrollController.jsm                                             |  2 +-
 toolkit/modules/DateTimePickerParent.jsm                                             | 10 +++++-----
 toolkit/modules/FormLikeFactory.jsm                                                  |  6 +++---
 toolkit/modules/PropertyListUtils.jsm                                                | 24 ++++++++++++------------
 toolkit/modules/addons/WebRequestCommon.jsm                                          | 42 +++++++++++++++++++++---------------------
 toolkit/mozapps/extensions/AddonManager.jsm                                          | 18 +++++++++---------
 toolkit/mozapps/extensions/addonManager.js                                           |  8 ++++----
 toolkit/mozapps/extensions/amWebAPI.jsm                                              |  6 +++---
 tools/code-coverage/tests/xpcshell/head.js                                           |  6 +++---
 tools/lint/eslint/eslint-plugin-mozilla/lib/processors/xbl-bindings.js               | 10 +++++-----
 233 files changed, 1090 insertions(+), 1090 deletions(-)
