 browser/base/content/tabbrowser.js                                                        |  2 +-
 browser/components/contextualidentity/test/browser/browser_windowName.js                  |  2 +-
 browser/components/extensions/test/xpcshell/head.js                                       |  2 +-
 devtools/client/inspector/shared/tooltips-overlay.js                                      |  2 +-
 devtools/client/shared/components/tree/ObjectProvider.js                                  |  2 +-
 devtools/client/shared/test/browser_outputparser.js                                       |  2 +-
 devtools/client/shared/widgets/VariablesViewController.jsm                                |  2 +-
 devtools/client/storage/ui.js                                                             |  6 +++---
 devtools/server/actors/object/property-iterator.js                                        |  6 +++---
 devtools/server/actors/root.js                                                            |  2 +-
 devtools/server/actors/utils/actor-registry.js                                            |  4 ++--
 devtools/server/main.js                                                                   |  4 ++--
 devtools/server/tests/unit/head_dbg.js                                                    |  2 +-
 devtools/server/tests/unit/test_frameactor-03.js                                          |  2 +-
 devtools/server/tests/unit/test_protocolSpec.js                                           |  2 +-
 devtools/server/tests/unit/test_protocol_simple.js                                        |  6 +++---
 devtools/shared/ThreadSafeDevToolsUtils.js                                                |  4 ++--
 devtools/shared/builtin-modules.js                                                        |  4 ++--
 devtools/shared/client/debugger-client.js                                                 |  2 +-
 devtools/shared/deprecated-sync-thenables.js                                              |  2 +-
 devtools/shared/fronts/css-properties.js                                                  |  2 +-
 devtools/shared/fronts/root.js                                                            |  4 ++--
 devtools/shared/heapsnapshot/tests/unit/test_HeapAnalyses_getCensusIndividuals_01.js      |  2 +-
 devtools/shared/protocol.js                                                               |  8 ++++----
 devtools/shared/security/socket.js                                                        |  4 ++--
 devtools/shared/specs/string.js                                                           |  2 +-
 devtools/shared/task.js                                                                   |  8 ++++----
 devtools/shared/tests/unit/test_eventemitter_basic.js                                     |  2 +-
 devtools/shared/tests/unit/test_eventemitter_static.js                                    |  2 +-
 mobile/android/chrome/geckoview/geckoview.js                                              |  2 +-
 security/manager/ssl/RemoteSecuritySettings.jsm                                           |  2 +-
 services/settings/test/unit/test_remote_settings_poll.js                                  |  4 ++--
 services/sync/modules/util.js                                                             |  2 +-
 services/sync/tests/unit/test_postqueue.js                                                | 44 ++++++++++++++++++++++----------------------
 services/sync/tests/unit/test_records_crypto.js                                           |  2 +-
 services/sync/tps/extensions/tps/resource/tps.jsm                                         |  2 +-
 testing/marionette/capabilities.js                                                        |  4 ++--
 testing/marionette/evaluate.js                                                            |  2 +-
 testing/marionette/prefs.js                                                               |  2 +-
 testing/talos/talos/tests/devtools/addon/content/tests/webconsole/objectexpand.js         |  2 +-
 toolkit/components/contentprefs/ContentPrefStore.jsm                                      |  6 +++---
 toolkit/components/extensions/MessageManagerProxy.jsm                                     |  2 +-
 toolkit/components/extensions/Schemas.jsm                                                 |  2 +-
 toolkit/components/extensions/parent/ext-cookies.js                                       |  2 +-
 toolkit/components/extensions/test/mochitest/chrome_cleanup_script.js                     |  2 +-
 toolkit/components/extensions/test/xpcshell/head.js                                       |  4 ++--
 toolkit/components/extensions/test/xpcshell/test_ext_contentscript_triggeringPrincipal.js |  2 +-
 toolkit/components/kvstore/kvstore.jsm                                                    |  2 +-
 toolkit/components/osfile/modules/osfile_unix_back.jsm                                    |  2 +-
 toolkit/components/osfile/modules/osfile_unix_front.jsm                                   |  4 ++--
 toolkit/components/osfile/modules/osfile_win_allthreads.jsm                               |  2 +-
 toolkit/components/osfile/modules/osfile_win_front.jsm                                    |  4 ++--
 toolkit/components/osfile/tests/mochi/worker_test_osfile_comms.js                         |  2 +-
 toolkit/components/osfile/tests/mochi/worker_test_osfile_unix.js                          |  6 +++---
 toolkit/components/osfile/tests/mochi/worker_test_osfile_win.js                           |  6 +++---
 toolkit/components/places/BookmarkJSONUtils.jsm                                           |  2 +-
 toolkit/components/places/SyncedBookmarksMirror.jsm                                       |  4 ++--
 toolkit/components/places/tests/unit/test_async_transactions.js                           |  2 +-
 toolkit/components/thumbnails/test/browser_thumbnails_storage.js                          |  2 +-
 toolkit/modules/addons/WebRequestUpload.jsm                                               |  2 +-
 toolkit/modules/subprocess/subprocess_unix.jsm                                            |  2 +-
 toolkit/modules/subprocess/subprocess_win.jsm                                             |  2 +-
 toolkit/modules/tests/modules/Task.jsm                                                    |  2 +-
 toolkit/mozapps/extensions/internal/XPIProvider.jsm                                       |  2 +-
 64 files changed, 115 insertions(+), 115 deletions(-)
